<?xml version="1.0" encoding="UTF-8"?>
<!-- Generated by org.testng.reporters.JUnitReportReporter -->
<testsuite hostname="IN-PF42S2RF" failures="1" tests="159" name="src.in.valtech.cl.scenarios.TC_Scenario_02" time="4282.335" errors="0" timestamp="27 Feb 2024 14:31:02 GMT">
  <testcase classname="src.in.valtech.cl.scenarios.TC_Scenario_02" name="step130_NavigatedIntoMangetoAndVerifiedOrderStatusInOrdersPage" time="18.116"/>
  <testcase classname="src.in.valtech.cl.scenarios.TC_Scenario_02" name="step35_EnteredUsernameField" time="8.607"/>
  <testcase classname="src.in.valtech.cl.scenarios.TC_Scenario_02" name="step14_ClickOnInStoreAvailabilityButtonAndCloseOverlay" time="0.001"/>
  <testcase classname="src.in.valtech.cl.scenarios.TC_Scenario_02" name="step78_NavigatedIntoBO" time="2.057"/>
  <testcase classname="src.in.valtech.cl.scenarios.TC_Scenario_02" name="step92_NavigatedIntoWMSAndGetBarcodeFromPickingProcess" time="17.026"/>
  <testcase classname="src.in.valtech.cl.scenarios.TC_Scenario_02" name="step141_VerifiedOrderStatusInOrdersPage" time="76.736"/>
  <testcase classname="src.in.valtech.cl.scenarios.TC_Scenario_02" name="step59_ClickOnFirstShipMethodRadioButton" time="12.268"/>
  <testcase classname="src.in.valtech.cl.scenarios.TC_Scenario_02" name="step155_SwitchToFOTabAndClickOnMyAccountIcon" time="13.683"/>
  <testcase classname="src.in.valtech.cl.scenarios.TC_Scenario_02" name="step113_VerifyOrderTotalAmtIN_adyen" time="20.028">
    <failure message="no such element: Unable to locate element: {&quot;method&quot;:&quot;xpath&quot;,&quot;selector&quot;:&quot;//td[contains(text(),&#039;24000000026&#039;)]//following-sibling::td[3]&quot;}
  (Session info: chrome=121.0.6167.185)
For documentation on this error, please visit: https://www.seleniumhq.org/exceptions/no_such_element.html
Build info: version: &#039;3.141.59&#039;, revision: &#039;e82be7d358&#039;, time: &#039;2018-11-14T08:17:03&#039;
System info: host: &#039;IN-PF42S2RF&#039;, ip: &#039;192.168.1.6&#039;, os.name: &#039;Windows 10&#039;, os.arch: &#039;amd64&#039;, os.version: &#039;10.0&#039;, java.version: &#039;11.0.2&#039;
Driver info: org.openqa.selenium.chrome.ChromeDriver
Capabilities {acceptInsecureCerts: false, browserName: chrome, browserVersion: 121.0.6167.185, chrome: {chromedriverVersion: 121.0.6167.85 (3f98d690ad7e..., userDataDir: C:\Users\CHAITR~1.BAB\AppDa...}, fedcm:accounts: true, goog:chromeOptions: {debuggerAddress: localhost:49739}, javascriptEnabled: true, networkConnectionEnabled: false, pageLoadStrategy: normal, platform: WINDOWS, platformName: WINDOWS, proxy: Proxy(), setWindowRect: true, strictFileInteractability: false, timeouts: {implicit: 0, pageLoad: 300000, script: 30000}, unhandledPromptBehavior: dismiss and notify, webauthn:extension:credBlob: true, webauthn:extension:largeBlob: true, webauthn:extension:minPinLength: true, webauthn:extension:prf: true, webauthn:virtualAuthenticators: true}
Session ID: 69aef492130cb9755207edc9b798f5cc
*** Element info: {Using=xpath, value=//td[contains(text(),&#039;24000000026&#039;)]//following-sibling::td[3]}" type="org.openqa.selenium.NoSuchElementException">
      <![CDATA[org.openqa.selenium.NoSuchElementException: no such element: Unable to locate element: {"method":"xpath","selector":"//td[contains(text(),'24000000026')]//following-sibling::td[3]"}
  (Session info: chrome=121.0.6167.185)
For documentation on this error, please visit: https://www.seleniumhq.org/exceptions/no_such_element.html
Build info: version: '3.141.59', revision: 'e82be7d358', time: '2018-11-14T08:17:03'
System info: host: 'IN-PF42S2RF', ip: '192.168.1.6', os.name: 'Windows 10', os.arch: 'amd64', os.version: '10.0', java.version: '11.0.2'
Driver info: org.openqa.selenium.chrome.ChromeDriver
Capabilities {acceptInsecureCerts: false, browserName: chrome, browserVersion: 121.0.6167.185, chrome: {chromedriverVersion: 121.0.6167.85 (3f98d690ad7e..., userDataDir: C:\Users\CHAITR~1.BAB\AppDa...}, fedcm:accounts: true, goog:chromeOptions: {debuggerAddress: localhost:49739}, javascriptEnabled: true, networkConnectionEnabled: false, pageLoadStrategy: normal, platform: WINDOWS, platformName: WINDOWS, proxy: Proxy(), setWindowRect: true, strictFileInteractability: false, timeouts: {implicit: 0, pageLoad: 300000, script: 30000}, unhandledPromptBehavior: dismiss and notify, webauthn:extension:credBlob: true, webauthn:extension:largeBlob: true, webauthn:extension:minPinLength: true, webauthn:extension:prf: true, webauthn:virtualAuthenticators: true}
Session ID: 69aef492130cb9755207edc9b798f5cc
*** Element info: {Using=xpath, value=//td[contains(text(),'24000000026')]//following-sibling::td[3]}
	at jdk.internal.reflect.GeneratedConstructorAccessor73.newInstance(Unknown Source)
	at java.base/jdk.internal.reflect.DelegatingConstructorAccessorImpl.newInstance(DelegatingConstructorAccessorImpl.java:45)
	at java.base/java.lang.reflect.Constructor.newInstance(Constructor.java:490)
	at org.openqa.selenium.remote.http.W3CHttpResponseCodec.createException(W3CHttpResponseCodec.java:185)
	at org.openqa.selenium.remote.http.W3CHttpResponseCodec.decode(W3CHttpResponseCodec.java:120)
	at org.openqa.selenium.remote.http.W3CHttpResponseCodec.decode(W3CHttpResponseCodec.java:49)
	at org.openqa.selenium.remote.HttpCommandExecutor.execute(HttpCommandExecutor.java:164)
	at org.openqa.selenium.remote.service.DriverCommandExecutor.execute(DriverCommandExecutor.java:83)
	at org.openqa.selenium.remote.RemoteWebDriver.execute(RemoteWebDriver.java:586)
	at org.openqa.selenium.remote.RemoteWebDriver.findElement(RemoteWebDriver.java:356)
	at org.openqa.selenium.remote.RemoteWebDriver.findElementByXPath(RemoteWebDriver.java:458)
	at org.openqa.selenium.By$ByXPath.findElement(By.java:353)
	at org.openqa.selenium.remote.RemoteWebDriver.findElement(RemoteWebDriver.java:348)
	at src.in.valtech.cl.back.pages.AdyenPage.Verify_AdyenOrderAmount(AdyenPage.java:279)
	at src.in.valtech.cl.scenarios.TC_Scenario_02.step113_VerifyOrderTotalAmtIN_adyen(TC_Scenario_02.java:1008)
	at java.base/jdk.internal.reflect.NativeMethodAccessorImpl.invoke0(Native Method)
	at java.base/jdk.internal.reflect.NativeMethodAccessorImpl.invoke(NativeMethodAccessorImpl.java:62)
	at java.base/jdk.internal.reflect.DelegatingMethodAccessorImpl.invoke(DelegatingMethodAccessorImpl.java:43)
	at java.base/java.lang.reflect.Method.invoke(Method.java:566)
	at org.testng.internal.MethodInvocationHelper.invokeMethod(MethodInvocationHelper.java:80)
	at org.testng.internal.Invoker.invokeMethod(Invoker.java:714)
	at org.testng.internal.Invoker.invokeTestMethod(Invoker.java:901)
	at org.testng.internal.Invoker.invokeTestMethods(Invoker.java:1231)
	at org.testng.internal.TestMethodWorker.invokeTestMethods(TestMethodWorker.java:127)
	at org.testng.internal.TestMethodWorker.run(TestMethodWorker.java:111)
	at org.testng.TestRunner.privateRun(TestRunner.java:767)
	at org.testng.TestRunner.run(TestRunner.java:617)
	at org.testng.SuiteRunner.runTest(SuiteRunner.java:334)
	at org.testng.SuiteRunner.access$000(SuiteRunner.java:37)
	at org.testng.SuiteRunner$SuiteWorker.run(SuiteRunner.java:368)
	at org.testng.internal.thread.ThreadUtil$2.call(ThreadUtil.java:64)
	at java.base/java.util.concurrent.FutureTask.run(FutureTask.java:264)
	at java.base/java.util.concurrent.ThreadPoolExecutor.runWorker(ThreadPoolExecutor.java:1128)
	at java.base/java.util.concurrent.ThreadPoolExecutor$Worker.run(ThreadPoolExecutor.java:628)
	at java.base/java.lang.Thread.run(Thread.java:834)
]]>
    </failure>
  </testcase> <!-- step113_VerifyOrderTotalAmtIN_adyen -->
  <testcase classname="src.in.valtech.cl.scenarios.TC_Scenario_02" name="step15_VerifiedContactUslink" time="0.032"/>
  <testcase classname="src.in.valtech.cl.scenarios.TC_Scenario_02" name="step03_ClickOnL2EyesBeautyCategory" time="9.179"/>
  <testcase classname="src.in.valtech.cl.scenarios.TC_Scenario_02" name="step145_ClickonViewOptioninOrderGrid" time="15.607"/>
  <testcase classname="src.in.valtech.cl.scenarios.TC_Scenario_02" name="step160_VerifyShippingConfirmationMailContents" time="5.886"/>
  <testcase classname="src.in.valtech.cl.scenarios.TC_Scenario_02" name="step41_SearchForProductSeleableStockInBO" time="32.152"/>
  <testcase classname="src.in.valtech.cl.scenarios.TC_Scenario_02" name="step33_VerifyReservedStock" time="10.076"/>
  <testcase classname="src.in.valtech.cl.scenarios.TC_Scenario_02" name="step111_LoggedIntoAdyen" time="130.707"/>
  <testcase classname="src.in.valtech.cl.scenarios.TC_Scenario_02" name="step11_VerifiedProductNameinPDP" time="2.142"/>
  <testcase classname="src.in.valtech.cl.scenarios.TC_Scenario_02" name="step88_NaviagtedIntoMangetoAndVerifiedOrderStatusInOrdersPage" time="159.543"/>
  <testcase classname="src.in.valtech.cl.scenarios.TC_Scenario_02" name="step48_ClickOnNewAddressButtonInSAP" time="9.033"/>
  <testcase classname="src.in.valtech.cl.scenarios.TC_Scenario_02" name="step105_NavigatedIntoMangetoAndVerifiedOrderStatusInOrdersPage" time="159.568"/>
  <testcase classname="src.in.valtech.cl.scenarios.TC_Scenario_02" name="step112_EnterOrderIDinPaymentTab_adyen" time="42.133"/>
  <testcase classname="src.in.valtech.cl.scenarios.TC_Scenario_02" name="step64_EnteredCreditNumberField" time="2.439"/>
  <testcase classname="src.in.valtech.cl.scenarios.TC_Scenario_02" name="step20_VerifiedContentInConfirmationOverlay" time="7.121"/>
  <testcase classname="src.in.valtech.cl.scenarios.TC_Scenario_02" name="step17_ClickonProductCareAndVerifiedContent" time="5.355"/>
  <testcase classname="src.in.valtech.cl.scenarios.TC_Scenario_02" name="step67_EnteredCardHolderField" time="0.367"/>
  <testcase classname="src.in.valtech.cl.scenarios.TC_Scenario_02" name="step51_EnteredFirstNameField" time="1.194"/>
  <testcase classname="src.in.valtech.cl.scenarios.TC_Scenario_02" name="step121_VerifiedOrderStatusInOrdersPage" time="57.924"/>
  <testcase classname="src.in.valtech.cl.scenarios.TC_Scenario_02" name="step143_ReturnstxtFromSalesIconClick" time="18.986"/>
  <testcase classname="src.in.valtech.cl.scenarios.TC_Scenario_02" name="step16_ClickonProductInfoAndVerifiedContent" time="17.797"/>
  <testcase classname="src.in.valtech.cl.scenarios.TC_Scenario_02" name="step10_AppliedColorFilterAndClickOnProductImg" time="87.015"/>
  <testcase classname="src.in.valtech.cl.scenarios.TC_Scenario_02" name="step27_ClickOnOKbutton" time="12.169"/>
  <testcase classname="src.in.valtech.cl.scenarios.TC_Scenario_02" name="step140_ClickOrderstxtFromSalesIcon" time="12.759"/>
  <testcase classname="src.in.valtech.cl.scenarios.TC_Scenario_02" name="step159_VerifyOrderConfirmationMailContents" time="6.499"/>
  <testcase classname="src.in.valtech.cl.scenarios.TC_Scenario_02" name="step161_VerifyReturnRequestConfirmationMailContents" time="5.859"/>
  <testcase classname="src.in.valtech.cl.scenarios.TC_Scenario_02" name="step98_ClickOnValidateBtn" time="15.264"/>
  <testcase classname="src.in.valtech.cl.scenarios.TC_Scenario_02" name="step66_EnteredCVVField" time="2.336"/>
  <testcase classname="src.in.valtech.cl.scenarios.TC_Scenario_02" name="step28_MouseOverElementOnDataListsMenu" time="11.867"/>
  <testcase classname="src.in.valtech.cl.scenarios.TC_Scenario_02" name="step132_VerifiedOrderStatusInReturnsPage" time="68.519"/>
  <testcase classname="src.in.valtech.cl.scenarios.TC_Scenario_02" name="step93_NavigatedIntoWMSAndClickOnPackingBtn" time="7.166"/>
  <testcase classname="src.in.valtech.cl.scenarios.TC_Scenario_02" name="step70_VerifiedSuccessMsgAfterPlacingOrder" time="2.119"/>
  <testcase classname="src.in.valtech.cl.scenarios.TC_Scenario_02" name="step119_ClickOnSalesIcon" time="10.222"/>
  <testcase classname="src.in.valtech.cl.scenarios.TC_Scenario_02" name="step07_ClickOnSignInButtonAndVerifyLoginSuccessMsg" time="16.981"/>
  <testcase classname="src.in.valtech.cl.scenarios.TC_Scenario_02" name="step123_ClickOnMyOrdersLink" time="8.166"/>
  <testcase classname="src.in.valtech.cl.scenarios.TC_Scenario_02" name="step126_ClickOnRMALink" time="14.468"/>
  <testcase classname="src.in.valtech.cl.scenarios.TC_Scenario_02" name="step146_ClickOnRefundOrExchangeButton" time="20.063"/>
  <testcase classname="src.in.valtech.cl.scenarios.TC_Scenario_02" name="step23_ClickonOrderNowButton" time="16.680"/>
  <testcase classname="src.in.valtech.cl.scenarios.TC_Scenario_02" name="step84_VerifySaleableStockDecBy1InWMSAferPlacingTheOrder" time="48.555"/>
  <testcase classname="src.in.valtech.cl.scenarios.TC_Scenario_02" name="step43_NavigatedBackIntoFOClickOnUpdateButtonInCP" time="7.664"/>
  <testcase classname="src.in.valtech.cl.scenarios.TC_Scenario_02" name="step37_ClickOnSignInButton" time="48.110"/>
  <testcase classname="src.in.valtech.cl.scenarios.TC_Scenario_02" name="step87_VerifiedPickingOrderSuccessMsg" time="3.000"/>
  <testcase classname="src.in.valtech.cl.scenarios.TC_Scenario_02" name="step54_EnteredPostCodeField" time="1.272"/>
  <testcase classname="src.in.valtech.cl.scenarios.TC_Scenario_02" name="step83_VerifiedSaleableStockQntyDecBy1InBOAferPlacingTheOrder" time="62.177"/>
  <testcase classname="src.in.valtech.cl.scenarios.TC_Scenario_02" name="step103_VerifiedOrderStatusInMyOrdersPage" time="0.097"/>
  <testcase classname="src.in.valtech.cl.scenarios.TC_Scenario_02" name="step22_UpdatedProductQntyTillMaxLimitInMyCart" time="10.507"/>
  <testcase classname="src.in.valtech.cl.scenarios.TC_Scenario_02" name="step86_PickingOrderProcess" time="69.311"/>
  <testcase classname="src.in.valtech.cl.scenarios.TC_Scenario_02" name="step96_ClickOnCompletePackingBtn" time="22.223"/>
  <testcase classname="src.in.valtech.cl.scenarios.TC_Scenario_02" name="step116_NavigatedIntoMangetoAndClickOnReturnsFromSales" time="28.626"/>
  <testcase classname="src.in.valtech.cl.scenarios.TC_Scenario_02" name="step91_VerifiedOrderStatusInMyOrdersPage" time="0.091"/>
  <testcase classname="src.in.valtech.cl.scenarios.TC_Scenario_02" name="step99_ClickOnHomePopupBtn" time="7.160"/>
  <testcase classname="src.in.valtech.cl.scenarios.TC_Scenario_02" name="step45_VerifiedShippingAddressHeaderInCP" time="0.446"/>
  <testcase classname="src.in.valtech.cl.scenarios.TC_Scenario_02" name="step95_CopySKUIDAndEnterinSearchFeildForScanningProductsInPacking" time="8.463"/>
  <testcase classname="src.in.valtech.cl.scenarios.TC_Scenario_02" name="step49_EnteredAddressNameField" time="1.172"/>
  <testcase classname="src.in.valtech.cl.scenarios.TC_Scenario_02" name="step101_SwitchToFOTabAndClickOnMyAccountIcon" time="8.921"/>
  <testcase classname="src.in.valtech.cl.scenarios.TC_Scenario_02" name="step76_VerifiedOrderStatusInMyOrdersPage" time="0.323"/>
  <testcase classname="src.in.valtech.cl.scenarios.TC_Scenario_02" name="step74_ClickOnMyAccountIcon" time="2.910"/>
  <testcase classname="src.in.valtech.cl.scenarios.TC_Scenario_02" name="step115_CreatingRMAFromFO" time="77.242"/>
  <testcase classname="src.in.valtech.cl.scenarios.TC_Scenario_02" name="step04_ClickOnMyAccountIcon" time="5.637"/>
  <testcase classname="src.in.valtech.cl.scenarios.TC_Scenario_02" name="step100_NavigatedIntoMangetoAndVerifiedOrderStatusInOrdersPage" time="71.152"/>
  <testcase classname="src.in.valtech.cl.scenarios.TC_Scenario_02" name="step06_EnteredPasswordField" time="4.023"/>
  <testcase classname="src.in.valtech.cl.scenarios.TC_Scenario_02" name="step149_ClickOnSalesIcon" time="10.202"/>
  <testcase classname="src.in.valtech.cl.scenarios.TC_Scenario_02" name="step71_VerifiedContinueShoppingButton" time="0.045"/>
  <testcase classname="src.in.valtech.cl.scenarios.TC_Scenario_02" name="step30_EnterSearchableSKUAndClickOnSubmitFilter" time="31.249"/>
  <testcase classname="src.in.valtech.cl.scenarios.TC_Scenario_02" name="step127_EnterRMAID_SearchForOrderDetails_ClickOnReceptionButton" time="391.447"/>
  <testcase classname="src.in.valtech.cl.scenarios.TC_Scenario_02" name="step46_VerifiedProductNameinPDP" time="2.879"/>
  <testcase classname="src.in.valtech.cl.scenarios.TC_Scenario_02" name="step94_EnteredBarcodeAndSearchForPacking" time="19.273"/>
  <testcase classname="src.in.valtech.cl.scenarios.TC_Scenario_02" name="step57_ClickOnSHIPHEREButton" time="7.306"/>
  <testcase classname="src.in.valtech.cl.scenarios.TC_Scenario_02" name="step58_VerifiedShippingMethodsHeaderInCP" time="0.063"/>
  <testcase classname="src.in.valtech.cl.scenarios.TC_Scenario_02" name="step138_VerifySuccessMsgForSavedRMARequest" time="0.234"/>
  <testcase classname="src.in.valtech.cl.scenarios.TC_Scenario_02" name="step63_VerifiedMyBAandSABothSame_CheckboxIsAutoSelected" time="0.001"/>
  <testcase classname="src.in.valtech.cl.scenarios.TC_Scenario_02" name="step152_ClickOnSalesIcon" time="10.189"/>
  <testcase classname="src.in.valtech.cl.scenarios.TC_Scenario_02" name="step60_ClickOnContinueToPayemntButton" time="7.240"/>
  <testcase classname="src.in.valtech.cl.scenarios.TC_Scenario_02" name="step97_EnteredQuantityInAnyRow" time="4.207"/>
  <testcase classname="src.in.valtech.cl.scenarios.TC_Scenario_02" name="step158_ComparedSeleableStockInWMSAndBOBothAreSameAfterRefundTheOrder" time="139.117"/>
  <testcase classname="src.in.valtech.cl.scenarios.TC_Scenario_02" name="step47_VerifiedProductPriceInPDP" time="3.076"/>
  <testcase classname="src.in.valtech.cl.scenarios.TC_Scenario_02" name="step139_ClickOnSalesIcon" time="11.414"/>
  <testcase classname="src.in.valtech.cl.scenarios.TC_Scenario_02" name="step154_VerifiedOrderStatusInReturnsPage" time="38.205"/>
  <testcase classname="src.in.valtech.cl.scenarios.TC_Scenario_02" name="step137_ClickOnSaveButton" time="12.367"/>
  <testcase classname="src.in.valtech.cl.scenarios.TC_Scenario_02" name="step163_VerifyCreditMemoConfirmationMailContents" time="6.016"/>
  <testcase classname="src.in.valtech.cl.scenarios.TC_Scenario_02" name="step136_SelectApprovedOptionFromStatusDropdown" time="4.449"/>
  <testcase classname="src.in.valtech.cl.scenarios.TC_Scenario_02" name="step153_ReturnstxtFromSalesIconClick" time="19.644"/>
  <testcase classname="src.in.valtech.cl.scenarios.TC_Scenario_02" name="step65_EnteredExpiryDateField" time="4.371"/>
  <testcase classname="src.in.valtech.cl.scenarios.TC_Scenario_02" name="step90_ClickOnMyOrdersLink" time="9.599"/>
  <testcase classname="src.in.valtech.cl.scenarios.TC_Scenario_02" name="step142_ClickOnSalesIcon" time="10.198"/>
  <testcase classname="src.in.valtech.cl.scenarios.TC_Scenario_02" name="step21_ClickonContinueShoppingButtonAndVerifyRemainsInSamePage" time="10.389"/>
  <testcase classname="src.in.valtech.cl.scenarios.TC_Scenario_02" name="step109_ComparedSeleableStockInWMSAndBOBothAreSameAfterShippingTheOrder" time="127.643"/>
  <testcase classname="src.in.valtech.cl.scenarios.TC_Scenario_02" name="step151_VerifiedOrderStatusInOrdersPage" time="101.345"/>
  <testcase classname="src.in.valtech.cl.scenarios.TC_Scenario_02" name="step34_OpenNewTabAndNavigatedtoMagentoBO" time="8.015"/>
  <testcase classname="src.in.valtech.cl.scenarios.TC_Scenario_02" name="step117_ClickONFiltersAndEnterRMAID" time="358.682"/>
  <testcase classname="src.in.valtech.cl.scenarios.TC_Scenario_02" name="step128_ExecuteRMAProcessinWMS" time="41.559"/>
  <testcase classname="src.in.valtech.cl.scenarios.TC_Scenario_02" name="step39_ClickOnCatalogIcon" time="10.430"/>
  <testcase classname="src.in.valtech.cl.scenarios.TC_Scenario_02" name="step31_ClickOnDetailsButtonForSimpleProd" time="15.382"/>
  <testcase classname="src.in.valtech.cl.scenarios.TC_Scenario_02" name="step02_MouseOverElementOnBeautyL1Category" time="47.328"/>
  <testcase classname="src.in.valtech.cl.scenarios.TC_Scenario_02" name="step62_ClickOnCreditCardRadioBtn" time="7.343"/>
  <testcase classname="src.in.valtech.cl.scenarios.TC_Scenario_02" name="step79_ClickOnSalesIcon" time="10.199"/>
  <testcase classname="src.in.valtech.cl.scenarios.TC_Scenario_02" name="step29_ClickOnProductsFromDataLists" time="10.288"/>
  <testcase classname="src.in.valtech.cl.scenarios.TC_Scenario_02" name="step56_EnteredPhoneNumberField" time="1.169"/>
  <testcase classname="src.in.valtech.cl.scenarios.TC_Scenario_02" name="step102_ClickOnMyOrdersLink" time="8.725"/>
  <testcase classname="src.in.valtech.cl.scenarios.TC_Scenario_02" name="step162_VerifyReturnReceptionConfirmationMailContents" time="5.893"/>
  <testcase classname="src.in.valtech.cl.scenarios.TC_Scenario_02" name="step156_ClickOnMyOrdersLink" time="8.806"/>
  <testcase classname="src.in.valtech.cl.scenarios.TC_Scenario_02" name="step18_ClickonShippingAndVerifiedContent" time="25.435"/>
  <testcase classname="src.in.valtech.cl.scenarios.TC_Scenario_02" name="step08_MouseOverElementOnLadiesL1Category" time="32.787"/>
  <testcase classname="src.in.valtech.cl.scenarios.TC_Scenario_02" name="step50_VerifiedPrefixNameDpdIsAutoSelectedOrNot" time="1.085"/>
  <testcase classname="src.in.valtech.cl.scenarios.TC_Scenario_02" name="step55_EnteredCityField" time="3.610"/>
  <testcase classname="src.in.valtech.cl.scenarios.TC_Scenario_02" name="step124_VerifiedOrderStatusInMyOrdersPage" time="0.091"/>
  <testcase classname="src.in.valtech.cl.scenarios.TC_Scenario_02" name="step108_VerifiedOrderStatusInMyOrdersPage" time="0.096"/>
  <testcase classname="src.in.valtech.cl.scenarios.TC_Scenario_02" name="step80_ClickOrderstxtFromSalesIcon" time="13.148"/>
  <testcase classname="src.in.valtech.cl.scenarios.TC_Scenario_02" name="step13_VerifiedWishlistIconinPDP" time="1.057"/>
  <testcase classname="src.in.valtech.cl.scenarios.TC_Scenario_02" name="step26_LoggedIntoWMS" time="24.882"/>
  <testcase classname="src.in.valtech.cl.scenarios.TC_Scenario_02" name="step110_NavigatedIntoAdyenAndClickOnPaymentTab" time="8.771"/>
  <testcase classname="src.in.valtech.cl.scenarios.TC_Scenario_02" name="step122_SwitchToFOTabAndClickOnMyAccountIcon" time="18.258"/>
  <testcase classname="src.in.valtech.cl.scenarios.TC_Scenario_02" name="step09_ClickOnL2AccessoiresLadiesCategory" time="9.373"/>
  <testcase classname="src.in.valtech.cl.scenarios.TC_Scenario_02" name="step89_SwitchToFOTabAndClickOnMyAccountIcon" time="14.384"/>
  <testcase classname="src.in.valtech.cl.scenarios.TC_Scenario_02" name="step36_EnteredPasswordField" time="4.989"/>
  <testcase classname="src.in.valtech.cl.scenarios.TC_Scenario_02" name="step81_VerifiedOrdersHeaderInBO" time="10.165"/>
  <testcase classname="src.in.valtech.cl.scenarios.TC_Scenario_02" name="step157_VerifiedOrderStatusInMyOrdersPage" time="0.076"/>
  <testcase classname="src.in.valtech.cl.scenarios.TC_Scenario_02" name="step24_VerifiedGiftOptionsHeaderInCP" time="0.320"/>
  <testcase classname="src.in.valtech.cl.scenarios.TC_Scenario_02" name="step135_EnterValueInApprovedField" time="4.302"/>
  <testcase classname="src.in.valtech.cl.scenarios.TC_Scenario_02" name="step148_VerifySuccessMsgForCreateCreditMemo" time="0.090"/>
  <testcase classname="src.in.valtech.cl.scenarios.TC_Scenario_02" name="step144_VerifiedOrderStatusInReturnsPage" time="38.850"/>
  <testcase classname="src.in.valtech.cl.scenarios.TC_Scenario_02" name="step42_VerifyInitialSaleableStock" time="2.398"/>
  <testcase classname="src.in.valtech.cl.scenarios.TC_Scenario_02" name="step53_EnteredAddressField" time="1.211"/>
  <testcase classname="src.in.valtech.cl.scenarios.TC_Scenario_02" name="step69_ClickOnProceedButtonAndEntered3DSCredentials" time="41.053"/>
  <testcase classname="src.in.valtech.cl.scenarios.TC_Scenario_02" name="step106_SwitchToFOTabAndClickOnMyAccountIcon" time="2.210"/>
  <testcase classname="src.in.valtech.cl.scenarios.TC_Scenario_02" name="step73_InitialisedOrderID" time="0.001"/>
  <testcase classname="src.in.valtech.cl.scenarios.TC_Scenario_02" name="step72_VerifiedYourOrderID" time="2.160"/>
  <testcase classname="src.in.valtech.cl.scenarios.TC_Scenario_02" name="step44_VerifyGiftWrapSectionIsDisappearOrNot" time="0.551"/>
  <testcase classname="src.in.valtech.cl.scenarios.TC_Scenario_02" name="step85_ComparedSeleableStockInWMSAndBOBothAreSame" time="89.513"/>
  <testcase classname="src.in.valtech.cl.scenarios.TC_Scenario_02" name="step114_ClickOnRMAProductReturnBtn" time="26.616"/>
  <testcase classname="src.in.valtech.cl.scenarios.TC_Scenario_02" name="step01_NavigatedtoCLHomePage" time="40.061"/>
  <testcase classname="src.in.valtech.cl.scenarios.TC_Scenario_02" name="step61_VerifiedPaymentoptions" time="2.301"/>
  <testcase classname="src.in.valtech.cl.scenarios.TC_Scenario_02" name="step12_VerifiedProductPriceAndCurrencySymbolInPDP" time="2.115"/>
  <testcase classname="src.in.valtech.cl.scenarios.TC_Scenario_02" name="step32_VerifyInitialSaleableStock" time="12.675"/>
  <testcase classname="src.in.valtech.cl.scenarios.TC_Scenario_02" name="step52_EnteredLastNameField" time="1.164"/>
  <testcase classname="src.in.valtech.cl.scenarios.TC_Scenario_02" name="step68_CheckedOnPrivacyPolicyAndReturnPolicyCheckbox" time="14.361"/>
  <testcase classname="src.in.valtech.cl.scenarios.TC_Scenario_02" name="step40_ClickProductstxtFromCatalogIcon" time="26.149"/>
  <testcase classname="src.in.valtech.cl.scenarios.TC_Scenario_02" name="step05_EnteredEmailField" time="4.121"/>
  <testcase classname="src.in.valtech.cl.scenarios.TC_Scenario_02" name="step107_ClickOnMyOrdersLink" time="13.421"/>
  <testcase classname="src.in.valtech.cl.scenarios.TC_Scenario_02" name="step147_ClickOnRefundButtonInNewMemoPage" time="18.429"/>
  <testcase classname="src.in.valtech.cl.scenarios.TC_Scenario_02" name="step82_VerifiedOrderStatusInOrdersPage" time="414.035"/>
  <testcase classname="src.in.valtech.cl.scenarios.TC_Scenario_02" name="step25_OpenNewTabAndNavigatedtoWMS" time="5.597"/>
  <testcase classname="src.in.valtech.cl.scenarios.TC_Scenario_02" name="step38_VerifiedDashboardHeaderInBO" time="15.380"/>
  <testcase classname="src.in.valtech.cl.scenarios.TC_Scenario_02" name="step134_ClickOnReturnItems" time="9.369"/>
  <testcase classname="src.in.valtech.cl.scenarios.TC_Scenario_02" name="step19_ClickonAddToCartButton" time="7.901"/>
  <testcase classname="src.in.valtech.cl.scenarios.TC_Scenario_02" name="step131_ReturnstxtFromSalesIconClick" time="15.914"/>
  <testcase classname="src.in.valtech.cl.scenarios.TC_Scenario_02" name="step104_NavigatedIntoWMSAndProcessedwithShippingProcess" time="65.995"/>
  <testcase classname="src.in.valtech.cl.scenarios.TC_Scenario_02" name="step120_ClickOrderstxtFromSalesIcon" time="17.837"/>
  <testcase classname="src.in.valtech.cl.scenarios.TC_Scenario_02" name="step75_ClickOnMyOrdersLink" time="9.491"/>
  <testcase classname="src.in.valtech.cl.scenarios.TC_Scenario_02" name="step150_ClickOrderstxtFromSalesIcon" time="17.496"/>
  <testcase classname="src.in.valtech.cl.scenarios.TC_Scenario_02" name="step133_ClickonViewOptioninOrderGrid" time="12.057"/>
</testsuite> <!-- src.in.valtech.cl.scenarios.TC_Scenario_02 -->
