<?xml version="1.0" encoding="UTF-8"?>
<!-- Generated by org.testng.reporters.JUnitReportReporter -->
<testsuite hostname="IN-PF42S2RF" failures="0" tests="180" name="src.in.valtech.cl.scenarios.TC_Scenario_07" time="4319.842" errors="0" timestamp="27 Feb 2024 14:31:02 GMT">
  <testcase classname="src.in.valtech.cl.scenarios.TC_Scenario_07" name="step40_VerifyReservedStock" time="10.120"/>
  <testcase classname="src.in.valtech.cl.scenarios.TC_Scenario_07" name="step143_ClickOnSalesIcon" time="10.169"/>
  <testcase classname="src.in.valtech.cl.scenarios.TC_Scenario_07" name="step32_OpenNewTabAndNavigatedtoWMS" time="6.683"/>
  <testcase classname="src.in.valtech.cl.scenarios.TC_Scenario_07" name="step28_ClickonAddToCartButton" time="13.332"/>
  <testcase classname="src.in.valtech.cl.scenarios.TC_Scenario_07" name="step83_InitialisedOrderID" time="0.001"/>
  <testcase classname="src.in.valtech.cl.scenarios.TC_Scenario_07" name="step90_ClickOnAdyenRiskTab" time="171.472"/>
  <testcase classname="src.in.valtech.cl.scenarios.TC_Scenario_07" name="step157_SelectApprovedOptionFromStatusDropdown" time="4.822"/>
  <testcase classname="src.in.valtech.cl.scenarios.TC_Scenario_07" name="step106_ClickOnMyOrdersLink" time="7.624"/>
  <testcase classname="src.in.valtech.cl.scenarios.TC_Scenario_07" name="step18_VerifiedProductNameinPDP" time="2.115"/>
  <testcase classname="src.in.valtech.cl.scenarios.TC_Scenario_07" name="step58_EnteredLastNameField" time="1.148"/>
  <testcase classname="src.in.valtech.cl.scenarios.TC_Scenario_07" name="step31_VerifiedGiftOptionsHeaderInCP" time="0.053"/>
  <testcase classname="src.in.valtech.cl.scenarios.TC_Scenario_07" name="step35_MouseOverElementOnDataListsMenu" time="11.741"/>
  <testcase classname="src.in.valtech.cl.scenarios.TC_Scenario_07" name="step68_ClickOnPaypalCardRadioBtn" time="5.237"/>
  <testcase classname="src.in.valtech.cl.scenarios.TC_Scenario_07" name="step99_VerifiedSaleableStockQntyDecBy1InBOAferPlacingTheOrder" time="63.513"/>
  <testcase classname="src.in.valtech.cl.scenarios.TC_Scenario_07" name="step92_ClickOrderIDCheckbox" time="20.072"/>
  <testcase classname="src.in.valtech.cl.scenarios.TC_Scenario_07" name="step162_VerifiedOrderStatusInOrdersPage" time="77.138"/>
  <testcase classname="src.in.valtech.cl.scenarios.TC_Scenario_07" name="step117_SwitchToFOTabAndClickOnMyAccountIcon" time="7.458"/>
  <testcase classname="src.in.valtech.cl.scenarios.TC_Scenario_07" name="step60_EnteredPostCodeField" time="1.150"/>
  <testcase classname="src.in.valtech.cl.scenarios.TC_Scenario_07" name="step144_ClickOrderstxtFromSalesIcon" time="12.196"/>
  <testcase classname="src.in.valtech.cl.scenarios.TC_Scenario_07" name="step181_VerifyShippingConfirmationMailContents" time="6.570"/>
  <testcase classname="src.in.valtech.cl.scenarios.TC_Scenario_07" name="step134_ClickOnAddSelProdToReturnsBtn" time="15.178"/>
  <testcase classname="src.in.valtech.cl.scenarios.TC_Scenario_07" name="step128_EditExistShippingAddressWithNewShippingAddressForRMA" time="52.263"/>
  <testcase classname="src.in.valtech.cl.scenarios.TC_Scenario_07" name="step21_ClickOnSizeGuideAndCloseOverlay" time="8.535"/>
  <testcase classname="src.in.valtech.cl.scenarios.TC_Scenario_07" name="step25_ClickonProductInfoAndVerifiedContent" time="14.154"/>
  <testcase classname="src.in.valtech.cl.scenarios.TC_Scenario_07" name="step63_ClickOnSHIPHEREButton" time="7.301"/>
  <testcase classname="src.in.valtech.cl.scenarios.TC_Scenario_07" name="step93_ClickOnAcceptBtn" time="56.056"/>
  <testcase classname="src.in.valtech.cl.scenarios.TC_Scenario_07" name="step179_ComparedSeleableStockInWMSAndBOBothAreSameAfterRefundTheOrder" time="140.434"/>
  <testcase classname="src.in.valtech.cl.scenarios.TC_Scenario_07" name="step34_ClickOnOKbutton" time="12.159"/>
  <testcase classname="src.in.valtech.cl.scenarios.TC_Scenario_07" name="step50_ScrollDownTillGiftWrappingImgAndSelectedInCP" time="2.328"/>
  <testcase classname="src.in.valtech.cl.scenarios.TC_Scenario_07" name="step39_VerifyInitialSaleableStock" time="12.766"/>
  <testcase classname="src.in.valtech.cl.scenarios.TC_Scenario_07" name="step153_VerifiedOrderStatusInReturnsPage" time="68.507"/>
  <testcase classname="src.in.valtech.cl.scenarios.TC_Scenario_07" name="step43_EnteredPasswordField" time="8.946"/>
  <testcase classname="src.in.valtech.cl.scenarios.TC_Scenario_07" name="step85_ClickOrderstxtFromSalesIcon" time="17.652"/>
  <testcase classname="src.in.valtech.cl.scenarios.TC_Scenario_07" name="step115_ClickOnHomePopupBtn" time="7.221"/>
  <testcase classname="src.in.valtech.cl.scenarios.TC_Scenario_07" name="step71_CheckedOnPrivacyPolicyAndReturnPolicyCheckbox" time="12.364"/>
  <testcase classname="src.in.valtech.cl.scenarios.TC_Scenario_07" name="step102_PickingOrderProcess" time="69.270"/>
  <testcase classname="src.in.valtech.cl.scenarios.TC_Scenario_07" name="step180_VerifyOrderConfirmationMailContents" time="6.651"/>
  <testcase classname="src.in.valtech.cl.scenarios.TC_Scenario_07" name="step155_ClickOnReturnItems" time="9.299"/>
  <testcase classname="src.in.valtech.cl.scenarios.TC_Scenario_07" name="step118_ClickOnMyOrdersLink" time="7.973"/>
  <testcase classname="src.in.valtech.cl.scenarios.TC_Scenario_07" name="step156_EnterValueInApprovedField" time="4.269"/>
  <testcase classname="src.in.valtech.cl.scenarios.TC_Scenario_07" name="step171_ClickOrderstxtFromSalesIcon" time="12.697"/>
  <testcase classname="src.in.valtech.cl.scenarios.TC_Scenario_07" name="step67_VerifiedPaymentoptions" time="2.285"/>
  <testcase classname="src.in.valtech.cl.scenarios.TC_Scenario_07" name="step138_SelectOptionFromResolutionDropdown" time="4.400"/>
  <testcase classname="src.in.valtech.cl.scenarios.TC_Scenario_07" name="step49_VerifyInitialSaleableStock" time="2.323"/>
  <testcase classname="src.in.valtech.cl.scenarios.TC_Scenario_07" name="step47_ClickProductstxtFromCatalogIcon" time="25.103"/>
  <testcase classname="src.in.valtech.cl.scenarios.TC_Scenario_07" name="step111_CopySKUIDAndEnterinSearchFeildForScanningProductsInPacking" time="12.898"/>
  <testcase classname="src.in.valtech.cl.scenarios.TC_Scenario_07" name="step135_EnterValueInRequestedField" time="4.247"/>
  <testcase classname="src.in.valtech.cl.scenarios.TC_Scenario_07" name="step163_ClickOnSalesIcon" time="10.146"/>
  <testcase classname="src.in.valtech.cl.scenarios.TC_Scenario_07" name="step74_EnteredEmailField" time="4.354"/>
  <testcase classname="src.in.valtech.cl.scenarios.TC_Scenario_07" name="step20_VerifiedWishlistIconinPDP" time="1.051"/>
  <testcase classname="src.in.valtech.cl.scenarios.TC_Scenario_07" name="step159_VerifySuccessMsgForSavedRMARequest" time="0.075"/>
  <testcase classname="src.in.valtech.cl.scenarios.TC_Scenario_07" name="step37_EnterSearchableSKUAndClickOnSubmitFilter" time="25.939"/>
  <testcase classname="src.in.valtech.cl.scenarios.TC_Scenario_07" name="step89_LoggedIntoAdyen" time="43.029"/>
  <testcase classname="src.in.valtech.cl.scenarios.TC_Scenario_07" name="step07_VerifiedMyFavoriteAddressAndNewsLetterHeaders_FootersInMAP" time="2.433"/>
  <testcase classname="src.in.valtech.cl.scenarios.TC_Scenario_07" name="step04_EnteredPasswordField" time="4.007"/>
  <testcase classname="src.in.valtech.cl.scenarios.TC_Scenario_07" name="step147_ClickOnRMALink" time="14.997"/>
  <testcase classname="src.in.valtech.cl.scenarios.TC_Scenario_07" name="step169_VerifySuccessMsgForCreateCreditMemo" time="0.097"/>
  <testcase classname="src.in.valtech.cl.scenarios.TC_Scenario_07" name="step110_EnteredBarcodeAndSearchForPacking" time="20.072"/>
  <testcase classname="src.in.valtech.cl.scenarios.TC_Scenario_07" name="step91_ClickCaseMgmtOPtionINAdyen" time="7.149"/>
  <testcase classname="src.in.valtech.cl.scenarios.TC_Scenario_07" name="step122_SwitchToFOTabAndClickOnMyAccountIcon" time="2.274"/>
  <testcase classname="src.in.valtech.cl.scenarios.TC_Scenario_07" name="step129_VerifySuccessMsgForRMAAddressUpdate" time="0.077"/>
  <testcase classname="src.in.valtech.cl.scenarios.TC_Scenario_07" name="step06_ClickOnMyAccountIcon" time="40.684"/>
  <testcase classname="src.in.valtech.cl.scenarios.TC_Scenario_07" name="step62_EnteredPhoneNumberField" time="1.173"/>
  <testcase classname="src.in.valtech.cl.scenarios.TC_Scenario_07" name="step13_ClickOnAddtoCartButtonInMWLP" time="5.242"/>
  <testcase classname="src.in.valtech.cl.scenarios.TC_Scenario_07" name="step107_VerifiedOrderStatusInMyOrdersPage" time="0.094"/>
  <testcase classname="src.in.valtech.cl.scenarios.TC_Scenario_07" name="step19_VerifiedProductBrandNameAndProductPriceinPDP" time="4.289"/>
  <testcase classname="src.in.valtech.cl.scenarios.TC_Scenario_07" name="step38_ClickOnDetailsButton" time="14.613"/>
  <testcase classname="src.in.valtech.cl.scenarios.TC_Scenario_07" name="step73_NavigatedToPPPandCloseAcceptCookiesPopUp" time="0.000"/>
  <testcase classname="src.in.valtech.cl.scenarios.TC_Scenario_07" name="step96_SwitchToFOTabAndClickOnMyAccountIcon" time="15.339"/>
  <testcase classname="src.in.valtech.cl.scenarios.TC_Scenario_07" name="step27_ClickonShippingAndVerifiedContent" time="25.587"/>
  <testcase classname="src.in.valtech.cl.scenarios.TC_Scenario_07" name="step87_VerifiedOrderStatusInOrderspage" time="335.120"/>
  <testcase classname="src.in.valtech.cl.scenarios.TC_Scenario_07" name="step42_EnteredUsernameField" time="5.197"/>
  <testcase classname="src.in.valtech.cl.scenarios.TC_Scenario_07" name="step136_SelectAnyOptionFromReturnReasonDropdown" time="4.338"/>
  <testcase classname="src.in.valtech.cl.scenarios.TC_Scenario_07" name="step105_SwitchToFOTabAndClickOnMyAccountIcon" time="27.467"/>
  <testcase classname="src.in.valtech.cl.scenarios.TC_Scenario_07" name="step76_ClickOnSignInButton" time="16.586"/>
  <testcase classname="src.in.valtech.cl.scenarios.TC_Scenario_07" name="step137_SelectOptionFromItemConditionDropdown" time="4.439"/>
  <testcase classname="src.in.valtech.cl.scenarios.TC_Scenario_07" name="step86_VerifiedOrdersHeaderInBO" time="15.171"/>
  <testcase classname="src.in.valtech.cl.scenarios.TC_Scenario_07" name="step130_SelectPickupDate" time="9.282"/>
  <testcase classname="src.in.valtech.cl.scenarios.TC_Scenario_07" name="step182_VerifyReturnRequestConfirmationMailContents" time="6.632"/>
  <testcase classname="src.in.valtech.cl.scenarios.TC_Scenario_07" name="step113_EnteredQuantityInAnyRow" time="4.270"/>
  <testcase classname="src.in.valtech.cl.scenarios.TC_Scenario_07" name="step172_VerifiedOrderStatusInOrdersPage" time="155.807"/>
  <testcase classname="src.in.valtech.cl.scenarios.TC_Scenario_07" name="step124_VerifiedOrderStatusInMyOrdersPage" time="0.107"/>
  <testcase classname="src.in.valtech.cl.scenarios.TC_Scenario_07" name="step119_VerifiedOrderStatusInMyOrdersPage" time="0.091"/>
  <testcase classname="src.in.valtech.cl.scenarios.TC_Scenario_07" name="step29_VerifiedContentInConfirmationOverlay" time="6.662"/>
  <testcase classname="src.in.valtech.cl.scenarios.TC_Scenario_07" name="step59_EnteredAddressField" time="1.282"/>
  <testcase classname="src.in.valtech.cl.scenarios.TC_Scenario_07" name="step02_ClickOnMyAccountIcon" time="53.785"/>
  <testcase classname="src.in.valtech.cl.scenarios.TC_Scenario_07" name="step26_ClickonProductCareAndVerifiedContent" time="5.414"/>
  <testcase classname="src.in.valtech.cl.scenarios.TC_Scenario_07" name="step55_EnteredAddressNameField" time="1.436"/>
  <testcase classname="src.in.valtech.cl.scenarios.TC_Scenario_07" name="step61_EnteredCityField" time="3.690"/>
  <testcase classname="src.in.valtech.cl.scenarios.TC_Scenario_07" name="step97_ClickOnMyOrdersLink" time="10.714"/>
  <testcase classname="src.in.valtech.cl.scenarios.TC_Scenario_07" name="step184_VerifyCreditMemoConfirmationMailContents" time="6.636"/>
  <testcase classname="src.in.valtech.cl.scenarios.TC_Scenario_07" name="step53_VerifiedShippingAddressHeaderInCP" time="0.763"/>
  <testcase classname="src.in.valtech.cl.scenarios.TC_Scenario_07" name="step79_PayButtonClick" time="20.940"/>
  <testcase classname="src.in.valtech.cl.scenarios.TC_Scenario_07" name="step75_EnteredPasswordField" time="2.259"/>
  <testcase classname="src.in.valtech.cl.scenarios.TC_Scenario_07" name="step100_VerifySaleableStockDecBy1InWMSAferPlacingTheOrder" time="35.405"/>
  <testcase classname="src.in.valtech.cl.scenarios.TC_Scenario_07" name="step01_NavigatedtoCLHomePage" time="40.137"/>
  <testcase classname="src.in.valtech.cl.scenarios.TC_Scenario_07" name="step140_VerifySuccessMsgForRMARequest" time="0.060"/>
  <testcase classname="src.in.valtech.cl.scenarios.TC_Scenario_07" name="step12_VerifiedProductPriceInMWLP" time="2.258"/>
  <testcase classname="src.in.valtech.cl.scenarios.TC_Scenario_07" name="step77_VerifiedPaypalLogo" time="0.003"/>
  <testcase classname="src.in.valtech.cl.scenarios.TC_Scenario_07" name="step166_ClickonViewOptioninOrderGrid" time="8.822"/>
  <testcase classname="src.in.valtech.cl.scenarios.TC_Scenario_07" name="step145_VerifiedOrderStatusInOrdersPage" time="58.633"/>
  <testcase classname="src.in.valtech.cl.scenarios.TC_Scenario_07" name="step45_VerifiedDashboardHeaderInBO" time="15.215"/>
  <testcase classname="src.in.valtech.cl.scenarios.TC_Scenario_07" name="step123_ClickOnMyOrdersLink" time="15.050"/>
  <testcase classname="src.in.valtech.cl.scenarios.TC_Scenario_07" name="step44_ClickOnSignInButton" time="49.765"/>
  <testcase classname="src.in.valtech.cl.scenarios.TC_Scenario_07" name="step161_ClickOrderstxtFromSalesIcon" time="12.540"/>
  <testcase classname="src.in.valtech.cl.scenarios.TC_Scenario_07" name="step178_VerifiedOrderStatusInMyOrdersPage" time="0.093"/>
  <testcase classname="src.in.valtech.cl.scenarios.TC_Scenario_07" name="step121_NavigatedIntoMangetoAndVerifiedOrderStatusInOrdersPage" time="150.968"/>
  <testcase classname="src.in.valtech.cl.scenarios.TC_Scenario_07" name="step81_VerifiedContinueShoppingButton" time="0.045"/>
  <testcase classname="src.in.valtech.cl.scenarios.TC_Scenario_07" name="step114_ClickOnValidateBtn" time="15.278"/>
  <testcase classname="src.in.valtech.cl.scenarios.TC_Scenario_07" name="step108_NavigatedIntoWMSAndGetBarcodeFromPickingProcess" time="17.130"/>
  <testcase classname="src.in.valtech.cl.scenarios.TC_Scenario_07" name="step72_ClickOnProceedButton" time="13.480"/>
  <testcase classname="src.in.valtech.cl.scenarios.TC_Scenario_07" name="step158_ClickOnSaveButton" time="10.737"/>
  <testcase classname="src.in.valtech.cl.scenarios.TC_Scenario_07" name="step175_VerifiedOrderStatusInReturnsPage" time="38.790"/>
  <testcase classname="src.in.valtech.cl.scenarios.TC_Scenario_07" name="step103_VerifiedPickingOrderSuccessMsg" time="3.036"/>
  <testcase classname="src.in.valtech.cl.scenarios.TC_Scenario_07" name="step120_NavigatedIntoWMSAndProcessedwithShippingProcess" time="68.318"/>
  <testcase classname="src.in.valtech.cl.scenarios.TC_Scenario_07" name="step15_VerifiedAllElementInMiniCart" time="23.455"/>
  <testcase classname="src.in.valtech.cl.scenarios.TC_Scenario_07" name="step23_ClickOnInStoreAvailabilityButtonAndCloseOverlay" time="7.180"/>
  <testcase classname="src.in.valtech.cl.scenarios.TC_Scenario_07" name="step30_ClickonOrderNowButton" time="30.726"/>
  <testcase classname="src.in.valtech.cl.scenarios.TC_Scenario_07" name="step132_ClickOnAddProductButton" time="7.353"/>
  <testcase classname="src.in.valtech.cl.scenarios.TC_Scenario_07" name="step33_LoggedIntoWMS" time="25.283"/>
  <testcase classname="src.in.valtech.cl.scenarios.TC_Scenario_07" name="step174_ReturnstxtFromSalesIconClick" time="14.518"/>
  <testcase classname="src.in.valtech.cl.scenarios.TC_Scenario_07" name="step17_VerifiedProductImageAndThumbnailImageinPDP" time="0.246"/>
  <testcase classname="src.in.valtech.cl.scenarios.TC_Scenario_07" name="step51EnteredMsgInYourMsgFieldInCP" time="0.040"/>
  <testcase classname="src.in.valtech.cl.scenarios.TC_Scenario_07" name="step139_ClickOnSubmitReturnsButton" time="11.312"/>
  <testcase classname="src.in.valtech.cl.scenarios.TC_Scenario_07" name="step82_VerifiedYourOrderID" time="2.165"/>
  <testcase classname="src.in.valtech.cl.scenarios.TC_Scenario_07" name="step131_ClickOnReturnItems" time="9.266"/>
  <testcase classname="src.in.valtech.cl.scenarios.TC_Scenario_07" name="step167_ClickOnRefundOrExchangeButton" time="8.742"/>
  <testcase classname="src.in.valtech.cl.scenarios.TC_Scenario_07" name="step52_ClickOnUpdateButtonInCP" time="6.446"/>
  <testcase classname="src.in.valtech.cl.scenarios.TC_Scenario_07" name="step36_ClickOnProductsFromDataLists" time="10.279"/>
  <testcase classname="src.in.valtech.cl.scenarios.TC_Scenario_07" name="step14_ClickonCartIcon" time="7.378"/>
  <testcase classname="src.in.valtech.cl.scenarios.TC_Scenario_07" name="step08_ClickOnWishlistLink" time="14.250"/>
  <testcase classname="src.in.valtech.cl.scenarios.TC_Scenario_07" name="step16_ClickOnProductImginMiniCart" time="14.510"/>
  <testcase classname="src.in.valtech.cl.scenarios.TC_Scenario_07" name="step148_EnterRMAID_SearchForOrderDetails_ClickOnReceptionButton" time="107.489"/>
  <testcase classname="src.in.valtech.cl.scenarios.TC_Scenario_07" name="step22_ClickOnSelectYourSizeButtonAndSelectAnySize" time="18.218"/>
  <testcase classname="src.in.valtech.cl.scenarios.TC_Scenario_07" name="step176_SwitchToFOTabAndClickOnMyAccountIcon" time="13.496"/>
  <testcase classname="src.in.valtech.cl.scenarios.TC_Scenario_07" name="step127_ClickOnCreateReturnsButton" time="8.406"/>
  <testcase classname="src.in.valtech.cl.scenarios.TC_Scenario_07" name="step126_ClickOnOrderGridAndVerifiedOrderDetailsPage" time="68.021"/>
  <testcase classname="src.in.valtech.cl.scenarios.TC_Scenario_07" name="step09_VerifiedMyWishListHeaderInMWLP" time="0.139"/>
  <testcase classname="src.in.valtech.cl.scenarios.TC_Scenario_07" name="step70_UncheckedMyBAandSABothSameCheckbox" time="0.001"/>
  <testcase classname="src.in.valtech.cl.scenarios.TC_Scenario_07" name="step84_NavigatedBackToBOAndClickOnSalesIcon" time="12.564"/>
  <testcase classname="src.in.valtech.cl.scenarios.TC_Scenario_07" name="step168_ClickOnRefundButtonInNewMemoPage" time="14.919"/>
  <testcase classname="src.in.valtech.cl.scenarios.TC_Scenario_07" name="step151_NavigatedIntoMangetoAndVerifiedOrderStatusInOrdersPage" time="22.327"/>
  <testcase classname="src.in.valtech.cl.scenarios.TC_Scenario_07" name="step177_ClickOnMyOrdersLink" time="43.198"/>
  <testcase classname="src.in.valtech.cl.scenarios.TC_Scenario_07" name="step11_VerifiedProductNameInMWLP" time="2.266"/>
  <testcase classname="src.in.valtech.cl.scenarios.TC_Scenario_07" name="step78_SelectBankOfVisaCard" time="0.016"/>
  <testcase classname="src.in.valtech.cl.scenarios.TC_Scenario_07" name="step94_NavigatedBackToMagentoAndVerifiedOrderStatusInOrdersPage" time="121.205"/>
  <testcase classname="src.in.valtech.cl.scenarios.TC_Scenario_07" name="step109_NavigatedIntoWMSAndClickOnPackingBtn" time="7.245"/>
  <testcase classname="src.in.valtech.cl.scenarios.TC_Scenario_07" name="step03_EnteredEmailField" time="3.834"/>
  <testcase classname="src.in.valtech.cl.scenarios.TC_Scenario_07" name="step104_NaviagtedIntoMangetoAndVerifiedOrderStatusInOrdersPage" time="186.115"/>
  <testcase classname="src.in.valtech.cl.scenarios.TC_Scenario_07" name="step54_ClickOnNewAddressButtonInSAP" time="8.206"/>
  <testcase classname="src.in.valtech.cl.scenarios.TC_Scenario_07" name="step64_VerifiedShippingMethodsHeaderInCP" time="0.047"/>
  <testcase classname="src.in.valtech.cl.scenarios.TC_Scenario_07" name="step154_ClickonViewOptioninOrderGrid" time="10.645"/>
  <testcase classname="src.in.valtech.cl.scenarios.TC_Scenario_07" name="step41_OpenNewTabAndNavigatedtoMagentoBO" time="10.386"/>
  <testcase classname="src.in.valtech.cl.scenarios.TC_Scenario_07" name="step165_VerifiedOrderStatusInReturnsPage" time="39.550"/>
  <testcase classname="src.in.valtech.cl.scenarios.TC_Scenario_07" name="step116_NavigatedIntoMangetoAndVerifiedOrderStatusInOrdersPage" time="69.437"/>
  <testcase classname="src.in.valtech.cl.scenarios.TC_Scenario_07" name="step112_ClickOnCompletePackingBtn" time="22.378"/>
  <testcase classname="src.in.valtech.cl.scenarios.TC_Scenario_07" name="step46_ClickOnCatalogIcon" time="15.620"/>
  <testcase classname="src.in.valtech.cl.scenarios.TC_Scenario_07" name="step69_VerifiedMyBAandSABothSame_CheckboxIsAutoSelected" time="0.001"/>
  <testcase classname="src.in.valtech.cl.scenarios.TC_Scenario_07" name="step170_ClickOnSalesIcon" time="10.233"/>
  <testcase classname="src.in.valtech.cl.scenarios.TC_Scenario_07" name="step05_ClickOnSignInButtonAndVerifiedUserIsRedirectedToHomePage" time="14.950"/>
  <testcase classname="src.in.valtech.cl.scenarios.TC_Scenario_07" name="step98_VerifiedOrderStatusInMyOrdersPage" time="0.093"/>
  <testcase classname="src.in.valtech.cl.scenarios.TC_Scenario_07" name="step24_VerifiedContactUslinkAndColourSwatchesInPDP" time="2.204"/>
  <testcase classname="src.in.valtech.cl.scenarios.TC_Scenario_07" name="step101_ComparedSeleableStockInWMSAndBOBothAreSame" time="75.229"/>
  <testcase classname="src.in.valtech.cl.scenarios.TC_Scenario_07" name="step164_ReturnstxtFromSalesIconClick" time="14.785"/>
  <testcase classname="src.in.valtech.cl.scenarios.TC_Scenario_07" name="step149_ExecuteRMAProcessinWMS" time="126.248"/>
  <testcase classname="src.in.valtech.cl.scenarios.TC_Scenario_07" name="step152_ReturnstxtFromSalesIconClick" time="14.910"/>
  <testcase classname="src.in.valtech.cl.scenarios.TC_Scenario_07" name="step65_ClickOnFirstShipMethodRadioButton" time="12.353"/>
  <testcase classname="src.in.valtech.cl.scenarios.TC_Scenario_07" name="step56_VerifiedPrefixNameDpdIsAutoSelectedOrNot" time="1.134"/>
  <testcase classname="src.in.valtech.cl.scenarios.TC_Scenario_07" name="step10_VerifiedProductImgInMWLP" time="0.076"/>
  <testcase classname="src.in.valtech.cl.scenarios.TC_Scenario_07" name="step48_SearchForProductSeleableStockInBO" time="32.421"/>
  <testcase classname="src.in.valtech.cl.scenarios.TC_Scenario_07" name="step173_ClickOnSalesIcon" time="10.186"/>
  <testcase classname="src.in.valtech.cl.scenarios.TC_Scenario_07" name="step88_OpenNewTabAndNavigatedtoAdyen" time="6.138"/>
  <testcase classname="src.in.valtech.cl.scenarios.TC_Scenario_07" name="step57_EnteredFirstNameField" time="1.112"/>
  <testcase classname="src.in.valtech.cl.scenarios.TC_Scenario_07" name="step183_VerifyReturnReceptionConfirmationMailContents" time="6.570"/>
  <testcase classname="src.in.valtech.cl.scenarios.TC_Scenario_07" name="step66_ClickOnContinueToPayemntButton" time="7.179"/>
  <testcase classname="src.in.valtech.cl.scenarios.TC_Scenario_07" name="step80_VerifiedSuccessMsgAfterPlacingOrder" time="2.174"/>
  <testcase classname="src.in.valtech.cl.scenarios.TC_Scenario_07" name="step125_ComparedSeleableStockInWMSAndBOBothAreSameAfterShippingTheOrder" time="125.843"/>
  <testcase classname="src.in.valtech.cl.scenarios.TC_Scenario_07" name="step133_ClickOnCheckboxToSelectTheProduct" time="14.410"/>
  <testcase classname="src.in.valtech.cl.scenarios.TC_Scenario_07" name="step142_VerifiedOrderStatusInReturnsPage" time="305.987"/>
  <testcase classname="src.in.valtech.cl.scenarios.TC_Scenario_07" name="step160_ClickOnSalesIcon" time="10.264"/>
</testsuite> <!-- src.in.valtech.cl.scenarios.TC_Scenario_07 -->
