<?xml version="1.0" encoding="UTF-8"?>
<!-- Generated by org.testng.reporters.JUnitReportReporter -->
<testsuite hostname="IN-PF42S2RF" failures="0" tests="94" name="src.in.valtech.cl.scenarios.TC_Scenario_06" time="1440.143" errors="1" timestamp="27 Feb 2024 14:31:02 GMT">
  <testcase classname="src.in.valtech.cl.scenarios.TC_Scenario_06" name="step37_ClickOnSelectYourSizeButtonAndSelectAnySize" time="24.924"/>
  <testcase classname="src.in.valtech.cl.scenarios.TC_Scenario_06" name="step22_VerifyRegisteredSuccessMsgTxt" time="7.380"/>
  <testcase classname="src.in.valtech.cl.scenarios.TC_Scenario_06" name="step38_ClickonProductInfoAndVerifiedContent" time="14.630"/>
  <testcase classname="src.in.valtech.cl.scenarios.TC_Scenario_06" name="step02_OpenNewTabAndNavigatedtoMagentoBO" time="7.620"/>
  <testcase classname="src.in.valtech.cl.scenarios.TC_Scenario_06" name="step03_EnteredUsernameField" time="4.786"/>
  <testcase classname="src.in.valtech.cl.scenarios.TC_Scenario_06" name="step35_VerifiedColorSwatches" time="0.072"/>
  <testcase classname="src.in.valtech.cl.scenarios.TC_Scenario_06" name="step69_EnteredAddressNameField" time="0.097"/>
  <testcase classname="src.in.valtech.cl.scenarios.TC_Scenario_06" name="step16_EnterFirstNameField" time="4.322"/>
  <testcase classname="src.in.valtech.cl.scenarios.TC_Scenario_06" name="step34_VerifiedContactUslink" time="0.003"/>
  <testcase classname="src.in.valtech.cl.scenarios.TC_Scenario_06" name="step83_CheckedOnPrivacyPolicyAndReturnPolicyCheckbox" time="14.401"/>
  <testcase classname="src.in.valtech.cl.scenarios.TC_Scenario_06" name="step81_EnteredCVVField" time="2.523"/>
  <testcase classname="src.in.valtech.cl.scenarios.TC_Scenario_06" name="step54_EnteredFirstNameField" time="3.292"/>
  <testcase classname="src.in.valtech.cl.scenarios.TC_Scenario_06" name="step91_LoggedIntoAdyen" time="43.345"/>
  <testcase classname="src.in.valtech.cl.scenarios.TC_Scenario_06" name="step74_EnteredPostCodeField" time="0.002"/>
  <testcase classname="src.in.valtech.cl.scenarios.TC_Scenario_06" name="step93_ClickPaymentOPtionINAdyen" time="14.855"/>
  <testcase classname="src.in.valtech.cl.scenarios.TC_Scenario_06" name="step19_EnterConfirmPasswordField" time="6.415"/>
  <testcase classname="src.in.valtech.cl.scenarios.TC_Scenario_06" name="step04_EnteredPasswordField" time="4.723"/>
  <testcase classname="src.in.valtech.cl.scenarios.TC_Scenario_06" name="step15_EnterLastNameField" time="4.346"/>
  <testcase classname="src.in.valtech.cl.scenarios.TC_Scenario_06" name="step09_VerifyCustomersHeadertxtInBO" time="10.181"/>
  <testcase classname="src.in.valtech.cl.scenarios.TC_Scenario_06" name="step77_EnterPhoneNumField" time="0.002"/>
  <testcase classname="src.in.valtech.cl.scenarios.TC_Scenario_06" name="step41_VerifyMainThumbnailImgAndColorSwatches" time="1.338"/>
  <testcase classname="src.in.valtech.cl.scenarios.TC_Scenario_06" name="step30_VerifiedProductPriceinPDP" time="2.513"/>
  <testcase classname="src.in.valtech.cl.scenarios.TC_Scenario_06" name="step28_ClickOnProductImg" time="10.350"/>
  <testcase classname="src.in.valtech.cl.scenarios.TC_Scenario_06" name="step10_SearchForCustomerAccount" time="11.917"/>
  <testcase classname="src.in.valtech.cl.scenarios.TC_Scenario_06" name="step39_ClickonProductCareAndVerifiedContent" time="6.849"/>
  <testcase classname="src.in.valtech.cl.scenarios.TC_Scenario_06" name="step84_ClickOnProceedButtonAtPaymentSection" time="5.239"/>
  <testcase classname="src.in.valtech.cl.scenarios.TC_Scenario_06" name="step87_ClickOnSalesIcon" time="12.282"/>
  <testcase classname="src.in.valtech.cl.scenarios.TC_Scenario_06" name="step43_VerifiedPDPConfirmationMessagePopUPModal" time="7.798"/>
  <testcase classname="src.in.valtech.cl.scenarios.TC_Scenario_06" name="step73_EnteredAddressField" time="0.000"/>
  <testcase classname="src.in.valtech.cl.scenarios.TC_Scenario_06" name="step46_ClickOnIncrIconforProductInMainCart" time="0.345"/>
  <testcase classname="src.in.valtech.cl.scenarios.TC_Scenario_06" name="step65_VerifyCreditCardDetailsInPayment" time="20.564"/>
  <testcase classname="src.in.valtech.cl.scenarios.TC_Scenario_06" name="step48_VerifyGiftHeadertextAndDefaultGiftWrapSelected" time="0.344"/>
  <testcase classname="src.in.valtech.cl.scenarios.TC_Scenario_06" name="step82_EnteredCardHolderField" time="0.379"/>
  <testcase classname="src.in.valtech.cl.scenarios.TC_Scenario_06" name="step67_VerifiedMyBAandSABothSame_CheckboxIsAutoSelected" time="0.001"/>
  <testcase classname="src.in.valtech.cl.scenarios.TC_Scenario_06" name="step76_VerifiedCountryField" time="0.001"/>
  <testcase classname="src.in.valtech.cl.scenarios.TC_Scenario_06" name="step12_ClickMyAccountBtn" time="51.965"/>
  <testcase classname="src.in.valtech.cl.scenarios.TC_Scenario_06" name="step08_ClickAllCustomerstxtFromCustomersIcon" time="13.545"/>
  <testcase classname="src.in.valtech.cl.scenarios.TC_Scenario_06" name="step75_EnteredCityField" time="0.000"/>
  <testcase classname="src.in.valtech.cl.scenarios.TC_Scenario_06" name="step64_ClickOnCreditCardRadioBtn" time="7.754"/>
  <testcase classname="src.in.valtech.cl.scenarios.TC_Scenario_06" name="step05_ClickOnSignInButton" time="38.050"/>
  <testcase classname="src.in.valtech.cl.scenarios.TC_Scenario_06" name="step60_EnteredPhoneNumberField" time="5.373"/>
  <testcase classname="src.in.valtech.cl.scenarios.TC_Scenario_06" name="step53_VerifiedPrefixNameDpdIsAutoSelectedOrNot" time="0.795"/>
  <testcase classname="src.in.valtech.cl.scenarios.TC_Scenario_06" name="step45_VerifyProductDetailsInMainCart" time="30.398"/>
  <testcase classname="src.in.valtech.cl.scenarios.TC_Scenario_06" name="step20_ClickTermsConditionCheckbox" time="20.940"/>
  <testcase classname="src.in.valtech.cl.scenarios.TC_Scenario_06" name="step26_MouseOverElementOnLadiesL1Category" time="2.760"/>
  <testcase classname="src.in.valtech.cl.scenarios.TC_Scenario_06" name="step95_VerifyOrderStatusIN_Adyen" time="5.119">
    <error message="expected [Refunded] but found [Refused]" type="java.lang.AssertionError">
      <![CDATA[java.lang.AssertionError: expected [Refunded] but found [Refused]
	at org.testng.Assert.fail(Assert.java:94)
	at org.testng.Assert.failNotEquals(Assert.java:494)
	at org.testng.Assert.assertEquals(Assert.java:123)
	at org.testng.Assert.assertEquals(Assert.java:176)
	at org.testng.Assert.assertEquals(Assert.java:186)
	at src.in.valtech.cl.scenarios.TC_Scenario_06.step95_VerifyOrderStatusIN_Adyen(TC_Scenario_06.java:814)
	at java.base/jdk.internal.reflect.NativeMethodAccessorImpl.invoke0(Native Method)
	at java.base/jdk.internal.reflect.NativeMethodAccessorImpl.invoke(NativeMethodAccessorImpl.java:62)
	at java.base/jdk.internal.reflect.DelegatingMethodAccessorImpl.invoke(DelegatingMethodAccessorImpl.java:43)
	at java.base/java.lang.reflect.Method.invoke(Method.java:566)
	at org.testng.internal.MethodInvocationHelper.invokeMethod(MethodInvocationHelper.java:80)
	at org.testng.internal.Invoker.invokeMethod(Invoker.java:714)
	at org.testng.internal.Invoker.invokeTestMethod(Invoker.java:901)
	at org.testng.internal.Invoker.invokeTestMethods(Invoker.java:1231)
	at org.testng.internal.TestMethodWorker.invokeTestMethods(TestMethodWorker.java:127)
	at org.testng.internal.TestMethodWorker.run(TestMethodWorker.java:111)
	at org.testng.TestRunner.privateRun(TestRunner.java:767)
	at org.testng.TestRunner.run(TestRunner.java:617)
	at org.testng.SuiteRunner.runTest(SuiteRunner.java:334)
	at org.testng.SuiteRunner.access$000(SuiteRunner.java:37)
	at org.testng.SuiteRunner$SuiteWorker.run(SuiteRunner.java:368)
	at org.testng.internal.thread.ThreadUtil$2.call(ThreadUtil.java:64)
	at java.base/java.util.concurrent.FutureTask.run(FutureTask.java:264)
	at java.base/java.util.concurrent.ThreadPoolExecutor.runWorker(ThreadPoolExecutor.java:1128)
	at java.base/java.util.concurrent.ThreadPoolExecutor$Worker.run(ThreadPoolExecutor.java:628)
	at java.base/java.lang.Thread.run(Thread.java:834)
]]>
    </error>
  </testcase> <!-- step95_VerifyOrderStatusIN_Adyen -->
  <testcase classname="src.in.valtech.cl.scenarios.TC_Scenario_06" name="step32_VerifiedAddtoCartbtnInPDP" time="2.146"/>
  <testcase classname="src.in.valtech.cl.scenarios.TC_Scenario_06" name="step56_EnteredAddressField" time="6.217"/>
  <testcase classname="src.in.valtech.cl.scenarios.TC_Scenario_06" name="step80_EnteredExpiryDateField" time="5.933"/>
  <testcase classname="src.in.valtech.cl.scenarios.TC_Scenario_06" name="step31_VerifiedProductBrandNametxtInPDP" time="2.156"/>
  <testcase classname="src.in.valtech.cl.scenarios.TC_Scenario_06" name="step55_EnteredLastNameField" time="3.451"/>
  <testcase classname="src.in.valtech.cl.scenarios.TC_Scenario_06" name="step36_ClickOnSizeGuideAndCloseOverlay" time="9.093"/>
  <testcase classname="src.in.valtech.cl.scenarios.TC_Scenario_06" name="step52_EnteredAddressNameField" time="3.319"/>
  <testcase classname="src.in.valtech.cl.scenarios.TC_Scenario_06" name="step11_DeletedExistCustomerAccountFromCustomerGridResultInBO" time="47.913"/>
  <testcase classname="src.in.valtech.cl.scenarios.TC_Scenario_06" name="step68_UncheckMyBAandSABothSame_Checkbox" time="0.000"/>
  <testcase classname="src.in.valtech.cl.scenarios.TC_Scenario_06" name="step85_ClickOnProceedButtonAndEntered3DSCredentials" time="21.866"/>
  <testcase classname="src.in.valtech.cl.scenarios.TC_Scenario_06" name="step27_ClickOnL3KateLadiesCategory" time="8.651"/>
  <testcase classname="src.in.valtech.cl.scenarios.TC_Scenario_06" name="step06_VerifiedDashboardHeaderInBO" time="10.266"/>
  <testcase classname="src.in.valtech.cl.scenarios.TC_Scenario_06" name="step14_SelectValFromPrefixDropdown" time="4.303"/>
  <testcase classname="src.in.valtech.cl.scenarios.TC_Scenario_06" name="step79_EnteredCreditNumberField" time="4.924"/>
  <testcase classname="src.in.valtech.cl.scenarios.TC_Scenario_06" name="step61_VerifyAndClickOnSecondShippingMethod" time="12.510"/>
  <testcase classname="src.in.valtech.cl.scenarios.TC_Scenario_06" name="step23_VerifyUserNameInMYAccount" time="5.085"/>
  <testcase classname="src.in.valtech.cl.scenarios.TC_Scenario_06" name="step29_VerifiedProductNameinPDP" time="2.617"/>
  <testcase classname="src.in.valtech.cl.scenarios.TC_Scenario_06" name="step21_ClickCreateCustomerAccountBtn" time="9.470"/>
  <testcase classname="src.in.valtech.cl.scenarios.TC_Scenario_06" name="step59_VerifiedCountryField" time="9.042"/>
  <testcase classname="src.in.valtech.cl.scenarios.TC_Scenario_06" name="step86_VerifyUnsuccesfullOrderplacedWithInvalid3DSCardMsg" time="5.266"/>
  <testcase classname="src.in.valtech.cl.scenarios.TC_Scenario_06" name="step96_VerifyAccountCreationConfirmationMailContents" time="9.102"/>
  <testcase classname="src.in.valtech.cl.scenarios.TC_Scenario_06" name="step42_ClickonAddToCartButton" time="9.014"/>
  <testcase classname="src.in.valtech.cl.scenarios.TC_Scenario_06" name="step01_NavigatedtoCLHomePage" time="50.945"/>
  <testcase classname="src.in.valtech.cl.scenarios.TC_Scenario_06" name="step40_ClickonShippingAndVerifiedContent" time="25.845"/>
  <testcase classname="src.in.valtech.cl.scenarios.TC_Scenario_06" name="step88_ClickOrderstxtFromSalesIcon" time="18.071"/>
  <testcase classname="src.in.valtech.cl.scenarios.TC_Scenario_06" name="step94_EnterOrderIDinPaymentTab_adyen" time="14.414"/>
  <testcase classname="src.in.valtech.cl.scenarios.TC_Scenario_06" name="step50_ClickUpdateBtn" time="6.699"/>
  <testcase classname="src.in.valtech.cl.scenarios.TC_Scenario_06" name="step13_ClickAccountCreateBtn" time="11.542"/>
  <testcase classname="src.in.valtech.cl.scenarios.TC_Scenario_06" name="step90_OpenNewTabAndNavigatedtoAdyen" time="6.594"/>
  <testcase classname="src.in.valtech.cl.scenarios.TC_Scenario_06" name="step44_ClickonYourCartLnk" time="21.182"/>
  <testcase classname="src.in.valtech.cl.scenarios.TC_Scenario_06" name="step89_NavigatedIntoMangetoAndVerifiedOrderStatusInOrdersPage" time="364.737"/>
  <testcase classname="src.in.valtech.cl.scenarios.TC_Scenario_06" name="step51_VerifiedShippingAddressHeaderInCP" time="0.557"/>
  <testcase classname="src.in.valtech.cl.scenarios.TC_Scenario_06" name="step57_EnteredPostCodeField" time="6.006"/>
  <testcase classname="src.in.valtech.cl.scenarios.TC_Scenario_06" name="step70_SelectPrefixNameDpdn" time="0.002"/>
  <testcase classname="src.in.valtech.cl.scenarios.TC_Scenario_06" name="step18_EnterPasswordField" time="4.367"/>
  <testcase classname="src.in.valtech.cl.scenarios.TC_Scenario_06" name="step72_EnteredLastNameField" time="0.000"/>
  <testcase classname="src.in.valtech.cl.scenarios.TC_Scenario_06" name="step92_ClickTransactionINAdyen" time="232.425"/>
  <testcase classname="src.in.valtech.cl.scenarios.TC_Scenario_06" name="step07_ClickOnCustomersIcon" time="12.567"/>
  <testcase classname="src.in.valtech.cl.scenarios.TC_Scenario_06" name="step71_EnteredFirstNameField" time="0.002"/>
  <testcase classname="src.in.valtech.cl.scenarios.TC_Scenario_06" name="step33_ClickOnInStoreAvailabilityButtonAndCloseOverlay" time="0.018"/>
  <testcase classname="src.in.valtech.cl.scenarios.TC_Scenario_06" name="step17_EnterEmailAddressField" time="4.342"/>
  <testcase classname="src.in.valtech.cl.scenarios.TC_Scenario_06" name="step24_VerifiedMyAccountPageContents" time="2.492"/>
  <testcase classname="src.in.valtech.cl.scenarios.TC_Scenario_06" name="step49_EnterMsgInGiftMsgFld" time="0.016"/>
  <testcase classname="src.in.valtech.cl.scenarios.TC_Scenario_06" name="step58_EnteredCityField" time="5.698"/>
  <testcase classname="src.in.valtech.cl.scenarios.TC_Scenario_06" name="step47_ClickOnProceedToCheckOutCTA" time="24.041"/>
  <testcase classname="src.in.valtech.cl.scenarios.TC_Scenario_06" name="step78_ClickOnUpdateBtn" time="0.096"/>
  <testcase classname="src.in.valtech.cl.scenarios.TC_Scenario_06" name="step62_ClickOnContinueToPayemntButton" time="7.526"/>
  <testcase classname="src.in.valtech.cl.scenarios.TC_Scenario_06" name="step63_VerifyPaymentOptions" time="3.077"/>
</testsuite> <!-- src.in.valtech.cl.scenarios.TC_Scenario_06 -->
