<?xml version="1.0" encoding="UTF-8"?>
<!-- Generated by org.testng.reporters.JUnitReportReporter -->
<testsuite hostname="IN-PF42S2RF" failures="0" tests="137" name="src.in.valtech.cl.scenarios.TC_Scenario_05" time="2547.418" errors="0" timestamp="27 Feb 2024 14:31:02 GMT">
  <testcase classname="src.in.valtech.cl.scenarios.TC_Scenario_05" name="step30_ClickonAddToCartButton" time="37.446"/>
  <testcase classname="src.in.valtech.cl.scenarios.TC_Scenario_05" name="step71_ClickOnSHIPHEREButton" time="7.349"/>
  <testcase classname="src.in.valtech.cl.scenarios.TC_Scenario_05" name="step110_EnteredBarcodeAndSearchForPacking" time="19.332"/>
  <testcase classname="src.in.valtech.cl.scenarios.TC_Scenario_05" name="step131_VerifiedOrdersHeaderInBO" time="10.132"/>
  <testcase classname="src.in.valtech.cl.scenarios.TC_Scenario_05" name="step14_MouseOverElementOnGentlemenL1Category" time="0.918"/>
  <testcase classname="src.in.valtech.cl.scenarios.TC_Scenario_05" name="step04_VerificationOfFooterHeaderText" time="0.626"/>
  <testcase classname="src.in.valtech.cl.scenarios.TC_Scenario_05" name="step101_ComparedSeleableStockInWMSAndBOBothAreSame" time="89.328"/>
  <testcase classname="src.in.valtech.cl.scenarios.TC_Scenario_05" name="step128_GenerateOrdersWithLabelReadyToBeReprintedInWMS" time="27.253"/>
  <testcase classname="src.in.valtech.cl.scenarios.TC_Scenario_05" name="step61_VerifiedProductPriceinPDP" time="2.113"/>
  <testcase classname="src.in.valtech.cl.scenarios.TC_Scenario_05" name="step66_EnteredLastNameField" time="2.258"/>
  <testcase classname="src.in.valtech.cl.scenarios.TC_Scenario_05" name="step81_EnteredCardHolderField" time="0.366"/>
  <testcase classname="src.in.valtech.cl.scenarios.TC_Scenario_05" name="step02_VerificationOfHomepageLogo" time="56.960"/>
  <testcase classname="src.in.valtech.cl.scenarios.TC_Scenario_05" name="step127_EditExistShippingAndBillingAddressWithNewShippingAddressForRMA" time="102.635"/>
  <testcase classname="src.in.valtech.cl.scenarios.TC_Scenario_05" name="step118_ClickOnMyOrdersLink" time="7.996"/>
  <testcase classname="src.in.valtech.cl.scenarios.TC_Scenario_05" name="step10_EnterEmailAddressInLogin" time="3.743"/>
  <testcase classname="src.in.valtech.cl.scenarios.TC_Scenario_05" name="step70_EnteredPhoneNumberField" time="1.237"/>
  <testcase classname="src.in.valtech.cl.scenarios.TC_Scenario_05" name="step126_ClickonViewOptioninOrderGrid" time="47.143"/>
  <testcase classname="src.in.valtech.cl.scenarios.TC_Scenario_05" name="step134_ClickOnMyOrdersLink" time="10.996"/>
  <testcase classname="src.in.valtech.cl.scenarios.TC_Scenario_05" name="step120_NavigatedIntoWMSAndProcessedwithShippingProcess" time="75.887"/>
  <testcase classname="src.in.valtech.cl.scenarios.TC_Scenario_05" name="step93_ClickOrderstxtFromSalesIcon" time="16.528"/>
  <testcase classname="src.in.valtech.cl.scenarios.TC_Scenario_05" name="step69_EnteredCityField" time="3.657"/>
  <testcase classname="src.in.valtech.cl.scenarios.TC_Scenario_05" name="step125_NavigatedIntoMangetoAndClickOnSaleIcon" time="14.899"/>
  <testcase classname="src.in.valtech.cl.scenarios.TC_Scenario_05" name="step20_VerifiedWishlistIconinPDP" time="1.061"/>
  <testcase classname="src.in.valtech.cl.scenarios.TC_Scenario_05" name="step57_ClickProductstxtFromCatalogIcon" time="22.045"/>
  <testcase classname="src.in.valtech.cl.scenarios.TC_Scenario_05" name="step84_VerifiedSuccessMsgAfterPlacingOrder" time="13.723"/>
  <testcase classname="src.in.valtech.cl.scenarios.TC_Scenario_05" name="step114_ClickOnValidateBtn" time="15.285"/>
  <testcase classname="src.in.valtech.cl.scenarios.TC_Scenario_05" name="step12_ClickOnSignInBtn" time="9.653"/>
  <testcase classname="src.in.valtech.cl.scenarios.TC_Scenario_05" name="step112_ClickOnCompletePackingBtn" time="22.186"/>
  <testcase classname="src.in.valtech.cl.scenarios.TC_Scenario_05" name="step17_VerifiedProductImageAndThumbnailImageinPDP" time="0.145"/>
  <testcase classname="src.in.valtech.cl.scenarios.TC_Scenario_05" name="step05_VerificationOfFooterLinks" time="0.999"/>
  <testcase classname="src.in.valtech.cl.scenarios.TC_Scenario_05" name="step48_ClickOnDetailsButton" time="14.475"/>
  <testcase classname="src.in.valtech.cl.scenarios.TC_Scenario_05" name="step130_ClickOrderstxtFromSalesIcon" time="20.123"/>
  <testcase classname="src.in.valtech.cl.scenarios.TC_Scenario_05" name="step135_VerifiedOrderStatusInMyOrdersPage" time="0.093"/>
  <testcase classname="src.in.valtech.cl.scenarios.TC_Scenario_05" name="step133_SwitchToFOTabAndClickOnMyAccountIcon" time="11.203"/>
  <testcase classname="src.in.valtech.cl.scenarios.TC_Scenario_05" name="step62_ClickOnNewAddressButtonInSAP" time="7.420"/>
  <testcase classname="src.in.valtech.cl.scenarios.TC_Scenario_05" name="step108_NavigatedIntoWMSAndGetBarcodeFromPickingProcess" time="16.973"/>
  <testcase classname="src.in.valtech.cl.scenarios.TC_Scenario_05" name="step76_ClickOnCreditCardRadioBtn" time="7.284"/>
  <testcase classname="src.in.valtech.cl.scenarios.TC_Scenario_05" name="step111_CopySKUIDAndEnterinSearchFeildForScanningProductsInPacking" time="8.500"/>
  <testcase classname="src.in.valtech.cl.scenarios.TC_Scenario_05" name="step96_NavigatedIntoFOAndClickOnMyAccountIcon" time="2.125"/>
  <testcase classname="src.in.valtech.cl.scenarios.TC_Scenario_05" name="step68_EnteredPostCodeField" time="4.397"/>
  <testcase classname="src.in.valtech.cl.scenarios.TC_Scenario_05" name="step01_NavigatedtoCLHomePage" time="40.003"/>
  <testcase classname="src.in.valtech.cl.scenarios.TC_Scenario_05" name="step95_VerifiedOrderStatusInOrdersPage" time="290.697"/>
  <testcase classname="src.in.valtech.cl.scenarios.TC_Scenario_05" name="step08_ClickMyAccountBtn" time="5.417"/>
  <testcase classname="src.in.valtech.cl.scenarios.TC_Scenario_05" name="step11_EnterPasswordInLogin" time="3.867"/>
  <testcase classname="src.in.valtech.cl.scenarios.TC_Scenario_05" name="step07_VerificationOfFooterSocialIcons" time="0.636"/>
  <testcase classname="src.in.valtech.cl.scenarios.TC_Scenario_05" name="step50_VerifyReservedStock" time="10.455"/>
  <testcase classname="src.in.valtech.cl.scenarios.TC_Scenario_05" name="step138_VerifyShippingConfirmationMailContents" time="6.305"/>
  <testcase classname="src.in.valtech.cl.scenarios.TC_Scenario_05" name="step06_VerificationOfFooterSocialIconText" time="2.260"/>
  <testcase classname="src.in.valtech.cl.scenarios.TC_Scenario_05" name="step46_ClickOnProductsFromDataLists" time="11.198"/>
  <testcase classname="src.in.valtech.cl.scenarios.TC_Scenario_05" name="step107_VerifiedOrderStatusInMyOrdersPage" time="0.093"/>
  <testcase classname="src.in.valtech.cl.scenarios.TC_Scenario_05" name="step115_ClickOnHomePopupBtn" time="8.969"/>
  <testcase classname="src.in.valtech.cl.scenarios.TC_Scenario_05" name="step85_VerifiedContinueShoppingButton" time="0.049"/>
  <testcase classname="src.in.valtech.cl.scenarios.TC_Scenario_05" name="step56_ClickOnCatalogIcon" time="10.509"/>
  <testcase classname="src.in.valtech.cl.scenarios.TC_Scenario_05" name="step103_VerifiedPickingOrderSuccessMsg" time="2.413"/>
  <testcase classname="src.in.valtech.cl.scenarios.TC_Scenario_05" name="step121_VerifiedLabelGenerationErrorMessageMsg" time="2.103"/>
  <testcase classname="src.in.valtech.cl.scenarios.TC_Scenario_05" name="step49_VerifyInitialSaleableStock" time="12.512"/>
  <testcase classname="src.in.valtech.cl.scenarios.TC_Scenario_05" name="step83_ClickOnProceedButton" time="5.178"/>
  <testcase classname="src.in.valtech.cl.scenarios.TC_Scenario_05" name="step75_VerifiedPaymentoptions" time="6.484"/>
  <testcase classname="src.in.valtech.cl.scenarios.TC_Scenario_05" name="step104_NaviagtedIntoMangetoAndVerifiedOrderStatusInOrdersPage" time="186.724"/>
  <testcase classname="src.in.valtech.cl.scenarios.TC_Scenario_05" name="step109_NavigatedIntoWMSAndClickOnPackingBtn" time="7.153"/>
  <testcase classname="src.in.valtech.cl.scenarios.TC_Scenario_05" name="step132_VerifiedOrderStatusInOrdersPage" time="129.313"/>
  <testcase classname="src.in.valtech.cl.scenarios.TC_Scenario_05" name="step72_VerifiedShippingMethodsHeaderInCP" time="0.059"/>
  <testcase classname="src.in.valtech.cl.scenarios.TC_Scenario_05" name="step24_VerifiedContactUslinkAndColourSwatchesInPDP" time="2.989"/>
  <testcase classname="src.in.valtech.cl.scenarios.TC_Scenario_05" name="step77_VerifiedMyBAandSABothSame_CheckboxIsAutoSelected" time="0.000"/>
  <testcase classname="src.in.valtech.cl.scenarios.TC_Scenario_05" name="step92_NavigatedBackToMagentoAndClickOnSalesIcon" time="12.286"/>
  <testcase classname="src.in.valtech.cl.scenarios.TC_Scenario_05" name="step73_ClickOnThirdShippingMethodRadioButton" time="12.266"/>
  <testcase classname="src.in.valtech.cl.scenarios.TC_Scenario_05" name="step67_EnteredAddressField" time="5.618"/>
  <testcase classname="src.in.valtech.cl.scenarios.TC_Scenario_05" name="step13_VerifiedMyAccountInfoInMAP" time="36.377"/>
  <testcase classname="src.in.valtech.cl.scenarios.TC_Scenario_05" name="step87_InitialisedOrderID" time="0.000"/>
  <testcase classname="src.in.valtech.cl.scenarios.TC_Scenario_05" name="step88_ClickOnMyAccountIcon" time="5.107"/>
  <testcase classname="src.in.valtech.cl.scenarios.TC_Scenario_05" name="step123_SwitchToFOTabAndClickOnMyAccountIcon" time="7.708"/>
  <testcase classname="src.in.valtech.cl.scenarios.TC_Scenario_05" name="step89_ClickOnMyOrdersLink" time="7.917"/>
  <testcase classname="src.in.valtech.cl.scenarios.TC_Scenario_05" name="step16_ScrollDownTillLastSealableProdAndClickOnLastSealableProductInCategoryLandingPage" time="18.626"/>
  <testcase classname="src.in.valtech.cl.scenarios.TC_Scenario_05" name="step137_VerifyOrderConfirmationMailContents" time="6.405"/>
  <testcase classname="src.in.valtech.cl.scenarios.TC_Scenario_05" name="step29_VerifiedContentInConfirmationOverlay" time="11.880"/>
  <testcase classname="src.in.valtech.cl.scenarios.TC_Scenario_05" name="step47_EnterSearchableSKUAndClickOnSubmitFilter" time="25.777"/>
  <testcase classname="src.in.valtech.cl.scenarios.TC_Scenario_05" name="step32_VerifiedMyCartHeaderInMCP" time="0.057"/>
  <testcase classname="src.in.valtech.cl.scenarios.TC_Scenario_05" name="step27_ClickonProductCareAndVerifiedContent" time="5.446"/>
  <testcase classname="src.in.valtech.cl.scenarios.TC_Scenario_05" name="step52_EnteredUsernameField" time="5.197"/>
  <testcase classname="src.in.valtech.cl.scenarios.TC_Scenario_05" name="step35_ComparingTotalCorrectSummaryAmountAfterRemovingOneProductQnty" time="0.042"/>
  <testcase classname="src.in.valtech.cl.scenarios.TC_Scenario_05" name="step18_VerifiedProductNameinPDP" time="2.169"/>
  <testcase classname="src.in.valtech.cl.scenarios.TC_Scenario_05" name="step102_NavigatedIntoWMSAndPickingOrderProcess" time="69.497"/>
  <testcase classname="src.in.valtech.cl.scenarios.TC_Scenario_05" name="step60_NavigatedIntoFOAndVerifiedProductNameinPDP" time="4.239"/>
  <testcase classname="src.in.valtech.cl.scenarios.TC_Scenario_05" name="step80_EnteredCVVField" time="2.338"/>
  <testcase classname="src.in.valtech.cl.scenarios.TC_Scenario_05" name="step33_VerifyDetails_MainCart" time="23.093"/>
  <testcase classname="src.in.valtech.cl.scenarios.TC_Scenario_05" name="step136_ComparedSeleableStockInWMSAndBOBothAreSameAfterShippingTheOrder" time="127.602"/>
  <testcase classname="src.in.valtech.cl.scenarios.TC_Scenario_05" name="step90_VerifiedOrderStatusInMyOrdersPage" time="0.717"/>
  <testcase classname="src.in.valtech.cl.scenarios.TC_Scenario_05" name="step124_VerifiedOrderStatusInMyOrdersPage" time="0.092"/>
  <testcase classname="src.in.valtech.cl.scenarios.TC_Scenario_05" name="step40_ClickOnUpdateButtonInCP" time="6.715"/>
  <testcase classname="src.in.valtech.cl.scenarios.TC_Scenario_05" name="step26_ClickonShippingAndVerifiedContent" time="25.679"/>
  <testcase classname="src.in.valtech.cl.scenarios.TC_Scenario_05" name="step28_ClickonAddToCartButton" time="7.442"/>
  <testcase classname="src.in.valtech.cl.scenarios.TC_Scenario_05" name="step36_ClickOnProceedToCheckOutCTA" time="25.306"/>
  <testcase classname="src.in.valtech.cl.scenarios.TC_Scenario_05" name="step79_EnteredExpiryDateField" time="4.432"/>
  <testcase classname="src.in.valtech.cl.scenarios.TC_Scenario_05" name="step122_NaviagtedIntoMangetoAndVerifiedOrderStatusInOrdersPage" time="66.075"/>
  <testcase classname="src.in.valtech.cl.scenarios.TC_Scenario_05" name="step43_LoggedIntoWMS" time="25.636"/>
  <testcase classname="src.in.valtech.cl.scenarios.TC_Scenario_05" name="step97_ClickOnMyOrdersLink" time="9.726"/>
  <testcase classname="src.in.valtech.cl.scenarios.TC_Scenario_05" name="step99_NavigatedIntoMagentoAndVerifiedSaleableStockQntyDecBy1InBOAferPlacingTheOrder" time="65.532"/>
  <testcase classname="src.in.valtech.cl.scenarios.TC_Scenario_05" name="step37_VerifyLoginSectionAtCheckoutStep1" time="8.314"/>
  <testcase classname="src.in.valtech.cl.scenarios.TC_Scenario_05" name="step119_VerifiedOrderStatusInMyOrdersPage" time="0.093"/>
  <testcase classname="src.in.valtech.cl.scenarios.TC_Scenario_05" name="step106_ClickOnMyOrdersLink" time="9.359"/>
  <testcase classname="src.in.valtech.cl.scenarios.TC_Scenario_05" name="step116_NavigatedIntoMangetoAndVerifiedOrderStatusInOrdersPage" time="66.399"/>
  <testcase classname="src.in.valtech.cl.scenarios.TC_Scenario_05" name="step22_ClickOnSelectYourSizeButtonAndSelectAnySize" time="17.492"/>
  <testcase classname="src.in.valtech.cl.scenarios.TC_Scenario_05" name="step82_CheckedOnPrivacyPolicyAndReturnPolicyCheckbox" time="14.340"/>
  <testcase classname="src.in.valtech.cl.scenarios.TC_Scenario_05" name="step03_VerificationOfProductWidgets" time="0.225"/>
  <testcase classname="src.in.valtech.cl.scenarios.TC_Scenario_05" name="step59_VerifyInitialSaleableStock" time="2.181"/>
  <testcase classname="src.in.valtech.cl.scenarios.TC_Scenario_05" name="step64_VerifiedPrefixNameDpdIsAutoSelectedOrNot" time="1.111"/>
  <testcase classname="src.in.valtech.cl.scenarios.TC_Scenario_05" name="step113_EnteredQuantityInAnyRow" time="4.271"/>
  <testcase classname="src.in.valtech.cl.scenarios.TC_Scenario_05" name="step54_ClickOnSignInButton" time="49.213"/>
  <testcase classname="src.in.valtech.cl.scenarios.TC_Scenario_05" name="step15_ClickOnL3LouisGentlemenCategory" time="17.233"/>
  <testcase classname="src.in.valtech.cl.scenarios.TC_Scenario_05" name="step09_VerificationOfAllTxtLnkBtn_InMyAccountModal" time="6.323"/>
  <testcase classname="src.in.valtech.cl.scenarios.TC_Scenario_05" name="step44_ClickOnOKbutton" time="12.847"/>
  <testcase classname="src.in.valtech.cl.scenarios.TC_Scenario_05" name="step53_EnteredPasswordField" time="4.688"/>
  <testcase classname="src.in.valtech.cl.scenarios.TC_Scenario_05" name="step74_ClickOnContinueToPayemntButton" time="7.342"/>
  <testcase classname="src.in.valtech.cl.scenarios.TC_Scenario_05" name="step55_VerifiedDashboardHeaderInBO" time="15.485"/>
  <testcase classname="src.in.valtech.cl.scenarios.TC_Scenario_05" name="step38_VerifiedGiftOptionsHeaderInCP" time="0.075"/>
  <testcase classname="src.in.valtech.cl.scenarios.TC_Scenario_05" name="step42_OpenNewTabAndNavigatedtoWMS" time="6.166"/>
  <testcase classname="src.in.valtech.cl.scenarios.TC_Scenario_05" name="step58_SearchForProductSeleableStockInBO" time="31.189"/>
  <testcase classname="src.in.valtech.cl.scenarios.TC_Scenario_05" name="step39_ScrollDownTillGiftWrappingImgAndSelectedInCP" time="0.122"/>
  <testcase classname="src.in.valtech.cl.scenarios.TC_Scenario_05" name="step98_VerifiedOrderStatusInMyOrdersPage" time="0.101"/>
  <testcase classname="src.in.valtech.cl.scenarios.TC_Scenario_05" name="step45_MouseOverElementOnDataListsMenu" time="12.442"/>
  <testcase classname="src.in.valtech.cl.scenarios.TC_Scenario_05" name="step23_ClickOnInStoreAvailabilityButtonAndCloseOverlay" time="6.188"/>
  <testcase classname="src.in.valtech.cl.scenarios.TC_Scenario_05" name="step100_VerifySaleableStockDecBy1InWMSAferPlacingTheOrder" time="49.038"/>
  <testcase classname="src.in.valtech.cl.scenarios.TC_Scenario_05" name="step41_VerifiedShippingAddressHeaderInCP" time="0.733"/>
  <testcase classname="src.in.valtech.cl.scenarios.TC_Scenario_05" name="step129_NavigatedIntoMangetoAndClickOnSalesIcon" time="12.276"/>
  <testcase classname="src.in.valtech.cl.scenarios.TC_Scenario_05" name="step94_VerifiedOrdersHeaderInBO" time="10.120"/>
  <testcase classname="src.in.valtech.cl.scenarios.TC_Scenario_05" name="step86_VerifiedYourOrderID" time="2.156"/>
  <testcase classname="src.in.valtech.cl.scenarios.TC_Scenario_05" name="step19_VerifiedProductBrandNameAndProductPriceinPDP" time="4.220"/>
  <testcase classname="src.in.valtech.cl.scenarios.TC_Scenario_05" name="step21_ClickOnSizeGuideAndCloseOverlay" time="8.639"/>
  <testcase classname="src.in.valtech.cl.scenarios.TC_Scenario_05" name="step34_ClickOnDecreaseQtyIcon" time="23.197"/>
  <testcase classname="src.in.valtech.cl.scenarios.TC_Scenario_05" name="step51_OpenNewTabAndNavigatedtoMagentoBO" time="9.583"/>
  <testcase classname="src.in.valtech.cl.scenarios.TC_Scenario_05" name="step117_SwitchToFOTabAndClickOnMyAccountIcon" time="8.672"/>
  <testcase classname="src.in.valtech.cl.scenarios.TC_Scenario_05" name="step105_NavigatedIntoFOAndClickOnMyAccountIcon" time="9.824"/>
  <testcase classname="src.in.valtech.cl.scenarios.TC_Scenario_05" name="step31_ClickonYourCartLinkInConfirmationOverlay" time="6.138"/>
  <testcase classname="src.in.valtech.cl.scenarios.TC_Scenario_05" name="step65_EnteredFirstNameField" time="2.225"/>
  <testcase classname="src.in.valtech.cl.scenarios.TC_Scenario_05" name="step78_EnteredCreditNumberField" time="2.437"/>
  <testcase classname="src.in.valtech.cl.scenarios.TC_Scenario_05" name="step25_ClickonProductInfoAndVerifiedContent" time="13.599"/>
  <testcase classname="src.in.valtech.cl.scenarios.TC_Scenario_05" name="step63_EnteredAddressNameField" time="2.485"/>
</testsuite> <!-- src.in.valtech.cl.scenarios.TC_Scenario_05 -->
