<?xml version="1.0" encoding="UTF-8"?>
<!-- Generated by org.testng.reporters.JUnitReportReporter -->
<testsuite hostname="IN-PF42S2RF" failures="1" tests="135" name="src.in.valtech.cl.scenarios.TC_Scenario_10" time="2885.385" errors="0" timestamp="27 Feb 2024 14:31:02 GMT">
  <testcase classname="src.in.valtech.cl.scenarios.TC_Scenario_10" name="step61_VerifyNewlyAddedShippingAddressRadioBtnAndEditLnkTxtAndShippingHeaderTxt" time="12.406"/>
  <testcase classname="src.in.valtech.cl.scenarios.TC_Scenario_10" name="step91_VerifiedOrderStatusInMyOrdersPage" time="0.124"/>
  <testcase classname="src.in.valtech.cl.scenarios.TC_Scenario_10" name="step71_EnteredCVVField" time="2.291"/>
  <testcase classname="src.in.valtech.cl.scenarios.TC_Scenario_10" name="step23_VerifiedPDPConfirmationMessagePopUPModal" time="6.729"/>
  <testcase classname="src.in.valtech.cl.scenarios.TC_Scenario_10" name="step21_VerifyMainThumbnailImg" time="0.138"/>
  <testcase classname="src.in.valtech.cl.scenarios.TC_Scenario_10" name="step98_EnteredBarcodeAndSearchForPacking" time="19.319"/>
  <testcase classname="src.in.valtech.cl.scenarios.TC_Scenario_10" name="step88_ComparedSeleableStockInWMSAndBOBothAreSame" time="86.328"/>
  <testcase classname="src.in.valtech.cl.scenarios.TC_Scenario_10" name="step125_ClickOnAddProductButton" time="7.159"/>
  <testcase classname="src.in.valtech.cl.scenarios.TC_Scenario_10" name="step74_ClickOnProceedButton" time="10.371"/>
  <testcase classname="src.in.valtech.cl.scenarios.TC_Scenario_10" name="step87_VerifySaleableStockDecBy1InWMSAferPlacingTheOrder" time="34.967"/>
  <testcase classname="src.in.valtech.cl.scenarios.TC_Scenario_10" name="step02_ClickMyAccountBtn" time="36.968"/>
  <testcase classname="src.in.valtech.cl.scenarios.TC_Scenario_10" name="step25_ClickOnOrdernowBtn" time="24.491"/>
  <testcase classname="src.in.valtech.cl.scenarios.TC_Scenario_10" name="step101_EnteredQuantityInAnyRow" time="4.224"/>
  <testcase classname="src.in.valtech.cl.scenarios.TC_Scenario_10" name="step50_VerifyShippingAddressPopupInSAP" time="6.733"/>
  <testcase classname="src.in.valtech.cl.scenarios.TC_Scenario_10" name="step79_ClickMyAccountBtn" time="8.551"/>
  <testcase classname="src.in.valtech.cl.scenarios.TC_Scenario_10" name="step64_ClickOnContinueToPayemntButton" time="2.300"/>
  <testcase classname="src.in.valtech.cl.scenarios.TC_Scenario_10" name="step46_EnterMsgInGiftMsgFld" time="0.234"/>
  <testcase classname="src.in.valtech.cl.scenarios.TC_Scenario_10" name="step22_ClickonAddToCartButton" time="7.210"/>
  <testcase classname="src.in.valtech.cl.scenarios.TC_Scenario_10" name="step26_OpenNewTabAndNavigatedtoWMS" time="6.570"/>
  <testcase classname="src.in.valtech.cl.scenarios.TC_Scenario_10" name="step29_MouseOverElementOnDataListsMenu" time="12.065"/>
  <testcase classname="src.in.valtech.cl.scenarios.TC_Scenario_10" name="step45_VerifyDefaultGiftWrapSelected" time="0.289"/>
  <testcase classname="src.in.valtech.cl.scenarios.TC_Scenario_10" name="step75_VerifiedSuccessMsgAfterPlacingOrder" time="13.516"/>
  <testcase classname="src.in.valtech.cl.scenarios.TC_Scenario_10" name="step40_ClickOnCatalogIcon" time="11.909"/>
  <testcase classname="src.in.valtech.cl.scenarios.TC_Scenario_10" name="step06_MouseOverElementOnLadiesL1Category" time="2.771"/>
  <testcase classname="src.in.valtech.cl.scenarios.TC_Scenario_10" name="step104_NavigatedIntoMangetoAndVerifiedOrderStatusInOrdersPage" time="71.126"/>
  <testcase classname="src.in.valtech.cl.scenarios.TC_Scenario_10" name="step28_ClickOnOKbutton" time="12.302"/>
  <testcase classname="src.in.valtech.cl.scenarios.TC_Scenario_10" name="step100_ClickOnCompletePackingBtn" time="22.182"/>
  <testcase classname="src.in.valtech.cl.scenarios.TC_Scenario_10" name="step24_VerifiedContinueShoppingAndOrderNowBTn" time="0.075"/>
  <testcase classname="src.in.valtech.cl.scenarios.TC_Scenario_10" name="step95_NaviagtedIntoMangetoAndVerifiedOrderStatusInOrdersPage" time="185.482"/>
  <testcase classname="src.in.valtech.cl.scenarios.TC_Scenario_10" name="step124_ClickOnReturnItems" time="9.275"/>
  <testcase classname="src.in.valtech.cl.scenarios.TC_Scenario_10" name="step128_EnterValueInRequestedField" time="2.162"/>
  <testcase classname="src.in.valtech.cl.scenarios.TC_Scenario_10" name="step42_SearchForProductSeleableStockInBO" time="36.758"/>
  <testcase classname="src.in.valtech.cl.scenarios.TC_Scenario_10" name="step36_EnteredUsernameField" time="4.870"/>
  <testcase classname="src.in.valtech.cl.scenarios.TC_Scenario_10" name="step20_ClickonShippingAndVerifiedContent" time="26.120"/>
  <testcase classname="src.in.valtech.cl.scenarios.TC_Scenario_10" name="step121_EditExistShippingAddressWithWrongZipCodeForRMA" time="40.936"/>
  <testcase classname="src.in.valtech.cl.scenarios.TC_Scenario_10" name="step51_EnteredAddressNameField" time="4.202"/>
  <testcase classname="src.in.valtech.cl.scenarios.TC_Scenario_10" name="step85_NavigatedIntoMangetoAndVerifiedOrderStatusInOrdersPage" time="290.686"/>
  <testcase classname="src.in.valtech.cl.scenarios.TC_Scenario_10" name="step131_SelectOptionFromResolutionDropdown" time="2.214"/>
  <testcase classname="src.in.valtech.cl.scenarios.TC_Scenario_10" name="step113_EditExistShippingAndBillingAddressWithNewShippingAddressForRMA" time="103.518"/>
  <testcase classname="src.in.valtech.cl.scenarios.TC_Scenario_10" name="step106_NavigatedIntoWMSAndProcessedwithShippingProcess" time="75.875"/>
  <testcase classname="src.in.valtech.cl.scenarios.TC_Scenario_10" name="step07_ClickOnL3KateLadiesCategory" time="12.591"/>
  <testcase classname="src.in.valtech.cl.scenarios.TC_Scenario_10" name="step12_VerifiedColorSwatches" time="2.100"/>
  <testcase classname="src.in.valtech.cl.scenarios.TC_Scenario_10" name="step118_NaviagtedIntoFOAndVerifiedOrderStatusInMyOrdersPage" time="20.660"/>
  <testcase classname="src.in.valtech.cl.scenarios.TC_Scenario_10" name="step60_ClickOnSHIPHEREButton" time="11.742"/>
  <testcase classname="src.in.valtech.cl.scenarios.TC_Scenario_10" name="step11_VerifiedBrandnameinPDP" time="2.129"/>
  <testcase classname="src.in.valtech.cl.scenarios.TC_Scenario_10" name="step38_ClickOnSignInButton" time="44.799"/>
  <testcase classname="src.in.valtech.cl.scenarios.TC_Scenario_10" name="step58_VerifiedCountryField" time="2.678"/>
  <testcase classname="src.in.valtech.cl.scenarios.TC_Scenario_10" name="step127_ClickOnAddSelProdToReturnsBtn" time="15.203"/>
  <testcase classname="src.in.valtech.cl.scenarios.TC_Scenario_10" name="step44_VerifyNOWrapAndWRapGiftImg" time="8.171"/>
  <testcase classname="src.in.valtech.cl.scenarios.TC_Scenario_10" name="step18_ClickonProductInfoAndVerifiedContent" time="18.809"/>
  <testcase classname="src.in.valtech.cl.scenarios.TC_Scenario_10" name="step73_CheckedOnPrivacyPolicyAndReturnPolicyCheckbox" time="14.439"/>
  <testcase classname="src.in.valtech.cl.scenarios.TC_Scenario_10" name="step49_ClickOnNewAddressButtonInSAP" time="7.717"/>
  <testcase classname="src.in.valtech.cl.scenarios.TC_Scenario_10" name="step63_ClickOnContinueToPayemntButton" time="7.184"/>
  <testcase classname="src.in.valtech.cl.scenarios.TC_Scenario_10" name="step65_ClickOnCreditCardRadioBtn" time="7.256"/>
  <testcase classname="src.in.valtech.cl.scenarios.TC_Scenario_10" name="step5_ClickOnSignInBtnAndVerifyUserIsInMyAccountPage" time="40.644"/>
  <testcase classname="src.in.valtech.cl.scenarios.TC_Scenario_10" name="step107_VerifiedLabelGenerationErrorMessageMsg" time="2.106"/>
  <testcase classname="src.in.valtech.cl.scenarios.TC_Scenario_10" name="step130_SelectOptionFromItemConditionDropdown" time="2.203"/>
  <testcase classname="src.in.valtech.cl.scenarios.TC_Scenario_10" name="step13_VerifiedAddtoCartbtnInPDP" time="0.046"/>
  <testcase classname="src.in.valtech.cl.scenarios.TC_Scenario_10" name="step66_VerifyCreditCardDetailsInPayment" time="20.180"/>
  <testcase classname="src.in.valtech.cl.scenarios.TC_Scenario_10" name="step01_NavigatedtoCLHomePage" time="49.243"/>
  <testcase classname="src.in.valtech.cl.scenarios.TC_Scenario_10" name="step69_EnteredCreditNumberField" time="2.565"/>
  <testcase classname="src.in.valtech.cl.scenarios.TC_Scenario_10" name="step19_ClickonProductCareAndVerifiedContent" time="6.737"/>
  <testcase classname="src.in.valtech.cl.scenarios.TC_Scenario_10" name="step136_VerifyOrderConfirmationMailContents" time="5.889"/>
  <testcase classname="src.in.valtech.cl.scenarios.TC_Scenario_10" name="step78_InitialisedOrderID" time="0.001"/>
  <testcase classname="src.in.valtech.cl.scenarios.TC_Scenario_10" name="step70_EnteredExpiryDateField" time="4.403"/>
  <testcase classname="src.in.valtech.cl.scenarios.TC_Scenario_10" name="step48_VerifiedShippingAddressHeaderInCP" time="0.387"/>
  <testcase classname="src.in.valtech.cl.scenarios.TC_Scenario_10" name="step30_ClickOnProductsFromDataLists" time="10.492"/>
  <testcase classname="src.in.valtech.cl.scenarios.TC_Scenario_10" name="step43_VerifyInitialSaleableStock" time="4.149"/>
  <testcase classname="src.in.valtech.cl.scenarios.TC_Scenario_10" name="step39_VerifiedDashboardHeaderInBO" time="16.660"/>
  <testcase classname="src.in.valtech.cl.scenarios.TC_Scenario_10" name="step72_EnteredCardHolderField" time="0.393"/>
  <testcase classname="src.in.valtech.cl.scenarios.TC_Scenario_10" name="step116_ClickOrderstxtFromSalesIcon" time="12.340"/>
  <testcase classname="src.in.valtech.cl.scenarios.TC_Scenario_10" name="step119_NavigatedIntoMangetoAndClickOnOrderGrid" time="60.090"/>
  <testcase classname="src.in.valtech.cl.scenarios.TC_Scenario_10" name="step09_VerifiedProductNameinPDP" time="2.171"/>
  <testcase classname="src.in.valtech.cl.scenarios.TC_Scenario_10" name="step37_EnteredPasswordField" time="4.631"/>
  <testcase classname="src.in.valtech.cl.scenarios.TC_Scenario_10" name="step4_EnterPasswordInLogin" time="4.420"/>
  <testcase classname="src.in.valtech.cl.scenarios.TC_Scenario_10" name="step115_NavigatedIntoMangetoAndClickOnSalesIcon" time="12.231"/>
  <testcase classname="src.in.valtech.cl.scenarios.TC_Scenario_10" name="step17_ClickOnSelectYourSizeButtonAndSelectAnySize" time="17.616"/>
  <testcase classname="src.in.valtech.cl.scenarios.TC_Scenario_10" name="step123_SelectPickupDate" time="10.416"/>
  <testcase classname="src.in.valtech.cl.scenarios.TC_Scenario_10" name="step89_NavigateBackToFO" time="2.095"/>
  <testcase classname="src.in.valtech.cl.scenarios.TC_Scenario_10" name="step102_ClickOnValidateBtn" time="15.347"/>
  <testcase classname="src.in.valtech.cl.scenarios.TC_Scenario_10" name="step94_NavigatedIntoWMSAndGetBarcodeFromPickingProcess" time="14.934"/>
  <testcase classname="src.in.valtech.cl.scenarios.TC_Scenario_10" name="step47_ClickUpdateBtn" time="6.296"/>
  <testcase classname="src.in.valtech.cl.scenarios.TC_Scenario_10" name="step76_VerifiedContinueShoppingButton" time="0.046"/>
  <testcase classname="src.in.valtech.cl.scenarios.TC_Scenario_10" name="step103_ClickOnHomePopupBtn" time="7.223"/>
  <testcase classname="src.in.valtech.cl.scenarios.TC_Scenario_10" name="step120_ClickOnCreateReturnsButton" time="8.923"/>
  <testcase classname="src.in.valtech.cl.scenarios.TC_Scenario_10" name="step114_GenerateOrdersWithLabelReadyToBeReprintedInWMS" time="27.279"/>
  <testcase classname="src.in.valtech.cl.scenarios.TC_Scenario_10" name="step105_NaviagtedIntoFOAndVerifiedOrderStatusInMyOrdersPage" time="17.495"/>
  <testcase classname="src.in.valtech.cl.scenarios.TC_Scenario_10" name="step14_ClickOnInStoreAvailabilityButtonAndCloseOverlay" time="0.019"/>
  <testcase classname="src.in.valtech.cl.scenarios.TC_Scenario_10" name="step96_NaviagtedIntoFOAndVerifiedOrderStatusInMyOrdersPage" time="19.897"/>
  <testcase classname="src.in.valtech.cl.scenarios.TC_Scenario_10" name="step109_SwitchToFOTabAndClickOnMyAccountIcon" time="7.525"/>
  <testcase classname="src.in.valtech.cl.scenarios.TC_Scenario_10" name="step56_EnteredPostCodeField" time="5.524"/>
  <testcase classname="src.in.valtech.cl.scenarios.TC_Scenario_10" name="step77_VerifiedYourOrderID" time="2.142"/>
  <testcase classname="src.in.valtech.cl.scenarios.TC_Scenario_10" name="step3_EnterEmailAddressInLogin" time="3.727"/>
  <testcase classname="src.in.valtech.cl.scenarios.TC_Scenario_10" name="step90_NavigateBackToFOAndClickOnMyOrdersLnk" time="15.748"/>
  <testcase classname="src.in.valtech.cl.scenarios.TC_Scenario_10" name="step110_VerifiedOrderStatusInMyOrdersPage" time="0.165"/>
  <testcase classname="src.in.valtech.cl.scenarios.TC_Scenario_10" name="step16_ClickOnSizeGuideAndCloseOverlay" time="8.454"/>
  <testcase classname="src.in.valtech.cl.scenarios.TC_Scenario_10" name="step10_VerifiedProductPriceinPDP" time="2.164"/>
  <testcase classname="src.in.valtech.cl.scenarios.TC_Scenario_10" name="step83_ClickOnSalesIcon" time="12.262"/>
  <testcase classname="src.in.valtech.cl.scenarios.TC_Scenario_10" name="step35_OpenNewTabAndNavigatedtoMagentoBO" time="9.616"/>
  <testcase classname="src.in.valtech.cl.scenarios.TC_Scenario_10" name="step129_SelectAnyOptionFromReturnReasonDropdown" time="2.216"/>
  <testcase classname="src.in.valtech.cl.scenarios.TC_Scenario_10" name="step81_VerifyOrderStatus" time="46.525">
    <failure type="java.lang.NullPointerException">
      <![CDATA[java.lang.NullPointerException
	at java.base/java.lang.String.contains(String.java:2036)
	at src.in.valtech.cl.scenarios.TC_Scenario_10.step81_VerifyOrderStatus(TC_Scenario_10.java:736)
	at java.base/jdk.internal.reflect.NativeMethodAccessorImpl.invoke0(Native Method)
	at java.base/jdk.internal.reflect.NativeMethodAccessorImpl.invoke(NativeMethodAccessorImpl.java:62)
	at java.base/jdk.internal.reflect.DelegatingMethodAccessorImpl.invoke(DelegatingMethodAccessorImpl.java:43)
	at java.base/java.lang.reflect.Method.invoke(Method.java:566)
	at org.testng.internal.MethodInvocationHelper.invokeMethod(MethodInvocationHelper.java:80)
	at org.testng.internal.Invoker.invokeMethod(Invoker.java:714)
	at org.testng.internal.Invoker.invokeTestMethod(Invoker.java:901)
	at org.testng.internal.Invoker.invokeTestMethods(Invoker.java:1231)
	at org.testng.internal.TestMethodWorker.invokeTestMethods(TestMethodWorker.java:127)
	at org.testng.internal.TestMethodWorker.run(TestMethodWorker.java:111)
	at org.testng.TestRunner.privateRun(TestRunner.java:767)
	at org.testng.TestRunner.run(TestRunner.java:617)
	at org.testng.SuiteRunner.runTest(SuiteRunner.java:334)
	at org.testng.SuiteRunner.access$000(SuiteRunner.java:37)
	at org.testng.SuiteRunner$SuiteWorker.run(SuiteRunner.java:368)
	at org.testng.internal.thread.ThreadUtil$2.call(ThreadUtil.java:64)
	at java.base/java.util.concurrent.FutureTask.run(FutureTask.java:264)
	at java.base/java.util.concurrent.ThreadPoolExecutor.runWorker(ThreadPoolExecutor.java:1128)
	at java.base/java.util.concurrent.ThreadPoolExecutor$Worker.run(ThreadPoolExecutor.java:628)
	at java.base/java.lang.Thread.run(Thread.java:834)
]]>
    </failure>
  </testcase> <!-- step81_VerifyOrderStatus -->
  <testcase classname="src.in.valtech.cl.scenarios.TC_Scenario_10" name="step93_VerifiedPickingOrderSuccessMsg" time="2.350"/>
  <testcase classname="src.in.valtech.cl.scenarios.TC_Scenario_10" name="step86_VerifiedSaleableStockQntyDecBy1InBOAferPlacingTheOrder" time="75.510"/>
  <testcase classname="src.in.valtech.cl.scenarios.TC_Scenario_10" name="step55_EnteredAddressField" time="6.130"/>
  <testcase classname="src.in.valtech.cl.scenarios.TC_Scenario_10" name="step67_VerifiedMyBAandSABothSame_CheckboxIsAutoSelected" time="0.002"/>
  <testcase classname="src.in.valtech.cl.scenarios.TC_Scenario_10" name="step133_VerifySuccessMsgForRMARequest" time="0.062"/>
  <testcase classname="src.in.valtech.cl.scenarios.TC_Scenario_10" name="step111_NavigatedIntoMangetoAndRefreshThePage" time="9.429"/>
  <testcase classname="src.in.valtech.cl.scenarios.TC_Scenario_10" name="step34_VerifyReservedStock" time="10.148"/>
  <testcase classname="src.in.valtech.cl.scenarios.TC_Scenario_10" name="step126_ClickOnCheckboxToSelectTheProduct" time="7.132"/>
  <testcase classname="src.in.valtech.cl.scenarios.TC_Scenario_10" name="step31_EnterSearchableSKUAndClickOnSubmitFilter" time="22.945"/>
  <testcase classname="src.in.valtech.cl.scenarios.TC_Scenario_10" name="step108_NaviagtedIntoMangetoAndVerifiedOrderStatusInOrdersPage" time="66.248"/>
  <testcase classname="src.in.valtech.cl.scenarios.TC_Scenario_10" name="step57_EnteredCityField" time="5.232"/>
  <testcase classname="src.in.valtech.cl.scenarios.TC_Scenario_10" name="step68_VerifyCreditCardFieldsAndCheckbox" time="2.388"/>
  <testcase classname="src.in.valtech.cl.scenarios.TC_Scenario_10" name="step53_EnteredFirstNameField" time="2.880"/>
  <testcase classname="src.in.valtech.cl.scenarios.TC_Scenario_10" name="step59_EnteredPhoneNumberField" time="5.555"/>
  <testcase classname="src.in.valtech.cl.scenarios.TC_Scenario_10" name="step122_VerifySuccessMsgForRMAAddressUpdate" time="0.076"/>
  <testcase classname="src.in.valtech.cl.scenarios.TC_Scenario_10" name="step92_PickingOrderProcess" time="69.349"/>
  <testcase classname="src.in.valtech.cl.scenarios.TC_Scenario_10" name="step97_NavigatedIntoWMSAndClickOnPackingBtn" time="9.282"/>
  <testcase classname="src.in.valtech.cl.scenarios.TC_Scenario_10" name="step132_ClickOnSubmitReturnsButton" time="12.733"/>
  <testcase classname="src.in.valtech.cl.scenarios.TC_Scenario_10" name="step52_VerifiedPrefixNameDpdIsAutoSelectedOrNot" time="0.499"/>
  <testcase classname="src.in.valtech.cl.scenarios.TC_Scenario_10" name="step112_ClickonViewOptioninOrderGrid" time="67.642"/>
  <testcase classname="src.in.valtech.cl.scenarios.TC_Scenario_10" name="step15_VerifiedContactUslink" time="0.044"/>
  <testcase classname="src.in.valtech.cl.scenarios.TC_Scenario_10" name="step32_ClickOnDetailsButton" time="14.414"/>
  <testcase classname="src.in.valtech.cl.scenarios.TC_Scenario_10" name="step41_ClickProductstxtFromCatalogIcon" time="24.957"/>
  <testcase classname="src.in.valtech.cl.scenarios.TC_Scenario_10" name="step62_ClickOnThirdShippingMethodRadioButton" time="12.317"/>
  <testcase classname="src.in.valtech.cl.scenarios.TC_Scenario_10" name="step99_CopySKUIDAndEnterinSearchFeildForScanningProductsInPacking" time="8.479"/>
  <testcase classname="src.in.valtech.cl.scenarios.TC_Scenario_10" name="step135_VerifiedRMAErrorMailAndSubjectLineInCustomerGmailAccount" time="0.001"/>
  <testcase classname="src.in.valtech.cl.scenarios.TC_Scenario_10" name="step117_VerifiedOrderStatusInOrdersPage" time="122.284"/>
  <testcase classname="src.in.valtech.cl.scenarios.TC_Scenario_10" name="step33_VerifyInitialSaleableStock" time="12.187"/>
  <testcase classname="src.in.valtech.cl.scenarios.TC_Scenario_10" name="step27_LoggedIntoWMS" time="23.907"/>
  <testcase classname="src.in.valtech.cl.scenarios.TC_Scenario_10" name="step134_SearchFORRMAIDAndVerifyErrorStatus" time="323.680"/>
  <testcase classname="src.in.valtech.cl.scenarios.TC_Scenario_10" name="step54_EnteredLastNameField" time="3.240"/>
  <testcase classname="src.in.valtech.cl.scenarios.TC_Scenario_10" name="step80_ClickMyOrdersLink" time="8.831"/>
  <testcase classname="src.in.valtech.cl.scenarios.TC_Scenario_10" name="step08_ScrollDownTillLastSealableProdAndClickOnLastSealableProductInCategoryLandingPage" time="16.986"/>
  <testcase classname="src.in.valtech.cl.scenarios.TC_Scenario_10" name="step84_ClickOrderstxtFromSalesIcon" time="31.907"/>
</testsuite> <!-- src.in.valtech.cl.scenarios.TC_Scenario_10 -->
