<?xml version="1.0" encoding="UTF-8"?>
<testsuite xmlns:xsi="http://www.w3.org/2001/XMLSchema-instance" xsi:noNamespaceSchemaLocation="https://maven.apache.org/surefire/maven-surefire-plugin/xsd/surefire-test-report.xsd" name="TestSuite" time="5,019.053" tests="1576" errors="0" skipped="0" failures="58">
  <properties>
    <property name="sun.desktop" value="windows"/>
    <property name="awt.toolkit" value="sun.awt.windows.WToolkit"/>
    <property name="java.specification.version" value="11"/>
    <property name="sun.cpu.isalist" value="amd64"/>
    <property name="sun.jnu.encoding" value="Cp1252"/>
    <property name="java.class.path" value="C:\Users\Chaitra.Babar\.m2\repository\org\apache\maven\surefire\surefire-booter\2.21.0\surefire-booter-2.21.0.jar;C:\Users\Chaitra.Babar\.m2\repository\org\apache\maven\surefire\surefire-api\2.21.0\surefire-api-2.21.0.jar;C:\Users\Chaitra.Babar\.m2\repository\org\apache\maven\surefire\surefire-logger-api\2.21.0\surefire-logger-api-2.21.0.jar;C:\Users\Chaitra.Babar\Desktop\CL Automation_2024\ChristianLouboutinFramework\target\test-classes;C:\Users\Chaitra.Babar\Desktop\CL Automation_2024\ChristianLouboutinFramework\target\classes;C:\Users\Chaitra.Babar\.m2\repository\junit\junit\4.11\junit-4.11.jar;C:\Users\Chaitra.Babar\.m2\repository\org\hamcrest\hamcrest-core\1.3\hamcrest-core-1.3.jar;C:\Users\Chaitra.Babar\.m2\repository\org\testng\testng\6.8\testng-6.8.jar;C:\Users\Chaitra.Babar\.m2\repository\org\beanshell\bsh\2.0b4\bsh-2.0b4.jar;C:\Users\Chaitra.Babar\.m2\repository\com\beust\jcommander\1.27\jcommander-1.27.jar;C:\Users\Chaitra.Babar\.m2\repository\org\yaml\snakeyaml\1.6\snakeyaml-1.6.jar;C:\Users\Chaitra.Babar\.m2\repository\org\seleniumhq\selenium\selenium-remote-driver\3.6.0\selenium-remote-driver-3.6.0.jar;C:\Users\Chaitra.Babar\.m2\repository\net\bytebuddy\byte-buddy\1.7.5\byte-buddy-1.7.5.jar;C:\Users\Chaitra.Babar\.m2\repository\org\apache\commons\commons-exec\1.3\commons-exec-1.3.jar;C:\Users\Chaitra.Babar\.m2\repository\commons-codec\commons-codec\1.10\commons-codec-1.10.jar;C:\Users\Chaitra.Babar\.m2\repository\commons-logging\commons-logging\1.2\commons-logging-1.2.jar;C:\Users\Chaitra.Babar\.m2\repository\com\google\code\gson\gson\2.8.0\gson-2.8.0.jar;C:\Users\Chaitra.Babar\.m2\repository\org\apache\httpcomponents\httpclient\4.5.3\httpclient-4.5.3.jar;C:\Users\Chaitra.Babar\.m2\repository\org\apache\httpcomponents\httpcore\4.4.6\httpcore-4.4.6.jar;C:\Users\Chaitra.Babar\.m2\repository\net\java\dev\jna\jna\4.1.0\jna-4.1.0.jar;C:\Users\Chaitra.Babar\.m2\repository\net\java\dev\jna\jna-platform\4.1.0\jna-platform-4.1.0.jar;C:\Users\Chaitra.Babar\.m2\repository\log4j\log4j\1.2.17\log4j-1.2.17.jar;C:\Users\Chaitra.Babar\.m2\repository\org\apache\logging\log4j\log4j-core\2.14.1\log4j-core-2.14.1.jar;C:\Users\Chaitra.Babar\.m2\repository\org\apache\logging\log4j\log4j-api\2.14.1\log4j-api-2.14.1.jar;C:\Users\Chaitra.Babar\.m2\repository\org\slf4j\slf4j-jdk14\2.0.0-alpha0\slf4j-jdk14-2.0.0-alpha0.jar;C:\Users\Chaitra.Babar\.m2\repository\org\slf4j\slf4j-api\2.0.0-alpha0\slf4j-api-2.0.0-alpha0.jar;C:\Users\Chaitra.Babar\.m2\repository\com\codoid\products\fillo\1.18\fillo-1.18.jar;C:\Users\Chaitra.Babar\.m2\repository\com\browserstack\browserstack-local-java\1.0.6\browserstack-local-java-1.0.6.jar;C:\Users\Chaitra.Babar\.m2\repository\commons-io\commons-io\1.3.2\commons-io-1.3.2.jar;C:\Users\Chaitra.Babar\.m2\repository\org\json\json\20160212\json-20160212.jar;C:\Users\Chaitra.Babar\.m2\repository\org\seleniumhq\selenium\selenium-java\3.141.59\selenium-java-3.141.59.jar;C:\Users\Chaitra.Babar\.m2\repository\org\seleniumhq\selenium\selenium-chrome-driver\3.141.59\selenium-chrome-driver-3.141.59.jar;C:\Users\Chaitra.Babar\.m2\repository\org\seleniumhq\selenium\selenium-edge-driver\3.141.59\selenium-edge-driver-3.141.59.jar;C:\Users\Chaitra.Babar\.m2\repository\org\seleniumhq\selenium\selenium-firefox-driver\3.141.59\selenium-firefox-driver-3.141.59.jar;C:\Users\Chaitra.Babar\.m2\repository\org\seleniumhq\selenium\selenium-ie-driver\3.141.59\selenium-ie-driver-3.141.59.jar;C:\Users\Chaitra.Babar\.m2\repository\org\seleniumhq\selenium\selenium-opera-driver\3.141.59\selenium-opera-driver-3.141.59.jar;C:\Users\Chaitra.Babar\.m2\repository\org\seleniumhq\selenium\selenium-safari-driver\3.141.59\selenium-safari-driver-3.141.59.jar;C:\Users\Chaitra.Babar\.m2\repository\org\seleniumhq\selenium\selenium-support\3.141.59\selenium-support-3.141.59.jar;C:\Users\Chaitra.Babar\.m2\repository\com\squareup\okhttp3\okhttp\3.11.0\okhttp-3.11.0.jar;C:\Users\Chaitra.Babar\.m2\repository\com\squareup\okio\okio\1.14.0\okio-1.14.0.jar;C:\Users\Chaitra.Babar\.m2\repository\org\seleniumhq\selenium\selenium-api\3.141.59\selenium-api-3.141.59.jar;C:\Users\Chaitra.Babar\.m2\repository\io\appium\java-client\3.4.1\java-client-3.4.1.jar;C:\Users\Chaitra.Babar\.m2\repository\cglib\cglib\3.2.1\cglib-3.2.1.jar;C:\Users\Chaitra.Babar\.m2\repository\org\ow2\asm\asm\5.0.3\asm-5.0.3.jar;C:\Users\Chaitra.Babar\.m2\repository\org\apache\ant\ant\1.9.4\ant-1.9.4.jar;C:\Users\Chaitra.Babar\.m2\repository\org\apache\ant\ant-launcher\1.9.4\ant-launcher-1.9.4.jar;C:\Users\Chaitra.Babar\.m2\repository\commons-validator\commons-validator\1.5.0\commons-validator-1.5.0.jar;C:\Users\Chaitra.Babar\.m2\repository\commons-beanutils\commons-beanutils\1.9.2\commons-beanutils-1.9.2.jar;C:\Users\Chaitra.Babar\.m2\repository\commons-digester\commons-digester\1.8.1\commons-digester-1.8.1.jar;C:\Users\Chaitra.Babar\.m2\repository\commons-collections\commons-collections\3.2.2\commons-collections-3.2.2.jar;C:\Users\Chaitra.Babar\.m2\repository\com\aventstack\extentreports\5.1.1\extentreports-5.1.1.jar;C:\Users\Chaitra.Babar\.m2\repository\io\reactivex\rxjava3\rxjava\3.1.6\rxjava-3.1.6.jar;C:\Users\Chaitra.Babar\.m2\repository\org\reactivestreams\reactive-streams\1.0.4\reactive-streams-1.0.4.jar;C:\Users\Chaitra.Babar\.m2\repository\org\freemarker\freemarker\2.3.32\freemarker-2.3.32.jar;C:\Users\Chaitra.Babar\.m2\repository\com\sun\mail\javax.mail\1.6.2\javax.mail-1.6.2.jar;C:\Users\Chaitra.Babar\.m2\repository\javax\activation\activation\1.1\activation-1.1.jar;C:\Users\Chaitra.Babar\.m2\repository\org\apache\commons\commons-lang3\3.0\commons-lang3-3.0.jar;C:\Users\Chaitra.Babar\.m2\repository\com\google\guava\guava\31.0.1-jre\guava-31.0.1-jre.jar;C:\Users\Chaitra.Babar\.m2\repository\com\google\guava\failureaccess\1.0.1\failureaccess-1.0.1.jar;C:\Users\Chaitra.Babar\.m2\repository\com\google\guava\listenablefuture\9999.0-empty-to-avoid-conflict-with-guava\listenablefuture-9999.0-empty-to-avoid-conflict-with-guava.jar;C:\Users\Chaitra.Babar\.m2\repository\com\google\code\findbugs\jsr305\3.0.2\jsr305-3.0.2.jar;C:\Users\Chaitra.Babar\.m2\repository\org\checkerframework\checker-qual\3.12.0\checker-qual-3.12.0.jar;C:\Users\Chaitra.Babar\.m2\repository\com\google\errorprone\error_prone_annotations\2.7.1\error_prone_annotations-2.7.1.jar;C:\Users\Chaitra.Babar\.m2\repository\com\google\j2objc\j2objc-annotations\1.3\j2objc-annotations-1.3.jar;C:\Users\Chaitra.Babar\.m2\repository\org\projectlombok\lombok\1.18.24\lombok-1.18.24.jar;C:\Users\Chaitra.Babar\.m2\repository\org\apache\maven\surefire\surefire-testng-utils\2.21.0\surefire-testng-utils-2.21.0.jar;C:\Users\Chaitra.Babar\.m2\repository\org\apache\maven\surefire\surefire-grouper\2.21.0\surefire-grouper-2.21.0.jar;C:\Users\Chaitra.Babar\.m2\repository\org\apache\maven\surefire\surefire-testng\2.21.0\surefire-testng-2.21.0.jar;C:\Users\Chaitra.Babar\.m2\repository\org\apache\maven\surefire\common-java5\2.21.0\common-java5-2.21.0.jar"/>
    <property name="java.vm.vendor" value="Oracle Corporation"/>
    <property name="sun.arch.data.model" value="64"/>
    <property name="user.variant" value=""/>
    <property name="java.vendor.url" value="http://java.oracle.com/"/>
    <property name="user.timezone" value=""/>
    <property name="java.vm.specification.version" value="11"/>
    <property name="os.name" value="Windows 10"/>
    <property name="sun.java.launcher" value="SUN_STANDARD"/>
    <property name="user.country" value="IN"/>
    <property name="sun.boot.library.path" value="C:\Program Files (x86)\Java\jdk-11.0.2\bin"/>
    <property name="sun.java.command" value="org.apache.maven.surefire.booter.ForkedBooter C:\Users\Chaitra.Babar\AppData\Local\Temp\surefire16976218138596916730 2024-02-27T18-37-23_070-jvmRun1 surefire16971383849690970307tmp surefire_01186617013850886841tmp"/>
    <property name="jdk.debug" value="release"/>
    <property name="surefire.test.class.path" value="C:\Users\Chaitra.Babar\Desktop\CL Automation_2024\ChristianLouboutinFramework\target\test-classes;C:\Users\Chaitra.Babar\Desktop\CL Automation_2024\ChristianLouboutinFramework\target\classes;C:\Users\Chaitra.Babar\.m2\repository\junit\junit\4.11\junit-4.11.jar;C:\Users\Chaitra.Babar\.m2\repository\org\hamcrest\hamcrest-core\1.3\hamcrest-core-1.3.jar;C:\Users\Chaitra.Babar\.m2\repository\org\testng\testng\6.8\testng-6.8.jar;C:\Users\Chaitra.Babar\.m2\repository\org\beanshell\bsh\2.0b4\bsh-2.0b4.jar;C:\Users\Chaitra.Babar\.m2\repository\com\beust\jcommander\1.27\jcommander-1.27.jar;C:\Users\Chaitra.Babar\.m2\repository\org\yaml\snakeyaml\1.6\snakeyaml-1.6.jar;C:\Users\Chaitra.Babar\.m2\repository\org\seleniumhq\selenium\selenium-remote-driver\3.6.0\selenium-remote-driver-3.6.0.jar;C:\Users\Chaitra.Babar\.m2\repository\net\bytebuddy\byte-buddy\1.7.5\byte-buddy-1.7.5.jar;C:\Users\Chaitra.Babar\.m2\repository\org\apache\commons\commons-exec\1.3\commons-exec-1.3.jar;C:\Users\Chaitra.Babar\.m2\repository\commons-codec\commons-codec\1.10\commons-codec-1.10.jar;C:\Users\Chaitra.Babar\.m2\repository\commons-logging\commons-logging\1.2\commons-logging-1.2.jar;C:\Users\Chaitra.Babar\.m2\repository\com\google\code\gson\gson\2.8.0\gson-2.8.0.jar;C:\Users\Chaitra.Babar\.m2\repository\org\apache\httpcomponents\httpclient\4.5.3\httpclient-4.5.3.jar;C:\Users\Chaitra.Babar\.m2\repository\org\apache\httpcomponents\httpcore\4.4.6\httpcore-4.4.6.jar;C:\Users\Chaitra.Babar\.m2\repository\net\java\dev\jna\jna\4.1.0\jna-4.1.0.jar;C:\Users\Chaitra.Babar\.m2\repository\net\java\dev\jna\jna-platform\4.1.0\jna-platform-4.1.0.jar;C:\Users\Chaitra.Babar\.m2\repository\log4j\log4j\1.2.17\log4j-1.2.17.jar;C:\Users\Chaitra.Babar\.m2\repository\org\apache\logging\log4j\log4j-core\2.14.1\log4j-core-2.14.1.jar;C:\Users\Chaitra.Babar\.m2\repository\org\apache\logging\log4j\log4j-api\2.14.1\log4j-api-2.14.1.jar;C:\Users\Chaitra.Babar\.m2\repository\org\slf4j\slf4j-jdk14\2.0.0-alpha0\slf4j-jdk14-2.0.0-alpha0.jar;C:\Users\Chaitra.Babar\.m2\repository\org\slf4j\slf4j-api\2.0.0-alpha0\slf4j-api-2.0.0-alpha0.jar;C:\Users\Chaitra.Babar\.m2\repository\com\codoid\products\fillo\1.18\fillo-1.18.jar;C:\Users\Chaitra.Babar\.m2\repository\com\browserstack\browserstack-local-java\1.0.6\browserstack-local-java-1.0.6.jar;C:\Users\Chaitra.Babar\.m2\repository\commons-io\commons-io\1.3.2\commons-io-1.3.2.jar;C:\Users\Chaitra.Babar\.m2\repository\org\json\json\20160212\json-20160212.jar;C:\Users\Chaitra.Babar\.m2\repository\org\seleniumhq\selenium\selenium-java\3.141.59\selenium-java-3.141.59.jar;C:\Users\Chaitra.Babar\.m2\repository\org\seleniumhq\selenium\selenium-chrome-driver\3.141.59\selenium-chrome-driver-3.141.59.jar;C:\Users\Chaitra.Babar\.m2\repository\org\seleniumhq\selenium\selenium-edge-driver\3.141.59\selenium-edge-driver-3.141.59.jar;C:\Users\Chaitra.Babar\.m2\repository\org\seleniumhq\selenium\selenium-firefox-driver\3.141.59\selenium-firefox-driver-3.141.59.jar;C:\Users\Chaitra.Babar\.m2\repository\org\seleniumhq\selenium\selenium-ie-driver\3.141.59\selenium-ie-driver-3.141.59.jar;C:\Users\Chaitra.Babar\.m2\repository\org\seleniumhq\selenium\selenium-opera-driver\3.141.59\selenium-opera-driver-3.141.59.jar;C:\Users\Chaitra.Babar\.m2\repository\org\seleniumhq\selenium\selenium-safari-driver\3.141.59\selenium-safari-driver-3.141.59.jar;C:\Users\Chaitra.Babar\.m2\repository\org\seleniumhq\selenium\selenium-support\3.141.59\selenium-support-3.141.59.jar;C:\Users\Chaitra.Babar\.m2\repository\com\squareup\okhttp3\okhttp\3.11.0\okhttp-3.11.0.jar;C:\Users\Chaitra.Babar\.m2\repository\com\squareup\okio\okio\1.14.0\okio-1.14.0.jar;C:\Users\Chaitra.Babar\.m2\repository\org\seleniumhq\selenium\selenium-api\3.141.59\selenium-api-3.141.59.jar;C:\Users\Chaitra.Babar\.m2\repository\io\appium\java-client\3.4.1\java-client-3.4.1.jar;C:\Users\Chaitra.Babar\.m2\repository\cglib\cglib\3.2.1\cglib-3.2.1.jar;C:\Users\Chaitra.Babar\.m2\repository\org\ow2\asm\asm\5.0.3\asm-5.0.3.jar;C:\Users\Chaitra.Babar\.m2\repository\org\apache\ant\ant\1.9.4\ant-1.9.4.jar;C:\Users\Chaitra.Babar\.m2\repository\org\apache\ant\ant-launcher\1.9.4\ant-launcher-1.9.4.jar;C:\Users\Chaitra.Babar\.m2\repository\commons-validator\commons-validator\1.5.0\commons-validator-1.5.0.jar;C:\Users\Chaitra.Babar\.m2\repository\commons-beanutils\commons-beanutils\1.9.2\commons-beanutils-1.9.2.jar;C:\Users\Chaitra.Babar\.m2\repository\commons-digester\commons-digester\1.8.1\commons-digester-1.8.1.jar;C:\Users\Chaitra.Babar\.m2\repository\commons-collections\commons-collections\3.2.2\commons-collections-3.2.2.jar;C:\Users\Chaitra.Babar\.m2\repository\com\aventstack\extentreports\5.1.1\extentreports-5.1.1.jar;C:\Users\Chaitra.Babar\.m2\repository\io\reactivex\rxjava3\rxjava\3.1.6\rxjava-3.1.6.jar;C:\Users\Chaitra.Babar\.m2\repository\org\reactivestreams\reactive-streams\1.0.4\reactive-streams-1.0.4.jar;C:\Users\Chaitra.Babar\.m2\repository\org\freemarker\freemarker\2.3.32\freemarker-2.3.32.jar;C:\Users\Chaitra.Babar\.m2\repository\com\sun\mail\javax.mail\1.6.2\javax.mail-1.6.2.jar;C:\Users\Chaitra.Babar\.m2\repository\javax\activation\activation\1.1\activation-1.1.jar;C:\Users\Chaitra.Babar\.m2\repository\org\apache\commons\commons-lang3\3.0\commons-lang3-3.0.jar;C:\Users\Chaitra.Babar\.m2\repository\com\google\guava\guava\31.0.1-jre\guava-31.0.1-jre.jar;C:\Users\Chaitra.Babar\.m2\repository\com\google\guava\failureaccess\1.0.1\failureaccess-1.0.1.jar;C:\Users\Chaitra.Babar\.m2\repository\com\google\guava\listenablefuture\9999.0-empty-to-avoid-conflict-with-guava\listenablefuture-9999.0-empty-to-avoid-conflict-with-guava.jar;C:\Users\Chaitra.Babar\.m2\repository\com\google\code\findbugs\jsr305\3.0.2\jsr305-3.0.2.jar;C:\Users\Chaitra.Babar\.m2\repository\org\checkerframework\checker-qual\3.12.0\checker-qual-3.12.0.jar;C:\Users\Chaitra.Babar\.m2\repository\com\google\errorprone\error_prone_annotations\2.7.1\error_prone_annotations-2.7.1.jar;C:\Users\Chaitra.Babar\.m2\repository\com\google\j2objc\j2objc-annotations\1.3\j2objc-annotations-1.3.jar;C:\Users\Chaitra.Babar\.m2\repository\org\projectlombok\lombok\1.18.24\lombok-1.18.24.jar;C:\Users\Chaitra.Babar\.m2\repository\org\apache\maven\surefire\surefire-testng-utils\2.21.0\surefire-testng-utils-2.21.0.jar;C:\Users\Chaitra.Babar\.m2\repository\org\apache\maven\surefire\surefire-grouper\2.21.0\surefire-grouper-2.21.0.jar;"/>
    <property name="sun.cpu.endian" value="little"/>
    <property name="user.home" value="C:\Users\Chaitra.Babar"/>
    <property name="user.language" value="en"/>
    <property name="java.specification.vendor" value="Oracle Corporation"/>
    <property name="java.version.date" value="2019-01-15"/>
    <property name="java.home" value="C:\Program Files (x86)\Java\jdk-11.0.2"/>
    <property name="file.separator" value="\"/>
    <property name="basedir" value="C:\Users\Chaitra.Babar\Desktop\CL Automation_2024\ChristianLouboutinFramework"/>
    <property name="java.vm.compressedOopsMode" value="Zero based"/>
    <property name="line.separator" value="&#10;"/>
    <property name="java.specification.name" value="Java Platform API Specification"/>
    <property name="java.vm.specification.vendor" value="Oracle Corporation"/>
    <property name="java.awt.graphicsenv" value="sun.awt.Win32GraphicsEnvironment"/>
    <property name="user.script" value=""/>
    <property name="sun.management.compiler" value="HotSpot 64-Bit Tiered Compilers"/>
    <property name="java.runtime.version" value="11.0.2+9"/>
    <property name="user.name" value="Chaitra.Babar"/>
    <property name="path.separator" value=";"/>
    <property name="os.version" value="10.0"/>
    <property name="java.runtime.name" value="OpenJDK Runtime Environment"/>
    <property name="file.encoding" value="Cp1252"/>
    <property name="java.vm.name" value="OpenJDK 64-Bit Server VM"/>
    <property name="java.vendor.version" value="18.9"/>
    <property name="localRepository" value="C:\Users\Chaitra.Babar\.m2\repository"/>
    <property name="java.vendor.url.bug" value="http://bugreport.java.com/bugreport/"/>
    <property name="java.io.tmpdir" value="C:\Users\CHAITR~1.BAB\AppData\Local\Temp\"/>
    <property name="java.version" value="11.0.2"/>
    <property name="user.dir" value="C:\Users\Chaitra.Babar\Desktop\CL Automation_2024\ChristianLouboutinFramework"/>
    <property name="os.arch" value="amd64"/>
    <property name="java.vm.specification.name" value="Java Virtual Machine Specification"/>
    <property name="java.awt.printerjob" value="sun.awt.windows.WPrinterJob"/>
    <property name="sun.os.patch.level" value=""/>
    <property name="java.library.path" value="C:\Program Files (x86)\Java\jdk-11.0.2\bin;C:\Windows\Sun\Java\bin;C:\Windows\system32;C:\Windows;C:/Program Files (x86)/Java/jdk-11.0.2/bin/server;C:/Program Files (x86)/Java/jdk-11.0.2/bin;C:\Windows\system32;C:\Windows;C:\Windows\System32\Wbem;C:\Windows\System32\WindowsPowerShell\v1.0\;C:\Windows\System32\OpenSSH\;C:\Program Files\TortoiseSVN\bin;C:\Program Files\nodejs\;C:\Program Files\Git\cmd;C:\Program Files (x86)\Java\jdk-11.0.2\bin;C:\Maven\apache-maven-3.9.6-bin\apache-maven-3.9.6\bin;C:\Program Files\TortoiseGit\bin;C:\Users\Chaitra.Babar\AppData\Local\Microsoft\WindowsApps;C:\Users\Chaitra.Babar\AppData\Roaming\npm;C:\Users\Chaitra.Babar\AppData\Local\Programs\Microsoft VS Code\bin;C:\Users\Chaitra.Babar\Downloads\eclipse-java-2020-06-R-win32-x86_64\eclipse;;."/>
    <property name="java.vendor" value="Oracle Corporation"/>
    <property name="java.vm.info" value="mixed mode"/>
    <property name="java.vm.version" value="11.0.2+9"/>
    <property name="sun.io.unicode.encoding" value="UnicodeLittle"/>
    <property name="java.class.version" value="55.0"/>
  </properties>
  <testcase name="step01_NavigatedtoCLHomePage" classname="src.in.valtech.cl.scenarios.TC_Scenario_05" time="4.358"/>
  <testcase name="step01_NavigatetoCLHomePage" classname="src.in.valtech.cl.scenarios.TC_Scenario_04" time="4.549"/>
  <testcase name="step01_NavigatedtoCLHomePage" classname="src.in.valtech.cl.scenarios.TC_Scenario_07" time="0.639"/>
  <testcase name="step01_NavigatedtoCLHomePage" classname="src.in.valtech.cl.scenarios.TC_Scenario_02" time="1.619"/>
  <testcase name="step01_NavigatedtoCLHomePage" classname="src.in.valtech.cl.scenarios.TC_Scenario_03" time="8.62"/>
  <testcase name="step01_NavigatedtoCLHomePage" classname="src.in.valtech.cl.scenarios.TC_Scenario_06" time="8.946"/>
  <testcase name="step01_NavigatetoCLHomePage" classname="src.in.valtech.cl.scenarios.TC_Scenario_01" time="2.372"/>
  <testcase name="step02_VerificationOfHomepageLogo" classname="src.in.valtech.cl.scenarios.TC_Scenario_01" time="1.125"/>
  <testcase name="step02_OpenNewTabAndNavigatedtoMagentoBO" classname="src.in.valtech.cl.scenarios.TC_Scenario_06" time="4.114"/>
  <testcase name="step03_EnteredUsernameField" classname="src.in.valtech.cl.scenarios.TC_Scenario_06" time="4.784"/>
  <testcase name="step01_NavigatedtoCLHomePage" classname="src.in.valtech.cl.scenarios.TC_Scenario_10" time="2.738"/>
  <testcase name="step04_EnteredPasswordField" classname="src.in.valtech.cl.scenarios.TC_Scenario_06" time="1.981"/>
  <testcase name="step01_NavigatedtoCLHomePage" classname="src.in.valtech.cl.scenarios.TC_Scenario_08" time="2.164"/>
  <testcase name="step01_NavigatedtoCLHomePage" classname="src.in.valtech.cl.scenarios.TC_Scenario_09" time="0.886"/>
  <testcase name="step02_OpenNewTabAndNavigatedtoMagentoBO" classname="src.in.valtech.cl.scenarios.TC_Scenario_08" time="9.042"/>
  <testcase name="step02_MouseOverElementOnBeautyL1Category" classname="src.in.valtech.cl.scenarios.TC_Scenario_02" time="0.524"/>
  <testcase name="step02_ClickOnMyAccountIcon" classname="src.in.valtech.cl.scenarios.TC_Scenario_07" time="0.226"/>
  <testcase name="step02_VerificationOfHomepageLogo" classname="src.in.valtech.cl.scenarios.TC_Scenario_05" time="2.263"/>
  <testcase name="step03_VerificationOfProductWidgets" classname="src.in.valtech.cl.scenarios.TC_Scenario_05" time="0.224"/>
  <testcase name="step04_VerificationOfFooterHeaderText" classname="src.in.valtech.cl.scenarios.TC_Scenario_05" time="0.626"/>
  <testcase name="step03_EnteredEmailField" classname="src.in.valtech.cl.scenarios.TC_Scenario_07" time="0.718"/>
  <testcase name="step03_EnteredUsernameField" classname="src.in.valtech.cl.scenarios.TC_Scenario_08" time="0.138"/>
  <testcase name="step05_VerificationOfFooterLinks" classname="src.in.valtech.cl.scenarios.TC_Scenario_05" time="0.14"/>
  <testcase name="step02_VerificationOfHomepageLogo" classname="src.in.valtech.cl.scenarios.TC_Scenario_03" time="0.531"/>
  <testcase name="step03_VerificationOfProductWidgets" classname="src.in.valtech.cl.scenarios.TC_Scenario_03" time="0.189"/>
  <testcase name="step04_VerificationOfFooterHeaderText" classname="src.in.valtech.cl.scenarios.TC_Scenario_03" time="0.663"/>
  <testcase name="step06_VerificationOfFooterSocialIconText" classname="src.in.valtech.cl.scenarios.TC_Scenario_05" time="0.877"/>
  <testcase name="step05_VerificationOfFooterLinks" classname="src.in.valtech.cl.scenarios.TC_Scenario_03" time="0.332"/>
  <testcase name="step07_VerificationOfFooterSocialIcons" classname="src.in.valtech.cl.scenarios.TC_Scenario_05" time="0.304"/>
  <testcase name="step04_EnteredPasswordField" classname="src.in.valtech.cl.scenarios.TC_Scenario_07" time="0.829"/>
  <testcase name="step03_ClickOnL2EyesBeautyCategory" classname="src.in.valtech.cl.scenarios.TC_Scenario_02" time="1.106"/>
  <testcase name="step04_EnteredPasswordField" classname="src.in.valtech.cl.scenarios.TC_Scenario_08" time="0.058"/>
  <testcase name="step06_VerificationOfFooterSocialIconText" classname="src.in.valtech.cl.scenarios.TC_Scenario_03" time="0.079"/>
  <testcase name="step07_VerificationOfFooterSocialIcons" classname="src.in.valtech.cl.scenarios.TC_Scenario_03" time="0.375"/>
  <testcase name="step02_MouseoverOnL1CategoryAndClickL2KateCategory" classname="src.in.valtech.cl.scenarios.TC_Scenario_04" time="1.095"/>
  <testcase name="step08_ClickMyAccountBtn" classname="src.in.valtech.cl.scenarios.TC_Scenario_05" time="1.867"/>
  <testcase name="step03_VerifiedCategoryPage" classname="src.in.valtech.cl.scenarios.TC_Scenario_04" time="0.426"/>
  <testcase name="step04_ClickOnMyAccountIcon" classname="src.in.valtech.cl.scenarios.TC_Scenario_02" time="1.732"/>
  <testcase name="step08_OpenNewTabAndNavigatedtoMagentoBO" classname="src.in.valtech.cl.scenarios.TC_Scenario_03" time="1.407"/>
  <testcase name="step05_EnteredEmailField" classname="src.in.valtech.cl.scenarios.TC_Scenario_02" time="2.711"/>
  <testcase name="step09_VerificationOfAllTxtLnkBtn_InMyAccountModal" classname="src.in.valtech.cl.scenarios.TC_Scenario_05" time="0.044"/>
  <testcase name="step09_EnteredUsernameField" classname="src.in.valtech.cl.scenarios.TC_Scenario_03" time="2.226"/>
  <testcase name="step02_ClickMyAccountBtn" classname="src.in.valtech.cl.scenarios.TC_Scenario_10" time="1.148"/>
  <testcase name="step10_EnterEmailAddressInLogin" classname="src.in.valtech.cl.scenarios.TC_Scenario_05" time="0.366"/>
  <testcase name="step06_EnteredPasswordField" classname="src.in.valtech.cl.scenarios.TC_Scenario_02" time="0.234"/>
  <testcase name="step05_ClickOnSignInButtonAndVerifiedUserIsRedirectedToHomePage" classname="src.in.valtech.cl.scenarios.TC_Scenario_07" time="0.061"/>
  <testcase name="step02_MouseoverOnL1Category" classname="src.in.valtech.cl.scenarios.TC_Scenario_09" time="1.568"/>
  <testcase name="step05_ClickOnSignInButton" classname="src.in.valtech.cl.scenarios.TC_Scenario_06" time="0.83"/>
  <testcase name="step10_EnteredPasswordField" classname="src.in.valtech.cl.scenarios.TC_Scenario_03" time="0.281"/>
  <testcase name="step3_EnterEmailAddressInLogin" classname="src.in.valtech.cl.scenarios.TC_Scenario_10" time="0.383"/>
  <testcase name="step11_EnterPasswordInLogin" classname="src.in.valtech.cl.scenarios.TC_Scenario_05" time="0.503"/>
  <testcase name="step4_ClickOnProductImg" classname="src.in.valtech.cl.scenarios.TC_Scenario_04" time="0.827"/>
  <testcase name="step5_VerifiedProductNameinPDP" classname="src.in.valtech.cl.scenarios.TC_Scenario_04" time="2.223"/>
  <testcase name="step4_EnterPasswordInLogin" classname="src.in.valtech.cl.scenarios.TC_Scenario_10" time="0.861"/>
  <testcase name="step6_VerifiedProductPriceinPDP" classname="src.in.valtech.cl.scenarios.TC_Scenario_04" time="1.905"/>
  <testcase name="step03_ClickOnL3KateLadiesCategory" classname="src.in.valtech.cl.scenarios.TC_Scenario_09" time="0.998"/>
  <testcase name="step03_VerificationOfHomepagePictures" classname="src.in.valtech.cl.scenarios.TC_Scenario_01" time="0.123"/>
  <testcase name="step04_VerificationOfProductWidgets" classname="src.in.valtech.cl.scenarios.TC_Scenario_01" time="0.172"/>
  <testcase name="step7_VerifiedProductBrandNametxtInPDP" classname="src.in.valtech.cl.scenarios.TC_Scenario_04" time="0.89"/>
  <testcase name="step8_VerifiedAddtoCartbtnInPDP" classname="src.in.valtech.cl.scenarios.TC_Scenario_04" time="0.085"/>
  <testcase name="step9_ClickOnInStoreAvailabilityButtonAndCloseOverlay" classname="src.in.valtech.cl.scenarios.TC_Scenario_04" time="0.018"/>
  <testcase name="step06_VerifiedDashboardHeaderInBO" classname="src.in.valtech.cl.scenarios.TC_Scenario_06" time="0.971"/>
  <testcase name="step12_ClickOnSignInBtn" classname="src.in.valtech.cl.scenarios.TC_Scenario_05" time="0.56"/>
  <testcase name="step05_VerificationOfHeaderNavigationText" classname="src.in.valtech.cl.scenarios.TC_Scenario_01" time="0.317"/>
  <testcase name="step06_VerificationOfHeaderRightIcons" classname="src.in.valtech.cl.scenarios.TC_Scenario_01" time="0.24"/>
  <testcase name="step07_VerificationOfFooterHeaderText" classname="src.in.valtech.cl.scenarios.TC_Scenario_01" time="0.536"/>
  <testcase name="step08_VerificationOfFooterLinks" classname="src.in.valtech.cl.scenarios.TC_Scenario_01" time="1.631"/>
  <testcase name="step07_ClickOnSignInButtonAndVerifyLoginSuccessMsg" classname="src.in.valtech.cl.scenarios.TC_Scenario_02" time="0.968"/>
  <testcase name="step09_VerificationOfFooterSocialIconText" classname="src.in.valtech.cl.scenarios.TC_Scenario_01" time="1.361"/>
  <testcase name="step10_VerificationOfFooterSocialIcons" classname="src.in.valtech.cl.scenarios.TC_Scenario_01" time="0.485"/>
  <testcase name="step11_ClickMyAccountBtn" classname="src.in.valtech.cl.scenarios.TC_Scenario_01" time="5.383"/>
  <testcase name="step07_ClickOnCustomersIcon" classname="src.in.valtech.cl.scenarios.TC_Scenario_06" time="1.084"/>
  <testcase name="step05_ClickOnSignInButton" classname="src.in.valtech.cl.scenarios.TC_Scenario_08" time="1.026"/>
  <testcase name="step04_ClickOnProductImg" classname="src.in.valtech.cl.scenarios.TC_Scenario_09" time="1.086"/>
  <testcase name="step12_VerificationOfAllTxtLnkBtn_InMyAccountModal" classname="src.in.valtech.cl.scenarios.TC_Scenario_01" time="1.89"/>
  <testcase name="step05_VerifiedProductNameinPDP" classname="src.in.valtech.cl.scenarios.TC_Scenario_09" time="0.306"/>
  <testcase name="step10_VerifiedContactUslink" classname="src.in.valtech.cl.scenarios.TC_Scenario_04" time="2.207">
    <failure message="Contact Us link is not displaying in PDP expected [true] but found [false]" type="java.lang.AssertionError">java.lang.AssertionError: Contact Us link is not displaying in PDP expected [true] but found [false]
	at src.in.valtech.cl.scenarios.TC_Scenario_04.step10_VerifiedContactUslink(TC_Scenario_04.java:154)
</failure>
    <system-out><![CDATA[2024-02-27 18:41:26 INFO  GUIFunctions:629 - Successfully Verified Product Brand Name in PDP & Product brand Name is : Escarpins 85 mm - Cuir de veau verni - Blush
]]></system-out>
  </testcase>
  <testcase name="step13_EnterEmailAddressInLogin" classname="src.in.valtech.cl.scenarios.TC_Scenario_01" time="0.555"/>
  <testcase name="step06_VerifiedProductBrandNameAndProductPriceinPDP" classname="src.in.valtech.cl.scenarios.TC_Scenario_09" time="1.211"/>
  <testcase name="step11_VerifiedColorSwatches" classname="src.in.valtech.cl.scenarios.TC_Scenario_04" time="0.368"/>
  <testcase name="step07_VerifiedWishlistIconinPDP" classname="src.in.valtech.cl.scenarios.TC_Scenario_09" time="0.758"/>
  <testcase name="step08_ClickOnInStoreAvailabilityButtonAndCloseOverlay" classname="src.in.valtech.cl.scenarios.TC_Scenario_09" time="0.1"/>
  <testcase name="step06_VerifiedDashboardHeaderInBO" classname="src.in.valtech.cl.scenarios.TC_Scenario_08" time="1.21"/>
  <testcase name="step14_EnterPasswordInLogin" classname="src.in.valtech.cl.scenarios.TC_Scenario_01" time="0.609"/>
  <testcase name="step08_ClickAllCustomerstxtFromCustomersIcon" classname="src.in.valtech.cl.scenarios.TC_Scenario_06" time="1.789"/>
  <testcase name="step06_ClickOnMyAccountIcon" classname="src.in.valtech.cl.scenarios.TC_Scenario_07" time="1.902"/>
  <testcase name="step11_ClickOnSignInButton" classname="src.in.valtech.cl.scenarios.TC_Scenario_03" time="0.448"/>
  <testcase name="step07_VerifiedMyFavoriteAddressAndNewsLetterHeaders_FootersInMAP" classname="src.in.valtech.cl.scenarios.TC_Scenario_07" time="1.982"/>
  <testcase name="step12_ClickOnSizeGuideAndCloseOverlay" classname="src.in.valtech.cl.scenarios.TC_Scenario_04" time="0.468"/>
  <testcase name="step5_ClickOnSignInBtnAndVerifyUserIsInMyAccountPage" classname="src.in.valtech.cl.scenarios.TC_Scenario_10" time="4.547"/>
  <testcase name="step07_ClickOnCustomersIcon" classname="src.in.valtech.cl.scenarios.TC_Scenario_08" time="0.53"/>
  <testcase name="step09_VerifyCustomersHeadertxtInBO" classname="src.in.valtech.cl.scenarios.TC_Scenario_06" time="0.298"/>
  <testcase name="step13_VerifiedMyAccountInfoInMAP" classname="src.in.valtech.cl.scenarios.TC_Scenario_05" time="0.637"/>
  <testcase name="step08_MouseOverElementOnLadiesL1Category" classname="src.in.valtech.cl.scenarios.TC_Scenario_02" time="0.106"/>
  <testcase name="step14_MouseOverElementOnGentlemenL1Category" classname="src.in.valtech.cl.scenarios.TC_Scenario_05" time="0.814"/>
  <testcase name="step06_MouseOverElementOnLadiesL1Category" classname="src.in.valtech.cl.scenarios.TC_Scenario_10" time="0.383"/>
  <testcase name="step12_VerifiedDashboardHeaderInBO" classname="src.in.valtech.cl.scenarios.TC_Scenario_03" time="0.383"/>
  <testcase name="step08_ClickOnWishlistLink" classname="src.in.valtech.cl.scenarios.TC_Scenario_07" time="6.077"/>
  <testcase name="step09_VerifiedMyWishListHeaderInMWLP" classname="src.in.valtech.cl.scenarios.TC_Scenario_07" time="0.138"/>
  <testcase name="step10_VerifiedProductImgInMWLP" classname="src.in.valtech.cl.scenarios.TC_Scenario_07" time="0.076"/>
  <testcase name="step09_ClickOnL2AccessoiresLadiesCategory" classname="src.in.valtech.cl.scenarios.TC_Scenario_02" time="1.491"/>
  <testcase name="step11_VerifiedProductNameInMWLP" classname="src.in.valtech.cl.scenarios.TC_Scenario_07" time="0.773"/>
  <testcase name="step10_SearchForCustomerAccount" classname="src.in.valtech.cl.scenarios.TC_Scenario_06" time="1.026"/>
  <testcase name="step12_VerifiedProductPriceInMWLP" classname="src.in.valtech.cl.scenarios.TC_Scenario_07" time="1.226"/>
  <testcase name="step13_ClickOnSelectYourSizeButtonAndSelectAnySize" classname="src.in.valtech.cl.scenarios.TC_Scenario_04" time="0.073"/>
  <testcase name="step08_ClickAllCustomerstxtFromCustomersIcon" classname="src.in.valtech.cl.scenarios.TC_Scenario_08" time="0.778"/>
  <testcase name="step07_ClickOnL3KateLadiesCategory" classname="src.in.valtech.cl.scenarios.TC_Scenario_10" time="0.533"/>
  <testcase name="step13_ClickOnCustomersIcon" classname="src.in.valtech.cl.scenarios.TC_Scenario_03" time="0.52"/>
  <testcase name="step13_ClickOnAddtoCartButtonInMWLP" classname="src.in.valtech.cl.scenarios.TC_Scenario_07" time="3.331"/>
  <testcase name="step15_ClickOnL3LouisGentlemenCategory" classname="src.in.valtech.cl.scenarios.TC_Scenario_05" time="0.401"/>
  <testcase name="step9_VerifiedContactUslinkAndColourSwatchesInPDP" classname="src.in.valtech.cl.scenarios.TC_Scenario_09" time="1.915"/>
  <testcase name="step09_VerifyCustomersHeadertxtInBO" classname="src.in.valtech.cl.scenarios.TC_Scenario_08" time="3.426"/>
  <testcase name="step14_ClickonCartIcon" classname="src.in.valtech.cl.scenarios.TC_Scenario_07" time="1.63"/>
  <testcase name="step14_ClickAllCustomerstxtFromCustomersIcon" classname="src.in.valtech.cl.scenarios.TC_Scenario_03" time="1.541"/>
  <testcase name="step08_ScrollDownTillLastSealableProdAndClickOnLastSealableProductInCategoryLandingPage" classname="src.in.valtech.cl.scenarios.TC_Scenario_10" time="4.212"/>
  <testcase name="step14_ClickonProductInfoAndVerifiedContent" classname="src.in.valtech.cl.scenarios.TC_Scenario_04" time="0.561"/>
  <testcase name="step09_VerifiedProductNameinPDP" classname="src.in.valtech.cl.scenarios.TC_Scenario_10" time="1.607"/>
  <testcase name="step10_ClickonProductInfoAndVerifiedContent" classname="src.in.valtech.cl.scenarios.TC_Scenario_09" time="0.369"/>
  <testcase name="step10_SearchForCustomerAccount" classname="src.in.valtech.cl.scenarios.TC_Scenario_08" time="0.671"/>
  <testcase name="step10_VerifiedProductPriceinPDP" classname="src.in.valtech.cl.scenarios.TC_Scenario_10" time="1.12"/>
  <testcase name="step16_ScrollDownTillLastSealableProdAndClickOnLastSealableProductInCategoryLandingPage" classname="src.in.valtech.cl.scenarios.TC_Scenario_05" time="1.555"/>
  <testcase name="step15_VerifyCustomersHeadertxtInBO" classname="src.in.valtech.cl.scenarios.TC_Scenario_03" time="0.02"/>
  <testcase name="step17_VerifiedProductImageAndThumbnailImageinPDP" classname="src.in.valtech.cl.scenarios.TC_Scenario_05" time="0.125"/>
  <testcase name="step15_ClickonProductCareAndVerifiedContent" classname="src.in.valtech.cl.scenarios.TC_Scenario_04" time="0.135"/>
  <testcase name="step11_VerifiedBrandnameinPDP" classname="src.in.valtech.cl.scenarios.TC_Scenario_10" time="0.283"/>
  <testcase name="step11_ClickonProductCareAndVerifiedContent" classname="src.in.valtech.cl.scenarios.TC_Scenario_09" time="1.668"/>
  <testcase name="step18_VerifiedProductNameinPDP" classname="src.in.valtech.cl.scenarios.TC_Scenario_05" time="0.078"/>
  <testcase name="step12_VerifiedColorSwatches" classname="src.in.valtech.cl.scenarios.TC_Scenario_10" time="0.353"/>
  <testcase name="step13_VerifiedAddtoCartbtnInPDP" classname="src.in.valtech.cl.scenarios.TC_Scenario_10" time="0.045"/>
  <testcase name="step14_ClickOnInStoreAvailabilityButtonAndCloseOverlay" classname="src.in.valtech.cl.scenarios.TC_Scenario_10" time="0.017"/>
  <testcase name="step15_VerifiedContactUslink" classname="src.in.valtech.cl.scenarios.TC_Scenario_10" time="0.044"/>
  <testcase name="step19_VerifiedProductBrandNameAndProductPriceinPDP" classname="src.in.valtech.cl.scenarios.TC_Scenario_05" time="3.76"/>
  <testcase name="step20_VerifiedWishlistIconinPDP" classname="src.in.valtech.cl.scenarios.TC_Scenario_05" time="1.062"/>
  <testcase name="step16_ClickOnSizeGuideAndCloseOverlay" classname="src.in.valtech.cl.scenarios.TC_Scenario_10" time="3.63"/>
  <testcase name="step15_VerifiedAllElementInMiniCart" classname="src.in.valtech.cl.scenarios.TC_Scenario_07" time="0.576"/>
  <testcase name="step15_ClickOnSignInBtn" classname="src.in.valtech.cl.scenarios.TC_Scenario_01" time="0.063"/>
  <testcase name="step16_VerifyConsentChecbox" classname="src.in.valtech.cl.scenarios.TC_Scenario_01" time="0.01"/>
  <testcase name="step17_VerifyAllRightSideProductSectionsDetailsINMAP" classname="src.in.valtech.cl.scenarios.TC_Scenario_01" time="0.184"/>
  <testcase name="step18_VerifyAllLeftSideProductSectionsDetailsINMAP" classname="src.in.valtech.cl.scenarios.TC_Scenario_01" time="0.317"/>
  <testcase name="step19_MouseOverOnMenHeaderNavigation" classname="src.in.valtech.cl.scenarios.TC_Scenario_01" time="0.869"/>
  <testcase name="step16_SearchForCustomerAccount" classname="src.in.valtech.cl.scenarios.TC_Scenario_03" time="2.563"/>
  <testcase name="step21_ClickOnSizeGuideAndCloseOverlay" classname="src.in.valtech.cl.scenarios.TC_Scenario_05" time="0.421"/>
  <testcase name="step11_DeletedExistCustomerAccountFromCustomerGridResultInBO" classname="src.in.valtech.cl.scenarios.TC_Scenario_06" time="6.181"/>
  <testcase name="step16_ClickonShippingAndVerifiedContent" classname="src.in.valtech.cl.scenarios.TC_Scenario_04" time="3.422"/>
  <testcase name="step17_VerifyMainThumbnailImg" classname="src.in.valtech.cl.scenarios.TC_Scenario_04" time="0.121"/>
  <testcase name="step16_ClickOnProductImginMiniCart" classname="src.in.valtech.cl.scenarios.TC_Scenario_07" time="0.355"/>
  <testcase name="step17_VerifiedProductImageAndThumbnailImageinPDP" classname="src.in.valtech.cl.scenarios.TC_Scenario_07" time="0.246"/>
  <testcase name="step12_ClickonShippingAndVerifiedContent" classname="src.in.valtech.cl.scenarios.TC_Scenario_09" time="1.082"/>
  <testcase name="step20_ClickOnShoesSubcategory" classname="src.in.valtech.cl.scenarios.TC_Scenario_01" time="0.474"/>
  <testcase name="step18_VerifiedProductNameinPDP" classname="src.in.valtech.cl.scenarios.TC_Scenario_07" time="0.558"/>
  <testcase name="step17_ClickOnSelectYourSizeButtonAndSelectAnySize" classname="src.in.valtech.cl.scenarios.TC_Scenario_10" time="0.163"/>
  <testcase name="step19_VerifiedProductBrandNameAndProductPriceinPDP" classname="src.in.valtech.cl.scenarios.TC_Scenario_07" time="4.125"/>
  <testcase name="step18_ClickonAddToCartButton" classname="src.in.valtech.cl.scenarios.TC_Scenario_04" time="0.312"/>
  <testcase name="step21_ClickOnFilterButtonFromPLP" classname="src.in.valtech.cl.scenarios.TC_Scenario_01" time="0.156"/>
  <testcase name="step22_ClickOnSelectYourSizeButtonAndSelectAnySize" classname="src.in.valtech.cl.scenarios.TC_Scenario_05" time="0.289"/>
  <testcase name="step20_VerifiedWishlistIconinPDP" classname="src.in.valtech.cl.scenarios.TC_Scenario_07" time="0.291"/>
  <testcase name="step13_ClickonAddToCartButton" classname="src.in.valtech.cl.scenarios.TC_Scenario_09" time="1.093"/>
  <testcase name="step23_ClickOnInStoreAvailabilityButtonAndCloseOverlay" classname="src.in.valtech.cl.scenarios.TC_Scenario_05" time="4.803"/>
  <testcase name="step19_VerifiedPDPConfirmationMessagePopUPModal" classname="src.in.valtech.cl.scenarios.TC_Scenario_04" time="0.6"/>
  <testcase name="step14_VerifiedContentInConfirmationOverlay" classname="src.in.valtech.cl.scenarios.TC_Scenario_09" time="1.973"/>
  <testcase name="step21_ClickOnSizeGuideAndCloseOverlay" classname="src.in.valtech.cl.scenarios.TC_Scenario_07" time="0.06"/>
  <testcase name="step24_VerifiedContactUslinkAndColourSwatchesInPDP" classname="src.in.valtech.cl.scenarios.TC_Scenario_05" time="0.353"/>
  <testcase name="step11_DeletedExistCustomerAccountFromCustomerGridResultInBO" classname="src.in.valtech.cl.scenarios.TC_Scenario_08" time="2.64"/>
  <testcase name="step22_SelectColorFromFilter" classname="src.in.valtech.cl.scenarios.TC_Scenario_01" time="2.641"/>
  <testcase name="step20_ClosePDPConfirmationMessagePopUPModal" classname="src.in.valtech.cl.scenarios.TC_Scenario_04" time="0.242"/>
  <testcase name="step18_ClickonProductInfoAndVerifiedContent" classname="src.in.valtech.cl.scenarios.TC_Scenario_10" time="1.855"/>
  <testcase name="step19_ClickonProductCareAndVerifiedContent" classname="src.in.valtech.cl.scenarios.TC_Scenario_10" time="6.737"/>
  <testcase name="step25_ClickonProductInfoAndVerifiedContent" classname="src.in.valtech.cl.scenarios.TC_Scenario_05" time="2.116"/>
  <testcase name="step15_ClickonYourCartLinkInConfirmationOverlay" classname="src.in.valtech.cl.scenarios.TC_Scenario_09" time="2.624"/>
  <testcase name="step16_VerifiedMyCartHeaderInMCP" classname="src.in.valtech.cl.scenarios.TC_Scenario_09" time="0.056"/>
  <testcase name="step10_AppliedColorFilterAndClickOnProductImg" classname="src.in.valtech.cl.scenarios.TC_Scenario_02" time="0.52"/>
  <testcase name="step22_ClickOnSelectYourSizeButtonAndSelectAnySize" classname="src.in.valtech.cl.scenarios.TC_Scenario_07" time="1.063"/>
  <testcase name="step11_VerifiedProductNameinPDP" classname="src.in.valtech.cl.scenarios.TC_Scenario_02" time="1.078"/>
  <testcase name="step23_ClickOnProductImg" classname="src.in.valtech.cl.scenarios.TC_Scenario_01" time="0.153"/>
  <testcase name="step21_MouseoverOnL1Category" classname="src.in.valtech.cl.scenarios.TC_Scenario_04" time="0.614"/>
  <testcase name="step12_VerifiedProductPriceAndCurrencySymbolInPDP" classname="src.in.valtech.cl.scenarios.TC_Scenario_02" time="1.346"/>
  <testcase name="step24_VerifiedProductNameinPDP" classname="src.in.valtech.cl.scenarios.TC_Scenario_01" time="0.169"/>
  <testcase name="step13_VerifiedWishlistIconinPDP" classname="src.in.valtech.cl.scenarios.TC_Scenario_02" time="0.886"/>
  <testcase name="step14_ClickOnInStoreAvailabilityButtonAndCloseOverlay" classname="src.in.valtech.cl.scenarios.TC_Scenario_02" time="0"/>
  <testcase name="step15_VerifiedContactUslink" classname="src.in.valtech.cl.scenarios.TC_Scenario_02" time="0.032"/>
  <testcase name="step17_DeletedExistCustomerAccountFromCustomerGridResultInBO" classname="src.in.valtech.cl.scenarios.TC_Scenario_03" time="0.032"/>
  <testcase name="step25_VerifiedProductPriceinPDP" classname="src.in.valtech.cl.scenarios.TC_Scenario_01" time="1.204"/>
  <testcase name="step23_ClickOnInStoreAvailabilityButtonAndCloseOverlay" classname="src.in.valtech.cl.scenarios.TC_Scenario_07" time="1.695"/>
  <testcase name="step26_VerifiedProductBrandNametxtInPDP" classname="src.in.valtech.cl.scenarios.TC_Scenario_01" time="0.51"/>
  <testcase name="step27_VerifiedAddtoCartbtnInPDP" classname="src.in.valtech.cl.scenarios.TC_Scenario_01" time="0.095"/>
  <testcase name="step28_ClickOnInStoreAvailabilityButtonAndCloseOverlay" classname="src.in.valtech.cl.scenarios.TC_Scenario_01" time="0.009"/>
  <testcase name="step24_VerifiedContactUslinkAndColourSwatchesInPDP" classname="src.in.valtech.cl.scenarios.TC_Scenario_07" time="1.58"/>
  <testcase name="step12_ClickMyAccountBtn" classname="src.in.valtech.cl.scenarios.TC_Scenario_06" time="4.222"/>
  <testcase name="step18_ClickMyAccountBtn" classname="src.in.valtech.cl.scenarios.TC_Scenario_03" time="0.55"/>
  <testcase name="step19_VerificationOfAllTxtLnkBtn_InMyAccountModal" classname="src.in.valtech.cl.scenarios.TC_Scenario_03" time="0.048"/>
  <testcase name="step22_ClickOnProductImg" classname="src.in.valtech.cl.scenarios.TC_Scenario_04" time="1.478"/>
  <testcase name="step17_ClickonProceedToCheckOutButtonInMyCart" classname="src.in.valtech.cl.scenarios.TC_Scenario_09" time="2.081"/>
  <testcase name="step18_VerifiedLoginPageOfCheckoutStep1" classname="src.in.valtech.cl.scenarios.TC_Scenario_09" time="0.074"/>
  <testcase name="step20_ClickonShippingAndVerifiedContent" classname="src.in.valtech.cl.scenarios.TC_Scenario_10" time="1.895"/>
  <testcase name="step21_VerifyMainThumbnailImg" classname="src.in.valtech.cl.scenarios.TC_Scenario_10" time="0.137"/>
  <testcase name="step26_ClickonShippingAndVerifiedContent" classname="src.in.valtech.cl.scenarios.TC_Scenario_05" time="1.541"/>
  <testcase name="step16_ClickonProductInfoAndVerifiedContent" classname="src.in.valtech.cl.scenarios.TC_Scenario_02" time="0.664"/>
  <testcase name="step19_EnteredEmailField" classname="src.in.valtech.cl.scenarios.TC_Scenario_09" time="0.195"/>
  <testcase name="step25_ClickonProductInfoAndVerifiedContent" classname="src.in.valtech.cl.scenarios.TC_Scenario_07" time="1.263"/>
  <testcase name="step13_ClickAccountCreateBtn" classname="src.in.valtech.cl.scenarios.TC_Scenario_06" time="1.608"/>
  <testcase name="step20_EnteredPasswordField" classname="src.in.valtech.cl.scenarios.TC_Scenario_09" time="1.482"/>
  <testcase name="step27_ClickonProductCareAndVerifiedContent" classname="src.in.valtech.cl.scenarios.TC_Scenario_05" time="0.229"/>
  <testcase name="step22_ClickonAddToCartButton" classname="src.in.valtech.cl.scenarios.TC_Scenario_10" time="0.223"/>
  <testcase name="step17_ClickonProductCareAndVerifiedContent" classname="src.in.valtech.cl.scenarios.TC_Scenario_02" time="0.348"/>
  <testcase name="step29_VerifiedContactUslink" classname="src.in.valtech.cl.scenarios.TC_Scenario_01" time="0.425">
    <failure message="Contact Us link is not displaying in PDP expected [true] but found [false]" type="java.lang.AssertionError">java.lang.AssertionError: Contact Us link is not displaying in PDP expected [true] but found [false]
	at src.in.valtech.cl.scenarios.TC_Scenario_01.step29_VerifiedContactUslink(TC_Scenario_01.java:335)
</failure>
  </testcase>
  <testcase name="step26_ClickonProductCareAndVerifiedContent" classname="src.in.valtech.cl.scenarios.TC_Scenario_07" time="0.774"/>
  <testcase name="step20_ClickAccountCreateBtn" classname="src.in.valtech.cl.scenarios.TC_Scenario_03" time="0.272"/>
  <testcase name="step14_SelectValFromPrefixDropdown" classname="src.in.valtech.cl.scenarios.TC_Scenario_06" time="0.225"/>
  <testcase name="step30_VerifiedColorSwatches" classname="src.in.valtech.cl.scenarios.TC_Scenario_01" time="0.831"/>
  <testcase name="step21_VerifiedPrefixDropdownIsAutoSelected" classname="src.in.valtech.cl.scenarios.TC_Scenario_03" time="1.192"/>
  <testcase name="step15_EnterLastNameField" classname="src.in.valtech.cl.scenarios.TC_Scenario_06" time="2.321"/>
  <testcase name="step23_VerifiedPDPConfirmationMessagePopUPModal" classname="src.in.valtech.cl.scenarios.TC_Scenario_10" time="0.014"/>
  <testcase name="step24_VerifiedContinueShoppingAndOrderNowBTn" classname="src.in.valtech.cl.scenarios.TC_Scenario_10" time="0.073"/>
  <testcase name="step28_ClickonAddToCartButton" classname="src.in.valtech.cl.scenarios.TC_Scenario_05" time="0.416"/>
  <testcase name="step23_EnterLastNameField" classname="src.in.valtech.cl.scenarios.TC_Scenario_03" time="1.574"/>
  <testcase name="step16_EnterFirstNameField" classname="src.in.valtech.cl.scenarios.TC_Scenario_06" time="2.243"/>
  <testcase name="step12_ClickMyAccountBtn" classname="src.in.valtech.cl.scenarios.TC_Scenario_08" time="1.04"/>
  <testcase name="step31_ClickOnSizeGuideAndCloseOverlay" classname="src.in.valtech.cl.scenarios.TC_Scenario_01" time="0.18"/>
  <testcase name="step24_EnterFirstNameField" classname="src.in.valtech.cl.scenarios.TC_Scenario_03" time="0.983"/>
  <testcase name="step17_EnterEmailAddressField" classname="src.in.valtech.cl.scenarios.TC_Scenario_06" time="2.135"/>
  <testcase name="step25_EnterEmailAddressField" classname="src.in.valtech.cl.scenarios.TC_Scenario_03" time="2.26"/>
  <testcase name="step21_ClickOnSignInButtonAndVerifyGiftSection" classname="src.in.valtech.cl.scenarios.TC_Scenario_09" time="1.408"/>
  <testcase name="step29_VerifiedContentInConfirmationOverlay" classname="src.in.valtech.cl.scenarios.TC_Scenario_05" time="0.049"/>
  <testcase name="step18_EnterPasswordField" classname="src.in.valtech.cl.scenarios.TC_Scenario_06" time="0.645"/>
  <testcase name="step26_EnterPasswordField" classname="src.in.valtech.cl.scenarios.TC_Scenario_03" time="2.197"/>
  <testcase name="step13_ClickAccountCreateBtn" classname="src.in.valtech.cl.scenarios.TC_Scenario_08" time="1.465"/>
  <testcase name="step22_EnterMsgInGiftMsgFld" classname="src.in.valtech.cl.scenarios.TC_Scenario_09" time="0.894"/>
  <testcase name="step18_ClickonShippingAndVerifiedContent" classname="src.in.valtech.cl.scenarios.TC_Scenario_02" time="1.482"/>
  <testcase name="step19_EnterConfirmPasswordField" classname="src.in.valtech.cl.scenarios.TC_Scenario_06" time="0.375"/>
  <testcase name="step27_ClickonShippingAndVerifiedContent" classname="src.in.valtech.cl.scenarios.TC_Scenario_07" time="1.302"/>
  <testcase name="step14_SelectValFromPrefixDropdown" classname="src.in.valtech.cl.scenarios.TC_Scenario_08" time="0.532"/>
  <testcase name="step28_EnterConfirmPasswordField" classname="src.in.valtech.cl.scenarios.TC_Scenario_03" time="0.988"/>
  <testcase name="step32_ClickOnSelectYourSizeButtonAndSelectAnySize" classname="src.in.valtech.cl.scenarios.TC_Scenario_01" time="1.795"/>
  <testcase name="step25_ClickOnOrdernowBtn" classname="src.in.valtech.cl.scenarios.TC_Scenario_10" time="0.511"/>
  <testcase name="step15_EnterLastNameField" classname="src.in.valtech.cl.scenarios.TC_Scenario_08" time="2.061"/>
  <testcase name="step19_ClickonAddToCartButton" classname="src.in.valtech.cl.scenarios.TC_Scenario_02" time="0.325"/>
  <testcase name="step33_ClosePDPConfirmationMessagePopUPModal" classname="src.in.valtech.cl.scenarios.TC_Scenario_01" time="2.956"/>
  <testcase name="step26_OpenNewTabAndNavigatedtoWMS" classname="src.in.valtech.cl.scenarios.TC_Scenario_10" time="1.217"/>
  <testcase name="step16_EnterFirstNameField" classname="src.in.valtech.cl.scenarios.TC_Scenario_08" time="0.379"/>
  <testcase name="step28_ClickonAddToCartButton" classname="src.in.valtech.cl.scenarios.TC_Scenario_07" time="2.546"/>
  <testcase name="step20_VerifiedContentInConfirmationOverlay" classname="src.in.valtech.cl.scenarios.TC_Scenario_02" time="0.015"/>
  <testcase name="step17_EnterEmailAddressField" classname="src.in.valtech.cl.scenarios.TC_Scenario_08" time="1.784"/>
  <testcase name="step23_ClickOnSelectYourSizeButtonAndSelectAnySizeAndVerifyPDP" classname="src.in.valtech.cl.scenarios.TC_Scenario_04" time="0.845"/>
  <testcase name="step18_EnterPasswordField" classname="src.in.valtech.cl.scenarios.TC_Scenario_08" time="3.419"/>
  <testcase name="step20_ClickTermsConditionCheckbox" classname="src.in.valtech.cl.scenarios.TC_Scenario_06" time="0.242"/>
  <testcase name="step29_VerifiedContentInConfirmationOverlay" classname="src.in.valtech.cl.scenarios.TC_Scenario_07" time="0.351"/>
  <testcase name="step24_ClosePDPConfirmationMessagePopUPModal" classname="src.in.valtech.cl.scenarios.TC_Scenario_04" time="1.159"/>
  <testcase name="step29_ClickTermsConditionCheckbox" classname="src.in.valtech.cl.scenarios.TC_Scenario_03" time="1.037"/>
  <testcase name="step34_ClickonProductInfoAndVerifiedContent" classname="src.in.valtech.cl.scenarios.TC_Scenario_01" time="0.552"/>
  <testcase name="step21_ClickonContinueShoppingButtonAndVerifyRemainsInSamePage" classname="src.in.valtech.cl.scenarios.TC_Scenario_02" time="0.993"/>
  <testcase name="step19_EnterConfirmPasswordField" classname="src.in.valtech.cl.scenarios.TC_Scenario_08" time="1.659"/>
  <testcase name="step25_OpenNewTabAndNavigatedtoWMS" classname="src.in.valtech.cl.scenarios.TC_Scenario_04" time="1.452"/>
  <testcase name="step35_ClickonProductCareAndVerifiedContent" classname="src.in.valtech.cl.scenarios.TC_Scenario_01" time="1.71"/>
  <testcase name="step30_ClickonAddToCartButton" classname="src.in.valtech.cl.scenarios.TC_Scenario_05" time="0.524"/>
  <testcase name="step21_ClickCreateCustomerAccountBtn" classname="src.in.valtech.cl.scenarios.TC_Scenario_06" time="0.026"/>
  <testcase name="step30_ClickCreateCustomerAccountBtn" classname="src.in.valtech.cl.scenarios.TC_Scenario_03" time="0.6"/>
  <testcase name="step22_UpdatedProductQntyTillMaxLimitInMyCart" classname="src.in.valtech.cl.scenarios.TC_Scenario_02" time="4.537"/>
  <testcase name="step27_LoggedIntoWMS" classname="src.in.valtech.cl.scenarios.TC_Scenario_10" time="0.051"/>
  <testcase name="step31_ClickonYourCartLinkInConfirmationOverlay" classname="src.in.valtech.cl.scenarios.TC_Scenario_05" time="0.911"/>
  <testcase name="step32_VerifiedMyCartHeaderInMCP" classname="src.in.valtech.cl.scenarios.TC_Scenario_05" time="0.057"/>
  <testcase name="step22_VerifyRegisteredSuccessMsgTxt" classname="src.in.valtech.cl.scenarios.TC_Scenario_06" time="1.21"/>
  <testcase name="step31_VerifyRegisteredSuccessMsgTxt" classname="src.in.valtech.cl.scenarios.TC_Scenario_03" time="0.43"/>
  <testcase name="step23_VerifyUserNameInMYAccount" classname="src.in.valtech.cl.scenarios.TC_Scenario_06" time="4.653"/>
  <testcase name="step32_VerifyUserNameInMYAccount" classname="src.in.valtech.cl.scenarios.TC_Scenario_03" time="0.442"/>
  <testcase name="step24_VerifiedMyAccountPageContents" classname="src.in.valtech.cl.scenarios.TC_Scenario_06" time="2.05"/>
  <testcase name="step33_VerifiedMyAccountPageContents" classname="src.in.valtech.cl.scenarios.TC_Scenario_03" time="0.457"/>
  <testcase name="step35_MouseoverOnL1Category" classname="src.in.valtech.cl.scenarios.TC_Scenario_03" time="0.722"/>
  <testcase name="step20_ClickTermsConditionCheckbox" classname="src.in.valtech.cl.scenarios.TC_Scenario_08" time="0.826"/>
  <testcase name="step28_ClickOnOKbutton" classname="src.in.valtech.cl.scenarios.TC_Scenario_10" time="0.54"/>
  <testcase name="step26_MouseOverElementOnLadiesL1Category" classname="src.in.valtech.cl.scenarios.TC_Scenario_06" time="0.214"/>
  <testcase name="step30_ClickonOrderNowButton" classname="src.in.valtech.cl.scenarios.TC_Scenario_07" time="3.887"/>
  <testcase name="step31_VerifiedGiftOptionsHeaderInCP" classname="src.in.valtech.cl.scenarios.TC_Scenario_07" time="0.054"/>
  <testcase name="step23_ClickonOrderNowButton" classname="src.in.valtech.cl.scenarios.TC_Scenario_02" time="0.166"/>
  <testcase name="step24_VerifiedGiftOptionsHeaderInCP" classname="src.in.valtech.cl.scenarios.TC_Scenario_02" time="0.317"/>
  <testcase name="step26_LoggedIntoWMS" classname="src.in.valtech.cl.scenarios.TC_Scenario_04" time="0.453"/>
  <testcase name="step36_ClickonShippingAndVerifiedContent" classname="src.in.valtech.cl.scenarios.TC_Scenario_01" time="2.406"/>
  <testcase name="step37_VerifyMainThumbnailImg" classname="src.in.valtech.cl.scenarios.TC_Scenario_01" time="0.395"/>
  <testcase name="step27_ClickOnL3KateLadiesCategory" classname="src.in.valtech.cl.scenarios.TC_Scenario_06" time="0.961"/>
  <testcase name="step21_ClickCreateCustomerAccountBtn" classname="src.in.valtech.cl.scenarios.TC_Scenario_08" time="0.308"/>
  <testcase name="step25_OpenNewTabAndNavigatedtoWMS" classname="src.in.valtech.cl.scenarios.TC_Scenario_02" time="1.065"/>
  <testcase name="step32_OpenNewTabAndNavigatedtoWMS" classname="src.in.valtech.cl.scenarios.TC_Scenario_07" time="0.599"/>
  <testcase name="step33_VerifyDetails_MainCart" classname="src.in.valtech.cl.scenarios.TC_Scenario_05" time="0.919"/>
  <testcase name="step29_MouseOverElementOnDataListsMenu" classname="src.in.valtech.cl.scenarios.TC_Scenario_10" time="0.303"/>
  <testcase name="step23_MouseOverElementOnLadiesL1Category" classname="src.in.valtech.cl.scenarios.TC_Scenario_09" time="0.996">
    <failure message="no such element: Unable to locate element: {&quot;method&quot;:&quot;xpath&quot;,&quot;selector&quot;:&quot;//button[contains(@data-href ,&apos;ladies&apos;) or contains(@data-href,&apos;mesdames&apos;)]&quot;}&#10;  (Session info: chrome=121.0.6167.185)&#10;For documentation on this error, please visit: https://www.seleniumhq.org/exceptions/no_such_element.html&#10;Build info: version: &apos;3.141.59&apos;, revision: &apos;e82be7d358&apos;, time: &apos;2018-11-14T08:17:03&apos;&#10;System info: host: &apos;IN-PF42S2RF&apos;, ip: &apos;192.168.1.6&apos;, os.name: &apos;Windows 10&apos;, os.arch: &apos;amd64&apos;, os.version: &apos;10.0&apos;, java.version: &apos;11.0.2&apos;&#10;Driver info: org.openqa.selenium.chrome.ChromeDriver&#10;Capabilities {acceptInsecureCerts: false, browserName: chrome, browserVersion: 121.0.6167.185, chrome: {chromedriverVersion: 121.0.6167.85 (3f98d690ad7e..., userDataDir: C:\Users\CHAITR~1.BAB\AppDa...}, fedcm:accounts: true, goog:chromeOptions: {debuggerAddress: localhost:49878}, javascriptEnabled: true, networkConnectionEnabled: false, pageLoadStrategy: normal, platform: WINDOWS, platformName: WINDOWS, proxy: Proxy(), setWindowRect: true, strictFileInteractability: false, timeouts: {implicit: 0, pageLoad: 300000, script: 30000}, unhandledPromptBehavior: dismiss and notify, webauthn:extension:credBlob: true, webauthn:extension:largeBlob: true, webauthn:extension:minPinLength: true, webauthn:extension:prf: true, webauthn:virtualAuthenticators: true}&#10;Session ID: b21dab167d1f169a121712e968d1e14e&#10;*** Element info: {Using=xpath, value=//button[contains(@data-href ,&apos;ladies&apos;) or contains(@data-href,&apos;mesdames&apos;)]}" type="org.openqa.selenium.NoSuchElementException">org.openqa.selenium.NoSuchElementException: 
no such element: Unable to locate element: {"method":"xpath","selector":"//button[contains(@data-href ,'ladies') or contains(@data-href,'mesdames')]"}
  (Session info: chrome=121.0.6167.185)
For documentation on this error, please visit: https://www.seleniumhq.org/exceptions/no_such_element.html
Build info: version: '3.141.59', revision: 'e82be7d358', time: '2018-11-14T08:17:03'
System info: host: 'IN-PF42S2RF', ip: '192.168.1.6', os.name: 'Windows 10', os.arch: 'amd64', os.version: '10.0', java.version: '11.0.2'
Driver info: org.openqa.selenium.chrome.ChromeDriver
Capabilities {acceptInsecureCerts: false, browserName: chrome, browserVersion: 121.0.6167.185, chrome: {chromedriverVersion: 121.0.6167.85 (3f98d690ad7e..., userDataDir: C:\Users\CHAITR~1.BAB\AppDa...}, fedcm:accounts: true, goog:chromeOptions: {debuggerAddress: localhost:49878}, javascriptEnabled: true, networkConnectionEnabled: false, pageLoadStrategy: normal, platform: WINDOWS, platformName: WINDOWS, proxy: Proxy(), setWindowRect: true, strictFileInteractability: false, timeouts: {implicit: 0, pageLoad: 300000, script: 30000}, unhandledPromptBehavior: dismiss and notify, webauthn:extension:credBlob: true, webauthn:extension:largeBlob: true, webauthn:extension:minPinLength: true, webauthn:extension:prf: true, webauthn:virtualAuthenticators: true}
Session ID: b21dab167d1f169a121712e968d1e14e
*** Element info: {Using=xpath, value=//button[contains(@data-href ,'ladies') or contains(@data-href,'mesdames')]}
	at src.in.valtech.cl.scenarios.TC_Scenario_09.step23_MouseOverElementOnLadiesL1Category(TC_Scenario_09.java:255)
</failure>
  </testcase>
  <testcase name="step36_ClickOnL2KateLadiesCategory" classname="src.in.valtech.cl.scenarios.TC_Scenario_03" time="1.216"/>
  <testcase name="step37_VerificationOfCategoryPage" classname="src.in.valtech.cl.scenarios.TC_Scenario_03" time="0.068"/>
  <testcase name="step38_ClickonAddToCartButton" classname="src.in.valtech.cl.scenarios.TC_Scenario_01" time="2.338"/>
  <testcase name="step27_ClickOnOKbutton" classname="src.in.valtech.cl.scenarios.TC_Scenario_04" time="2.659"/>
  <testcase name="step28_ClickOnProductImg" classname="src.in.valtech.cl.scenarios.TC_Scenario_06" time="0.826"/>
  <testcase name="step29_VerifiedProductNameinPDP" classname="src.in.valtech.cl.scenarios.TC_Scenario_06" time="2.616"/>
  <testcase name="step30_ClickOnProductsFromDataLists" classname="src.in.valtech.cl.scenarios.TC_Scenario_10" time="0.722"/>
  <testcase name="step30_VerifiedProductPriceinPDP" classname="src.in.valtech.cl.scenarios.TC_Scenario_06" time="1.789"/>
  <testcase name="step31_VerifiedProductBrandNametxtInPDP" classname="src.in.valtech.cl.scenarios.TC_Scenario_06" time="2.156"/>
  <testcase name="step38_ClickOnProductImg" classname="src.in.valtech.cl.scenarios.TC_Scenario_03" time="1.669"/>
  <testcase name="step32_VerifiedAddtoCartbtnInPDP" classname="src.in.valtech.cl.scenarios.TC_Scenario_06" time="0.476"/>
  <testcase name="step33_ClickOnInStoreAvailabilityButtonAndCloseOverlay" classname="src.in.valtech.cl.scenarios.TC_Scenario_06" time="0.018"/>
  <testcase name="step34_VerifiedContactUslink" classname="src.in.valtech.cl.scenarios.TC_Scenario_06" time="0"/>
  <testcase name="step35_VerifiedColorSwatches" classname="src.in.valtech.cl.scenarios.TC_Scenario_06" time="0.073"/>
  <testcase name="step39_VerifiedPDPConfirmationMessagePopUPModal" classname="src.in.valtech.cl.scenarios.TC_Scenario_01" time="0.105"/>
  <testcase name="step39_VerifiedProductNameinPDP" classname="src.in.valtech.cl.scenarios.TC_Scenario_03" time="1.53"/>
  <testcase name="step22_VerifyRegisteredSuccessMsgTxt" classname="src.in.valtech.cl.scenarios.TC_Scenario_08" time="0.273"/>
  <testcase name="step28_MouseOverElementOnDataListsMenu" classname="src.in.valtech.cl.scenarios.TC_Scenario_04" time="0.49"/>
  <testcase name="step40_VerifiedProductPriceinPDP" classname="src.in.valtech.cl.scenarios.TC_Scenario_03" time="1.661"/>
  <testcase name="step24_ClickOnL2AccessoiresLadiesCategory" classname="src.in.valtech.cl.scenarios.TC_Scenario_09" time="0.554">
    <failure message="no such element: Unable to locate element: {&quot;method&quot;:&quot;xpath&quot;,&quot;selector&quot;:&quot;//a[contains(@id,&apos;cat&apos;)]//span[contains(text(),&apos;Accesso&apos;)]&quot;}&#10;  (Session info: chrome=121.0.6167.185)&#10;For documentation on this error, please visit: https://www.seleniumhq.org/exceptions/no_such_element.html&#10;Build info: version: &apos;3.141.59&apos;, revision: &apos;e82be7d358&apos;, time: &apos;2018-11-14T08:17:03&apos;&#10;System info: host: &apos;IN-PF42S2RF&apos;, ip: &apos;192.168.1.6&apos;, os.name: &apos;Windows 10&apos;, os.arch: &apos;amd64&apos;, os.version: &apos;10.0&apos;, java.version: &apos;11.0.2&apos;&#10;Driver info: org.openqa.selenium.chrome.ChromeDriver&#10;Capabilities {acceptInsecureCerts: false, browserName: chrome, browserVersion: 121.0.6167.185, chrome: {chromedriverVersion: 121.0.6167.85 (3f98d690ad7e..., userDataDir: C:\Users\CHAITR~1.BAB\AppDa...}, fedcm:accounts: true, goog:chromeOptions: {debuggerAddress: localhost:49878}, javascriptEnabled: true, networkConnectionEnabled: false, pageLoadStrategy: normal, platform: WINDOWS, platformName: WINDOWS, proxy: Proxy(), setWindowRect: true, strictFileInteractability: false, timeouts: {implicit: 0, pageLoad: 300000, script: 30000}, unhandledPromptBehavior: dismiss and notify, webauthn:extension:credBlob: true, webauthn:extension:largeBlob: true, webauthn:extension:minPinLength: true, webauthn:extension:prf: true, webauthn:virtualAuthenticators: true}&#10;Session ID: b21dab167d1f169a121712e968d1e14e&#10;*** Element info: {Using=xpath, value=//a[contains(@id,&apos;cat&apos;)]//span[contains(text(),&apos;Accesso&apos;)]}" type="org.openqa.selenium.NoSuchElementException">org.openqa.selenium.NoSuchElementException: 
no such element: Unable to locate element: {"method":"xpath","selector":"//a[contains(@id,'cat')]//span[contains(text(),'Accesso')]"}
  (Session info: chrome=121.0.6167.185)
For documentation on this error, please visit: https://www.seleniumhq.org/exceptions/no_such_element.html
Build info: version: '3.141.59', revision: 'e82be7d358', time: '2018-11-14T08:17:03'
System info: host: 'IN-PF42S2RF', ip: '192.168.1.6', os.name: 'Windows 10', os.arch: 'amd64', os.version: '10.0', java.version: '11.0.2'
Driver info: org.openqa.selenium.chrome.ChromeDriver
Capabilities {acceptInsecureCerts: false, browserName: chrome, browserVersion: 121.0.6167.185, chrome: {chromedriverVersion: 121.0.6167.85 (3f98d690ad7e..., userDataDir: C:\Users\CHAITR~1.BAB\AppDa...}, fedcm:accounts: true, goog:chromeOptions: {debuggerAddress: localhost:49878}, javascriptEnabled: true, networkConnectionEnabled: false, pageLoadStrategy: normal, platform: WINDOWS, platformName: WINDOWS, proxy: Proxy(), setWindowRect: true, strictFileInteractability: false, timeouts: {implicit: 0, pageLoad: 300000, script: 30000}, unhandledPromptBehavior: dismiss and notify, webauthn:extension:credBlob: true, webauthn:extension:largeBlob: true, webauthn:extension:minPinLength: true, webauthn:extension:prf: true, webauthn:virtualAuthenticators: true}
Session ID: b21dab167d1f169a121712e968d1e14e
*** Element info: {Using=xpath, value=//a[contains(@id,'cat')]//span[contains(text(),'Accesso')]}
	at src.in.valtech.cl.scenarios.TC_Scenario_09.step24_ClickOnL2AccessoiresLadiesCategory(TC_Scenario_09.java:261)
</failure>
  </testcase>
  <testcase name="step40_OpenNewTabAndNavigatedtoWMS" classname="src.in.valtech.cl.scenarios.TC_Scenario_01" time="0.562"/>
  <testcase name="step34_ClickOnDecreaseQtyIcon" classname="src.in.valtech.cl.scenarios.TC_Scenario_05" time="0.776"/>
  <testcase name="step35_ComparingTotalCorrectSummaryAmountAfterRemovingOneProductQnty" classname="src.in.valtech.cl.scenarios.TC_Scenario_05" time="0.042"/>
  <testcase name="step41_VerifiedBrandnameinPDP" classname="src.in.valtech.cl.scenarios.TC_Scenario_03" time="0.063"/>
  <testcase name="step26_LoggedIntoWMS" classname="src.in.valtech.cl.scenarios.TC_Scenario_02" time="0.061"/>
  <testcase name="step33_LoggedIntoWMS" classname="src.in.valtech.cl.scenarios.TC_Scenario_07" time="1"/>
  <testcase name="step42_VerifiedColorSwatches" classname="src.in.valtech.cl.scenarios.TC_Scenario_03" time="1.039"/>
  <testcase name="step43_VerifiedAddtoCartbtnInPDP" classname="src.in.valtech.cl.scenarios.TC_Scenario_03" time="0.047"/>
  <testcase name="step44_ClickOnInStoreAvailabilityButtonAndCloseOverlay" classname="src.in.valtech.cl.scenarios.TC_Scenario_03" time="0.015"/>
  <testcase name="step45_VerifiedContactUslink" classname="src.in.valtech.cl.scenarios.TC_Scenario_03" time="0.045"/>
  <testcase name="step36_ClickOnSizeGuideAndCloseOverlay" classname="src.in.valtech.cl.scenarios.TC_Scenario_06" time="0.569"/>
  <testcase name="step29_ClickOnProductsFromDataLists" classname="src.in.valtech.cl.scenarios.TC_Scenario_04" time="3.667"/>
  <testcase name="step25_AppliedColorFilter" classname="src.in.valtech.cl.scenarios.TC_Scenario_09" time="2.195">
    <failure message="no such element: Unable to locate element: {&quot;method&quot;:&quot;xpath&quot;,&quot;selector&quot;:&quot;//h2[contains(text(),&apos;sac&apos;) or contains(text(),&apos;Keychains&apos;)]/../following-sibling::div//div[@class=&apos;see-all-link&apos;]&quot;}&#10;  (Session info: chrome=121.0.6167.185)&#10;For documentation on this error, please visit: https://www.seleniumhq.org/exceptions/no_such_element.html&#10;Build info: version: &apos;3.141.59&apos;, revision: &apos;e82be7d358&apos;, time: &apos;2018-11-14T08:17:03&apos;&#10;System info: host: &apos;IN-PF42S2RF&apos;, ip: &apos;192.168.1.6&apos;, os.name: &apos;Windows 10&apos;, os.arch: &apos;amd64&apos;, os.version: &apos;10.0&apos;, java.version: &apos;11.0.2&apos;&#10;Driver info: org.openqa.selenium.chrome.ChromeDriver&#10;Capabilities {acceptInsecureCerts: false, browserName: chrome, browserVersion: 121.0.6167.185, chrome: {chromedriverVersion: 121.0.6167.85 (3f98d690ad7e..., userDataDir: C:\Users\CHAITR~1.BAB\AppDa...}, fedcm:accounts: true, goog:chromeOptions: {debuggerAddress: localhost:49878}, javascriptEnabled: true, networkConnectionEnabled: false, pageLoadStrategy: normal, platform: WINDOWS, platformName: WINDOWS, proxy: Proxy(), setWindowRect: true, strictFileInteractability: false, timeouts: {implicit: 0, pageLoad: 300000, script: 30000}, unhandledPromptBehavior: dismiss and notify, webauthn:extension:credBlob: true, webauthn:extension:largeBlob: true, webauthn:extension:minPinLength: true, webauthn:extension:prf: true, webauthn:virtualAuthenticators: true}&#10;Session ID: b21dab167d1f169a121712e968d1e14e&#10;*** Element info: {Using=xpath, value=//h2[contains(text(),&apos;sac&apos;) or contains(text(),&apos;Keychains&apos;)]/../following-sibling::div//div[@class=&apos;see-all-link&apos;]}" type="org.openqa.selenium.NoSuchElementException">org.openqa.selenium.NoSuchElementException: 
no such element: Unable to locate element: {"method":"xpath","selector":"//h2[contains(text(),'sac') or contains(text(),'Keychains')]/../following-sibling::div//div[@class='see-all-link']"}
  (Session info: chrome=121.0.6167.185)
For documentation on this error, please visit: https://www.seleniumhq.org/exceptions/no_such_element.html
Build info: version: '3.141.59', revision: 'e82be7d358', time: '2018-11-14T08:17:03'
System info: host: 'IN-PF42S2RF', ip: '192.168.1.6', os.name: 'Windows 10', os.arch: 'amd64', os.version: '10.0', java.version: '11.0.2'
Driver info: org.openqa.selenium.chrome.ChromeDriver
Capabilities {acceptInsecureCerts: false, browserName: chrome, browserVersion: 121.0.6167.185, chrome: {chromedriverVersion: 121.0.6167.85 (3f98d690ad7e..., userDataDir: C:\Users\CHAITR~1.BAB\AppDa...}, fedcm:accounts: true, goog:chromeOptions: {debuggerAddress: localhost:49878}, javascriptEnabled: true, networkConnectionEnabled: false, pageLoadStrategy: normal, platform: WINDOWS, platformName: WINDOWS, proxy: Proxy(), setWindowRect: true, strictFileInteractability: false, timeouts: {implicit: 0, pageLoad: 300000, script: 30000}, unhandledPromptBehavior: dismiss and notify, webauthn:extension:credBlob: true, webauthn:extension:largeBlob: true, webauthn:extension:minPinLength: true, webauthn:extension:prf: true, webauthn:virtualAuthenticators: true}
Session ID: b21dab167d1f169a121712e968d1e14e
*** Element info: {Using=xpath, value=//h2[contains(text(),'sac') or contains(text(),'Keychains')]/../following-sibling::div//div[@class='see-all-link']}
	at src.in.valtech.cl.scenarios.TC_Scenario_09.step25_AppliedColorFilter(TC_Scenario_09.java:269)
</failure>
    <system-out><![CDATA[2024-02-27 18:45:45 INFO  GUIFunctions:428 - Successfully clicked on element: Click on sizeguide button
2024-02-27 18:45:45 INFO  WMSPage:144 - Entered Password Successfully: Louboutin2022!
2024-02-27 18:45:46 INFO  GUIFunctions:428 - Successfully clicked on element: Click on Size Button 
2024-02-27 18:45:46 INFO  ProductDetailsPage:118 - Successfully Verified Size Guide Table in PDP
]]></system-out>
  </testcase>
  <testcase name="step31_EnterSearchableSKUAndClickOnSubmitFilter" classname="src.in.valtech.cl.scenarios.TC_Scenario_10" time="1.591"/>
  <testcase name="step46_ClickOnSizeGuideAndCloseOverlay" classname="src.in.valtech.cl.scenarios.TC_Scenario_03" time="0.311"/>
  <testcase name="step27_ClickOnOKbutton" classname="src.in.valtech.cl.scenarios.TC_Scenario_02" time="1.482"/>
  <testcase name="step23_VerifyUserNameInMYAccount" classname="src.in.valtech.cl.scenarios.TC_Scenario_08" time="0.322"/>
  <testcase name="step34_ClickOnOKbutton" classname="src.in.valtech.cl.scenarios.TC_Scenario_07" time="0.664"/>
  <testcase name="step26_ClickonAddToCartButton" classname="src.in.valtech.cl.scenarios.TC_Scenario_09" time="5.665">
    <failure message="Contact Us link is not displaying in PDP expected [true] but found [false]" type="java.lang.AssertionError">java.lang.AssertionError: Contact Us link is not displaying in PDP expected [true] but found [false]
	at src.in.valtech.cl.scenarios.TC_Scenario_09.step26_ClickonAddToCartButton(TC_Scenario_09.java:303)
</failure>
    <system-out><![CDATA[2024-02-27 18:45:54 INFO  GUIFunctions:428 - Successfully clicked on element: Click on Size Button 
Selected Size : 34
2024-02-27 18:45:56 INFO  GUIFunctions:104 - Successfully clicked on element: Click on submit button
]]></system-out>
  </testcase>
  <testcase name="step41_LoggedIntoWMS" classname="src.in.valtech.cl.scenarios.TC_Scenario_01" time="3.788"/>
  <testcase name="step28_MouseOverElementOnDataListsMenu" classname="src.in.valtech.cl.scenarios.TC_Scenario_02" time="1.251"/>
  <testcase name="step32_ClickOnDetailsButton" classname="src.in.valtech.cl.scenarios.TC_Scenario_10" time="0.753"/>
  <testcase name="step35_MouseOverElementOnDataListsMenu" classname="src.in.valtech.cl.scenarios.TC_Scenario_07" time="0.107"/>
  <testcase name="step36_ClickOnProceedToCheckOutCTA" classname="src.in.valtech.cl.scenarios.TC_Scenario_05" time="0.28"/>
  <testcase name="step37_ClickOnSelectYourSizeButtonAndSelectAnySize" classname="src.in.valtech.cl.scenarios.TC_Scenario_06" time="2.46"/>
  <testcase name="step24_VerifiedMyAccountPageContents" classname="src.in.valtech.cl.scenarios.TC_Scenario_08" time="0.339"/>
  <testcase name="step30_EnterSearchableSKUAndClickOnSubmitFilter" classname="src.in.valtech.cl.scenarios.TC_Scenario_04" time="0.642"/>
  <testcase name="step25_MouseoverOnL1BeautyCategory" classname="src.in.valtech.cl.scenarios.TC_Scenario_08" time="0.602"/>
  <testcase name="step37_VerifyLoginSectionAtCheckoutStep1" classname="src.in.valtech.cl.scenarios.TC_Scenario_05" time="4.251"/>
  <testcase name="step38_VerifiedGiftOptionsHeaderInCP" classname="src.in.valtech.cl.scenarios.TC_Scenario_05" time="0.075"/>
  <testcase name="step39_ScrollDownTillGiftWrappingImgAndSelectedInCP" classname="src.in.valtech.cl.scenarios.TC_Scenario_05" time="0.122"/>
  <testcase name="step29_ClickOnProductsFromDataLists" classname="src.in.valtech.cl.scenarios.TC_Scenario_02" time="0.632"/>
  <testcase name="step47_ClickOnSelectYourSizeButtonAndSelectAnySize" classname="src.in.valtech.cl.scenarios.TC_Scenario_03" time="0.089"/>
  <testcase name="step42_ClickOnOKbutton" classname="src.in.valtech.cl.scenarios.TC_Scenario_01" time="0.529"/>
  <testcase name="step36_ClickOnProductsFromDataLists" classname="src.in.valtech.cl.scenarios.TC_Scenario_07" time="0.22"/>
  <testcase name="step33_VerifyInitialSaleableStock" classname="src.in.valtech.cl.scenarios.TC_Scenario_10" time="1.815"/>
  <testcase name="step27_VerifiedContentInConfirmationOverlay" classname="src.in.valtech.cl.scenarios.TC_Scenario_09" time="2.274">
    <failure message="no such element: Unable to locate element: {&quot;method&quot;:&quot;xpath&quot;,&quot;selector&quot;:&quot;//*[contains(@data-bind, &apos;Amazing!&apos;)]&quot;}&#10;  (Session info: chrome=121.0.6167.185)&#10;For documentation on this error, please visit: https://www.seleniumhq.org/exceptions/no_such_element.html&#10;Build info: version: &apos;3.141.59&apos;, revision: &apos;e82be7d358&apos;, time: &apos;2018-11-14T08:17:03&apos;&#10;System info: host: &apos;IN-PF42S2RF&apos;, ip: &apos;192.168.1.6&apos;, os.name: &apos;Windows 10&apos;, os.arch: &apos;amd64&apos;, os.version: &apos;10.0&apos;, java.version: &apos;11.0.2&apos;&#10;Driver info: org.openqa.selenium.chrome.ChromeDriver&#10;Capabilities {acceptInsecureCerts: false, browserName: chrome, browserVersion: 121.0.6167.185, chrome: {chromedriverVersion: 121.0.6167.85 (3f98d690ad7e..., userDataDir: C:\Users\CHAITR~1.BAB\AppDa...}, fedcm:accounts: true, goog:chromeOptions: {debuggerAddress: localhost:49878}, javascriptEnabled: true, networkConnectionEnabled: false, pageLoadStrategy: normal, platform: WINDOWS, platformName: WINDOWS, proxy: Proxy(), setWindowRect: true, strictFileInteractability: false, timeouts: {implicit: 0, pageLoad: 300000, script: 30000}, unhandledPromptBehavior: dismiss and notify, webauthn:extension:credBlob: true, webauthn:extension:largeBlob: true, webauthn:extension:minPinLength: true, webauthn:extension:prf: true, webauthn:virtualAuthenticators: true}&#10;Session ID: b21dab167d1f169a121712e968d1e14e&#10;*** Element info: {Using=xpath, value=//*[contains(@data-bind, &apos;Amazing!&apos;)]}" type="org.openqa.selenium.NoSuchElementException">org.openqa.selenium.NoSuchElementException: 
no such element: Unable to locate element: {"method":"xpath","selector":"//*[contains(@data-bind, 'Amazing!')]"}
  (Session info: chrome=121.0.6167.185)
For documentation on this error, please visit: https://www.seleniumhq.org/exceptions/no_such_element.html
Build info: version: '3.141.59', revision: 'e82be7d358', time: '2018-11-14T08:17:03'
System info: host: 'IN-PF42S2RF', ip: '192.168.1.6', os.name: 'Windows 10', os.arch: 'amd64', os.version: '10.0', java.version: '11.0.2'
Driver info: org.openqa.selenium.chrome.ChromeDriver
Capabilities {acceptInsecureCerts: false, browserName: chrome, browserVersion: 121.0.6167.185, chrome: {chromedriverVersion: 121.0.6167.85 (3f98d690ad7e..., userDataDir: C:\Users\CHAITR~1.BAB\AppDa...}, fedcm:accounts: true, goog:chromeOptions: {debuggerAddress: localhost:49878}, javascriptEnabled: true, networkConnectionEnabled: false, pageLoadStrategy: normal, platform: WINDOWS, platformName: WINDOWS, proxy: Proxy(), setWindowRect: true, strictFileInteractability: false, timeouts: {implicit: 0, pageLoad: 300000, script: 30000}, unhandledPromptBehavior: dismiss and notify, webauthn:extension:credBlob: true, webauthn:extension:largeBlob: true, webauthn:extension:minPinLength: true, webauthn:extension:prf: true, webauthn:virtualAuthenticators: true}
Session ID: b21dab167d1f169a121712e968d1e14e
*** Element info: {Using=xpath, value=//*[contains(@data-bind, 'Amazing!')]}
	at src.in.valtech.cl.scenarios.TC_Scenario_09.step27_VerifiedContentInConfirmationOverlay(TC_Scenario_09.java:313)
</failure>
  </testcase>
  <testcase name="step40_ClickOnUpdateButtonInCP" classname="src.in.valtech.cl.scenarios.TC_Scenario_05" time="3.416"/>
  <testcase name="step41_VerifiedShippingAddressHeaderInCP" classname="src.in.valtech.cl.scenarios.TC_Scenario_05" time="0.62"/>
  <testcase name="step38_ClickonProductInfoAndVerifiedContent" classname="src.in.valtech.cl.scenarios.TC_Scenario_06" time="1.127"/>
  <testcase name="step31_ClickOnDetailsButton" classname="src.in.valtech.cl.scenarios.TC_Scenario_04" time="1.706"/>
  <testcase name="step34_VerifyReservedStock" classname="src.in.valtech.cl.scenarios.TC_Scenario_10" time="3.152"/>
  <testcase name="step42_OpenNewTabAndNavigatedtoWMS" classname="src.in.valtech.cl.scenarios.TC_Scenario_05" time="0.181"/>
  <testcase name="step43_MouseOverElementOnDataListsMenu" classname="src.in.valtech.cl.scenarios.TC_Scenario_01" time="1.359"/>
  <testcase name="step26_ClickOnL2LipsCategory" classname="src.in.valtech.cl.scenarios.TC_Scenario_08" time="0.107"/>
  <testcase name="step48_ClickonProductInfoAndVerifiedContent" classname="src.in.valtech.cl.scenarios.TC_Scenario_03" time="0.153"/>
  <testcase name="step39_ClickonProductCareAndVerifiedContent" classname="src.in.valtech.cl.scenarios.TC_Scenario_06" time="0.186"/>
  <testcase name="step28_ClickonYourCartLinkInConfirmationOverlay" classname="src.in.valtech.cl.scenarios.TC_Scenario_09" time="1.828">
    <failure message="no such element: Unable to locate element: {&quot;method&quot;:&quot;xpath&quot;,&quot;selector&quot;:&quot;//span[contains(@data-bind, &apos;your cart.&apos;)]&quot;}&#10;  (Session info: chrome=121.0.6167.185)&#10;For documentation on this error, please visit: https://www.seleniumhq.org/exceptions/no_such_element.html&#10;Build info: version: &apos;3.141.59&apos;, revision: &apos;e82be7d358&apos;, time: &apos;2018-11-14T08:17:03&apos;&#10;System info: host: &apos;IN-PF42S2RF&apos;, ip: &apos;192.168.1.6&apos;, os.name: &apos;Windows 10&apos;, os.arch: &apos;amd64&apos;, os.version: &apos;10.0&apos;, java.version: &apos;11.0.2&apos;&#10;Driver info: org.openqa.selenium.chrome.ChromeDriver&#10;Capabilities {acceptInsecureCerts: false, browserName: chrome, browserVersion: 121.0.6167.185, chrome: {chromedriverVersion: 121.0.6167.85 (3f98d690ad7e..., userDataDir: C:\Users\CHAITR~1.BAB\AppDa...}, fedcm:accounts: true, goog:chromeOptions: {debuggerAddress: localhost:49878}, javascriptEnabled: true, networkConnectionEnabled: false, pageLoadStrategy: normal, platform: WINDOWS, platformName: WINDOWS, proxy: Proxy(), setWindowRect: true, strictFileInteractability: false, timeouts: {implicit: 0, pageLoad: 300000, script: 30000}, unhandledPromptBehavior: dismiss and notify, webauthn:extension:credBlob: true, webauthn:extension:largeBlob: true, webauthn:extension:minPinLength: true, webauthn:extension:prf: true, webauthn:virtualAuthenticators: true}&#10;Session ID: b21dab167d1f169a121712e968d1e14e&#10;*** Element info: {Using=xpath, value=//span[contains(@data-bind, &apos;your cart.&apos;)]}" type="org.openqa.selenium.NoSuchElementException">org.openqa.selenium.NoSuchElementException: 
no such element: Unable to locate element: {"method":"xpath","selector":"//span[contains(@data-bind, 'your cart.')]"}
  (Session info: chrome=121.0.6167.185)
For documentation on this error, please visit: https://www.seleniumhq.org/exceptions/no_such_element.html
Build info: version: '3.141.59', revision: 'e82be7d358', time: '2018-11-14T08:17:03'
System info: host: 'IN-PF42S2RF', ip: '192.168.1.6', os.name: 'Windows 10', os.arch: 'amd64', os.version: '10.0', java.version: '11.0.2'
Driver info: org.openqa.selenium.chrome.ChromeDriver
Capabilities {acceptInsecureCerts: false, browserName: chrome, browserVersion: 121.0.6167.185, chrome: {chromedriverVersion: 121.0.6167.85 (3f98d690ad7e..., userDataDir: C:\Users\CHAITR~1.BAB\AppDa...}, fedcm:accounts: true, goog:chromeOptions: {debuggerAddress: localhost:49878}, javascriptEnabled: true, networkConnectionEnabled: false, pageLoadStrategy: normal, platform: WINDOWS, platformName: WINDOWS, proxy: Proxy(), setWindowRect: true, strictFileInteractability: false, timeouts: {implicit: 0, pageLoad: 300000, script: 30000}, unhandledPromptBehavior: dismiss and notify, webauthn:extension:credBlob: true, webauthn:extension:largeBlob: true, webauthn:extension:minPinLength: true, webauthn:extension:prf: true, webauthn:virtualAuthenticators: true}
Session ID: b21dab167d1f169a121712e968d1e14e
*** Element info: {Using=xpath, value=//span[contains(@data-bind, 'your cart.')]}
	at src.in.valtech.cl.scenarios.TC_Scenario_09.step28_ClickonYourCartLinkInConfirmationOverlay(TC_Scenario_09.java:319)
</failure>
    <system-out><![CDATA[2024-02-27 18:46:28 INFO  GUIFunctions:104 - Successfully clicked on element: Click on submit filter button
]]></system-out>
  </testcase>
  <testcase name="step32_VerifyInitialSaleableStock" classname="src.in.valtech.cl.scenarios.TC_Scenario_04" time="5.09"/>
  <testcase name="step49_ClickonProductCareAndVerifiedContent" classname="src.in.valtech.cl.scenarios.TC_Scenario_03" time="0"/>
  <testcase name="step35_OpenNewTabAndNavigatedtoMagentoBO" classname="src.in.valtech.cl.scenarios.TC_Scenario_10" time="0.118"/>
  <testcase name="step44_ClickOnProductsFromDataLists" classname="src.in.valtech.cl.scenarios.TC_Scenario_01" time="2.63"/>
  <testcase name="step37_EnterSearchableSKUAndClickOnSubmitFilter" classname="src.in.valtech.cl.scenarios.TC_Scenario_07" time="1.735"/>
  <testcase name="step28_ClickOnProductImg" classname="src.in.valtech.cl.scenarios.TC_Scenario_08" time="0.482"/>
  <testcase name="step36_EnteredUsernameField" classname="src.in.valtech.cl.scenarios.TC_Scenario_10" time="0.011"/>
  <testcase name="step29_VerifiedProductNameinPDP" classname="src.in.valtech.cl.scenarios.TC_Scenario_08" time="2.242"/>
  <testcase name="step30_EnterSearchableSKUAndClickOnSubmitFilter" classname="src.in.valtech.cl.scenarios.TC_Scenario_02" time="1.714"/>
  <testcase name="step30_VerifiedProductBrandNametxtInPDP" classname="src.in.valtech.cl.scenarios.TC_Scenario_08" time="0.444"/>
  <testcase name="step37_EnteredPasswordField" classname="src.in.valtech.cl.scenarios.TC_Scenario_10" time="0.223"/>
  <testcase name="step33_VerifyReservedStock" classname="src.in.valtech.cl.scenarios.TC_Scenario_04" time="0.467"/>
  <testcase name="step31_VerifiedProductPriceinPDP" classname="src.in.valtech.cl.scenarios.TC_Scenario_08" time="1.556"/>
  <testcase name="step32_VerifiedAddtoCartbtnInPDP" classname="src.in.valtech.cl.scenarios.TC_Scenario_08" time="0.132"/>
  <testcase name="step33_ClickOnInStoreAvailabilityButtonAndCloseOverlay" classname="src.in.valtech.cl.scenarios.TC_Scenario_08" time="0.014"/>
  <testcase name="step34_VerifiedContactUslink" classname="src.in.valtech.cl.scenarios.TC_Scenario_08" time="0.109"/>
  <testcase name="step35_VerifiedColorSwatches" classname="src.in.valtech.cl.scenarios.TC_Scenario_08" time="2.212"/>
  <testcase name="step29_VerifiedMyCartHeaderInMCP" classname="src.in.valtech.cl.scenarios.TC_Scenario_09" time="0.926">
    <failure message="My Cart header is not displayed expected [true] but found [false]" type="java.lang.AssertionError">java.lang.AssertionError: My Cart header is not displayed expected [true] but found [false]
	at src.in.valtech.cl.scenarios.TC_Scenario_09.step29_VerifiedMyCartHeaderInMCP(TC_Scenario_09.java:328)
</failure>
  </testcase>
  <testcase name="step43_LoggedIntoWMS" classname="src.in.valtech.cl.scenarios.TC_Scenario_05" time="2.206"/>
  <testcase name="step40_ClickonShippingAndVerifiedContent" classname="src.in.valtech.cl.scenarios.TC_Scenario_06" time="1.464"/>
  <testcase name="step34_OpenNewTabAndNavigatedtoMagentoBO" classname="src.in.valtech.cl.scenarios.TC_Scenario_04" time="0.002"/>
  <testcase name="step38_ClickOnDetailsButton" classname="src.in.valtech.cl.scenarios.TC_Scenario_07" time="0.752"/>
  <testcase name="step41_VerifyMainThumbnailImgAndColorSwatches" classname="src.in.valtech.cl.scenarios.TC_Scenario_06" time="0.577"/>
  <testcase name="step35_EnteredUsernameField" classname="src.in.valtech.cl.scenarios.TC_Scenario_04" time="4.614"/>
  <testcase name="step31_ClickOnDetailsButtonForSimpleProd" classname="src.in.valtech.cl.scenarios.TC_Scenario_02" time="0.027"/>
  <testcase name="step36_ClickonProductInfoAndVerifiedContent" classname="src.in.valtech.cl.scenarios.TC_Scenario_08" time="1.518"/>
  <testcase name="step50_ClickonShippingAndVerifiedContent" classname="src.in.valtech.cl.scenarios.TC_Scenario_03" time="0.064"/>
  <testcase name="step51_VerifyMainThumbnailImg" classname="src.in.valtech.cl.scenarios.TC_Scenario_03" time="0.609"/>
  <testcase name="step45_EnterSearchableSKUAndClickOnSubmitFilter" classname="src.in.valtech.cl.scenarios.TC_Scenario_01" time="1.273"/>
  <testcase name="step42_ClickonAddToCartButton" classname="src.in.valtech.cl.scenarios.TC_Scenario_06" time="0.896"/>
  <testcase name="step44_ClickOnOKbutton" classname="src.in.valtech.cl.scenarios.TC_Scenario_05" time="0.465"/>
  <testcase name="step36_EnteredPasswordField" classname="src.in.valtech.cl.scenarios.TC_Scenario_04" time="0.169"/>
  <testcase name="step39_VerifyInitialSaleableStock" classname="src.in.valtech.cl.scenarios.TC_Scenario_07" time="2.558"/>
  <testcase name="step52_ClickonAddToCartButton" classname="src.in.valtech.cl.scenarios.TC_Scenario_03" time="2.569"/>
  <testcase name="step43_VerifiedPDPConfirmationMessagePopUPModal" classname="src.in.valtech.cl.scenarios.TC_Scenario_06" time="2.034"/>
  <testcase name="step32_VerifyInitialSaleableStock" classname="src.in.valtech.cl.scenarios.TC_Scenario_02" time="0.512"/>
  <testcase name="step30_ClickonProceedToCheckOutButtonInMyCart" classname="src.in.valtech.cl.scenarios.TC_Scenario_09" time="0.302">
    <failure message="element not interactable&#10;  (Session info: chrome=121.0.6167.185)&#10;Build info: version: &apos;3.141.59&apos;, revision: &apos;e82be7d358&apos;, time: &apos;2018-11-14T08:17:03&apos;&#10;System info: host: &apos;IN-PF42S2RF&apos;, ip: &apos;192.168.1.6&apos;, os.name: &apos;Windows 10&apos;, os.arch: &apos;amd64&apos;, os.version: &apos;10.0&apos;, java.version: &apos;11.0.2&apos;&#10;Driver info: org.openqa.selenium.chrome.ChromeDriver&#10;Capabilities {acceptInsecureCerts: false, browserName: chrome, browserVersion: 121.0.6167.185, chrome: {chromedriverVersion: 121.0.6167.85 (3f98d690ad7e..., userDataDir: C:\Users\CHAITR~1.BAB\AppDa...}, fedcm:accounts: true, goog:chromeOptions: {debuggerAddress: localhost:49878}, javascriptEnabled: true, networkConnectionEnabled: false, pageLoadStrategy: normal, platform: WINDOWS, platformName: WINDOWS, proxy: Proxy(), setWindowRect: true, strictFileInteractability: false, timeouts: {implicit: 0, pageLoad: 300000, script: 30000}, unhandledPromptBehavior: dismiss and notify, webauthn:extension:credBlob: true, webauthn:extension:largeBlob: true, webauthn:extension:minPinLength: true, webauthn:extension:prf: true, webauthn:virtualAuthenticators: true}&#10;Session ID: b21dab167d1f169a121712e968d1e14e" type="org.openqa.selenium.ElementNotInteractableException">org.openqa.selenium.ElementNotInteractableException: 
element not interactable
  (Session info: chrome=121.0.6167.185)
Build info: version: '3.141.59', revision: 'e82be7d358', time: '2018-11-14T08:17:03'
System info: host: 'IN-PF42S2RF', ip: '192.168.1.6', os.name: 'Windows 10', os.arch: 'amd64', os.version: '10.0', java.version: '11.0.2'
Driver info: org.openqa.selenium.chrome.ChromeDriver
Capabilities {acceptInsecureCerts: false, browserName: chrome, browserVersion: 121.0.6167.185, chrome: {chromedriverVersion: 121.0.6167.85 (3f98d690ad7e..., userDataDir: C:\Users\CHAITR~1.BAB\AppDa...}, fedcm:accounts: true, goog:chromeOptions: {debuggerAddress: localhost:49878}, javascriptEnabled: true, networkConnectionEnabled: false, pageLoadStrategy: normal, platform: WINDOWS, platformName: WINDOWS, proxy: Proxy(), setWindowRect: true, strictFileInteractability: false, timeouts: {implicit: 0, pageLoad: 300000, script: 30000}, unhandledPromptBehavior: dismiss and notify, webauthn:extension:credBlob: true, webauthn:extension:largeBlob: true, webauthn:extension:minPinLength: true, webauthn:extension:prf: true, webauthn:virtualAuthenticators: true}
Session ID: b21dab167d1f169a121712e968d1e14e
	at src.in.valtech.cl.scenarios.TC_Scenario_09.step30_ClickonProceedToCheckOutButtonInMyCart(TC_Scenario_09.java:336)
</failure>
  </testcase>
  <testcase name="step45_MouseOverElementOnDataListsMenu" classname="src.in.valtech.cl.scenarios.TC_Scenario_05" time="3.37"/>
  <testcase name="step31_VerifiedGiftSectionHeaderInCP" classname="src.in.valtech.cl.scenarios.TC_Scenario_09" time="0.286"/>
  <testcase name="step40_VerifyReservedStock" classname="src.in.valtech.cl.scenarios.TC_Scenario_07" time="0.096"/>
  <testcase name="step46_ClickOnDetailsButton" classname="src.in.valtech.cl.scenarios.TC_Scenario_01" time="0.26"/>
  <testcase name="step53_VerifiedPDPConfirmationMessagePopUPModal" classname="src.in.valtech.cl.scenarios.TC_Scenario_03" time="0.865"/>
  <testcase name="step32_VerifiedProductNameinPDP" classname="src.in.valtech.cl.scenarios.TC_Scenario_09" time="1.464"/>
  <testcase name="step33_VerifiedProductPriceinPDP" classname="src.in.valtech.cl.scenarios.TC_Scenario_09" time="2.295"/>
  <testcase name="step33_VerifyReservedStock" classname="src.in.valtech.cl.scenarios.TC_Scenario_02" time="0.202"/>
  <testcase name="step54_ClosePDPConfirmationMessagePopUPModal" classname="src.in.valtech.cl.scenarios.TC_Scenario_03" time="1.565"/>
  <testcase name="step37_ClickonShippingAndVerifiedContent" classname="src.in.valtech.cl.scenarios.TC_Scenario_08" time="3.093"/>
  <testcase name="step38_VerifyMainThumbnailImg" classname="src.in.valtech.cl.scenarios.TC_Scenario_08" time="0.513"/>
  <testcase name="step41_OpenNewTabAndNavigatedtoMagentoBO" classname="src.in.valtech.cl.scenarios.TC_Scenario_07" time="0.122"/>
  <testcase name="step46_ClickOnProductsFromDataLists" classname="src.in.valtech.cl.scenarios.TC_Scenario_05" time="0.427"/>
  <testcase name="step37_OpenNewTabAndNavigatedtoWMS" classname="src.in.valtech.cl.scenarios.TC_Scenario_09" time="0.781"/>
  <testcase name="step38_ClickOnSignInButton" classname="src.in.valtech.cl.scenarios.TC_Scenario_10" time="0.825"/>
  <testcase name="step34_OpenNewTabAndNavigatedtoMagentoBO" classname="src.in.valtech.cl.scenarios.TC_Scenario_02" time="0.679"/>
  <testcase name="step47_VerifyInitialSaleableStock" classname="src.in.valtech.cl.scenarios.TC_Scenario_01" time="0.024"/>
  <testcase name="step42_EnteredUsernameField" classname="src.in.valtech.cl.scenarios.TC_Scenario_07" time="2.462"/>
  <testcase name="step44_ClickonYourCartLnk" classname="src.in.valtech.cl.scenarios.TC_Scenario_06" time="0.095"/>
  <testcase name="step39_ClickonAddToCartButton" classname="src.in.valtech.cl.scenarios.TC_Scenario_08" time="2.545"/>
  <testcase name="step55_ClickonAddToCartButton" classname="src.in.valtech.cl.scenarios.TC_Scenario_03" time="1.106"/>
  <testcase name="step35_EnteredUsernameField" classname="src.in.valtech.cl.scenarios.TC_Scenario_02" time="2.361"/>
  <testcase name="step48_VerifyReservedStock" classname="src.in.valtech.cl.scenarios.TC_Scenario_01" time="1.55"/>
  <testcase name="step43_EnteredPasswordField" classname="src.in.valtech.cl.scenarios.TC_Scenario_07" time="1.262"/>
  <testcase name="step36_EnteredPasswordField" classname="src.in.valtech.cl.scenarios.TC_Scenario_02" time="2.173"/>
  <testcase name="step40_VerifiedPDPConfirmationMessagePopUPModal" classname="src.in.valtech.cl.scenarios.TC_Scenario_08" time="0.03"/>
  <testcase name="step41_VerifiedContinueShoppingAndOrderNowBTn" classname="src.in.valtech.cl.scenarios.TC_Scenario_08" time="0.203"/>
  <testcase name="step37_ClickOnSignInButton" classname="src.in.valtech.cl.scenarios.TC_Scenario_04" time="1.377"/>
  <testcase name="step39_VerifiedDashboardHeaderInBO" classname="src.in.valtech.cl.scenarios.TC_Scenario_10" time="0.763"/>
  <testcase name="step56_VerifiedPDPConfirmationMessagePopUPModal" classname="src.in.valtech.cl.scenarios.TC_Scenario_03" time="0.107"/>
  <testcase name="step47_EnterSearchableSKUAndClickOnSubmitFilter" classname="src.in.valtech.cl.scenarios.TC_Scenario_05" time="7.394"/>
  <testcase name="step49_OpenNewTabAndNavigatedtoMagentoBO" classname="src.in.valtech.cl.scenarios.TC_Scenario_01" time="0.004"/>
  <testcase name="step42_ClickOnContinueShoppingBtn" classname="src.in.valtech.cl.scenarios.TC_Scenario_08" time="0.851"/>
  <testcase name="step38_LoggedIntoWMS" classname="src.in.valtech.cl.scenarios.TC_Scenario_09" time="2.492"/>
  <testcase name="step43_MouseOverOnMenHeaderNavigation" classname="src.in.valtech.cl.scenarios.TC_Scenario_08" time="0.429"/>
  <testcase name="step40_ClickOnCatalogIcon" classname="src.in.valtech.cl.scenarios.TC_Scenario_10" time="0.624"/>
  <testcase name="step57_ClickonYourCartLinkInConfirmationOverlay" classname="src.in.valtech.cl.scenarios.TC_Scenario_03" time="1.076"/>
  <testcase name="step58_VerifiedMyCartHeaderInMCP" classname="src.in.valtech.cl.scenarios.TC_Scenario_03" time="0.198"/>
  <testcase name="step50_EnteredUsernameField" classname="src.in.valtech.cl.scenarios.TC_Scenario_01" time="0.119"/>
  <testcase name="step38_VerifiedDashboardHeaderInBO" classname="src.in.valtech.cl.scenarios.TC_Scenario_04" time="1.41"/>
  <testcase name="step45_VerifyProductDetailsInMainCart" classname="src.in.valtech.cl.scenarios.TC_Scenario_06" time="2.289"/>
  <testcase name="step46_ClickOnIncrIconforProductInMainCart" classname="src.in.valtech.cl.scenarios.TC_Scenario_06" time="0.344"/>
  <testcase name="step51_EnteredPasswordField" classname="src.in.valtech.cl.scenarios.TC_Scenario_01" time="1.442"/>
  <testcase name="step48_ClickOnDetailsButton" classname="src.in.valtech.cl.scenarios.TC_Scenario_05" time="3.181"/>
  <testcase name="step39_ClickOnOKbutton" classname="src.in.valtech.cl.scenarios.TC_Scenario_09" time="1.569"/>
  <testcase name="step39_ClickOnCatalogIcon" classname="src.in.valtech.cl.scenarios.TC_Scenario_04" time="1.768"/>
  <testcase name="step44_ClickOnShoesSubcategory" classname="src.in.valtech.cl.scenarios.TC_Scenario_08" time="1.491"/>
  <testcase name="step49_VerifyInitialSaleableStock" classname="src.in.valtech.cl.scenarios.TC_Scenario_05" time="7.682"/>
  <testcase name="step41_ClickProductstxtFromCatalogIcon" classname="src.in.valtech.cl.scenarios.TC_Scenario_10" time="2.371"/>
  <testcase name="step59_VerifyDetails_MainCart" classname="src.in.valtech.cl.scenarios.TC_Scenario_03" time="1.921"/>
  <testcase name="step40_MouseOverElementOnDataListsMenu" classname="src.in.valtech.cl.scenarios.TC_Scenario_09" time="1.344"/>
  <testcase name="step47_ClickOnProceedToCheckOutCTA" classname="src.in.valtech.cl.scenarios.TC_Scenario_06" time="1.261"/>
  <testcase name="step48_VerifyGiftHeadertextAndDefaultGiftWrapSelected" classname="src.in.valtech.cl.scenarios.TC_Scenario_06" time="0.345"/>
  <testcase name="step49_EnterMsgInGiftMsgFld" classname="src.in.valtech.cl.scenarios.TC_Scenario_06" time="0.016"/>
  <testcase name="step50_VerifyReservedStock" classname="src.in.valtech.cl.scenarios.TC_Scenario_05" time="3.193"/>
  <testcase name="step44_ClickOnSignInButton" classname="src.in.valtech.cl.scenarios.TC_Scenario_07" time="0.26"/>
  <testcase name="step37_ClickOnSignInButton" classname="src.in.valtech.cl.scenarios.TC_Scenario_02" time="0.519"/>
  <testcase name="step50_ClickUpdateBtn" classname="src.in.valtech.cl.scenarios.TC_Scenario_06" time="2.721"/>
  <testcase name="step51_VerifiedShippingAddressHeaderInCP" classname="src.in.valtech.cl.scenarios.TC_Scenario_06" time="0.556"/>
  <testcase name="step41_ClickOnProductsFromDataLists" classname="src.in.valtech.cl.scenarios.TC_Scenario_09" time="1.838"/>
  <testcase name="step52_EnteredAddressNameField" classname="src.in.valtech.cl.scenarios.TC_Scenario_06" time="1.479"/>
  <testcase name="step53_VerifiedPrefixNameDpdIsAutoSelectedOrNot" classname="src.in.valtech.cl.scenarios.TC_Scenario_06" time="0.795"/>
  <testcase name="step40_ClickProductstxtFromCatalogIcon" classname="src.in.valtech.cl.scenarios.TC_Scenario_04" time="0.046"/>
  <testcase name="step51_OpenNewTabAndNavigatedtoMagentoBO" classname="src.in.valtech.cl.scenarios.TC_Scenario_05" time="1.358"/>
  <testcase name="step54_EnteredFirstNameField" classname="src.in.valtech.cl.scenarios.TC_Scenario_06" time="1.883"/>
  <testcase name="step52_EnteredUsernameField" classname="src.in.valtech.cl.scenarios.TC_Scenario_05" time="3.313"/>
  <testcase name="step55_EnteredLastNameField" classname="src.in.valtech.cl.scenarios.TC_Scenario_06" time="0.137"/>
  <testcase name="step45_VerifiedDashboardHeaderInBO" classname="src.in.valtech.cl.scenarios.TC_Scenario_07" time="0.558"/>
  <testcase name="step38_VerifiedDashboardHeaderInBO" classname="src.in.valtech.cl.scenarios.TC_Scenario_02" time="0.685"/>
  <testcase name="step45_ClickOnProductImg" classname="src.in.valtech.cl.scenarios.TC_Scenario_08" time="1.347"/>
  <testcase name="step53_EnteredPasswordField" classname="src.in.valtech.cl.scenarios.TC_Scenario_05" time="1.958"/>
  <testcase name="step60_ClickOnDecreaseQtyIcon" classname="src.in.valtech.cl.scenarios.TC_Scenario_03" time="1.474"/>
  <testcase name="step61_ComparingTotalCorrectSummaryAmountAfterRemovingOneProductQnty" classname="src.in.valtech.cl.scenarios.TC_Scenario_03" time="0.071"/>
  <testcase name="step56_EnteredAddressField" classname="src.in.valtech.cl.scenarios.TC_Scenario_06" time="0.12"/>
  <testcase name="step39_ClickOnCatalogIcon" classname="src.in.valtech.cl.scenarios.TC_Scenario_02" time="5.457"/>
  <testcase name="step57_EnteredPostCodeField" classname="src.in.valtech.cl.scenarios.TC_Scenario_06" time="0.55"/>
  <testcase name="step42_SearchForProductSeleableStockInBO" classname="src.in.valtech.cl.scenarios.TC_Scenario_10" time="1.536"/>
  <testcase name="step46_ClickOnCatalogIcon" classname="src.in.valtech.cl.scenarios.TC_Scenario_07" time="2.418"/>
  <testcase name="step43_VerifyInitialSaleableStock" classname="src.in.valtech.cl.scenarios.TC_Scenario_10" time="1.723"/>
  <testcase name="step58_EnteredCityField" classname="src.in.valtech.cl.scenarios.TC_Scenario_06" time="0.019"/>
  <testcase name="step46_ClickOnSelectYourSizeButtonAndSelectAnySize" classname="src.in.valtech.cl.scenarios.TC_Scenario_08" time="6.086"/>
  <testcase name="step44_VerifyNOWrapAndWRapGiftImg" classname="src.in.valtech.cl.scenarios.TC_Scenario_10" time="2.064"/>
  <testcase name="step45_VerifyDefaultGiftWrapSelected" classname="src.in.valtech.cl.scenarios.TC_Scenario_10" time="0.298"/>
  <testcase name="step46_EnterMsgInGiftMsgFld" classname="src.in.valtech.cl.scenarios.TC_Scenario_10" time="0.225"/>
  <testcase name="step59_VerifiedCountryField" classname="src.in.valtech.cl.scenarios.TC_Scenario_06" time="0.366"/>
  <testcase name="step41_SearchForProductSeleableStockInBO" classname="src.in.valtech.cl.scenarios.TC_Scenario_04" time="4.744"/>
  <testcase name="step60_EnteredPhoneNumberField" classname="src.in.valtech.cl.scenarios.TC_Scenario_06" time="0.626"/>
  <testcase name="step47_ClickUpdateBtn" classname="src.in.valtech.cl.scenarios.TC_Scenario_10" time="0.557"/>
  <testcase name="step48_VerifiedShippingAddressHeaderInCP" classname="src.in.valtech.cl.scenarios.TC_Scenario_10" time="0.387"/>
  <testcase name="step42_EnterSearchableSKUAndClickOnSubmitFilter" classname="src.in.valtech.cl.scenarios.TC_Scenario_09" time="0.036">
    <failure message="no such element: Unable to locate element: {&quot;method&quot;:&quot;xpath&quot;,&quot;selector&quot;:&quot;//td[contains(text(),&apos;null&apos;)]/..//td[@class=&apos;vuetable-td-sku&apos;]&quot;}&#10;  (Session info: chrome=121.0.6167.185)&#10;For documentation on this error, please visit: https://www.seleniumhq.org/exceptions/no_such_element.html&#10;Build info: version: &apos;3.141.59&apos;, revision: &apos;e82be7d358&apos;, time: &apos;2018-11-14T08:17:03&apos;&#10;System info: host: &apos;IN-PF42S2RF&apos;, ip: &apos;192.168.1.6&apos;, os.name: &apos;Windows 10&apos;, os.arch: &apos;amd64&apos;, os.version: &apos;10.0&apos;, java.version: &apos;11.0.2&apos;&#10;Driver info: org.openqa.selenium.chrome.ChromeDriver&#10;Capabilities {acceptInsecureCerts: false, browserName: chrome, browserVersion: 121.0.6167.185, chrome: {chromedriverVersion: 121.0.6167.85 (3f98d690ad7e..., userDataDir: C:\Users\CHAITR~1.BAB\AppDa...}, fedcm:accounts: true, goog:chromeOptions: {debuggerAddress: localhost:49878}, javascriptEnabled: true, networkConnectionEnabled: false, pageLoadStrategy: normal, platform: WINDOWS, platformName: WINDOWS, proxy: Proxy(), setWindowRect: true, strictFileInteractability: false, timeouts: {implicit: 0, pageLoad: 300000, script: 30000}, unhandledPromptBehavior: dismiss and notify, webauthn:extension:credBlob: true, webauthn:extension:largeBlob: true, webauthn:extension:minPinLength: true, webauthn:extension:prf: true, webauthn:virtualAuthenticators: true}&#10;Session ID: b21dab167d1f169a121712e968d1e14e&#10;*** Element info: {Using=xpath, value=//td[contains(text(),&apos;null&apos;)]/..//td[@class=&apos;vuetable-td-sku&apos;]}" type="org.openqa.selenium.NoSuchElementException">org.openqa.selenium.NoSuchElementException: 
no such element: Unable to locate element: {"method":"xpath","selector":"//td[contains(text(),'null')]/..//td[@class='vuetable-td-sku']"}
  (Session info: chrome=121.0.6167.185)
For documentation on this error, please visit: https://www.seleniumhq.org/exceptions/no_such_element.html
Build info: version: '3.141.59', revision: 'e82be7d358', time: '2018-11-14T08:17:03'
System info: host: 'IN-PF42S2RF', ip: '192.168.1.6', os.name: 'Windows 10', os.arch: 'amd64', os.version: '10.0', java.version: '11.0.2'
Driver info: org.openqa.selenium.chrome.ChromeDriver
Capabilities {acceptInsecureCerts: false, browserName: chrome, browserVersion: 121.0.6167.185, chrome: {chromedriverVersion: 121.0.6167.85 (3f98d690ad7e..., userDataDir: C:\Users\CHAITR~1.BAB\AppDa...}, fedcm:accounts: true, goog:chromeOptions: {debuggerAddress: localhost:49878}, javascriptEnabled: true, networkConnectionEnabled: false, pageLoadStrategy: normal, platform: WINDOWS, platformName: WINDOWS, proxy: Proxy(), setWindowRect: true, strictFileInteractability: false, timeouts: {implicit: 0, pageLoad: 300000, script: 30000}, unhandledPromptBehavior: dismiss and notify, webauthn:extension:credBlob: true, webauthn:extension:largeBlob: true, webauthn:extension:minPinLength: true, webauthn:extension:prf: true, webauthn:virtualAuthenticators: true}
Session ID: b21dab167d1f169a121712e968d1e14e
*** Element info: {Using=xpath, value=//td[contains(text(),'null')]/..//td[@class='vuetable-td-sku']}
	at src.in.valtech.cl.scenarios.TC_Scenario_09.step42_EnterSearchableSKUAndClickOnSubmitFilter(TC_Scenario_09.java:396)
</failure>
  </testcase>
  <testcase name="step62_ClickOnProceedToCheckOutCTA" classname="src.in.valtech.cl.scenarios.TC_Scenario_03" time="0.253"/>
  <testcase name="step42_VerifyInitialSaleableStock" classname="src.in.valtech.cl.scenarios.TC_Scenario_04" time="0.042"/>
  <testcase name="step52_ClickOnSignInButton" classname="src.in.valtech.cl.scenarios.TC_Scenario_01" time="0.916"/>
  <testcase name="step47_ClickonAddToCartButton" classname="src.in.valtech.cl.scenarios.TC_Scenario_08" time="0.683"/>
  <testcase name="step40_ClickProductstxtFromCatalogIcon" classname="src.in.valtech.cl.scenarios.TC_Scenario_02" time="2.255"/>
  <testcase name="step63_VerifyLoginSectionAtCheckoutStep1" classname="src.in.valtech.cl.scenarios.TC_Scenario_03" time="2.76"/>
  <testcase name="step64_VerifiedGiftOptionsHeaderInCP" classname="src.in.valtech.cl.scenarios.TC_Scenario_03" time="0.318"/>
  <testcase name="step49_ClickOnNewAddressButtonInSAP" classname="src.in.valtech.cl.scenarios.TC_Scenario_10" time="0.098"/>
  <testcase name="step65_ScrollDownTillGiftWrappingImgAndSelectedInCP" classname="src.in.valtech.cl.scenarios.TC_Scenario_03" time="0.243"/>
  <testcase name="step47_ClickProductstxtFromCatalogIcon" classname="src.in.valtech.cl.scenarios.TC_Scenario_07" time="0.038"/>
  <testcase name="step43_ClickOnMinicartIcon" classname="src.in.valtech.cl.scenarios.TC_Scenario_04" time="2.708"/>
  <testcase name="step61_VerifyAndClickOnSecondShippingMethod" classname="src.in.valtech.cl.scenarios.TC_Scenario_06" time="0.856"/>
  <testcase name="step66_ClickOnUpdateButtonInCP" classname="src.in.valtech.cl.scenarios.TC_Scenario_03" time="1.87"/>
  <testcase name="step67_VerifiedShippingAddressHeaderInCP" classname="src.in.valtech.cl.scenarios.TC_Scenario_03" time="0.275"/>
  <testcase name="step50_VerifyShippingAddressPopupInSAP" classname="src.in.valtech.cl.scenarios.TC_Scenario_10" time="0.735"/>
  <testcase name="step43_ClickOnDetailsButtonForSimpleProd" classname="src.in.valtech.cl.scenarios.TC_Scenario_09" time="0.063"/>
  <testcase name="step53_VerifiedDashboardHeaderInBO" classname="src.in.valtech.cl.scenarios.TC_Scenario_01" time="2.667"/>
  <testcase name="step51_EnteredAddressNameField" classname="src.in.valtech.cl.scenarios.TC_Scenario_10" time="1.47"/>
  <testcase name="step62_ClickOnContinueToPayemntButton" classname="src.in.valtech.cl.scenarios.TC_Scenario_06" time="0.442"/>
  <testcase name="step52_VerifiedPrefixNameDpdIsAutoSelectedOrNot" classname="src.in.valtech.cl.scenarios.TC_Scenario_10" time="0.054"/>
  <testcase name="step68_OpenNewTabAndNavigatedtoWMS" classname="src.in.valtech.cl.scenarios.TC_Scenario_03" time="0.699"/>
  <testcase name="step54_ClickOnSignInButton" classname="src.in.valtech.cl.scenarios.TC_Scenario_05" time="0.631"/>
  <testcase name="step48_ClickonYourCartLnk" classname="src.in.valtech.cl.scenarios.TC_Scenario_08" time="1.038"/>
  <testcase name="step53_EnteredFirstNameField" classname="src.in.valtech.cl.scenarios.TC_Scenario_10" time="0.511"/>
  <testcase name="step63_VerifyPaymentOptions" classname="src.in.valtech.cl.scenarios.TC_Scenario_06" time="0.138"/>
  <testcase name="step44_VerifyInitialSaleableStock" classname="src.in.valtech.cl.scenarios.TC_Scenario_09" time="2.397"/>
  <testcase name="step54_EnteredLastNameField" classname="src.in.valtech.cl.scenarios.TC_Scenario_10" time="0.702"/>
  <testcase name="step54_ClickOnCatalogIcon" classname="src.in.valtech.cl.scenarios.TC_Scenario_01" time="2.821"/>
  <testcase name="step64_ClickOnCreditCardRadioBtn" classname="src.in.valtech.cl.scenarios.TC_Scenario_06" time="1.829"/>
  <testcase name="step49_VerifyProductDetailsInMainCart" classname="src.in.valtech.cl.scenarios.TC_Scenario_08" time="1.192"/>
  <testcase name="step55_EnteredAddressField" classname="src.in.valtech.cl.scenarios.TC_Scenario_10" time="0.285"/>
  <testcase name="step45_VerifyReservedStock" classname="src.in.valtech.cl.scenarios.TC_Scenario_09" time="3.278"/>
  <testcase name="step55_VerifiedDashboardHeaderInBO" classname="src.in.valtech.cl.scenarios.TC_Scenario_05" time="1.282"/>
  <testcase name="step41_SearchForProductSeleableStockInBO" classname="src.in.valtech.cl.scenarios.TC_Scenario_02" time="0.725"/>
  <testcase name="step56_EnteredPostCodeField" classname="src.in.valtech.cl.scenarios.TC_Scenario_10" time="0.235"/>
  <testcase name="step42_VerifyInitialSaleableStock" classname="src.in.valtech.cl.scenarios.TC_Scenario_02" time="2.162"/>
  <testcase name="step48_SearchForProductSeleableStockInBO" classname="src.in.valtech.cl.scenarios.TC_Scenario_07" time="1.333"/>
  <testcase name="step44_VerifiedAllDetailsInsideMiniCart" classname="src.in.valtech.cl.scenarios.TC_Scenario_04" time="1.582"/>
  <testcase name="step57_EnteredCityField" classname="src.in.valtech.cl.scenarios.TC_Scenario_10" time="0.153"/>
  <testcase name="step49_VerifyInitialSaleableStock" classname="src.in.valtech.cl.scenarios.TC_Scenario_07" time="0.586"/>
  <testcase name="step69_LoggedIntoWMS" classname="src.in.valtech.cl.scenarios.TC_Scenario_03" time="1.861"/>
  <testcase name="step58_VerifiedCountryField" classname="src.in.valtech.cl.scenarios.TC_Scenario_10" time="0.028"/>
  <testcase name="step50_ScrollDownTillGiftWrappingImgAndSelectedInCP" classname="src.in.valtech.cl.scenarios.TC_Scenario_07" time="0.447"/>
  <testcase name="step51EnteredMsgInYourMsgFieldInCP" classname="src.in.valtech.cl.scenarios.TC_Scenario_07" time="0.039"/>
  <testcase name="step56_ClickOnCatalogIcon" classname="src.in.valtech.cl.scenarios.TC_Scenario_05" time="1.347"/>
  <testcase name="step43_NavigatedBackIntoFOClickOnUpdateButtonInCP" classname="src.in.valtech.cl.scenarios.TC_Scenario_02" time="0.273"/>
  <testcase name="step44_VerifyGiftWrapSectionIsDisappearOrNot" classname="src.in.valtech.cl.scenarios.TC_Scenario_02" time="0.806"/>
  <testcase name="step45_VerifiedShippingAddressHeaderInCP" classname="src.in.valtech.cl.scenarios.TC_Scenario_02" time="0.193"/>
  <testcase name="step46_OpenNewTabAndNavigatedtoMagentoBO" classname="src.in.valtech.cl.scenarios.TC_Scenario_09" time="0.212"/>
  <testcase name="step59_EnteredPhoneNumberField" classname="src.in.valtech.cl.scenarios.TC_Scenario_10" time="2.224"/>
  <testcase name="step65_VerifyCreditCardDetailsInPayment" classname="src.in.valtech.cl.scenarios.TC_Scenario_06" time="0.297"/>
  <testcase name="step67_VerifiedMyBAandSABothSame_CheckboxIsAutoSelected" classname="src.in.valtech.cl.scenarios.TC_Scenario_06" time="0"/>
  <testcase name="step68_UncheckMyBAandSABothSame_Checkbox" classname="src.in.valtech.cl.scenarios.TC_Scenario_06" time="0"/>
  <testcase name="step69_EnteredAddressNameField" classname="src.in.valtech.cl.scenarios.TC_Scenario_06" time="0.093"/>
  <testcase name="step70_SelectPrefixNameDpdn" classname="src.in.valtech.cl.scenarios.TC_Scenario_06" time="0"/>
  <testcase name="step71_EnteredFirstNameField" classname="src.in.valtech.cl.scenarios.TC_Scenario_06" time="0"/>
  <testcase name="step72_EnteredLastNameField" classname="src.in.valtech.cl.scenarios.TC_Scenario_06" time="0"/>
  <testcase name="step73_EnteredAddressField" classname="src.in.valtech.cl.scenarios.TC_Scenario_06" time="0"/>
  <testcase name="step74_EnteredPostCodeField" classname="src.in.valtech.cl.scenarios.TC_Scenario_06" time="0"/>
  <testcase name="step75_EnteredCityField" classname="src.in.valtech.cl.scenarios.TC_Scenario_06" time="0"/>
  <testcase name="step76_VerifiedCountryField" classname="src.in.valtech.cl.scenarios.TC_Scenario_06" time="0"/>
  <testcase name="step77_EnterPhoneNumField" classname="src.in.valtech.cl.scenarios.TC_Scenario_06" time="0"/>
  <testcase name="step46_VerifiedProductNameinPDP" classname="src.in.valtech.cl.scenarios.TC_Scenario_02" time="0.027"/>
  <testcase name="step78_ClickOnUpdateBtn" classname="src.in.valtech.cl.scenarios.TC_Scenario_06" time="0.067"/>
  <testcase name="step52_ClickOnUpdateButtonInCP" classname="src.in.valtech.cl.scenarios.TC_Scenario_07" time="0.869"/>
  <testcase name="step53_VerifiedShippingAddressHeaderInCP" classname="src.in.valtech.cl.scenarios.TC_Scenario_07" time="0.761"/>
  <testcase name="step47_VerifiedProductPriceInPDP" classname="src.in.valtech.cl.scenarios.TC_Scenario_02" time="1.378"/>
  <testcase name="step47_EnteredUsernameField" classname="src.in.valtech.cl.scenarios.TC_Scenario_09" time="0.548"/>
  <testcase name="step79_EnteredCreditNumberField" classname="src.in.valtech.cl.scenarios.TC_Scenario_06" time="1.125"/>
  <testcase name="step55_ClickProductstxtFromCatalogIcon" classname="src.in.valtech.cl.scenarios.TC_Scenario_01" time="1.749"/>
  <testcase name="step70_ClickOnOKbutton" classname="src.in.valtech.cl.scenarios.TC_Scenario_03" time="1.456"/>
  <testcase name="step54_ClickOnNewAddressButtonInSAP" classname="src.in.valtech.cl.scenarios.TC_Scenario_07" time="1.932"/>
  <testcase name="step48_EnteredPasswordField" classname="src.in.valtech.cl.scenarios.TC_Scenario_09" time="0.182"/>
  <testcase name="step80_EnteredExpiryDateField" classname="src.in.valtech.cl.scenarios.TC_Scenario_06" time="0.597"/>
  <testcase name="step60_ClickOnSHIPHEREButton" classname="src.in.valtech.cl.scenarios.TC_Scenario_10" time="0.609"/>
  <testcase name="step55_EnteredAddressNameField" classname="src.in.valtech.cl.scenarios.TC_Scenario_07" time="0.045"/>
  <testcase name="step48_ClickOnNewAddressButtonInSAP" classname="src.in.valtech.cl.scenarios.TC_Scenario_02" time="0.766"/>
  <testcase name="step56_VerifiedPrefixNameDpdIsAutoSelectedOrNot" classname="src.in.valtech.cl.scenarios.TC_Scenario_07" time="0.367"/>
  <testcase name="step81_EnteredCVVField" classname="src.in.valtech.cl.scenarios.TC_Scenario_06" time="0.734"/>
  <testcase name="step49_EnteredAddressNameField" classname="src.in.valtech.cl.scenarios.TC_Scenario_02" time="0.07"/>
  <testcase name="step57_EnteredFirstNameField" classname="src.in.valtech.cl.scenarios.TC_Scenario_07" time="0.306"/>
  <testcase name="step82_EnteredCardHolderField" classname="src.in.valtech.cl.scenarios.TC_Scenario_06" time="0.001"/>
  <testcase name="step50_VerifiedPrefixNameDpdIsAutoSelectedOrNot" classname="src.in.valtech.cl.scenarios.TC_Scenario_02" time="0.778"/>
  <testcase name="step58_EnteredLastNameField" classname="src.in.valtech.cl.scenarios.TC_Scenario_07" time="0.364"/>
  <testcase name="step50_ClickOnProceedToCheckOutCTA" classname="src.in.valtech.cl.scenarios.TC_Scenario_08" time="0.085"/>
  <testcase name="step51_EnteredFirstNameField" classname="src.in.valtech.cl.scenarios.TC_Scenario_02" time="0.737"/>
  <testcase name="step59_EnteredAddressField" classname="src.in.valtech.cl.scenarios.TC_Scenario_07" time="0.459"/>
  <testcase name="step52_EnteredLastNameField" classname="src.in.valtech.cl.scenarios.TC_Scenario_02" time="0.704"/>
  <testcase name="step60_EnteredPostCodeField" classname="src.in.valtech.cl.scenarios.TC_Scenario_07" time="0.443"/>
  <testcase name="step57_ClickProductstxtFromCatalogIcon" classname="src.in.valtech.cl.scenarios.TC_Scenario_05" time="0.704"/>
  <testcase name="step53_EnteredAddressField" classname="src.in.valtech.cl.scenarios.TC_Scenario_02" time="0.059"/>
  <testcase name="step54_EnteredPostCodeField" classname="src.in.valtech.cl.scenarios.TC_Scenario_02" time="1.271"/>
  <testcase name="step51_OpenNewTabAndNavigatedtoWMS" classname="src.in.valtech.cl.scenarios.TC_Scenario_08" time="0.531"/>
  <testcase name="step71_MouseOverElementOnDataListsMenu" classname="src.in.valtech.cl.scenarios.TC_Scenario_03" time="0.622"/>
  <testcase name="step61_EnteredCityField" classname="src.in.valtech.cl.scenarios.TC_Scenario_07" time="0.497"/>
  <testcase name="step62_EnteredPhoneNumberField" classname="src.in.valtech.cl.scenarios.TC_Scenario_07" time="1.173"/>
  <testcase name="step55_EnteredCityField" classname="src.in.valtech.cl.scenarios.TC_Scenario_02" time="0.785"/>
  <testcase name="step61_VerifyNewlyAddedShippingAddressRadioBtnAndEditLnkTxtAndShippingHeaderTxt" classname="src.in.valtech.cl.scenarios.TC_Scenario_10" time="0.874"/>
  <testcase name="step56_EnteredPhoneNumberField" classname="src.in.valtech.cl.scenarios.TC_Scenario_02" time="0.294"/>
  <testcase name="step45_ClickOnCompletecartLnk_MainCart" classname="src.in.valtech.cl.scenarios.TC_Scenario_04" time="2.401"/>
  <testcase name="step83_CheckedOnPrivacyPolicyAndReturnPolicyCheckbox" classname="src.in.valtech.cl.scenarios.TC_Scenario_06" time="1.593"/>
  <testcase name="step63_ClickOnSHIPHEREButton" classname="src.in.valtech.cl.scenarios.TC_Scenario_07" time="1.352"/>
  <testcase name="step64_VerifiedShippingMethodsHeaderInCP" classname="src.in.valtech.cl.scenarios.TC_Scenario_07" time="0.046"/>
  <testcase name="step72_ClickOnProductsFromDataLists" classname="src.in.valtech.cl.scenarios.TC_Scenario_03" time="1.373"/>
  <testcase name="step57_ClickOnSHIPHEREButton" classname="src.in.valtech.cl.scenarios.TC_Scenario_02" time="0.54"/>
  <testcase name="step58_VerifiedShippingMethodsHeaderInCP" classname="src.in.valtech.cl.scenarios.TC_Scenario_02" time="0.062"/>
  <testcase name="step84_ClickOnProceedButtonAtPaymentSection" classname="src.in.valtech.cl.scenarios.TC_Scenario_06" time="1.865"/>
  <testcase name="step62_ClickOnThirdShippingMethodRadioButton" classname="src.in.valtech.cl.scenarios.TC_Scenario_10" time="2.787"/>
  <testcase name="step56_SearchForProductSeleableStockInBO" classname="src.in.valtech.cl.scenarios.TC_Scenario_01" time="2.102"/>
  <testcase name="step65_ClickOnFirstShipMethodRadioButton" classname="src.in.valtech.cl.scenarios.TC_Scenario_07" time="3.621"/>
  <testcase name="step63_ClickOnContinueToPayemntButton" classname="src.in.valtech.cl.scenarios.TC_Scenario_10" time="1.46"/>
  <testcase name="step52_LoggedIntoWMS" classname="src.in.valtech.cl.scenarios.TC_Scenario_08" time="0.214"/>
  <testcase name="step59_ClickOnFirstShipMethodRadioButton" classname="src.in.valtech.cl.scenarios.TC_Scenario_02" time="0.215"/>
  <testcase name="step64_ClickOnContinueToPayemntButton" classname="src.in.valtech.cl.scenarios.TC_Scenario_10" time="1.87"/>
  <testcase name="step46_VerifyDetails_MainCart" classname="src.in.valtech.cl.scenarios.TC_Scenario_04" time="0.385"/>
  <testcase name="step49_ClickOnSignInButton" classname="src.in.valtech.cl.scenarios.TC_Scenario_09" time="2.352"/>
  <testcase name="step66_ClickOnContinueToPayemntButton" classname="src.in.valtech.cl.scenarios.TC_Scenario_07" time="0.679"/>
  <testcase name="step58_SearchForProductSeleableStockInBO" classname="src.in.valtech.cl.scenarios.TC_Scenario_05" time="0.151"/>
  <testcase name="step60_ClickOnContinueToPayemntButton" classname="src.in.valtech.cl.scenarios.TC_Scenario_02" time="1.799"/>
  <testcase name="step67_VerifiedPaymentoptions" classname="src.in.valtech.cl.scenarios.TC_Scenario_07" time="0.334"/>
  <testcase name="step59_VerifyInitialSaleableStock" classname="src.in.valtech.cl.scenarios.TC_Scenario_05" time="0.046"/>
  <testcase name="step73_EnterSearchableSKUAndClickOnSubmitFilter" classname="src.in.valtech.cl.scenarios.TC_Scenario_03" time="1.197"/>
  <testcase name="step65_ClickOnCreditCardRadioBtn" classname="src.in.valtech.cl.scenarios.TC_Scenario_10" time="0.307"/>
  <testcase name="step61_VerifiedPaymentoptions" classname="src.in.valtech.cl.scenarios.TC_Scenario_02" time="0.413"/>
  <testcase name="step85_ClickOnProceedButtonAndEntered3DSCredentials" classname="src.in.valtech.cl.scenarios.TC_Scenario_06" time="1.922"/>
  <testcase name="step60_NavigatedIntoFOAndVerifiedProductNameinPDP" classname="src.in.valtech.cl.scenarios.TC_Scenario_05" time="0.397"/>
  <testcase name="step53_ClickOnOKbutton" classname="src.in.valtech.cl.scenarios.TC_Scenario_08" time="0.092"/>
  <testcase name="step68_ClickOnPaypalCardRadioBtn" classname="src.in.valtech.cl.scenarios.TC_Scenario_07" time="0.857"/>
  <testcase name="step69_VerifiedMyBAandSABothSame_CheckboxIsAutoSelected" classname="src.in.valtech.cl.scenarios.TC_Scenario_07" time="0"/>
  <testcase name="step70_UncheckedMyBAandSABothSameCheckbox" classname="src.in.valtech.cl.scenarios.TC_Scenario_07" time="0.001"/>
  <testcase name="step61_VerifiedProductPriceinPDP" classname="src.in.valtech.cl.scenarios.TC_Scenario_05" time="1.162"/>
  <testcase name="step86_VerifyUnsuccesfullOrderplacedWithInvalid3DSCardMsg" classname="src.in.valtech.cl.scenarios.TC_Scenario_06" time="2.755"/>
  <testcase name="step62_ClickOnCreditCardRadioBtn" classname="src.in.valtech.cl.scenarios.TC_Scenario_02" time="0.154"/>
  <testcase name="step63_VerifiedMyBAandSABothSame_CheckboxIsAutoSelected" classname="src.in.valtech.cl.scenarios.TC_Scenario_02" time="0"/>
  <testcase name="step64_EnteredCreditNumberField" classname="src.in.valtech.cl.scenarios.TC_Scenario_02" time="2.438"/>
  <testcase name="step50_VerifiedDashboardHeaderInBO" classname="src.in.valtech.cl.scenarios.TC_Scenario_09" time="0.441"/>
  <testcase name="step62_ClickOnNewAddressButtonInSAP" classname="src.in.valtech.cl.scenarios.TC_Scenario_05" time="1.629"/>
  <testcase name="step74_ClickOnDetailsButtonForSimpleProd" classname="src.in.valtech.cl.scenarios.TC_Scenario_03" time="1.664"/>
  <testcase name="step54_MouseOverElementOnDataListsMenu" classname="src.in.valtech.cl.scenarios.TC_Scenario_08" time="0.561"/>
  <testcase name="step65_EnteredExpiryDateField" classname="src.in.valtech.cl.scenarios.TC_Scenario_02" time="0.074"/>
  <testcase name="step63_EnteredAddressNameField" classname="src.in.valtech.cl.scenarios.TC_Scenario_05" time="0.184"/>
  <testcase name="step64_VerifiedPrefixNameDpdIsAutoSelectedOrNot" classname="src.in.valtech.cl.scenarios.TC_Scenario_05" time="1.111"/>
  <testcase name="step71_CheckedOnPrivacyPolicyAndReturnPolicyCheckbox" classname="src.in.valtech.cl.scenarios.TC_Scenario_07" time="0.185"/>
  <testcase name="step66_EnteredCVVField" classname="src.in.valtech.cl.scenarios.TC_Scenario_02" time="0.855"/>
  <testcase name="step67_EnteredCardHolderField" classname="src.in.valtech.cl.scenarios.TC_Scenario_02" time="0.368"/>
  <testcase name="step47_ClickOnProceedToCheckOutCTA" classname="src.in.valtech.cl.scenarios.TC_Scenario_04" time="0.312"/>
  <testcase name="step65_EnteredFirstNameField" classname="src.in.valtech.cl.scenarios.TC_Scenario_05" time="0.504"/>
  <testcase name="step57_VerifyInitialSaleableStock" classname="src.in.valtech.cl.scenarios.TC_Scenario_01" time="0.703"/>
  <testcase name="step87_ClickOnSalesIcon" classname="src.in.valtech.cl.scenarios.TC_Scenario_06" time="1.093"/>
  <testcase name="step66_VerifyCreditCardDetailsInPayment" classname="src.in.valtech.cl.scenarios.TC_Scenario_10" time="0.292"/>
  <testcase name="step67_VerifiedMyBAandSABothSame_CheckboxIsAutoSelected" classname="src.in.valtech.cl.scenarios.TC_Scenario_10" time="0"/>
  <testcase name="step66_EnteredLastNameField" classname="src.in.valtech.cl.scenarios.TC_Scenario_05" time="0.167"/>
  <testcase name="step51_ClickOnCatalogIcon" classname="src.in.valtech.cl.scenarios.TC_Scenario_09" time="0.522"/>
  <testcase name="step48_EnterUsername_ForLoginINCheckoutpage" classname="src.in.valtech.cl.scenarios.TC_Scenario_04" time="1.033"/>
  <testcase name="step68_VerifyCreditCardFieldsAndCheckbox" classname="src.in.valtech.cl.scenarios.TC_Scenario_10" time="0.662"/>
  <testcase name="step55_ClickOnProductsFromDataLists" classname="src.in.valtech.cl.scenarios.TC_Scenario_08" time="2.17"/>
  <testcase name="step69_EnteredCreditNumberField" classname="src.in.valtech.cl.scenarios.TC_Scenario_10" time="0.394"/>
  <testcase name="step67_EnteredAddressField" classname="src.in.valtech.cl.scenarios.TC_Scenario_05" time="0.83"/>
  <testcase name="step75_VerifyInitialSaleableStock" classname="src.in.valtech.cl.scenarios.TC_Scenario_03" time="0.107"/>
  <testcase name="step49_EnterPassword_ForLoginINCheckoutpage" classname="src.in.valtech.cl.scenarios.TC_Scenario_04" time="0.305"/>
  <testcase name="step72_ClickOnProceedButton" classname="src.in.valtech.cl.scenarios.TC_Scenario_07" time="3.148"/>
  <testcase name="step73_NavigatedToPPPandCloseAcceptCookiesPopUp" classname="src.in.valtech.cl.scenarios.TC_Scenario_07" time="0"/>
  <testcase name="step70_EnteredExpiryDateField" classname="src.in.valtech.cl.scenarios.TC_Scenario_10" time="0.008"/>
  <testcase name="step68_EnteredPostCodeField" classname="src.in.valtech.cl.scenarios.TC_Scenario_05" time="0.824"/>
  <testcase name="step58_ClickOnMinicartIcon" classname="src.in.valtech.cl.scenarios.TC_Scenario_01" time="0.216"/>
  <testcase name="step68_CheckedOnPrivacyPolicyAndReturnPolicyCheckbox" classname="src.in.valtech.cl.scenarios.TC_Scenario_02" time="1.052"/>
  <testcase name="step71_EnteredCVVField" classname="src.in.valtech.cl.scenarios.TC_Scenario_10" time="0.198"/>
  <testcase name="step72_EnteredCardHolderField" classname="src.in.valtech.cl.scenarios.TC_Scenario_10" time="0.393"/>
  <testcase name="step74_EnteredEmailField" classname="src.in.valtech.cl.scenarios.TC_Scenario_07" time="1.659"/>
  <testcase name="step69_EnteredCityField" classname="src.in.valtech.cl.scenarios.TC_Scenario_05" time="0.136"/>
  <testcase name="step70_EnteredPhoneNumberField" classname="src.in.valtech.cl.scenarios.TC_Scenario_05" time="1.235"/>
  <testcase name="step76_VerifyReservedStock" classname="src.in.valtech.cl.scenarios.TC_Scenario_03" time="0.873"/>
  <testcase name="step75_EnteredPasswordField" classname="src.in.valtech.cl.scenarios.TC_Scenario_07" time="0.012"/>
  <testcase name="step88_ClickOrderstxtFromSalesIcon" classname="src.in.valtech.cl.scenarios.TC_Scenario_06" time="1.815"/>
  <testcase name="step50_ClickOnLoginInButton_ForLoginINCheckoutpage" classname="src.in.valtech.cl.scenarios.TC_Scenario_04" time="0.731"/>
  <testcase name="step51_VerifyGiftHeadertextAndDefaultGiftWrapSelected" classname="src.in.valtech.cl.scenarios.TC_Scenario_04" time="0.24"/>
  <testcase name="step52_EnterMsgInGiftMsgFld" classname="src.in.valtech.cl.scenarios.TC_Scenario_04" time="0.018"/>
  <testcase name="step52_ClickProductstxtFromCatalogIcon" classname="src.in.valtech.cl.scenarios.TC_Scenario_09" time="1.884"/>
  <testcase name="step71_ClickOnSHIPHEREButton" classname="src.in.valtech.cl.scenarios.TC_Scenario_05" time="1.767"/>
  <testcase name="step72_VerifiedShippingMethodsHeaderInCP" classname="src.in.valtech.cl.scenarios.TC_Scenario_05" time="0.06"/>
  <testcase name="step53_ClickUpdateBtn" classname="src.in.valtech.cl.scenarios.TC_Scenario_04" time="1.572"/>
  <testcase name="step54_ClickonExistingAdressinShipping" classname="src.in.valtech.cl.scenarios.TC_Scenario_04" time="0.277"/>
  <testcase name="step55_VerifyDefaultValuesinShipping" classname="src.in.valtech.cl.scenarios.TC_Scenario_04" time="0.122"/>
  <testcase name="step73_CheckedOnPrivacyPolicyAndReturnPolicyCheckbox" classname="src.in.valtech.cl.scenarios.TC_Scenario_10" time="2.024"/>
  <testcase name="step56_VerifyShippingMethod" classname="src.in.valtech.cl.scenarios.TC_Scenario_04" time="0.236"/>
  <testcase name="step82_NavigatedIntoMagentoBOAndClickOnCatalogIcon" classname="src.in.valtech.cl.scenarios.TC_Scenario_03" time="1.648"/>
  <testcase name="step76_ClickOnSignInButton" classname="src.in.valtech.cl.scenarios.TC_Scenario_07" time="4.179"/>
  <testcase name="step77_VerifiedPaypalLogo" classname="src.in.valtech.cl.scenarios.TC_Scenario_07" time="0"/>
  <testcase name="step78_SelectBankOfVisaCard" classname="src.in.valtech.cl.scenarios.TC_Scenario_07" time="0.015"/>
  <testcase name="step56_EnterSearchableSKUAndClickOnSubmitFilter" classname="src.in.valtech.cl.scenarios.TC_Scenario_08" time="0.703"/>
  <testcase name="step73_ClickOnThirdShippingMethodRadioButton" classname="src.in.valtech.cl.scenarios.TC_Scenario_05" time="1.479"/>
  <testcase name="step74_ClickOnProceedButton" classname="src.in.valtech.cl.scenarios.TC_Scenario_10" time="2.103"/>
  <testcase name="step59_VerifiedAllDetailsInsideMiniCart" classname="src.in.valtech.cl.scenarios.TC_Scenario_01" time="2.121"/>
  <testcase name="step57_ClickOnShippingmethod" classname="src.in.valtech.cl.scenarios.TC_Scenario_04" time="0.116"/>
  <testcase name="step74_ClickOnContinueToPayemntButton" classname="src.in.valtech.cl.scenarios.TC_Scenario_05" time="2.995"/>
  <testcase name="step53_SearchForProductSeleableStockInBO" classname="src.in.valtech.cl.scenarios.TC_Scenario_09" time="2.898">
    <failure type="java.lang.NullPointerException">java.lang.NullPointerException
	at src.in.valtech.cl.scenarios.TC_Scenario_09.step53_SearchForProductSeleableStockInBO(TC_Scenario_09.java:461)
</failure>
    <system-out><![CDATA[2024-02-27 18:52:06 INFO  GUIFunctions:104 - Successfully clicked on element: Click on Details Button
2024-02-27 18:52:06 INFO  GUIFunctions:742 - Successfully Verified Order ID & Order Status In BO: 2000000029-Waiting for credit memo
2024-02-27 18:52:07 INFO  GUIFunctions:104 - Successfully clicked on element: Click on Products text from Catalog Icon
2024-02-27 18:52:07 INFO  GUIFunctions:651 - Successfully scroll down till Payment Options
]]></system-out>
  </testcase>
  <testcase name="step57_ClickOnDetailsButton" classname="src.in.valtech.cl.scenarios.TC_Scenario_08" time="3.521"/>
  <testcase name="step58_ClickOnContinuetopaymentbtn" classname="src.in.valtech.cl.scenarios.TC_Scenario_04" time="2.194"/>
  <testcase name="step75_VerifiedPaymentoptions" classname="src.in.valtech.cl.scenarios.TC_Scenario_05" time="0.475"/>
  <testcase name="step83_ClickProductstxtFromCatalogIcon" classname="src.in.valtech.cl.scenarios.TC_Scenario_03" time="1.068"/>
  <testcase name="step75_VerifiedSuccessMsgAfterPlacingOrder" classname="src.in.valtech.cl.scenarios.TC_Scenario_10" time="0.723"/>
  <testcase name="step76_VerifiedContinueShoppingButton" classname="src.in.valtech.cl.scenarios.TC_Scenario_10" time="0.046"/>
  <testcase name="step69_ClickOnProceedButtonAndEntered3DSCredentials" classname="src.in.valtech.cl.scenarios.TC_Scenario_02" time="2.088"/>
  <testcase name="step77_VerifiedYourOrderID" classname="src.in.valtech.cl.scenarios.TC_Scenario_10" time="0.053"/>
  <testcase name="step78_InitialisedOrderID" classname="src.in.valtech.cl.scenarios.TC_Scenario_10" time="0"/>
  <testcase name="step79_PayButtonClick" classname="src.in.valtech.cl.scenarios.TC_Scenario_07" time="0.946"/>
  <testcase name="step70_VerifiedSuccessMsgAfterPlacingOrder" classname="src.in.valtech.cl.scenarios.TC_Scenario_02" time="1.117"/>
  <testcase name="step71_VerifiedContinueShoppingButton" classname="src.in.valtech.cl.scenarios.TC_Scenario_02" time="0.045"/>
  <testcase name="step80_VerifiedSuccessMsgAfterPlacingOrder" classname="src.in.valtech.cl.scenarios.TC_Scenario_07" time="1.01"/>
  <testcase name="step81_VerifiedContinueShoppingButton" classname="src.in.valtech.cl.scenarios.TC_Scenario_07" time="0.044"/>
  <testcase name="step76_ClickOnCreditCardRadioBtn" classname="src.in.valtech.cl.scenarios.TC_Scenario_05" time="0.14"/>
  <testcase name="step77_VerifiedMyBAandSABothSame_CheckboxIsAutoSelected" classname="src.in.valtech.cl.scenarios.TC_Scenario_05" time="0"/>
  <testcase name="step72_VerifiedYourOrderID" classname="src.in.valtech.cl.scenarios.TC_Scenario_02" time="0.966"/>
  <testcase name="step73_InitialisedOrderID" classname="src.in.valtech.cl.scenarios.TC_Scenario_02" time="0"/>
  <testcase name="step82_VerifiedYourOrderID" classname="src.in.valtech.cl.scenarios.TC_Scenario_07" time="1.059"/>
  <testcase name="step83_InitialisedOrderID" classname="src.in.valtech.cl.scenarios.TC_Scenario_07" time="0"/>
  <testcase name="step58_VerifyInitialSaleableStock" classname="src.in.valtech.cl.scenarios.TC_Scenario_08" time="0.348"/>
  <testcase name="step78_EnteredCreditNumberField" classname="src.in.valtech.cl.scenarios.TC_Scenario_05" time="0.06"/>
  <testcase name="step74_ClickOnMyAccountIcon" classname="src.in.valtech.cl.scenarios.TC_Scenario_02" time="1.442"/>
  <testcase name="step79_ClickMyAccountBtn" classname="src.in.valtech.cl.scenarios.TC_Scenario_10" time="1.368"/>
  <testcase name="step79_EnteredExpiryDateField" classname="src.in.valtech.cl.scenarios.TC_Scenario_05" time="1.62"/>
  <testcase name="step80_EnteredCVVField" classname="src.in.valtech.cl.scenarios.TC_Scenario_05" time="2.338"/>
  <testcase name="step81_EnteredCardHolderField" classname="src.in.valtech.cl.scenarios.TC_Scenario_05" time="0.366"/>
  <testcase name="step54_VerifyInitialSaleableStock" classname="src.in.valtech.cl.scenarios.TC_Scenario_09" time="0.569">
    <failure message="no such element: Unable to locate element: {&quot;method&quot;:&quot;xpath&quot;,&quot;selector&quot;:&quot;//div[text()=&apos;null&apos;]/../following-sibling::td[4]&quot;}&#10;  (Session info: chrome=121.0.6167.185)&#10;For documentation on this error, please visit: https://www.seleniumhq.org/exceptions/no_such_element.html&#10;Build info: version: &apos;3.141.59&apos;, revision: &apos;e82be7d358&apos;, time: &apos;2018-11-14T08:17:03&apos;&#10;System info: host: &apos;IN-PF42S2RF&apos;, ip: &apos;192.168.1.6&apos;, os.name: &apos;Windows 10&apos;, os.arch: &apos;amd64&apos;, os.version: &apos;10.0&apos;, java.version: &apos;11.0.2&apos;&#10;Driver info: org.openqa.selenium.chrome.ChromeDriver&#10;Capabilities {acceptInsecureCerts: false, browserName: chrome, browserVersion: 121.0.6167.185, chrome: {chromedriverVersion: 121.0.6167.85 (3f98d690ad7e..., userDataDir: C:\Users\CHAITR~1.BAB\AppDa...}, fedcm:accounts: true, goog:chromeOptions: {debuggerAddress: localhost:49878}, javascriptEnabled: true, networkConnectionEnabled: false, pageLoadStrategy: normal, platform: WINDOWS, platformName: WINDOWS, proxy: Proxy(), setWindowRect: true, strictFileInteractability: false, timeouts: {implicit: 0, pageLoad: 300000, script: 30000}, unhandledPromptBehavior: dismiss and notify, webauthn:extension:credBlob: true, webauthn:extension:largeBlob: true, webauthn:extension:minPinLength: true, webauthn:extension:prf: true, webauthn:virtualAuthenticators: true}&#10;Session ID: b21dab167d1f169a121712e968d1e14e&#10;*** Element info: {Using=xpath, value=//div[text()=&apos;null&apos;]/../following-sibling::td[4]}" type="org.openqa.selenium.NoSuchElementException">org.openqa.selenium.NoSuchElementException: 
no such element: Unable to locate element: {"method":"xpath","selector":"//div[text()='null']/../following-sibling::td[4]"}
  (Session info: chrome=121.0.6167.185)
For documentation on this error, please visit: https://www.seleniumhq.org/exceptions/no_such_element.html
Build info: version: '3.141.59', revision: 'e82be7d358', time: '2018-11-14T08:17:03'
System info: host: 'IN-PF42S2RF', ip: '192.168.1.6', os.name: 'Windows 10', os.arch: 'amd64', os.version: '10.0', java.version: '11.0.2'
Driver info: org.openqa.selenium.chrome.ChromeDriver
Capabilities {acceptInsecureCerts: false, browserName: chrome, browserVersion: 121.0.6167.185, chrome: {chromedriverVersion: 121.0.6167.85 (3f98d690ad7e..., userDataDir: C:\Users\CHAITR~1.BAB\AppDa...}, fedcm:accounts: true, goog:chromeOptions: {debuggerAddress: localhost:49878}, javascriptEnabled: true, networkConnectionEnabled: false, pageLoadStrategy: normal, platform: WINDOWS, platformName: WINDOWS, proxy: Proxy(), setWindowRect: true, strictFileInteractability: false, timeouts: {implicit: 0, pageLoad: 300000, script: 30000}, unhandledPromptBehavior: dismiss and notify, webauthn:extension:credBlob: true, webauthn:extension:largeBlob: true, webauthn:extension:minPinLength: true, webauthn:extension:prf: true, webauthn:virtualAuthenticators: true}
Session ID: b21dab167d1f169a121712e968d1e14e
*** Element info: {Using=xpath, value=//div[text()='null']/../following-sibling::td[4]}
	at src.in.valtech.cl.scenarios.TC_Scenario_09.step54_VerifyInitialSaleableStock(TC_Scenario_09.java:466)
</failure>
  </testcase>
  <testcase name="step59_VerifyReservedStock" classname="src.in.valtech.cl.scenarios.TC_Scenario_08" time="2.104"/>
  <testcase name="step55_NavigatedIntoFOAndVerifiedShippingMethodSectionInCP" classname="src.in.valtech.cl.scenarios.TC_Scenario_09" time="0.123"/>
  <testcase name="step75_ClickOnMyOrdersLink" classname="src.in.valtech.cl.scenarios.TC_Scenario_02" time="0.818"/>
  <testcase name="step76_VerifiedOrderStatusInMyOrdersPage" classname="src.in.valtech.cl.scenarios.TC_Scenario_02" time="0.323"/>
  <testcase name="step80_ClickMyOrdersLink" classname="src.in.valtech.cl.scenarios.TC_Scenario_10" time="0.385"/>
  <testcase name="step84_NavigatedBackToBOAndClickOnSalesIcon" classname="src.in.valtech.cl.scenarios.TC_Scenario_07" time="0.509"/>
  <testcase name="step59_VerifyPaymentSection" classname="src.in.valtech.cl.scenarios.TC_Scenario_04" time="0.243"/>
  <testcase name="step78_NavigatedIntoBO" classname="src.in.valtech.cl.scenarios.TC_Scenario_02" time="0.918"/>
  <testcase name="step60_ClickOnPaypalCardRadioBtn" classname="src.in.valtech.cl.scenarios.TC_Scenario_04" time="6.287"/>
  <testcase name="step61_VerifiedMyBAandSABothSame_CheckboxIsAutoSelected" classname="src.in.valtech.cl.scenarios.TC_Scenario_04" time="0"/>
  <testcase name="step62_UncheckedMyBAandSABothSameCheckbox" classname="src.in.valtech.cl.scenarios.TC_Scenario_04" time="0"/>
  <testcase name="step82_CheckedOnPrivacyPolicyAndReturnPolicyCheckbox" classname="src.in.valtech.cl.scenarios.TC_Scenario_05" time="1.873"/>
  <testcase name="step60_OpenNewTabAndNavigatedtoMagentoBO" classname="src.in.valtech.cl.scenarios.TC_Scenario_08" time="0.806"/>
  <testcase name="step56_ClickOnFirstShipMethodRadioButton" classname="src.in.valtech.cl.scenarios.TC_Scenario_09" time="0.171"/>
  <testcase name="step84_SearchForProductSeleableStockInBO" classname="src.in.valtech.cl.scenarios.TC_Scenario_03" time="0.211"/>
  <testcase name="step79_ClickOnSalesIcon" classname="src.in.valtech.cl.scenarios.TC_Scenario_02" time="0.849"/>
  <testcase name="step85_VerifyInitialSaleableStock" classname="src.in.valtech.cl.scenarios.TC_Scenario_03" time="1.422"/>
  <testcase name="step83_ClickOnProceedButton" classname="src.in.valtech.cl.scenarios.TC_Scenario_05" time="1.717"/>
  <testcase name="step86_NavigatedIntoFOAndVerifiedProductNameinPDP" classname="src.in.valtech.cl.scenarios.TC_Scenario_03" time="2.521"/>
  <testcase name="step57_ClickOnContinueToPayemntButton" classname="src.in.valtech.cl.scenarios.TC_Scenario_09" time="0.518"/>
  <testcase name="step85_ClickOrderstxtFromSalesIcon" classname="src.in.valtech.cl.scenarios.TC_Scenario_07" time="0.109"/>
  <testcase name="step60_ClickOnCompletecartLnkAndVerifyDetails_MainCart" classname="src.in.valtech.cl.scenarios.TC_Scenario_01" time="0.281"/>
  <testcase name="step87_VerifiedProductPriceinPDP" classname="src.in.valtech.cl.scenarios.TC_Scenario_03" time="1.228"/>
  <testcase name="step58_VerifiedPaymentoptions" classname="src.in.valtech.cl.scenarios.TC_Scenario_09" time="0.813"/>
  <testcase name="step63_CheckedOnPrivacyPolicyAndReturnPolicyCheckbox" classname="src.in.valtech.cl.scenarios.TC_Scenario_04" time="0.813"/>
  <testcase name="step89_EnteredAddressNameField" classname="src.in.valtech.cl.scenarios.TC_Scenario_03" time="1.78"/>
  <testcase name="step90_VerifiedPrefixNameDpdIsAutoSelectedOrNot" classname="src.in.valtech.cl.scenarios.TC_Scenario_03" time="0.243"/>
  <testcase name="step80_ClickOrderstxtFromSalesIcon" classname="src.in.valtech.cl.scenarios.TC_Scenario_02" time="2.507"/>
  <testcase name="step91_EnteredFirstNameField" classname="src.in.valtech.cl.scenarios.TC_Scenario_03" time="0.299"/>
  <testcase name="step92_EnteredLastNameField" classname="src.in.valtech.cl.scenarios.TC_Scenario_03" time="2.287"/>
  <testcase name="step59_ClickOnCreditCardRadioBtn" classname="src.in.valtech.cl.scenarios.TC_Scenario_09" time="0.514"/>
  <testcase name="step60_VerifiedMyBAandSABothSame_CheckboxIsAutoSelected" classname="src.in.valtech.cl.scenarios.TC_Scenario_09" time="0"/>
  <testcase name="step84_VerifiedSuccessMsgAfterPlacingOrder" classname="src.in.valtech.cl.scenarios.TC_Scenario_05" time="0.614"/>
  <testcase name="step85_VerifiedContinueShoppingButton" classname="src.in.valtech.cl.scenarios.TC_Scenario_05" time="0.048"/>
  <testcase name="step64_ClickOnProceedButton" classname="src.in.valtech.cl.scenarios.TC_Scenario_04" time="0.328"/>
  <testcase name="step61_EnteredCreditNumberField" classname="src.in.valtech.cl.scenarios.TC_Scenario_09" time="1.454"/>
  <testcase name="step86_VerifiedYourOrderID" classname="src.in.valtech.cl.scenarios.TC_Scenario_05" time="0.372"/>
  <testcase name="step87_InitialisedOrderID" classname="src.in.valtech.cl.scenarios.TC_Scenario_05" time="0"/>
  <testcase name="step61_ClickProductstxtFromCatalogIcon" classname="src.in.valtech.cl.scenarios.TC_Scenario_08" time="2.105"/>
  <testcase name="step93_EnteredAddressField" classname="src.in.valtech.cl.scenarios.TC_Scenario_03" time="0.168"/>
  <testcase name="step86_VerifiedOrdersHeaderInBO" classname="src.in.valtech.cl.scenarios.TC_Scenario_07" time="0.116"/>
  <testcase name="step62_EnteredExpiryDateField" classname="src.in.valtech.cl.scenarios.TC_Scenario_09" time="1.82"/>
  <testcase name="step81_VerifiedOrdersHeaderInBO" classname="src.in.valtech.cl.scenarios.TC_Scenario_02" time="0.029"/>
  <testcase name="step88_ClickOnMyAccountIcon" classname="src.in.valtech.cl.scenarios.TC_Scenario_05" time="0.863"/>
  <testcase name="step65_EnteredEmailField" classname="src.in.valtech.cl.scenarios.TC_Scenario_04" time="0.833"/>
  <testcase name="step63_EnteredCVVField" classname="src.in.valtech.cl.scenarios.TC_Scenario_09" time="0.812"/>
  <testcase name="step94_EnteredPostCodeField" classname="src.in.valtech.cl.scenarios.TC_Scenario_03" time="0.03"/>
  <testcase name="step64_EnteredCardHolderField" classname="src.in.valtech.cl.scenarios.TC_Scenario_09" time="0.596"/>
  <testcase name="step66_EnteredPasswordField" classname="src.in.valtech.cl.scenarios.TC_Scenario_04" time="0.821"/>
  <testcase name="step61_ClickOnProceedToCheckOutCTA" classname="src.in.valtech.cl.scenarios.TC_Scenario_01" time="0.42"/>
  <testcase name="step62_VerifyGiftHeadertextAndDefaultGiftWrapSelected" classname="src.in.valtech.cl.scenarios.TC_Scenario_01" time="0.105"/>
  <testcase name="step63_EnterMsgInGiftMsgFld" classname="src.in.valtech.cl.scenarios.TC_Scenario_01" time="0.016"/>
  <testcase name="step89_ClickOnMyOrdersLink" classname="src.in.valtech.cl.scenarios.TC_Scenario_05" time="4.28"/>
  <testcase name="step90_VerifiedOrderStatusInMyOrdersPage" classname="src.in.valtech.cl.scenarios.TC_Scenario_05" time="0.716"/>
  <testcase name="step64_ClickUpdateBtn" classname="src.in.valtech.cl.scenarios.TC_Scenario_01" time="0.213"/>
  <testcase name="step65_ClickonExistingAdressinShipping" classname="src.in.valtech.cl.scenarios.TC_Scenario_01" time="0.348"/>
  <testcase name="step66_VerifyDefaultValuesinShipping" classname="src.in.valtech.cl.scenarios.TC_Scenario_01" time="0.167"/>
  <testcase name="step95_EnteredCityField" classname="src.in.valtech.cl.scenarios.TC_Scenario_03" time="0.077"/>
  <testcase name="step81_VerifyOrderStatus" classname="src.in.valtech.cl.scenarios.TC_Scenario_10" time="1.025">
    <failure type="java.lang.NullPointerException">java.lang.NullPointerException
	at src.in.valtech.cl.scenarios.TC_Scenario_10.step81_VerifyOrderStatus(TC_Scenario_10.java:736)
</failure>
    <system-out><![CDATA[2024-02-27 18:53:18 INFO  GUIFunctions:428 - Successfully clicked on element: Click on terms of use option
Successfully verified Shipping Methods Label
2024-02-27 18:53:18 INFO  ShippingAddressPage:651 - Successfully verified Shipping Methods Label 

2024-02-27 18:53:19 INFO  GUIFunctions:613 - Successfully Verified Order ID-Order Status: 24000000027-Commande en cours de validation
]]></system-out>
  </testcase>
  <testcase name="step67_VerifyShippingMethod" classname="src.in.valtech.cl.scenarios.TC_Scenario_01" time="1.22"/>
  <testcase name="step96_EnteredPhoneNumberField" classname="src.in.valtech.cl.scenarios.TC_Scenario_03" time="2.391"/>
  <testcase name="step98_VerifiedShippingMethodsHeaderInCP" classname="src.in.valtech.cl.scenarios.TC_Scenario_03" time="0.063"/>
  <testcase name="step67_ClickOnSignInButton" classname="src.in.valtech.cl.scenarios.TC_Scenario_04" time="1.339"/>
  <testcase name="step68_SelectBankOfVisaCard" classname="src.in.valtech.cl.scenarios.TC_Scenario_04" time="0.017"/>
  <testcase name="step65_CheckedOnPrivacyPolicyAndReturnPolicyCheckbox" classname="src.in.valtech.cl.scenarios.TC_Scenario_09" time="0.993"/>
  <testcase name="step92_NavigatedBackToMagentoAndClickOnSalesIcon" classname="src.in.valtech.cl.scenarios.TC_Scenario_05" time="4.217"/>
  <testcase name="step83_ClickOnSalesIcon" classname="src.in.valtech.cl.scenarios.TC_Scenario_10" time="2.017"/>
  <testcase name="step69_PayButtonClick" classname="src.in.valtech.cl.scenarios.TC_Scenario_04" time="2.117"/>
  <testcase name="step99_ClickOnSecondShipMethodRadioButton" classname="src.in.valtech.cl.scenarios.TC_Scenario_03" time="1.573"/>
  <testcase name="step62_SearchForProductSeleableStockInBO" classname="src.in.valtech.cl.scenarios.TC_Scenario_08" time="4.096"/>
  <testcase name="step68_ClickOnShippingmethodAndContinuePaymentBtn" classname="src.in.valtech.cl.scenarios.TC_Scenario_01" time="1.043"/>
  <testcase name="step63_VerifyInitialSaleableStock" classname="src.in.valtech.cl.scenarios.TC_Scenario_08" time="1.235"/>
  <testcase name="step70_VerifiedSuccessMsgAfterPlacingOrder" classname="src.in.valtech.cl.scenarios.TC_Scenario_04" time="1.836"/>
  <testcase name="step71_VerifiedContinueShoppingButton" classname="src.in.valtech.cl.scenarios.TC_Scenario_04" time="0.039"/>
  <testcase name="step64_VerifyGiftHeadertextAndDefaultGiftWrapSelected" classname="src.in.valtech.cl.scenarios.TC_Scenario_08" time="0.298"/>
  <testcase name="step65_EnterMsgInGiftMsgFld" classname="src.in.valtech.cl.scenarios.TC_Scenario_08" time="0.017"/>
  <testcase name="step100_ClickOnContinueToPayemntButton" classname="src.in.valtech.cl.scenarios.TC_Scenario_03" time="0.729"/>
  <testcase name="step72_VerifiedProcessingOrderTxt" classname="src.in.valtech.cl.scenarios.TC_Scenario_04" time="1.064"/>
  <testcase name="step93_ClickOrderstxtFromSalesIcon" classname="src.in.valtech.cl.scenarios.TC_Scenario_05" time="0.455"/>
  <testcase name="step101_VerifiedPaymentoptions" classname="src.in.valtech.cl.scenarios.TC_Scenario_03" time="0.697"/>
  <testcase name="step73_VerifiedYourOrderID" classname="src.in.valtech.cl.scenarios.TC_Scenario_04" time="0.991"/>
  <testcase name="step66_ClickUpdateBtn" classname="src.in.valtech.cl.scenarios.TC_Scenario_08" time="1.254"/>
  <testcase name="step67_VerifiedShippingAddressHeaderInCP" classname="src.in.valtech.cl.scenarios.TC_Scenario_08" time="0.108"/>
  <testcase name="step69_ClickOnCreditCardRadioBtnAndVerifyPaymentoptions" classname="src.in.valtech.cl.scenarios.TC_Scenario_01" time="0.749"/>
  <testcase name="step70_VerifyPaymentSection" classname="src.in.valtech.cl.scenarios.TC_Scenario_01" time="0"/>
  <testcase name="step71_Click_DiffShippingAddressFromPayment" classname="src.in.valtech.cl.scenarios.TC_Scenario_01" time="0"/>
  <testcase name="step68_EnteredAddressNameField" classname="src.in.valtech.cl.scenarios.TC_Scenario_08" time="1.585"/>
  <testcase name="step69_VerifiedPrefixNameDpdIsAutoSelectedOrNot" classname="src.in.valtech.cl.scenarios.TC_Scenario_08" time="0.247"/>
  <testcase name="step72_EnteredCreditNumberField" classname="src.in.valtech.cl.scenarios.TC_Scenario_01" time="0.586"/>
  <testcase name="step74_ClickMyAccountBtn" classname="src.in.valtech.cl.scenarios.TC_Scenario_04" time="0.833"/>
  <testcase name="step102_ClickOnCreditCardRadioBtn" classname="src.in.valtech.cl.scenarios.TC_Scenario_03" time="0.854"/>
  <testcase name="step103_VerifiedMyBAandSABothSame_CheckboxIsAutoSelected" classname="src.in.valtech.cl.scenarios.TC_Scenario_03" time="0.016"/>
  <testcase name="step104_UncheckMyBAandSABothSame_Checkbox" classname="src.in.valtech.cl.scenarios.TC_Scenario_03" time="0"/>
  <testcase name="step105_EnteredAddressNameField" classname="src.in.valtech.cl.scenarios.TC_Scenario_03" time="0"/>
  <testcase name="step106_SelectPrefixNameDpdn" classname="src.in.valtech.cl.scenarios.TC_Scenario_03" time="0"/>
  <testcase name="step107_EnteredFirstNameField" classname="src.in.valtech.cl.scenarios.TC_Scenario_03" time="0"/>
  <testcase name="step108_EnteredLastNameField" classname="src.in.valtech.cl.scenarios.TC_Scenario_03" time="0"/>
  <testcase name="step109_EnteredAddressField" classname="src.in.valtech.cl.scenarios.TC_Scenario_03" time="0"/>
  <testcase name="step110_EnteredPostCodeField" classname="src.in.valtech.cl.scenarios.TC_Scenario_03" time="0"/>
  <testcase name="step111_EnteredCityField" classname="src.in.valtech.cl.scenarios.TC_Scenario_03" time="0"/>
  <testcase name="step112_VerifiedCountryField" classname="src.in.valtech.cl.scenarios.TC_Scenario_03" time="0"/>
  <testcase name="step113_EnterPhoneNumField" classname="src.in.valtech.cl.scenarios.TC_Scenario_03" time="0"/>
  <testcase name="step114_ClickOnUpdateBtn" classname="src.in.valtech.cl.scenarios.TC_Scenario_03" time="0.012"/>
  <testcase name="step70_EnteredFirstNameField" classname="src.in.valtech.cl.scenarios.TC_Scenario_08" time="0.031"/>
  <testcase name="step94_VerifiedOrdersHeaderInBO" classname="src.in.valtech.cl.scenarios.TC_Scenario_05" time="2.15"/>
  <testcase name="step71_EnteredLastNameField" classname="src.in.valtech.cl.scenarios.TC_Scenario_08" time="0.216"/>
  <testcase name="step115_EnteredCreditNumberField" classname="src.in.valtech.cl.scenarios.TC_Scenario_03" time="0.196"/>
  <testcase name="step73_EnteredExpiryDateField" classname="src.in.valtech.cl.scenarios.TC_Scenario_01" time="0.06"/>
  <testcase name="step74_EnteredCVVField" classname="src.in.valtech.cl.scenarios.TC_Scenario_01" time="2.463"/>
  <testcase name="step75_EnteredCardHolderField" classname="src.in.valtech.cl.scenarios.TC_Scenario_01" time="1.004"/>
  <testcase name="step116_EnteredExpiryDateField" classname="src.in.valtech.cl.scenarios.TC_Scenario_03" time="0.817"/>
  <testcase name="step72_EnteredAddressField" classname="src.in.valtech.cl.scenarios.TC_Scenario_08" time="1.502"/>
  <testcase name="step117_EnteredCVVField" classname="src.in.valtech.cl.scenarios.TC_Scenario_03" time="0.814"/>
  <testcase name="step84_ClickOrderstxtFromSalesIcon" classname="src.in.valtech.cl.scenarios.TC_Scenario_10" time="0.201"/>
  <testcase name="step118_EnteredCardHolderField" classname="src.in.valtech.cl.scenarios.TC_Scenario_03" time="0.355"/>
  <testcase name="step75_ClickAddressBookLink" classname="src.in.valtech.cl.scenarios.TC_Scenario_04" time="2.375"/>
  <testcase name="step73_EnteredPostCodeField" classname="src.in.valtech.cl.scenarios.TC_Scenario_08" time="0.576"/>
  <testcase name="step66_ClickOnProceedButtonAndEntered3DSCredentials" classname="src.in.valtech.cl.scenarios.TC_Scenario_09" time="1.427"/>
  <testcase name="step67_VerifiedSuccessMsgAfterPlacingOrder" classname="src.in.valtech.cl.scenarios.TC_Scenario_09" time="2.222"/>
  <testcase name="step68_VerifiedContinueShoppingButton" classname="src.in.valtech.cl.scenarios.TC_Scenario_09" time="0.066"/>
  <testcase name="step74_EnteredCityField" classname="src.in.valtech.cl.scenarios.TC_Scenario_08" time="1.135"/>
  <testcase name="step69_VerifiedYourOrderID" classname="src.in.valtech.cl.scenarios.TC_Scenario_09" time="1.107"/>
  <testcase name="step70_InitialisedOrderID" classname="src.in.valtech.cl.scenarios.TC_Scenario_09" time="0"/>
  <testcase name="step76_VerifiedAndCheckedPaymentPrivacyPolicyCheckbox" classname="src.in.valtech.cl.scenarios.TC_Scenario_01" time="2.078"/>
  <testcase name="step75_VerifiedCountryField" classname="src.in.valtech.cl.scenarios.TC_Scenario_08" time="2.889"/>
  <testcase name="step119_CheckedOnPrivacyPolicyAndReturnPolicyCheckbox" classname="src.in.valtech.cl.scenarios.TC_Scenario_03" time="0.529"/>
  <testcase name="step76_EnteredPhoneNumberField" classname="src.in.valtech.cl.scenarios.TC_Scenario_08" time="4.163"/>
  <testcase name="step120_ClickOnProceedButtonAtPaymentSection" classname="src.in.valtech.cl.scenarios.TC_Scenario_03" time="1.14"/>
  <testcase name="step77_ClickOnProceedButton" classname="src.in.valtech.cl.scenarios.TC_Scenario_01" time="2.189"/>
  <testcase name="step71_NavigatedBackIntoBOClickOnSalesIcon" classname="src.in.valtech.cl.scenarios.TC_Scenario_09" time="0.093"/>
  <testcase name="step78_VerifiedSuccessMsgAfterPlacingOrder" classname="src.in.valtech.cl.scenarios.TC_Scenario_01" time="7.094"/>
  <testcase name="step79_VerifiedContinueShoppingButton" classname="src.in.valtech.cl.scenarios.TC_Scenario_01" time="0.045"/>
  <testcase name="step77_VerifyAndClickOnSecondShippingMethod" classname="src.in.valtech.cl.scenarios.TC_Scenario_08" time="1.787"/>
  <testcase name="step80_VerifiedYourOrderID" classname="src.in.valtech.cl.scenarios.TC_Scenario_01" time="0.356"/>
  <testcase name="step121_VerifiedSuccessMsgAfterPlacingOrder" classname="src.in.valtech.cl.scenarios.TC_Scenario_03" time="2.343"/>
  <testcase name="step72_ClickOrderstxtFromSalesIcon" classname="src.in.valtech.cl.scenarios.TC_Scenario_09" time="1.095"/>
  <testcase name="step122_VerifiedYourOrderID" classname="src.in.valtech.cl.scenarios.TC_Scenario_03" time="1.063"/>
  <testcase name="step78_ClickOnContinueToPayemntButton" classname="src.in.valtech.cl.scenarios.TC_Scenario_08" time="2.351"/>
  <testcase name="step123_ClickOnMyAccountIcon" classname="src.in.valtech.cl.scenarios.TC_Scenario_03" time="1.147"/>
  <testcase name="step81_VerifiedProcessingOrderTxt" classname="src.in.valtech.cl.scenarios.TC_Scenario_01" time="0.551"/>
  <testcase name="step79_VerifyPaymentOptions" classname="src.in.valtech.cl.scenarios.TC_Scenario_08" time="0.576"/>
  <testcase name="step73_VerifiedOrdersHeaderInBO" classname="src.in.valtech.cl.scenarios.TC_Scenario_09" time="4.446"/>
  <testcase name="step124_ClickOnMyOrdersLink" classname="src.in.valtech.cl.scenarios.TC_Scenario_03" time="2.058"/>
  <testcase name="step80_ClickOnCreditCardRadioBtn" classname="src.in.valtech.cl.scenarios.TC_Scenario_08" time="0.669"/>
  <testcase name="step125_VerifiedOrderStatusInMyOrdersPage" classname="src.in.valtech.cl.scenarios.TC_Scenario_03" time="0.013"/>
  <testcase name="step82_ClickMyAccountBtn" classname="src.in.valtech.cl.scenarios.TC_Scenario_01" time="2.79"/>
  <testcase name="step127_NavigatedBackToMagentoAndClickOnSalesIcon" classname="src.in.valtech.cl.scenarios.TC_Scenario_03" time="9.496"/>
  <testcase name="step83_ClickMyOrdersLink" classname="src.in.valtech.cl.scenarios.TC_Scenario_01" time="0.413"/>
  <testcase name="step84_VerifyOrderdetailsInOrderspage" classname="src.in.valtech.cl.scenarios.TC_Scenario_01" time="0.457">
    <failure message="expected [null] but found [Commande en cours de validation]" type="java.lang.AssertionError">java.lang.AssertionError: expected [null] but found [Commande en cours de validation]
	at src.in.valtech.cl.scenarios.TC_Scenario_01.step84_VerifyOrderdetailsInOrderspage(TC_Scenario_01.java:755)
</failure>
    <system-out><![CDATA[2024-02-27 18:55:04 INFO  GUIFunctions:613 - Successfully Verified Order ID-Order Status: 24000000031-Commande en cours de validation
2024-02-27 18:55:04 INFO  MyAccountPage:324 - Verified Order Price In Orders Page 146000
2024-02-27 18:55:04 INFO  MyAccountPage:491 - Verified Order Item In Orders Page 2 articles
2024-02-27 18:55:04 INFO  MyAccountPage:332 - Verified Order Date In Orders Page Le 27 février 2024
]]></system-out>
  </testcase>
  <testcase name="step76_VerifyOrderdetailsInOrderspage" classname="src.in.valtech.cl.scenarios.TC_Scenario_04" time="3.429">
    <failure type="java.lang.NullPointerException">java.lang.NullPointerException
	at src.in.valtech.cl.scenarios.TC_Scenario_04.step76_VerifyOrderdetailsInOrderspage(TC_Scenario_04.java:710)
</failure>
    <system-out><![CDATA[2024-02-27 18:55:05 INFO  BackOfficePage:355 - Entered OrderID Successfully in search field: 2000000029
2024-02-27 18:55:08 INFO  GUIFunctions:613 - Successfully Verified Order ID-Order Status: 24000000029-Commande enregistrée
]]></system-out>
  </testcase>
  <testcase name="step81_VerifyCreditCardDetailsInPayment" classname="src.in.valtech.cl.scenarios.TC_Scenario_08" time="3.128"/>
  <testcase name="step82_VerifiedMyBAandSABothSame_CheckboxIsAutoSelected" classname="src.in.valtech.cl.scenarios.TC_Scenario_08" time="0.015"/>
  <testcase name="step83_UncheckMyBAandSABothSame_Checkbox" classname="src.in.valtech.cl.scenarios.TC_Scenario_08" time="0"/>
  <testcase name="step84_EnteredAddressNameField" classname="src.in.valtech.cl.scenarios.TC_Scenario_08" time="0"/>
  <testcase name="step85_SelectPrefixNameDpdn" classname="src.in.valtech.cl.scenarios.TC_Scenario_08" time="0"/>
  <testcase name="step86_EnteredFirstNameField" classname="src.in.valtech.cl.scenarios.TC_Scenario_08" time="0"/>
  <testcase name="step87_EnteredLastNameField" classname="src.in.valtech.cl.scenarios.TC_Scenario_08" time="0"/>
  <testcase name="step88_EnteredAddressField" classname="src.in.valtech.cl.scenarios.TC_Scenario_08" time="0"/>
  <testcase name="step89_EnteredPostCodeField" classname="src.in.valtech.cl.scenarios.TC_Scenario_08" time="0"/>
  <testcase name="step90_EnteredCityField" classname="src.in.valtech.cl.scenarios.TC_Scenario_08" time="0"/>
  <testcase name="step91_VerifiedCountryField" classname="src.in.valtech.cl.scenarios.TC_Scenario_08" time="0"/>
  <testcase name="step92_EnterPhoneNumField" classname="src.in.valtech.cl.scenarios.TC_Scenario_08" time="0"/>
  <testcase name="step93_ClickOnUpdateBtn" classname="src.in.valtech.cl.scenarios.TC_Scenario_08" time="0.007"/>
  <testcase name="step94_EnteredCreditNumberField" classname="src.in.valtech.cl.scenarios.TC_Scenario_08" time="2.493"/>
  <testcase name="step128_ClickOrderstxtFromSalesIcon" classname="src.in.valtech.cl.scenarios.TC_Scenario_03" time="2.131"/>
  <testcase name="step86_NavigatedBackToBOAndClickOnSalesIcon" classname="src.in.valtech.cl.scenarios.TC_Scenario_01" time="0.916"/>
  <testcase name="step95_EnteredExpiryDateField" classname="src.in.valtech.cl.scenarios.TC_Scenario_08" time="1.317"/>
  <testcase name="step78_ClickOnSalesIcon" classname="src.in.valtech.cl.scenarios.TC_Scenario_04" time="2.29"/>
  <testcase name="step96_EnteredCVVField" classname="src.in.valtech.cl.scenarios.TC_Scenario_08" time="0.031"/>
  <testcase name="step97_EnteredCardHolderField" classname="src.in.valtech.cl.scenarios.TC_Scenario_08" time="0.475"/>
  <testcase name="step129_VerifiedOrdersHeaderInBO" classname="src.in.valtech.cl.scenarios.TC_Scenario_03" time="5.147"/>
  <testcase name="step87_ClickOrderstxtFromSalesIcon" classname="src.in.valtech.cl.scenarios.TC_Scenario_01" time="3.607"/>
  <testcase name="step98_CheckedOnPrivacyPolicyAndReturnPolicyCheckbox" classname="src.in.valtech.cl.scenarios.TC_Scenario_08" time="5.704"/>
  <testcase name="step79_ClickOrderstxtFromSalesIcon" classname="src.in.valtech.cl.scenarios.TC_Scenario_04" time="3.199"/>
  <testcase name="step99_ClickOnProceedButtonAtPaymentSection" classname="src.in.valtech.cl.scenarios.TC_Scenario_08" time="2.331"/>
  <testcase name="step88_EnterOrderIDInBOSearchFld" classname="src.in.valtech.cl.scenarios.TC_Scenario_01" time="5.334"/>
  <testcase name="step100_ClickOnProceedButtonAndEntered3DSCredentials" classname="src.in.valtech.cl.scenarios.TC_Scenario_08" time="23.275"/>
  <testcase name="step101_VerifiedSuccessMsgAfterPlacingOrder" classname="src.in.valtech.cl.scenarios.TC_Scenario_08" time="7.223"/>
  <testcase name="step102_VerifiedYourOrderID" classname="src.in.valtech.cl.scenarios.TC_Scenario_08" time="2.168"/>
  <testcase name="step103_ClickMyAccountBtn" classname="src.in.valtech.cl.scenarios.TC_Scenario_08" time="4.677"/>
  <testcase name="step104_VerifyOrderdetailsInOrderspage" classname="src.in.valtech.cl.scenarios.TC_Scenario_08" time="9.822"/>
  <testcase name="step106_ClickOnSalesIcon" classname="src.in.valtech.cl.scenarios.TC_Scenario_08" time="12.272"/>
  <testcase name="step107_ClickOrderstxtFromSalesIcon" classname="src.in.valtech.cl.scenarios.TC_Scenario_08" time="13.382"/>
  <testcase name="step108_EnterOrderIDInBOSearchFld" classname="src.in.valtech.cl.scenarios.TC_Scenario_08" time="16.542"/>
  <testcase name="step89_NavigatedIntoMangetoAndVerifiedOrderStatusInOrdersPage" classname="src.in.valtech.cl.scenarios.TC_Scenario_06" time="29.071"/>
  <testcase name="step90_OpenNewTabAndNavigatedtoAdyen" classname="src.in.valtech.cl.scenarios.TC_Scenario_06" time="6.592"/>
  <testcase name="step91_LoggedIntoAdyen" classname="src.in.valtech.cl.scenarios.TC_Scenario_06" time="43.345"/>
  <testcase name="step87_VerifiedOrderStatusInOrderspage" classname="src.in.valtech.cl.scenarios.TC_Scenario_07" time="5.947"/>
  <testcase name="step81_VerifiedOrderStatusInOrdersPage" classname="src.in.valtech.cl.scenarios.TC_Scenario_04" time="2.77">
    <failure message="element click intercepted: Element &lt;button class=&quot;action-submit&quot; type=&quot;button&quot; data-bind=&quot;attr: {&apos;aria-label&apos;: $t(&apos;Search&apos;)}, click: apply.bind($data, false)&quot; aria-label=&quot;Search&quot;&gt;...&lt;/button&gt; is not clickable at point (541, 278). Other element would receive the click: &lt;div data-role=&quot;spinner&quot; data-component=&quot;sales_order_grid.sales_order_grid.sales_order_columns&quot; class=&quot;admin__data-grid-loading-mask&quot; style=&quot;&quot;&gt;...&lt;/div&gt;&#10;  (Session info: chrome=121.0.6167.185)&#10;Build info: version: &apos;3.141.59&apos;, revision: &apos;e82be7d358&apos;, time: &apos;2018-11-14T08:17:03&apos;&#10;System info: host: &apos;IN-PF42S2RF&apos;, ip: &apos;192.168.1.6&apos;, os.name: &apos;Windows 10&apos;, os.arch: &apos;amd64&apos;, os.version: &apos;10.0&apos;, java.version: &apos;11.0.2&apos;&#10;Driver info: org.openqa.selenium.chrome.ChromeDriver&#10;Capabilities {acceptInsecureCerts: false, browserName: chrome, browserVersion: 121.0.6167.185, chrome: {chromedriverVersion: 121.0.6167.85 (3f98d690ad7e..., userDataDir: C:\Users\CHAITR~1.BAB\AppDa...}, fedcm:accounts: true, goog:chromeOptions: {debuggerAddress: localhost:49701}, javascriptEnabled: true, networkConnectionEnabled: false, pageLoadStrategy: normal, platform: WINDOWS, platformName: WINDOWS, proxy: Proxy(), setWindowRect: true, strictFileInteractability: false, timeouts: {implicit: 0, pageLoad: 300000, script: 30000}, unhandledPromptBehavior: dismiss and notify, webauthn:extension:credBlob: true, webauthn:extension:largeBlob: true, webauthn:extension:minPinLength: true, webauthn:extension:prf: true, webauthn:virtualAuthenticators: true}&#10;Session ID: 15b88e443ff023bd2129287fbc276e60" type="org.openqa.selenium.ElementClickInterceptedException"><![CDATA[org.openqa.selenium.ElementClickInterceptedException: 
element click intercepted: Element <button class="action-submit" type="button" data-bind="attr: {'aria-label': $t('Search')}, click: apply.bind($data, false)" aria-label="Search">...</button> is not clickable at point (541, 278). Other element would receive the click: <div data-role="spinner" data-component="sales_order_grid.sales_order_grid.sales_order_columns" class="admin__data-grid-loading-mask" style="">...</div>
  (Session info: chrome=121.0.6167.185)
Build info: version: '3.141.59', revision: 'e82be7d358', time: '2018-11-14T08:17:03'
System info: host: 'IN-PF42S2RF', ip: '192.168.1.6', os.name: 'Windows 10', os.arch: 'amd64', os.version: '10.0', java.version: '11.0.2'
Driver info: org.openqa.selenium.chrome.ChromeDriver
Capabilities {acceptInsecureCerts: false, browserName: chrome, browserVersion: 121.0.6167.185, chrome: {chromedriverVersion: 121.0.6167.85 (3f98d690ad7e..., userDataDir: C:\Users\CHAITR~1.BAB\AppDa...}, fedcm:accounts: true, goog:chromeOptions: {debuggerAddress: localhost:49701}, javascriptEnabled: true, networkConnectionEnabled: false, pageLoadStrategy: normal, platform: WINDOWS, platformName: WINDOWS, proxy: Proxy(), setWindowRect: true, strictFileInteractability: false, timeouts: {implicit: 0, pageLoad: 300000, script: 30000}, unhandledPromptBehavior: dismiss and notify, webauthn:extension:credBlob: true, webauthn:extension:largeBlob: true, webauthn:extension:minPinLength: true, webauthn:extension:prf: true, webauthn:virtualAuthenticators: true}
Session ID: 15b88e443ff023bd2129287fbc276e60
	at src.in.valtech.cl.scenarios.TC_Scenario_04.step81_VerifiedOrderStatusInOrdersPage(TC_Scenario_04.java:764)
]]></failure>
    <system-out><![CDATA[2024-02-27 18:58:42 INFO  GUIFunctions:428 - Successfully clicked on element: Successfully cleared filter
]]></system-out>
  </testcase>
  <testcase name="step95_VerifiedOrderStatusInOrdersPage" classname="src.in.valtech.cl.scenarios.TC_Scenario_05" time="2.588"/>
  <testcase name="step88_OpenNewTabAndNavigatedtoAdyen" classname="src.in.valtech.cl.scenarios.TC_Scenario_07" time="0.276"/>
  <testcase name="step96_NavigatedIntoFOAndClickOnMyAccountIcon" classname="src.in.valtech.cl.scenarios.TC_Scenario_05" time="1.846"/>
  <testcase name="step82_OpenNewTabAndNavigatedtoAdyen" classname="src.in.valtech.cl.scenarios.TC_Scenario_04" time="1.418"/>
  <testcase name="step85_NavigatedIntoMangetoAndVerifiedOrderStatusInOrdersPage" classname="src.in.valtech.cl.scenarios.TC_Scenario_10" time="3.726"/>
  <testcase name="step97_ClickOnMyOrdersLink" classname="src.in.valtech.cl.scenarios.TC_Scenario_05" time="4.583"/>
  <testcase name="step98_VerifiedOrderStatusInMyOrdersPage" classname="src.in.valtech.cl.scenarios.TC_Scenario_05" time="0.099"/>
  <testcase name="step89_LoggedIntoAdyen" classname="src.in.valtech.cl.scenarios.TC_Scenario_07" time="31.356"/>
  <testcase name="step83_LoggedIntoAdyen" classname="src.in.valtech.cl.scenarios.TC_Scenario_04" time="3.543"/>
  <testcase name="step74_VerifiedOrderStatusInOrdersPage" classname="src.in.valtech.cl.scenarios.TC_Scenario_09" time="0.537"/>
  <testcase name="step89_VerifiedOrderStatusInOrdersPage" classname="src.in.valtech.cl.scenarios.TC_Scenario_01" time="2.646"/>
  <testcase name="step75_ClickOnMyAccountIcon" classname="src.in.valtech.cl.scenarios.TC_Scenario_09" time="10.308"/>
  <testcase name="step76_ClickOnMyOrdersLink" classname="src.in.valtech.cl.scenarios.TC_Scenario_09" time="13.114"/>
  <testcase name="step77_VerifiedOrderStatusInMyOrdersPage" classname="src.in.valtech.cl.scenarios.TC_Scenario_09" time="0.411"/>
  <testcase name="step82_VerifiedOrderStatusInOrdersPage" classname="src.in.valtech.cl.scenarios.TC_Scenario_02" time="1.035"/>
  <testcase name="step90_EnterOrderIDInBOSearchFld" classname="src.in.valtech.cl.scenarios.TC_Scenario_01" time="1.621"/>
  <testcase name="step99_NavigatedIntoMagentoAndVerifiedSaleableStockQntyDecBy1InBOAferPlacingTheOrder" classname="src.in.valtech.cl.scenarios.TC_Scenario_05" time="0.958"/>
  <testcase name="step91_OpenNewTabAndNavigatedtoAdyen" classname="src.in.valtech.cl.scenarios.TC_Scenario_01" time="4.892"/>
  <testcase name="step86_VerifiedSaleableStockQntyDecBy1InBOAferPlacingTheOrder" classname="src.in.valtech.cl.scenarios.TC_Scenario_10" time="0.4"/>
  <testcase name="step87_VerifySaleableStockDecBy1InWMSAferPlacingTheOrder" classname="src.in.valtech.cl.scenarios.TC_Scenario_10" time="34.966"/>
  <testcase name="step79_VerifiedSaleableStockQntyDecBy1InBOAferPlacingTheOrder" classname="src.in.valtech.cl.scenarios.TC_Scenario_09" time="5.628">
    <failure type="java.lang.NullPointerException">java.lang.NullPointerException
	at src.in.valtech.cl.scenarios.TC_Scenario_09.step79_VerifiedSaleableStockQntyDecBy1InBOAferPlacingTheOrder(TC_Scenario_09.java:691)
</failure>
    <system-out><![CDATA[2024-02-27 19:00:46 INFO  GUIFunctions:428 - Successfully clicked on element: click on Filters button
2024-02-27 19:00:47 INFO  GUIFunctions:104 - Successfully clicked on element: Click on submit button
2024-02-27 19:00:48 INFO  GUIFunctions:428 - Successfully clicked on element: click on Filters button
]]></system-out>
  </testcase>
  <testcase name="step92_LoggedIntoAdyen" classname="src.in.valtech.cl.scenarios.TC_Scenario_01" time="1.736"/>
  <testcase name="step100_VerifySaleableStockDecBy1InWMSAferPlacingTheOrder" classname="src.in.valtech.cl.scenarios.TC_Scenario_05" time="1.175"/>
  <testcase name="step83_VerifiedSaleableStockQntyDecBy1InBOAferPlacingTheOrder" classname="src.in.valtech.cl.scenarios.TC_Scenario_02" time="10.557"/>
  <testcase name="step80_VerifySaleableStockDecBy1InWMSAferPlacingTheOrder" classname="src.in.valtech.cl.scenarios.TC_Scenario_09" time="35.447"/>
  <testcase name="step84_VerifySaleableStockDecBy1InWMSAferPlacingTheOrder" classname="src.in.valtech.cl.scenarios.TC_Scenario_02" time="13.108"/>
  <testcase name="step93_ClickCaseMgmtOPtionINAdyen" classname="src.in.valtech.cl.scenarios.TC_Scenario_01" time="1.475">
    <failure message="no such element: Unable to locate element: {&quot;method&quot;:&quot;xpath&quot;,&quot;selector&quot;:&quot;//span[@title=&apos;Risk&apos;]&quot;}&#10;  (Session info: chrome=121.0.6167.185)&#10;For documentation on this error, please visit: https://www.seleniumhq.org/exceptions/no_such_element.html&#10;Build info: version: &apos;3.141.59&apos;, revision: &apos;e82be7d358&apos;, time: &apos;2018-11-14T08:17:03&apos;&#10;System info: host: &apos;IN-PF42S2RF&apos;, ip: &apos;192.168.1.6&apos;, os.name: &apos;Windows 10&apos;, os.arch: &apos;amd64&apos;, os.version: &apos;10.0&apos;, java.version: &apos;11.0.2&apos;&#10;Driver info: org.openqa.selenium.chrome.ChromeDriver&#10;Capabilities {acceptInsecureCerts: false, browserName: chrome, browserVersion: 121.0.6167.185, chrome: {chromedriverVersion: 121.0.6167.85 (3f98d690ad7e..., userDataDir: C:\Users\CHAITR~1.BAB\AppDa...}, fedcm:accounts: true, goog:chromeOptions: {debuggerAddress: localhost:49803}, javascriptEnabled: true, networkConnectionEnabled: false, pageLoadStrategy: normal, platform: WINDOWS, platformName: WINDOWS, proxy: Proxy(), setWindowRect: true, strictFileInteractability: false, timeouts: {implicit: 0, pageLoad: 300000, script: 30000}, unhandledPromptBehavior: dismiss and notify, webauthn:extension:credBlob: true, webauthn:extension:largeBlob: true, webauthn:extension:minPinLength: true, webauthn:extension:prf: true, webauthn:virtualAuthenticators: true}&#10;Session ID: 9a89f617d384e064b22dfc1b889e2d25&#10;*** Element info: {Using=xpath, value=//span[@title=&apos;Risk&apos;]}" type="org.openqa.selenium.NoSuchElementException">org.openqa.selenium.NoSuchElementException: 
no such element: Unable to locate element: {"method":"xpath","selector":"//span[@title='Risk']"}
  (Session info: chrome=121.0.6167.185)
For documentation on this error, please visit: https://www.seleniumhq.org/exceptions/no_such_element.html
Build info: version: '3.141.59', revision: 'e82be7d358', time: '2018-11-14T08:17:03'
System info: host: 'IN-PF42S2RF', ip: '192.168.1.6', os.name: 'Windows 10', os.arch: 'amd64', os.version: '10.0', java.version: '11.0.2'
Driver info: org.openqa.selenium.chrome.ChromeDriver
Capabilities {acceptInsecureCerts: false, browserName: chrome, browserVersion: 121.0.6167.185, chrome: {chromedriverVersion: 121.0.6167.85 (3f98d690ad7e..., userDataDir: C:\Users\CHAITR~1.BAB\AppDa...}, fedcm:accounts: true, goog:chromeOptions: {debuggerAddress: localhost:49803}, javascriptEnabled: true, networkConnectionEnabled: false, pageLoadStrategy: normal, platform: WINDOWS, platformName: WINDOWS, proxy: Proxy(), setWindowRect: true, strictFileInteractability: false, timeouts: {implicit: 0, pageLoad: 300000, script: 30000}, unhandledPromptBehavior: dismiss and notify, webauthn:extension:credBlob: true, webauthn:extension:largeBlob: true, webauthn:extension:minPinLength: true, webauthn:extension:prf: true, webauthn:virtualAuthenticators: true}
Session ID: 9a89f617d384e064b22dfc1b889e2d25
*** Element info: {Using=xpath, value=//span[@title='Risk']}
	at src.in.valtech.cl.scenarios.TC_Scenario_01.step93_ClickCaseMgmtOPtionINAdyen(TC_Scenario_01.java:829)
</failure>
  </testcase>
  <testcase name="step88_ComparedSeleableStockInWMSAndBOBothAreSame" classname="src.in.valtech.cl.scenarios.TC_Scenario_10" time="16.5"/>
  <testcase name="step89_NavigateBackToFO" classname="src.in.valtech.cl.scenarios.TC_Scenario_10" time="2.094"/>
  <testcase name="step94_ClickOrderIDCheckbox" classname="src.in.valtech.cl.scenarios.TC_Scenario_01" time="1.472"/>
  <testcase name="step90_ClickOnAdyenRiskTab" classname="src.in.valtech.cl.scenarios.TC_Scenario_07" time="7.141"/>
  <testcase name="step101_ComparedSeleableStockInWMSAndBOBothAreSame" classname="src.in.valtech.cl.scenarios.TC_Scenario_05" time="1.072"/>
  <testcase name="step92_ClickTransactionINAdyen" classname="src.in.valtech.cl.scenarios.TC_Scenario_06" time="4.765"/>
  <testcase name="step84_ClickCaseMgmtOPtionINAdyen" classname="src.in.valtech.cl.scenarios.TC_Scenario_04" time="0.56"/>
  <testcase name="step90_NavigateBackToFOAndClickOnMyOrdersLnk" classname="src.in.valtech.cl.scenarios.TC_Scenario_10" time="0.734"/>
  <testcase name="step91_ClickCaseMgmtOPtionINAdyen" classname="src.in.valtech.cl.scenarios.TC_Scenario_07" time="0.016"/>
  <testcase name="step91_VerifiedOrderStatusInMyOrdersPage" classname="src.in.valtech.cl.scenarios.TC_Scenario_10" time="0.107"/>
  <testcase name="step93_ClickPaymentOPtionINAdyen" classname="src.in.valtech.cl.scenarios.TC_Scenario_06" time="13.435"/>
  <testcase name="step85_ClickOrderIDCheckbox" classname="src.in.valtech.cl.scenarios.TC_Scenario_04" time="5.837"/>
  <testcase name="step92_ClickOrderIDCheckbox" classname="src.in.valtech.cl.scenarios.TC_Scenario_07" time="0.688"/>
  <testcase name="step81_ComparedSeleableStockInWMSAndBOBothAreSame" classname="src.in.valtech.cl.scenarios.TC_Scenario_09" time="4.356">
    <failure type="java.lang.NullPointerException">java.lang.NullPointerException
	at src.in.valtech.cl.scenarios.TC_Scenario_09.step81_ComparedSeleableStockInWMSAndBOBothAreSame(TC_Scenario_09.java:713)
</failure>
    <system-out><![CDATA[2024-02-27 19:02:49 INFO  GUIFunctions:428 - Successfully clicked on element: click on Filters button
]]></system-out>
  </testcase>
  <testcase name="step94_EnterOrderIDinPaymentTab_adyen" classname="src.in.valtech.cl.scenarios.TC_Scenario_06" time="3.275"/>
  <testcase name="step95_ClickOnAcceptBtn" classname="src.in.valtech.cl.scenarios.TC_Scenario_01" time="1.959"/>
  <testcase name="step95_VerifyOrderStatusIN_Adyen" classname="src.in.valtech.cl.scenarios.TC_Scenario_06" time="3.16">
    <failure message="expected [Refunded] but found [Refused]" type="java.lang.AssertionError">java.lang.AssertionError: expected [Refunded] but found [Refused]
	at src.in.valtech.cl.scenarios.TC_Scenario_06.step95_VerifyOrderStatusIN_Adyen(TC_Scenario_06.java:814)
</failure>
    <system-out><![CDATA[2024-02-27 19:03:01 INFO  GUIFunctions:104 - Successfully clicked on element: Click on Search Icon
2024-02-27 19:03:01 INFO  GUIFunctions:104 - Successfully clicked on element: Click on submit filter button
2024-02-27 19:03:02 INFO  GUIFunctions:961 - Successfully Verified Order ID & Order Status In Adyen: 2000000029-Refunded
]]></system-out>
  </testcase>
  <testcase name="step96_VerifyAccountCreationConfirmationMailContents" classname="src.in.valtech.cl.scenarios.TC_Scenario_06" time="9.101"/>
  <testcase name="step85_ComparedSeleableStockInWMSAndBOBothAreSame" classname="src.in.valtech.cl.scenarios.TC_Scenario_02" time="19.905"/>
  <testcase name="step102_NavigatedIntoWMSAndPickingOrderProcess" classname="src.in.valtech.cl.scenarios.TC_Scenario_05" time="10.199"/>
  <testcase name="step86_ClickOnAcceptBtn" classname="src.in.valtech.cl.scenarios.TC_Scenario_04" time="0.108"/>
  <testcase name="step103_VerifiedPickingOrderSuccessMsg" classname="src.in.valtech.cl.scenarios.TC_Scenario_05" time="2.305"/>
  <testcase name="step92_PickingOrderProcess" classname="src.in.valtech.cl.scenarios.TC_Scenario_10" time="3.621"/>
  <testcase name="step93_VerifiedPickingOrderSuccessMsg" classname="src.in.valtech.cl.scenarios.TC_Scenario_10" time="2.35"/>
  <testcase name="step93_ClickOnAcceptBtn" classname="src.in.valtech.cl.scenarios.TC_Scenario_07" time="4.313"/>
  <testcase name="step94_NavigatedIntoWMSAndGetBarcodeFromPickingProcess" classname="src.in.valtech.cl.scenarios.TC_Scenario_10" time="10.62"/>
  <testcase name="step82_PickingOrderProcess" classname="src.in.valtech.cl.scenarios.TC_Scenario_09" time="7.385"/>
  <testcase name="step83_VerifiedPickingOrderSuccessMsg" classname="src.in.valtech.cl.scenarios.TC_Scenario_09" time="3.045"/>
  <testcase name="step109_VerifiedOrderStatusInOrdersPage" classname="src.in.valtech.cl.scenarios.TC_Scenario_08" time="21.572"/>
  <testcase name="step86_PickingOrderProcess" classname="src.in.valtech.cl.scenarios.TC_Scenario_02" time="3.782"/>
  <testcase name="step87_VerifiedPickingOrderSuccessMsg" classname="src.in.valtech.cl.scenarios.TC_Scenario_02" time="3"/>
  <testcase name="step130_VerifiedOrderStatusInOrdersPage" classname="src.in.valtech.cl.scenarios.TC_Scenario_03" time="26.823"/>
  <testcase name="step131_OpenNewTabAndNavigatedtoAdyen" classname="src.in.valtech.cl.scenarios.TC_Scenario_03" time="5.617"/>
  <testcase name="step87_NavigatedIntoMangetoAndVerifiedOrderStatusInOrdersPage" classname="src.in.valtech.cl.scenarios.TC_Scenario_04" time="18.239"/>
  <testcase name="step110_VerifyOrderDetailsInOrderPage" classname="src.in.valtech.cl.scenarios.TC_Scenario_08" time="4.543"/>
  <testcase name="step111_OpenNewTabAndNavigatedtoAdyen" classname="src.in.valtech.cl.scenarios.TC_Scenario_08" time="5.861"/>
  <testcase name="step96_NavigatedIntoMangetoAndVerifiedOrderStatusInOrdersPage" classname="src.in.valtech.cl.scenarios.TC_Scenario_01" time="2.322"/>
  <testcase name="step94_NavigatedBackToMagentoAndVerifiedOrderStatusInOrdersPage" classname="src.in.valtech.cl.scenarios.TC_Scenario_07" time="8.377"/>
  <testcase name="step132_LoggedIntoAdyen" classname="src.in.valtech.cl.scenarios.TC_Scenario_03" time="3.968"/>
  <testcase name="step96_SwitchToFOTabAndClickOnMyAccountIcon" classname="src.in.valtech.cl.scenarios.TC_Scenario_07" time="11.37"/>
  <testcase name="step97_ClickOnMyOrdersLink" classname="src.in.valtech.cl.scenarios.TC_Scenario_07" time="10.714"/>
  <testcase name="step98_VerifiedOrderStatusInMyOrdersPage" classname="src.in.valtech.cl.scenarios.TC_Scenario_07" time="0.093"/>
  <testcase name="step112_LoggedIntoAdyen" classname="src.in.valtech.cl.scenarios.TC_Scenario_08" time="6.379"/>
  <testcase name="step104_NaviagtedIntoMangetoAndVerifiedOrderStatusInOrdersPage" classname="src.in.valtech.cl.scenarios.TC_Scenario_05" time="22.707"/>
  <testcase name="step88_VerifiedSaleableStockQntyDecBy1InBOAferPlacingTheOrder" classname="src.in.valtech.cl.scenarios.TC_Scenario_04" time="4.087"/>
  <testcase name="step105_NavigatedIntoFOAndClickOnMyAccountIcon" classname="src.in.valtech.cl.scenarios.TC_Scenario_05" time="5.736"/>
  <testcase name="step133_ClickCaseMgmtOPtionINAdyen" classname="src.in.valtech.cl.scenarios.TC_Scenario_03" time="0.657">
    <failure message="no such element: Unable to locate element: {&quot;method&quot;:&quot;xpath&quot;,&quot;selector&quot;:&quot;//span[@title=&apos;Risk&apos;]&quot;}&#10;  (Session info: chrome=121.0.6167.185)&#10;For documentation on this error, please visit: https://www.seleniumhq.org/exceptions/no_such_element.html&#10;Build info: version: &apos;3.141.59&apos;, revision: &apos;e82be7d358&apos;, time: &apos;2018-11-14T08:17:03&apos;&#10;System info: host: &apos;IN-PF42S2RF&apos;, ip: &apos;192.168.1.6&apos;, os.name: &apos;Windows 10&apos;, os.arch: &apos;amd64&apos;, os.version: &apos;10.0&apos;, java.version: &apos;11.0.2&apos;&#10;Driver info: org.openqa.selenium.chrome.ChromeDriver&#10;Capabilities {acceptInsecureCerts: false, browserName: chrome, browserVersion: 121.0.6167.185, chrome: {chromedriverVersion: 121.0.6167.85 (3f98d690ad7e..., userDataDir: C:\Users\CHAITR~1.BAB\AppDa...}, fedcm:accounts: true, goog:chromeOptions: {debuggerAddress: localhost:49766}, javascriptEnabled: true, networkConnectionEnabled: false, pageLoadStrategy: normal, platform: WINDOWS, platformName: WINDOWS, proxy: Proxy(), setWindowRect: true, strictFileInteractability: false, timeouts: {implicit: 0, pageLoad: 300000, script: 30000}, unhandledPromptBehavior: dismiss and notify, webauthn:extension:credBlob: true, webauthn:extension:largeBlob: true, webauthn:extension:minPinLength: true, webauthn:extension:prf: true, webauthn:virtualAuthenticators: true}&#10;Session ID: fb4514b2d5008ff6ff67df6d91c626cb&#10;*** Element info: {Using=xpath, value=//span[@title=&apos;Risk&apos;]}" type="org.openqa.selenium.NoSuchElementException">org.openqa.selenium.NoSuchElementException: 
no such element: Unable to locate element: {"method":"xpath","selector":"//span[@title='Risk']"}
  (Session info: chrome=121.0.6167.185)
For documentation on this error, please visit: https://www.seleniumhq.org/exceptions/no_such_element.html
Build info: version: '3.141.59', revision: 'e82be7d358', time: '2018-11-14T08:17:03'
System info: host: 'IN-PF42S2RF', ip: '192.168.1.6', os.name: 'Windows 10', os.arch: 'amd64', os.version: '10.0', java.version: '11.0.2'
Driver info: org.openqa.selenium.chrome.ChromeDriver
Capabilities {acceptInsecureCerts: false, browserName: chrome, browserVersion: 121.0.6167.185, chrome: {chromedriverVersion: 121.0.6167.85 (3f98d690ad7e..., userDataDir: C:\Users\CHAITR~1.BAB\AppDa...}, fedcm:accounts: true, goog:chromeOptions: {debuggerAddress: localhost:49766}, javascriptEnabled: true, networkConnectionEnabled: false, pageLoadStrategy: normal, platform: WINDOWS, platformName: WINDOWS, proxy: Proxy(), setWindowRect: true, strictFileInteractability: false, timeouts: {implicit: 0, pageLoad: 300000, script: 30000}, unhandledPromptBehavior: dismiss and notify, webauthn:extension:credBlob: true, webauthn:extension:largeBlob: true, webauthn:extension:minPinLength: true, webauthn:extension:prf: true, webauthn:virtualAuthenticators: true}
Session ID: fb4514b2d5008ff6ff67df6d91c626cb
*** Element info: {Using=xpath, value=//span[@title='Risk']}
	at src.in.valtech.cl.scenarios.TC_Scenario_03.step133_ClickCaseMgmtOPtionINAdyen(TC_Scenario_03.java:1036)
</failure>
    <system-out><![CDATA[2024-02-27 19:06:51 INFO  GUIFunctions:428 - Successfully clicked on element: click on Apply Filters button
]]></system-out>
  </testcase>
  <testcase name="step97_VerifiedSaleableStockQntyDecBy1InBOAferPlacingTheOrder" classname="src.in.valtech.cl.scenarios.TC_Scenario_01" time="3.935"/>
  <testcase name="step106_ClickOnMyOrdersLink" classname="src.in.valtech.cl.scenarios.TC_Scenario_05" time="4.54"/>
  <testcase name="step107_VerifiedOrderStatusInMyOrdersPage" classname="src.in.valtech.cl.scenarios.TC_Scenario_05" time="0.094"/>
  <testcase name="step95_NaviagtedIntoMangetoAndVerifiedOrderStatusInOrdersPage" classname="src.in.valtech.cl.scenarios.TC_Scenario_10" time="0.388"/>
  <testcase name="step134_ClickOrderIDCheckbox" classname="src.in.valtech.cl.scenarios.TC_Scenario_03" time="11.114"/>
  <testcase name="step84_NaviagtedIntoMangetoAndVerifiedOrderStatusInOrdersPage" classname="src.in.valtech.cl.scenarios.TC_Scenario_09" time="0.891"/>
  <testcase name="step88_NaviagtedIntoMangetoAndVerifiedOrderStatusInOrdersPage" classname="src.in.valtech.cl.scenarios.TC_Scenario_02" time="0.847"/>
  <testcase name="step99_VerifiedSaleableStockQntyDecBy1InBOAferPlacingTheOrder" classname="src.in.valtech.cl.scenarios.TC_Scenario_07" time="1.908"/>
  <testcase name="step108_NavigatedIntoWMSAndGetBarcodeFromPickingProcess" classname="src.in.valtech.cl.scenarios.TC_Scenario_05" time="1.823"/>
  <testcase name="step89_VerifySaleableStockDecBy1InWMSAferPlacingTheOrder" classname="src.in.valtech.cl.scenarios.TC_Scenario_04" time="3.233"/>
  <testcase name="step96_NaviagtedIntoFOAndVerifiedOrderStatusInMyOrdersPage" classname="src.in.valtech.cl.scenarios.TC_Scenario_10" time="0.078"/>
  <testcase name="step109_NavigatedIntoWMSAndClickOnPackingBtn" classname="src.in.valtech.cl.scenarios.TC_Scenario_05" time="3.839"/>
  <testcase name="step85_SwitchToFOTabAndClickOnMyAccountIcon" classname="src.in.valtech.cl.scenarios.TC_Scenario_09" time="2.881"/>
  <testcase name="step89_SwitchToFOTabAndClickOnMyAccountIcon" classname="src.in.valtech.cl.scenarios.TC_Scenario_02" time="0.617"/>
  <testcase name="step97_NavigatedIntoWMSAndClickOnPackingBtn" classname="src.in.valtech.cl.scenarios.TC_Scenario_10" time="1.943"/>
  <testcase name="step90_ClickOnMyOrdersLink" classname="src.in.valtech.cl.scenarios.TC_Scenario_02" time="7.656"/>
  <testcase name="step91_VerifiedOrderStatusInMyOrdersPage" classname="src.in.valtech.cl.scenarios.TC_Scenario_02" time="0.09"/>
  <testcase name="step113_ClickCaseMgmtOPtionINAdyen" classname="src.in.valtech.cl.scenarios.TC_Scenario_08" time="2.67">
    <failure message="no such element: Unable to locate element: {&quot;method&quot;:&quot;xpath&quot;,&quot;selector&quot;:&quot;//span[@title=&apos;Risk&apos;]&quot;}&#10;  (Session info: chrome=121.0.6167.185)&#10;For documentation on this error, please visit: https://www.seleniumhq.org/exceptions/no_such_element.html&#10;Build info: version: &apos;3.141.59&apos;, revision: &apos;e82be7d358&apos;, time: &apos;2018-11-14T08:17:03&apos;&#10;System info: host: &apos;IN-PF42S2RF&apos;, ip: &apos;192.168.1.6&apos;, os.name: &apos;Windows 10&apos;, os.arch: &apos;amd64&apos;, os.version: &apos;10.0&apos;, java.version: &apos;11.0.2&apos;&#10;Driver info: org.openqa.selenium.chrome.ChromeDriver&#10;Capabilities {acceptInsecureCerts: false, browserName: chrome, browserVersion: 121.0.6167.185, chrome: {chromedriverVersion: 121.0.6167.85 (3f98d690ad7e..., userDataDir: C:\Users\CHAITR~1.BAB\AppDa...}, fedcm:accounts: true, goog:chromeOptions: {debuggerAddress: localhost:50052}, javascriptEnabled: true, networkConnectionEnabled: false, pageLoadStrategy: normal, platform: WINDOWS, platformName: WINDOWS, proxy: Proxy(), setWindowRect: true, strictFileInteractability: false, timeouts: {implicit: 0, pageLoad: 300000, script: 30000}, unhandledPromptBehavior: dismiss and notify, webauthn:extension:credBlob: true, webauthn:extension:largeBlob: true, webauthn:extension:minPinLength: true, webauthn:extension:prf: true, webauthn:virtualAuthenticators: true}&#10;Session ID: ac4b4f8c9a3cd3dd66501ebe55c6f3ff&#10;*** Element info: {Using=xpath, value=//span[@title=&apos;Risk&apos;]}" type="org.openqa.selenium.NoSuchElementException">org.openqa.selenium.NoSuchElementException: 
no such element: Unable to locate element: {"method":"xpath","selector":"//span[@title='Risk']"}
  (Session info: chrome=121.0.6167.185)
For documentation on this error, please visit: https://www.seleniumhq.org/exceptions/no_such_element.html
Build info: version: '3.141.59', revision: 'e82be7d358', time: '2018-11-14T08:17:03'
System info: host: 'IN-PF42S2RF', ip: '192.168.1.6', os.name: 'Windows 10', os.arch: 'amd64', os.version: '10.0', java.version: '11.0.2'
Driver info: org.openqa.selenium.chrome.ChromeDriver
Capabilities {acceptInsecureCerts: false, browserName: chrome, browserVersion: 121.0.6167.185, chrome: {chromedriverVersion: 121.0.6167.85 (3f98d690ad7e..., userDataDir: C:\Users\CHAITR~1.BAB\AppDa...}, fedcm:accounts: true, goog:chromeOptions: {debuggerAddress: localhost:50052}, javascriptEnabled: true, networkConnectionEnabled: false, pageLoadStrategy: normal, platform: WINDOWS, platformName: WINDOWS, proxy: Proxy(), setWindowRect: true, strictFileInteractability: false, timeouts: {implicit: 0, pageLoad: 300000, script: 30000}, unhandledPromptBehavior: dismiss and notify, webauthn:extension:credBlob: true, webauthn:extension:largeBlob: true, webauthn:extension:minPinLength: true, webauthn:extension:prf: true, webauthn:virtualAuthenticators: true}
Session ID: ac4b4f8c9a3cd3dd66501ebe55c6f3ff
*** Element info: {Using=xpath, value=//span[@title='Risk']}
	at src.in.valtech.cl.scenarios.TC_Scenario_08.step113_ClickCaseMgmtOPtionINAdyen(TC_Scenario_08.java:1025)
</failure>
    <system-out><![CDATA[2024-02-27 19:07:39 INFO  GUIFunctions:104 - Successfully clicked on element: Click on search icon
]]></system-out>
  </testcase>
  <testcase name="step86_ClickOnMyOrdersLink" classname="src.in.valtech.cl.scenarios.TC_Scenario_09" time="0.541"/>
  <testcase name="step87_VerifiedOrderStatusInMyOrdersPage" classname="src.in.valtech.cl.scenarios.TC_Scenario_09" time="0.086"/>
  <testcase name="step98_VerifySaleableStockDecBy1InWMSAferPlacingTheOrder" classname="src.in.valtech.cl.scenarios.TC_Scenario_01" time="2.013"/>
  <testcase name="step110_EnteredBarcodeAndSearchForPacking" classname="src.in.valtech.cl.scenarios.TC_Scenario_05" time="0.673"/>
  <testcase name="step98_EnteredBarcodeAndSearchForPacking" classname="src.in.valtech.cl.scenarios.TC_Scenario_10" time="5.427"/>
  <testcase name="step100_VerifySaleableStockDecBy1InWMSAferPlacingTheOrder" classname="src.in.valtech.cl.scenarios.TC_Scenario_07" time="1.666"/>
  <testcase name="step111_CopySKUIDAndEnterinSearchFeildForScanningProductsInPacking" classname="src.in.valtech.cl.scenarios.TC_Scenario_05" time="1.403"/>
  <testcase name="step92_NavigatedIntoWMSAndGetBarcodeFromPickingProcess" classname="src.in.valtech.cl.scenarios.TC_Scenario_02" time="2.383"/>
  <testcase name="step135_ClickOnRejectedBtn" classname="src.in.valtech.cl.scenarios.TC_Scenario_03" time="1.314"/>
  <testcase name="step99_CopySKUIDAndEnterinSearchFeildForScanningProductsInPacking" classname="src.in.valtech.cl.scenarios.TC_Scenario_10" time="1.707"/>
  <testcase name="step88_NavigatedIntoWMSAndGetBarcodeFromPickingProcess" classname="src.in.valtech.cl.scenarios.TC_Scenario_09" time="0.445"/>
  <testcase name="step114_ClickOrderIDCheckbox" classname="src.in.valtech.cl.scenarios.TC_Scenario_08" time="2.398"/>
  <testcase name="step93_NavigatedIntoWMSAndClickOnPackingBtn" classname="src.in.valtech.cl.scenarios.TC_Scenario_02" time="1.298"/>
  <testcase name="step89_NavigatedIntoWMSAndClickOnPackingBtn" classname="src.in.valtech.cl.scenarios.TC_Scenario_09" time="3.535"/>
  <testcase name="step112_ClickOnCompletePackingBtn" classname="src.in.valtech.cl.scenarios.TC_Scenario_05" time="9.103"/>
  <testcase name="step113_EnteredQuantityInAnyRow" classname="src.in.valtech.cl.scenarios.TC_Scenario_05" time="4.268"/>
  <testcase name="step100_ClickOnCompletePackingBtn" classname="src.in.valtech.cl.scenarios.TC_Scenario_10" time="1.136"/>
  <testcase name="step94_EnteredBarcodeAndSearchForPacking" classname="src.in.valtech.cl.scenarios.TC_Scenario_02" time="1.231"/>
  <testcase name="step101_EnteredQuantityInAnyRow" classname="src.in.valtech.cl.scenarios.TC_Scenario_10" time="2.987"/>
  <testcase name="step90_EnteredBarcodeAndSearchForPacking" classname="src.in.valtech.cl.scenarios.TC_Scenario_09" time="0.63"/>
  <testcase name="step95_CopySKUIDAndEnterinSearchFeildForScanningProductsInPacking" classname="src.in.valtech.cl.scenarios.TC_Scenario_02" time="4.847"/>
  <testcase name="step91_CopySKUIDAndEnterinSearchFeildForScanningProductsInPacking" classname="src.in.valtech.cl.scenarios.TC_Scenario_09" time="3.757"/>
  <testcase name="step114_ClickOnValidateBtn" classname="src.in.valtech.cl.scenarios.TC_Scenario_05" time="0.696"/>
  <testcase name="step102_ClickOnValidateBtn" classname="src.in.valtech.cl.scenarios.TC_Scenario_10" time="5.414"/>
  <testcase name="step136_ClickOnPaymentOptionFromTransaction" classname="src.in.valtech.cl.scenarios.TC_Scenario_03" time="0.804"/>
  <testcase name="step115_ClickOnHomePopupBtn" classname="src.in.valtech.cl.scenarios.TC_Scenario_05" time="2.75"/>
  <testcase name="step115_ClickOnAcceptBtn" classname="src.in.valtech.cl.scenarios.TC_Scenario_08" time="1.765"/>
  <testcase name="step103_ClickOnHomePopupBtn" classname="src.in.valtech.cl.scenarios.TC_Scenario_10" time="1.901"/>
  <testcase name="step96_ClickOnCompletePackingBtn" classname="src.in.valtech.cl.scenarios.TC_Scenario_02" time="5.137"/>
  <testcase name="step99_ComparedSeleableStockInWMSAndBOBothAreSame" classname="src.in.valtech.cl.scenarios.TC_Scenario_01" time="0.771"/>
  <testcase name="step90_ComparedSeleableStockInWMSAndBOBothAreSame" classname="src.in.valtech.cl.scenarios.TC_Scenario_04" time="0.096"/>
  <testcase name="step92_ClickOnCompletePackingBtn" classname="src.in.valtech.cl.scenarios.TC_Scenario_09" time="2.829"/>
  <testcase name="step97_EnteredQuantityInAnyRow" classname="src.in.valtech.cl.scenarios.TC_Scenario_02" time="0.503"/>
  <testcase name="step93_EnteredQuantityInAnyRow" classname="src.in.valtech.cl.scenarios.TC_Scenario_09" time="3.717"/>
  <testcase name="step101_ComparedSeleableStockInWMSAndBOBothAreSame" classname="src.in.valtech.cl.scenarios.TC_Scenario_07" time="6.391"/>
  <testcase name="step98_ClickOnValidateBtn" classname="src.in.valtech.cl.scenarios.TC_Scenario_02" time="5.155"/>
  <testcase name="step94_ClickOnValidateBtn" classname="src.in.valtech.cl.scenarios.TC_Scenario_09" time="3.752"/>
  <testcase name="step99_ClickOnHomePopupBtn" classname="src.in.valtech.cl.scenarios.TC_Scenario_02" time="3.407"/>
  <testcase name="step95_ClickOnHomePopupBtn" classname="src.in.valtech.cl.scenarios.TC_Scenario_09" time="3.736"/>
  <testcase name="step137_EnterOrderIDinPaymentTab_adyen" classname="src.in.valtech.cl.scenarios.TC_Scenario_03" time="5.264"/>
  <testcase name="step116_NavigatedIntoMangetoAndVerifiedOrderStatusInOrdersPage" classname="src.in.valtech.cl.scenarios.TC_Scenario_05" time="21.969"/>
  <testcase name="step104_NavigatedIntoMangetoAndVerifiedOrderStatusInOrdersPage" classname="src.in.valtech.cl.scenarios.TC_Scenario_10" time="8.395"/>
  <testcase name="step117_SwitchToFOTabAndClickOnMyAccountIcon" classname="src.in.valtech.cl.scenarios.TC_Scenario_05" time="0.276"/>
  <testcase name="step100_NavigatedBackIntoWMSANDPickingOrderProcess" classname="src.in.valtech.cl.scenarios.TC_Scenario_01" time="3.688"/>
  <testcase name="step91_PickingOrderProcess" classname="src.in.valtech.cl.scenarios.TC_Scenario_04" time="0.093"/>
  <testcase name="step101_VerifiedPickingOrderSuccessMsg" classname="src.in.valtech.cl.scenarios.TC_Scenario_01" time="3.062"/>
  <testcase name="step102_VerifiedGiftMsg_INPicking" classname="src.in.valtech.cl.scenarios.TC_Scenario_01" time="0"/>
  <testcase name="step92_VerifiedPickingOrderSuccessMsg" classname="src.in.valtech.cl.scenarios.TC_Scenario_04" time="0.027"/>
  <testcase name="step93_VerifiedGiftMsg_INPicking" classname="src.in.valtech.cl.scenarios.TC_Scenario_04" time="0"/>
  <testcase name="step118_ClickOnMyOrdersLink" classname="src.in.valtech.cl.scenarios.TC_Scenario_05" time="1.121"/>
  <testcase name="step119_VerifiedOrderStatusInMyOrdersPage" classname="src.in.valtech.cl.scenarios.TC_Scenario_05" time="0.093"/>
  <testcase name="step105_NaviagtedIntoFOAndVerifiedOrderStatusInMyOrdersPage" classname="src.in.valtech.cl.scenarios.TC_Scenario_10" time="9.127"/>
  <testcase name="step102_PickingOrderProcess" classname="src.in.valtech.cl.scenarios.TC_Scenario_07" time="0.094"/>
  <testcase name="step103_VerifiedPickingOrderSuccessMsg" classname="src.in.valtech.cl.scenarios.TC_Scenario_07" time="3.036"/>
  <testcase name="step103_NavigatedIntoWMSAndGetBarcodeFromPickingProcess" classname="src.in.valtech.cl.scenarios.TC_Scenario_01" time="1.399"/>
  <testcase name="step94_NavigatedIntoWMSAndGetBarcodeFromPickingProcess" classname="src.in.valtech.cl.scenarios.TC_Scenario_04" time="0.028"/>
  <testcase name="step100_NavigatedIntoMangetoAndVerifiedOrderStatusInOrdersPage" classname="src.in.valtech.cl.scenarios.TC_Scenario_02" time="9.729"/>
  <testcase name="step96_NavigatedIntoMangetoAndVerifiedOrderStatusInOrdersPage" classname="src.in.valtech.cl.scenarios.TC_Scenario_09" time="3.98"/>
  <testcase name="step97_SwitchToFOTabAndClickOnMyAccountIcon" classname="src.in.valtech.cl.scenarios.TC_Scenario_09" time="2.172"/>
  <testcase name="step101_SwitchToFOTabAndClickOnMyAccountIcon" classname="src.in.valtech.cl.scenarios.TC_Scenario_02" time="2.769"/>
  <testcase name="step102_ClickOnMyOrdersLink" classname="src.in.valtech.cl.scenarios.TC_Scenario_02" time="8.723"/>
  <testcase name="step103_VerifiedOrderStatusInMyOrdersPage" classname="src.in.valtech.cl.scenarios.TC_Scenario_02" time="0.095"/>
  <testcase name="step98_ClickOnMyOrdersLink" classname="src.in.valtech.cl.scenarios.TC_Scenario_09" time="4.416"/>
  <testcase name="step99_VerifiedOrderStatusInMyOrdersPage" classname="src.in.valtech.cl.scenarios.TC_Scenario_09" time="0.083"/>
  <testcase name="step120_NavigatedIntoWMSAndProcessedwithShippingProcess" classname="src.in.valtech.cl.scenarios.TC_Scenario_05" time="30.23"/>
  <testcase name="step116_NavigatedIntoMangetoAndVerifiedOrderStatusInOrdersPage" classname="src.in.valtech.cl.scenarios.TC_Scenario_08" time="1.359"/>
  <testcase name="step121_VerifiedLabelGenerationErrorMessageMsg" classname="src.in.valtech.cl.scenarios.TC_Scenario_05" time="0.744"/>
  <testcase name="step106_NavigatedIntoWMSAndProcessedwithShippingProcess" classname="src.in.valtech.cl.scenarios.TC_Scenario_10" time="7.009"/>
  <testcase name="step107_VerifiedLabelGenerationErrorMessageMsg" classname="src.in.valtech.cl.scenarios.TC_Scenario_10" time="2.106"/>
  <testcase name="step104_NavigatedIntoWMSAndProcessedwithShippingProcess" classname="src.in.valtech.cl.scenarios.TC_Scenario_02" time="20.044"/>
  <testcase name="step100_NavigatedIntoWMSAndProcessedwithShippingProcess" classname="src.in.valtech.cl.scenarios.TC_Scenario_09" time="4.551"/>
  <testcase name="step122_NaviagtedIntoMangetoAndVerifiedOrderStatusInOrdersPage" classname="src.in.valtech.cl.scenarios.TC_Scenario_05" time="32.361"/>
  <testcase name="step117_VerifiedSaleableStockQntyDecBy1InBOAferPlacingTheOrder" classname="src.in.valtech.cl.scenarios.TC_Scenario_08" time="7.277"/>
  <testcase name="step123_SwitchToFOTabAndClickOnMyAccountIcon" classname="src.in.valtech.cl.scenarios.TC_Scenario_05" time="0.43"/>
  <testcase name="step124_VerifiedOrderStatusInMyOrdersPage" classname="src.in.valtech.cl.scenarios.TC_Scenario_05" time="0.093"/>
  <testcase name="step108_NaviagtedIntoMangetoAndVerifiedOrderStatusInOrdersPage" classname="src.in.valtech.cl.scenarios.TC_Scenario_10" time="1.489"/>
  <testcase name="step138_VerifyOrderRMAStatusIN_adyen" classname="src.in.valtech.cl.scenarios.TC_Scenario_03" time="0.157">
    <failure message="Expected condition failed: waiting for presence of element located by: By.xpath: //td[contains(text(),&apos;24000000032&apos;)]//following-sibling::td[5] (tried for 50 second(s) with 500 milliseconds interval)" type="org.openqa.selenium.TimeoutException">org.openqa.selenium.TimeoutException: Expected condition failed: waiting for presence of element located by: By.xpath: //td[contains(text(),'24000000032')]//following-sibling::td[5] (tried for 50 second(s) with 500 milliseconds interval)
	at src.in.valtech.cl.scenarios.TC_Scenario_03.step138_VerifyOrderRMAStatusIN_adyen(TC_Scenario_03.java:1075)
Caused by: org.openqa.selenium.NoSuchElementException: 
no such element: Unable to locate element: {"method":"xpath","selector":"//td[contains(text(),'24000000032')]//following-sibling::td[5]"}
  (Session info: chrome=121.0.6167.185)
For documentation on this error, please visit: https://www.seleniumhq.org/exceptions/no_such_element.html
Build info: version: '3.141.59', revision: 'e82be7d358', time: '2018-11-14T08:17:03'
System info: host: 'IN-PF42S2RF', ip: '192.168.1.6', os.name: 'Windows 10', os.arch: 'amd64', os.version: '10.0', java.version: '11.0.2'
Driver info: org.openqa.selenium.chrome.ChromeDriver
Capabilities {acceptInsecureCerts: false, browserName: chrome, browserVersion: 121.0.6167.185, chrome: {chromedriverVersion: 121.0.6167.85 (3f98d690ad7e..., userDataDir: C:\Users\CHAITR~1.BAB\AppDa...}, fedcm:accounts: true, goog:chromeOptions: {debuggerAddress: localhost:49766}, javascriptEnabled: true, networkConnectionEnabled: false, pageLoadStrategy: normal, platform: WINDOWS, platformName: WINDOWS, proxy: Proxy(), setWindowRect: true, strictFileInteractability: false, timeouts: {implicit: 0, pageLoad: 300000, script: 30000}, unhandledPromptBehavior: dismiss and notify, webauthn:extension:credBlob: true, webauthn:extension:largeBlob: true, webauthn:extension:minPinLength: true, webauthn:extension:prf: true, webauthn:virtualAuthenticators: true}
Session ID: fb4514b2d5008ff6ff67df6d91c626cb
*** Element info: {Using=xpath, value=//td[contains(text(),'24000000032')]//following-sibling::td[5]}
	at src.in.valtech.cl.scenarios.TC_Scenario_03.step138_VerifyOrderRMAStatusIN_adyen(TC_Scenario_03.java:1075)
</failure>
  </testcase>
  <testcase name="step109_SwitchToFOTabAndClickOnMyAccountIcon" classname="src.in.valtech.cl.scenarios.TC_Scenario_10" time="7.158"/>
  <testcase name="step110_VerifiedOrderStatusInMyOrdersPage" classname="src.in.valtech.cl.scenarios.TC_Scenario_10" time="0.163"/>
  <testcase name="step139_NavigatedIntoMangetoAndVerifiedOrderStatusInOrdersPage" classname="src.in.valtech.cl.scenarios.TC_Scenario_03" time="5.58"/>
  <testcase name="step125_NavigatedIntoMangetoAndClickOnSaleIcon" classname="src.in.valtech.cl.scenarios.TC_Scenario_05" time="0.141"/>
  <testcase name="step111_NavigatedIntoMangetoAndRefreshThePage" classname="src.in.valtech.cl.scenarios.TC_Scenario_10" time="3.707"/>
  <testcase name="step140_ClickOrderstxtFromSalesIcon" classname="src.in.valtech.cl.scenarios.TC_Scenario_03" time="9.321"/>
  <testcase name="step118_VerifySaleableStockDecBy1InWMSAferPlacingTheOrder" classname="src.in.valtech.cl.scenarios.TC_Scenario_08" time="7.022"/>
  <testcase name="step104_NaviagtedIntoMangetoAndVerifiedOrderStatusInOrdersPage" classname="src.in.valtech.cl.scenarios.TC_Scenario_07" time="11.554"/>
  <testcase name="step104_NaviagtedIntoMangetoAndVerifiedOrderStatusInOrdersPage" classname="src.in.valtech.cl.scenarios.TC_Scenario_01" time="1.718"/>
  <testcase name="step95_NaviagtedIntoMangetoAndVerifiedOrderStatusInOrdersPage" classname="src.in.valtech.cl.scenarios.TC_Scenario_04" time="0.14"/>
  <testcase name="step126_ClickonViewOptioninOrderGrid" classname="src.in.valtech.cl.scenarios.TC_Scenario_05" time="13.673"/>
  <testcase name="step105_SwitchToFOTabAndClickOnMyAccountIcon" classname="src.in.valtech.cl.scenarios.TC_Scenario_07" time="11.931"/>
  <testcase name="step105_NaviagtedIntoFOAndVerifiedOrderStatusInMyOrdersPage" classname="src.in.valtech.cl.scenarios.TC_Scenario_01" time="4.485"/>
  <testcase name="step96_NaviagtedIntoFOAndVerifiedOrderStatusInMyOrdersPage" classname="src.in.valtech.cl.scenarios.TC_Scenario_04" time="1.68"/>
  <testcase name="step106_ClickOnMyOrdersLink" classname="src.in.valtech.cl.scenarios.TC_Scenario_07" time="1.458"/>
  <testcase name="step107_VerifiedOrderStatusInMyOrdersPage" classname="src.in.valtech.cl.scenarios.TC_Scenario_07" time="0.092"/>
  <testcase name="step112_ClickonViewOptioninOrderGrid" classname="src.in.valtech.cl.scenarios.TC_Scenario_10" time="4.557"/>
  <testcase name="step106_NavigatedIntoWMSAndClickOnPackingBtn" classname="src.in.valtech.cl.scenarios.TC_Scenario_01" time="1.414"/>
  <testcase name="step97_NavigatedIntoWMSAndClickOnPackingBtn" classname="src.in.valtech.cl.scenarios.TC_Scenario_04" time="1.716"/>
  <testcase name="step108_NavigatedIntoWMSAndGetBarcodeFromPickingProcess" classname="src.in.valtech.cl.scenarios.TC_Scenario_07" time="9.44"/>
  <testcase name="step101_NavigatedIntoMangetoAndVerifiedOrderStatusInOrdersPage" classname="src.in.valtech.cl.scenarios.TC_Scenario_09" time="0.116"/>
  <testcase name="step109_NavigatedIntoWMSAndClickOnPackingBtn" classname="src.in.valtech.cl.scenarios.TC_Scenario_07" time="7.126"/>
  <testcase name="step107_EnteredBarcodeAndSearchForPacking" classname="src.in.valtech.cl.scenarios.TC_Scenario_01" time="0.932"/>
  <testcase name="step98_EnteredBarcodeAndSearchForPacking" classname="src.in.valtech.cl.scenarios.TC_Scenario_04" time="1.772"/>
  <testcase name="step102_SwitchToFOTabAndClickOnMyAccountIcon" classname="src.in.valtech.cl.scenarios.TC_Scenario_09" time="4.928"/>
  <testcase name="step105_NavigatedIntoMangetoAndVerifiedOrderStatusInOrdersPage" classname="src.in.valtech.cl.scenarios.TC_Scenario_02" time="1.152"/>
  <testcase name="step99_CopySKUIDAndEnterinSearchFeildForScanningProductsInPacking" classname="src.in.valtech.cl.scenarios.TC_Scenario_04" time="0.352"/>
  <testcase name="step108_CopySKUIDAndEnterinSearchFeildForScanningProductsInPacking" classname="src.in.valtech.cl.scenarios.TC_Scenario_01" time="0.416"/>
  <testcase name="step106_SwitchToFOTabAndClickOnMyAccountIcon" classname="src.in.valtech.cl.scenarios.TC_Scenario_02" time="1.441"/>
  <testcase name="step110_EnteredBarcodeAndSearchForPacking" classname="src.in.valtech.cl.scenarios.TC_Scenario_07" time="9.073"/>
  <testcase name="step100_ClickOnPartialPackingBtn" classname="src.in.valtech.cl.scenarios.TC_Scenario_04" time="1.265"/>
  <testcase name="step103_ClickOnMyOrdersLink" classname="src.in.valtech.cl.scenarios.TC_Scenario_09" time="0.115"/>
  <testcase name="step104_VerifiedOrderStatusInMyOrdersPage" classname="src.in.valtech.cl.scenarios.TC_Scenario_09" time="0.072"/>
  <testcase name="step107_ClickOnMyOrdersLink" classname="src.in.valtech.cl.scenarios.TC_Scenario_02" time="2.893"/>
  <testcase name="step108_VerifiedOrderStatusInMyOrdersPage" classname="src.in.valtech.cl.scenarios.TC_Scenario_02" time="0.096"/>
  <testcase name="step101_VerifyConfirmPackingAndGoBackTOPackingBtn_PartialPacking" classname="src.in.valtech.cl.scenarios.TC_Scenario_04" time="1.023"/>
  <testcase name="step109_ClickOnCompletePackingBtn" classname="src.in.valtech.cl.scenarios.TC_Scenario_01" time="6.252"/>
  <testcase name="step111_CopySKUIDAndEnterinSearchFeildForScanningProductsInPacking" classname="src.in.valtech.cl.scenarios.TC_Scenario_07" time="1.181"/>
  <testcase name="step110_EnteredQuantityInAnyRow" classname="src.in.valtech.cl.scenarios.TC_Scenario_01" time="3.192"/>
  <testcase name="step102_ClickOnConfirmPackingBtn_PartialPacking" classname="src.in.valtech.cl.scenarios.TC_Scenario_04" time="5.728"/>
  <testcase name="step103_EnteredQuantityInAnyRow" classname="src.in.valtech.cl.scenarios.TC_Scenario_04" time="4.28"/>
  <testcase name="step111_ClickOnValidateBtn" classname="src.in.valtech.cl.scenarios.TC_Scenario_01" time="5.32"/>
  <testcase name="step119_ComparedSeleableStockInWMSAndBOBothAreSame" classname="src.in.valtech.cl.scenarios.TC_Scenario_08" time="0.824"/>
  <testcase name="step112_ClickOnCompletePackingBtn" classname="src.in.valtech.cl.scenarios.TC_Scenario_07" time="3.03"/>
  <testcase name="step127_EditExistShippingAndBillingAddressWithNewShippingAddressForRMA" classname="src.in.valtech.cl.scenarios.TC_Scenario_05" time="3.256"/>
  <testcase name="step112_ClickOnHomePopupBtn" classname="src.in.valtech.cl.scenarios.TC_Scenario_01" time="0.031"/>
  <testcase name="step113_EnteredQuantityInAnyRow" classname="src.in.valtech.cl.scenarios.TC_Scenario_07" time="0.983"/>
  <testcase name="step104_ClickOnValidateBtn" classname="src.in.valtech.cl.scenarios.TC_Scenario_04" time="1.824"/>
  <testcase name="step105_ClickOnHomePopupBtn" classname="src.in.valtech.cl.scenarios.TC_Scenario_04" time="7.155"/>
  <testcase name="step114_ClickOnValidateBtn" classname="src.in.valtech.cl.scenarios.TC_Scenario_07" time="6.299"/>
  <testcase name="step115_ClickOnHomePopupBtn" classname="src.in.valtech.cl.scenarios.TC_Scenario_07" time="7.222"/>
  <testcase name="step113_EditExistShippingAndBillingAddressWithNewShippingAddressForRMA" classname="src.in.valtech.cl.scenarios.TC_Scenario_10" time="1.577"/>
  <testcase name="step128_GenerateOrdersWithLabelReadyToBeReprintedInWMS" classname="src.in.valtech.cl.scenarios.TC_Scenario_05" time="2.157"/>
  <testcase name="step129_NavigatedIntoMangetoAndClickOnSalesIcon" classname="src.in.valtech.cl.scenarios.TC_Scenario_05" time="12.276"/>
  <testcase name="step114_GenerateOrdersWithLabelReadyToBeReprintedInWMS" classname="src.in.valtech.cl.scenarios.TC_Scenario_10" time="12.844"/>
  <testcase name="step130_ClickOrderstxtFromSalesIcon" classname="src.in.valtech.cl.scenarios.TC_Scenario_05" time="7.275"/>
  <testcase name="step120_PickingOrderProcess" classname="src.in.valtech.cl.scenarios.TC_Scenario_08" time="3.338"/>
  <testcase name="step141_VerifiedOrderStatusInOrdersPage" classname="src.in.valtech.cl.scenarios.TC_Scenario_03" time="0.978"/>
  <testcase name="step115_NavigatedIntoMangetoAndClickOnSalesIcon" classname="src.in.valtech.cl.scenarios.TC_Scenario_10" time="0.629"/>
  <testcase name="step121_VerifiedPickingOrderSuccessMsg" classname="src.in.valtech.cl.scenarios.TC_Scenario_08" time="1.339"/>
  <testcase name="step122_VerifiedGiftMsg_INPicking" classname="src.in.valtech.cl.scenarios.TC_Scenario_08" time="0"/>
  <testcase name="step131_VerifiedOrdersHeaderInBO" classname="src.in.valtech.cl.scenarios.TC_Scenario_05" time="3.838"/>
  <testcase name="step105_ComparedSeleableStockInWMSAndBOBothAreSameAfterShippingTheOrder" classname="src.in.valtech.cl.scenarios.TC_Scenario_09" time="3.536">
    <failure type="java.lang.NullPointerException">java.lang.NullPointerException
	at src.in.valtech.cl.scenarios.TC_Scenario_09.step105_ComparedSeleableStockInWMSAndBOBothAreSameAfterShippingTheOrder(TC_Scenario_09.java:955)
</failure>
  </testcase>
  <testcase name="step116_ClickOrderstxtFromSalesIcon" classname="src.in.valtech.cl.scenarios.TC_Scenario_10" time="3.422"/>
  <testcase name="step142_ClickOnMyAccountIcon" classname="src.in.valtech.cl.scenarios.TC_Scenario_03" time="1.14"/>
  <testcase name="step123_NavigatedIntoWMSAndGetBarcodeFromPickingProcess" classname="src.in.valtech.cl.scenarios.TC_Scenario_08" time="3.156"/>
  <testcase name="step106_NavigatedIntoMangetoAndVerifiedOrderStatusInOrdersPage" classname="src.in.valtech.cl.scenarios.TC_Scenario_04" time="0.327"/>
  <testcase name="step113_NavigatedIntoMangetoAndVerifiedOrderStatusInOrdersPage" classname="src.in.valtech.cl.scenarios.TC_Scenario_01" time="2.012"/>
  <testcase name="step143_ClickOnMyOrdersLink" classname="src.in.valtech.cl.scenarios.TC_Scenario_03" time="4.197"/>
  <testcase name="step144_VerifiedOrderStatusInMyOrdersPage" classname="src.in.valtech.cl.scenarios.TC_Scenario_03" time="0.094"/>
  <testcase name="step116_NavigatedIntoMangetoAndVerifiedOrderStatusInOrdersPage" classname="src.in.valtech.cl.scenarios.TC_Scenario_07" time="5.07"/>
  <testcase name="step109_ComparedSeleableStockInWMSAndBOBothAreSameAfterShippingTheOrder" classname="src.in.valtech.cl.scenarios.TC_Scenario_02" time="0.594"/>
  <testcase name="step107_NaviagtedIntoFOAndVerifiedOrderStatusInMyOrdersPage" classname="src.in.valtech.cl.scenarios.TC_Scenario_04" time="5.181"/>
  <testcase name="step117_SwitchToFOTabAndClickOnMyAccountIcon" classname="src.in.valtech.cl.scenarios.TC_Scenario_07" time="1.681"/>
  <testcase name="step114_NaviagtedIntoFOAndVerifiedOrderStatusInMyOrdersPage" classname="src.in.valtech.cl.scenarios.TC_Scenario_01" time="0.008"/>
  <testcase name="step106_ClickOnRMAProductReturnBtn" classname="src.in.valtech.cl.scenarios.TC_Scenario_09" time="1.455"/>
  <testcase name="step110_NavigatedIntoAdyenAndClickOnPaymentTab" classname="src.in.valtech.cl.scenarios.TC_Scenario_02" time="0.442"/>
  <testcase name="step118_ClickOnMyOrdersLink" classname="src.in.valtech.cl.scenarios.TC_Scenario_07" time="6.065"/>
  <testcase name="step119_VerifiedOrderStatusInMyOrdersPage" classname="src.in.valtech.cl.scenarios.TC_Scenario_07" time="0.089"/>
  <testcase name="step115_NavigatedIntoWMSAndProcessedwithShippingProcess" classname="src.in.valtech.cl.scenarios.TC_Scenario_01" time="58.026"/>
  <testcase name="step108_NavigatedIntoWMSAndProcessedwithShippingProcess" classname="src.in.valtech.cl.scenarios.TC_Scenario_04" time="0.354"/>
  <testcase name="step120_NavigatedIntoWMSAndProcessedwithShippingProcess" classname="src.in.valtech.cl.scenarios.TC_Scenario_07" time="9.938"/>
  <testcase name="step107_CreatingRMAFromFO" classname="src.in.valtech.cl.scenarios.TC_Scenario_09" time="2.542"/>
  <testcase name="step132_VerifiedOrderStatusInOrdersPage" classname="src.in.valtech.cl.scenarios.TC_Scenario_05" time="19.759"/>
  <testcase name="step117_VerifiedOrderStatusInOrdersPage" classname="src.in.valtech.cl.scenarios.TC_Scenario_10" time="0.139"/>
  <testcase name="step108_NavigatedIntoMangetoAndClickOnReturnsFromSales" classname="src.in.valtech.cl.scenarios.TC_Scenario_09" time="9.265"/>
  <testcase name="step133_SwitchToFOTabAndClickOnMyAccountIcon" classname="src.in.valtech.cl.scenarios.TC_Scenario_05" time="1.796"/>
  <testcase name="step145_ComparedSeleableStockInWMSAndBOBothAreSameAfterRejectingTheOrder" classname="src.in.valtech.cl.scenarios.TC_Scenario_03" time="4.118"/>
  <testcase name="step118_NaviagtedIntoFOAndVerifiedOrderStatusInMyOrdersPage" classname="src.in.valtech.cl.scenarios.TC_Scenario_10" time="5.475"/>
  <testcase name="step147_VerifyAccountCreationConfirmationMailContents" classname="src.in.valtech.cl.scenarios.TC_Scenario_03" time="1.02"/>
  <testcase name="step134_ClickOnMyOrdersLink" classname="src.in.valtech.cl.scenarios.TC_Scenario_05" time="0.377"/>
  <testcase name="step135_VerifiedOrderStatusInMyOrdersPage" classname="src.in.valtech.cl.scenarios.TC_Scenario_05" time="0.091"/>
  <testcase name="step148_VerifyOrderConfirmationMailContents" classname="src.in.valtech.cl.scenarios.TC_Scenario_03" time="6.103"/>
  <testcase name="step111_LoggedIntoAdyen" classname="src.in.valtech.cl.scenarios.TC_Scenario_02" time="11.636"/>
  <testcase name="step124_NaviagtedIntoMangetoAndVerifiedOrderStatusInOrdersPage" classname="src.in.valtech.cl.scenarios.TC_Scenario_08" time="34.656"/>
  <testcase name="step112_EnterOrderIDinPaymentTab_adyen" classname="src.in.valtech.cl.scenarios.TC_Scenario_02" time="7.477"/>
  <testcase name="step119_NavigatedIntoMangetoAndClickOnOrderGrid" classname="src.in.valtech.cl.scenarios.TC_Scenario_10" time="4.826"/>
  <testcase name="step120_ClickOnCreateReturnsButton" classname="src.in.valtech.cl.scenarios.TC_Scenario_10" time="8.924"/>
  <testcase name="step109_NavigatedIntoMangetoAndVerifiedOrderStatusInOrdersPage" classname="src.in.valtech.cl.scenarios.TC_Scenario_04" time="2.217"/>
  <testcase name="step113_VerifyOrderTotalAmtIN_adyen" classname="src.in.valtech.cl.scenarios.TC_Scenario_02" time="4.063">
    <failure message="no such element: Unable to locate element: {&quot;method&quot;:&quot;xpath&quot;,&quot;selector&quot;:&quot;//td[contains(text(),&apos;24000000026&apos;)]//following-sibling::td[3]&quot;}&#10;  (Session info: chrome=121.0.6167.185)&#10;For documentation on this error, please visit: https://www.seleniumhq.org/exceptions/no_such_element.html&#10;Build info: version: &apos;3.141.59&apos;, revision: &apos;e82be7d358&apos;, time: &apos;2018-11-14T08:17:03&apos;&#10;System info: host: &apos;IN-PF42S2RF&apos;, ip: &apos;192.168.1.6&apos;, os.name: &apos;Windows 10&apos;, os.arch: &apos;amd64&apos;, os.version: &apos;10.0&apos;, java.version: &apos;11.0.2&apos;&#10;Driver info: org.openqa.selenium.chrome.ChromeDriver&#10;Capabilities {acceptInsecureCerts: false, browserName: chrome, browserVersion: 121.0.6167.185, chrome: {chromedriverVersion: 121.0.6167.85 (3f98d690ad7e..., userDataDir: C:\Users\CHAITR~1.BAB\AppDa...}, fedcm:accounts: true, goog:chromeOptions: {debuggerAddress: localhost:49739}, javascriptEnabled: true, networkConnectionEnabled: false, pageLoadStrategy: normal, platform: WINDOWS, platformName: WINDOWS, proxy: Proxy(), setWindowRect: true, strictFileInteractability: false, timeouts: {implicit: 0, pageLoad: 300000, script: 30000}, unhandledPromptBehavior: dismiss and notify, webauthn:extension:credBlob: true, webauthn:extension:largeBlob: true, webauthn:extension:minPinLength: true, webauthn:extension:prf: true, webauthn:virtualAuthenticators: true}&#10;Session ID: 69aef492130cb9755207edc9b798f5cc&#10;*** Element info: {Using=xpath, value=//td[contains(text(),&apos;24000000026&apos;)]//following-sibling::td[3]}" type="org.openqa.selenium.NoSuchElementException">org.openqa.selenium.NoSuchElementException: 
no such element: Unable to locate element: {"method":"xpath","selector":"//td[contains(text(),'24000000026')]//following-sibling::td[3]"}
  (Session info: chrome=121.0.6167.185)
For documentation on this error, please visit: https://www.seleniumhq.org/exceptions/no_such_element.html
Build info: version: '3.141.59', revision: 'e82be7d358', time: '2018-11-14T08:17:03'
System info: host: 'IN-PF42S2RF', ip: '192.168.1.6', os.name: 'Windows 10', os.arch: 'amd64', os.version: '10.0', java.version: '11.0.2'
Driver info: org.openqa.selenium.chrome.ChromeDriver
Capabilities {acceptInsecureCerts: false, browserName: chrome, browserVersion: 121.0.6167.185, chrome: {chromedriverVersion: 121.0.6167.85 (3f98d690ad7e..., userDataDir: C:\Users\CHAITR~1.BAB\AppDa...}, fedcm:accounts: true, goog:chromeOptions: {debuggerAddress: localhost:49739}, javascriptEnabled: true, networkConnectionEnabled: false, pageLoadStrategy: normal, platform: WINDOWS, platformName: WINDOWS, proxy: Proxy(), setWindowRect: true, strictFileInteractability: false, timeouts: {implicit: 0, pageLoad: 300000, script: 30000}, unhandledPromptBehavior: dismiss and notify, webauthn:extension:credBlob: true, webauthn:extension:largeBlob: true, webauthn:extension:minPinLength: true, webauthn:extension:prf: true, webauthn:virtualAuthenticators: true}
Session ID: 69aef492130cb9755207edc9b798f5cc
*** Element info: {Using=xpath, value=//td[contains(text(),'24000000026')]//following-sibling::td[3]}
	at src.in.valtech.cl.scenarios.TC_Scenario_02.step113_VerifyOrderTotalAmtIN_adyen(TC_Scenario_02.java:1008)
</failure>
    <system-out><![CDATA[2024-02-27 19:20:16 INFO  GUIFunctions:428 - Successfully clicked on element: Successfully cleared filter
]]></system-out>
  </testcase>
  <testcase name="step125_NaviagtedIntoFOAndVerifiedOrderStatusInMyOrdersPage" classname="src.in.valtech.cl.scenarios.TC_Scenario_08" time="3.806"/>
  <testcase name="step126_NavigatedIntoWMSAndClickOnPackingBtn" classname="src.in.valtech.cl.scenarios.TC_Scenario_08" time="9.29"/>
  <testcase name="step110_NaviagtedIntoFOAndVerifiedOrderStatusInMyOrdersPage" classname="src.in.valtech.cl.scenarios.TC_Scenario_04" time="0.315">
    <failure message="expected [null] but found [Commande partiellement expédiée]" type="java.lang.AssertionError">java.lang.AssertionError: expected [null] but found [Commande partiellement expédiée]
	at src.in.valtech.cl.scenarios.TC_Scenario_04.step110_NaviagtedIntoFOAndVerifiedOrderStatusInMyOrdersPage(TC_Scenario_04.java:1109)
</failure>
    <system-out><![CDATA[2024-02-27 19:20:31 INFO  GUIFunctions:428 - Successfully clicked on element: Click on My Orders link
2024-02-27 19:20:31 INFO  GUIFunctions:651 - Successfully scroll down till RMAProductReturnBtn from FO
2024-02-27 19:20:31 INFO  GUIFunctions:613 - Successfully Verified Order ID-Order Status: 24000000029-Commande partiellement expédiée
]]></system-out>
  </testcase>
  <testcase name="step116_NavigatedIntoMangetoAndVerifiedOrderStatusInOrdersPage" classname="src.in.valtech.cl.scenarios.TC_Scenario_01" time="3.755"/>
  <testcase name="step114_ClickOnRMAProductReturnBtn" classname="src.in.valtech.cl.scenarios.TC_Scenario_02" time="9.248"/>
  <testcase name="step121_NavigatedIntoMangetoAndVerifiedOrderStatusInOrdersPage" classname="src.in.valtech.cl.scenarios.TC_Scenario_07" time="5.762"/>
  <testcase name="step127_EnteredBarcodeAndSearchForPacking" classname="src.in.valtech.cl.scenarios.TC_Scenario_08" time="0.402"/>
  <testcase name="step121_EditExistShippingAddressWithWrongZipCodeForRMA" classname="src.in.valtech.cl.scenarios.TC_Scenario_10" time="1.676"/>
  <testcase name="step122_VerifySuccessMsgForRMAAddressUpdate" classname="src.in.valtech.cl.scenarios.TC_Scenario_10" time="0.076"/>
  <testcase name="step122_SwitchToFOTabAndClickOnMyAccountIcon" classname="src.in.valtech.cl.scenarios.TC_Scenario_07" time="0.114"/>
  <testcase name="step117_NaviagtedIntoFOAndVerifiedOrderStatusInMyOrdersPage" classname="src.in.valtech.cl.scenarios.TC_Scenario_01" time="0.785"/>
  <testcase name="step123_SelectPickupDate" classname="src.in.valtech.cl.scenarios.TC_Scenario_10" time="9.515"/>
  <testcase name="step128_CopySKUIDAndEnterinSearchFeildForScanningProductsInPacking" classname="src.in.valtech.cl.scenarios.TC_Scenario_08" time="1.221"/>
  <testcase name="step123_ClickOnMyOrdersLink" classname="src.in.valtech.cl.scenarios.TC_Scenario_07" time="3.524"/>
  <testcase name="step124_VerifiedOrderStatusInMyOrdersPage" classname="src.in.valtech.cl.scenarios.TC_Scenario_07" time="0.107"/>
  <testcase name="step136_ComparedSeleableStockInWMSAndBOBothAreSameAfterShippingTheOrder" classname="src.in.valtech.cl.scenarios.TC_Scenario_05" time="3.796"/>
  <testcase name="step124_ClickOnReturnItems" classname="src.in.valtech.cl.scenarios.TC_Scenario_10" time="0.623"/>
  <testcase name="step137_VerifyOrderConfirmationMailContents" classname="src.in.valtech.cl.scenarios.TC_Scenario_05" time="5.781"/>
  <testcase name="step125_ClickOnAddProductButton" classname="src.in.valtech.cl.scenarios.TC_Scenario_10" time="1.377"/>
  <testcase name="step138_VerifyShippingConfirmationMailContents" classname="src.in.valtech.cl.scenarios.TC_Scenario_05" time="4.926"/>
  <testcase name="step129_ClickOnCompletePackingBtn" classname="src.in.valtech.cl.scenarios.TC_Scenario_08" time="7.005"/>
  <testcase name="step126_ClickOnCheckboxToSelectTheProduct" classname="src.in.valtech.cl.scenarios.TC_Scenario_10" time="0.125"/>
  <testcase name="step130_EnteredQuantityInAnyRow" classname="src.in.valtech.cl.scenarios.TC_Scenario_08" time="4.098"/>
  <testcase name="step111_NavigatedIntoAdyenAndClickOnPaymentTab" classname="src.in.valtech.cl.scenarios.TC_Scenario_04" time="4.121"/>
  <testcase name="step127_ClickOnAddSelProdToReturnsBtn" classname="src.in.valtech.cl.scenarios.TC_Scenario_10" time="6.981"/>
  <testcase name="step128_EnterValueInRequestedField" classname="src.in.valtech.cl.scenarios.TC_Scenario_10" time="2.162"/>
  <testcase name="step131_ClickOnValidateBtn" classname="src.in.valtech.cl.scenarios.TC_Scenario_08" time="1.981"/>
  <testcase name="step129_SelectAnyOptionFromReturnReasonDropdown" classname="src.in.valtech.cl.scenarios.TC_Scenario_10" time="0.233"/>
  <testcase name="step130_SelectOptionFromItemConditionDropdown" classname="src.in.valtech.cl.scenarios.TC_Scenario_10" time="2.202"/>
  <testcase name="step112_EnterOrderIDinPaymentTab_adyen" classname="src.in.valtech.cl.scenarios.TC_Scenario_04" time="0.97"/>
  <testcase name="step113_VerifyOrderTotalAmtIN_adyen" classname="src.in.valtech.cl.scenarios.TC_Scenario_04" time="0.077"/>
  <testcase name="step131_SelectOptionFromResolutionDropdown" classname="src.in.valtech.cl.scenarios.TC_Scenario_10" time="1.166"/>
  <testcase name="step132_ClickOnHomePopupBtn" classname="src.in.valtech.cl.scenarios.TC_Scenario_08" time="2.542"/>
  <testcase name="step115_CreatingRMAFromFO" classname="src.in.valtech.cl.scenarios.TC_Scenario_02" time="8.79"/>
  <testcase name="step132_ClickOnSubmitReturnsButton" classname="src.in.valtech.cl.scenarios.TC_Scenario_10" time="1.399"/>
  <testcase name="step133_VerifySuccessMsgForRMARequest" classname="src.in.valtech.cl.scenarios.TC_Scenario_10" time="0.062"/>
  <testcase name="step118_NavigatedIntoAdyenAndClickOnPaymentTab" classname="src.in.valtech.cl.scenarios.TC_Scenario_01" time="10.771"/>
  <testcase name="step116_NavigatedIntoMangetoAndClickOnReturnsFromSales" classname="src.in.valtech.cl.scenarios.TC_Scenario_02" time="16.394"/>
  <testcase name="step119_EnterOrderIDinPaymentTab_adyen" classname="src.in.valtech.cl.scenarios.TC_Scenario_01" time="25.752"/>
  <testcase name="step133_NavigatedIntoMangetoAndVerifiedOrderStatusInOrdersPage" classname="src.in.valtech.cl.scenarios.TC_Scenario_08" time="9.805"/>
  <testcase name="step125_ComparedSeleableStockInWMSAndBOBothAreSameAfterShippingTheOrder" classname="src.in.valtech.cl.scenarios.TC_Scenario_07" time="7.61"/>
  <testcase name="step120_VerifyOrderTotalAmtIN_adyen" classname="src.in.valtech.cl.scenarios.TC_Scenario_01" time="2.623">
    <failure message="no such element: Unable to locate element: {&quot;method&quot;:&quot;xpath&quot;,&quot;selector&quot;:&quot;//td[contains(text(),&apos;24000000031&apos;)]//following-sibling::td[3]&quot;}&#10;  (Session info: chrome=121.0.6167.185)&#10;For documentation on this error, please visit: https://www.seleniumhq.org/exceptions/no_such_element.html&#10;Build info: version: &apos;3.141.59&apos;, revision: &apos;e82be7d358&apos;, time: &apos;2018-11-14T08:17:03&apos;&#10;System info: host: &apos;IN-PF42S2RF&apos;, ip: &apos;192.168.1.6&apos;, os.name: &apos;Windows 10&apos;, os.arch: &apos;amd64&apos;, os.version: &apos;10.0&apos;, java.version: &apos;11.0.2&apos;&#10;Driver info: org.openqa.selenium.chrome.ChromeDriver&#10;Capabilities {acceptInsecureCerts: false, browserName: chrome, browserVersion: 121.0.6167.185, chrome: {chromedriverVersion: 121.0.6167.85 (3f98d690ad7e..., userDataDir: C:\Users\CHAITR~1.BAB\AppDa...}, fedcm:accounts: true, goog:chromeOptions: {debuggerAddress: localhost:49803}, javascriptEnabled: true, networkConnectionEnabled: false, pageLoadStrategy: normal, platform: WINDOWS, platformName: WINDOWS, proxy: Proxy(), setWindowRect: true, strictFileInteractability: false, timeouts: {implicit: 0, pageLoad: 300000, script: 30000}, unhandledPromptBehavior: dismiss and notify, webauthn:extension:credBlob: true, webauthn:extension:largeBlob: true, webauthn:extension:minPinLength: true, webauthn:extension:prf: true, webauthn:virtualAuthenticators: true}&#10;Session ID: 9a89f617d384e064b22dfc1b889e2d25&#10;*** Element info: {Using=xpath, value=//td[contains(text(),&apos;24000000031&apos;)]//following-sibling::td[3]}" type="org.openqa.selenium.NoSuchElementException">org.openqa.selenium.NoSuchElementException: 
no such element: Unable to locate element: {"method":"xpath","selector":"//td[contains(text(),'24000000031')]//following-sibling::td[3]"}
  (Session info: chrome=121.0.6167.185)
For documentation on this error, please visit: https://www.seleniumhq.org/exceptions/no_such_element.html
Build info: version: '3.141.59', revision: 'e82be7d358', time: '2018-11-14T08:17:03'
System info: host: 'IN-PF42S2RF', ip: '192.168.1.6', os.name: 'Windows 10', os.arch: 'amd64', os.version: '10.0', java.version: '11.0.2'
Driver info: org.openqa.selenium.chrome.ChromeDriver
Capabilities {acceptInsecureCerts: false, browserName: chrome, browserVersion: 121.0.6167.185, chrome: {chromedriverVersion: 121.0.6167.85 (3f98d690ad7e..., userDataDir: C:\Users\CHAITR~1.BAB\AppDa...}, fedcm:accounts: true, goog:chromeOptions: {debuggerAddress: localhost:49803}, javascriptEnabled: true, networkConnectionEnabled: false, pageLoadStrategy: normal, platform: WINDOWS, platformName: WINDOWS, proxy: Proxy(), setWindowRect: true, strictFileInteractability: false, timeouts: {implicit: 0, pageLoad: 300000, script: 30000}, unhandledPromptBehavior: dismiss and notify, webauthn:extension:credBlob: true, webauthn:extension:largeBlob: true, webauthn:extension:minPinLength: true, webauthn:extension:prf: true, webauthn:virtualAuthenticators: true}
Session ID: 9a89f617d384e064b22dfc1b889e2d25
*** Element info: {Using=xpath, value=//td[contains(text(),'24000000031')]//following-sibling::td[3]}
	at src.in.valtech.cl.scenarios.TC_Scenario_01.step120_VerifyOrderTotalAmtIN_adyen(TC_Scenario_01.java:1141)
</failure>
  </testcase>
  <testcase name="step134_NaviagtedIntoFOAndVerifiedOrderStatusInMyOrdersPage" classname="src.in.valtech.cl.scenarios.TC_Scenario_08" time="6.912"/>
  <testcase name="step109_ClickONFiltersAndEnterRMAID" classname="src.in.valtech.cl.scenarios.TC_Scenario_09" time="35.9"/>
  <testcase name="step114_ComparedSeleableStockInWMSAndBOBothAreSameAfterShippingTheOrder" classname="src.in.valtech.cl.scenarios.TC_Scenario_04" time="1.487"/>
  <testcase name="step115_SwitchToFOTabAndClickOnMyAccountIcon" classname="src.in.valtech.cl.scenarios.TC_Scenario_04" time="2.156"/>
  <testcase name="step111_ClickOnSalesIcon" classname="src.in.valtech.cl.scenarios.TC_Scenario_09" time="6.556"/>
  <testcase name="step116_ClickOnMyOrdersLink" classname="src.in.valtech.cl.scenarios.TC_Scenario_04" time="2.384"/>
  <testcase name="step117_VerifiedOrderStatusInMyOrdersPage" classname="src.in.valtech.cl.scenarios.TC_Scenario_04" time="0.137"/>
  <testcase name="step112_ClickOrderstxtFromSalesIcon" classname="src.in.valtech.cl.scenarios.TC_Scenario_09" time="9.2"/>
  <testcase name="step126_ClickOnOrderGridAndVerifiedOrderDetailsPage" classname="src.in.valtech.cl.scenarios.TC_Scenario_07" time="0.479"/>
  <testcase name="step135_NavigatedIntoWMSAndProcessedwithShippingProcess" classname="src.in.valtech.cl.scenarios.TC_Scenario_08" time="7.649"/>
  <testcase name="step127_ClickOnCreateReturnsButton" classname="src.in.valtech.cl.scenarios.TC_Scenario_07" time="0.756"/>
  <testcase name="step113_VerifiedOrderStatusInOrdersPage" classname="src.in.valtech.cl.scenarios.TC_Scenario_09" time="48.508"/>
  <testcase name="step128_EditExistShippingAddressWithNewShippingAddressForRMA" classname="src.in.valtech.cl.scenarios.TC_Scenario_07" time="3.754"/>
  <testcase name="step129_VerifySuccessMsgForRMAAddressUpdate" classname="src.in.valtech.cl.scenarios.TC_Scenario_07" time="0.076"/>
  <testcase name="step118_ClickOnOrderGridAndVerifiedOrderDetailsPage" classname="src.in.valtech.cl.scenarios.TC_Scenario_04" time="3.7"/>
  <testcase name="step121_ComparedSeleableStockInWMSAndBOBothAreSameAfterShippingTheOrder" classname="src.in.valtech.cl.scenarios.TC_Scenario_01" time="2.244"/>
  <testcase name="step130_SelectPickupDate" classname="src.in.valtech.cl.scenarios.TC_Scenario_07" time="3.334"/>
  <testcase name="step115_ClickOnRMALink" classname="src.in.valtech.cl.scenarios.TC_Scenario_09" time="1.282"/>
  <testcase name="step119_ClickOnCreateReturnsButton" classname="src.in.valtech.cl.scenarios.TC_Scenario_04" time="0.65"/>
  <testcase name="step120_EnterContactEmailAdd_CreateReturns" classname="src.in.valtech.cl.scenarios.TC_Scenario_04" time="4.56"/>
  <testcase name="step131_ClickOnReturnItems" classname="src.in.valtech.cl.scenarios.TC_Scenario_07" time="2.771"/>
  <testcase name="step121_SelectPickupDate" classname="src.in.valtech.cl.scenarios.TC_Scenario_04" time="6.576"/>
  <testcase name="step132_ClickOnAddProductButton" classname="src.in.valtech.cl.scenarios.TC_Scenario_07" time="0.775"/>
  <testcase name="step122_ClickOnReturnItems" classname="src.in.valtech.cl.scenarios.TC_Scenario_04" time="8.522"/>
  <testcase name="step122_ClickOnRMAProductReturnBtn" classname="src.in.valtech.cl.scenarios.TC_Scenario_01" time="3.579"/>
  <testcase name="step133_ClickOnCheckboxToSelectTheProduct" classname="src.in.valtech.cl.scenarios.TC_Scenario_07" time="2.309"/>
  <testcase name="step123_ClickOnAddProductButton" classname="src.in.valtech.cl.scenarios.TC_Scenario_04" time="1.288"/>
  <testcase name="step124_ClickOnCheckboxToSelectTheProduct" classname="src.in.valtech.cl.scenarios.TC_Scenario_04" time="7.221"/>
  <testcase name="step134_ClickOnAddSelProdToReturnsBtn" classname="src.in.valtech.cl.scenarios.TC_Scenario_07" time="6.666"/>
  <testcase name="step135_EnterValueInRequestedField" classname="src.in.valtech.cl.scenarios.TC_Scenario_07" time="4.245"/>
  <testcase name="step125_ClickOnAddSelProdToReturnsBtn" classname="src.in.valtech.cl.scenarios.TC_Scenario_04" time="4.246"/>
  <testcase name="step136_SelectAnyOptionFromReturnReasonDropdown" classname="src.in.valtech.cl.scenarios.TC_Scenario_07" time="0.089"/>
  <testcase name="step126_EnterValueInRequestedField" classname="src.in.valtech.cl.scenarios.TC_Scenario_04" time="2.078"/>
  <testcase name="step127_SelectAnyOptionFromReturnReasonDropdown" classname="src.in.valtech.cl.scenarios.TC_Scenario_04" time="2.238"/>
  <testcase name="step137_SelectOptionFromItemConditionDropdown" classname="src.in.valtech.cl.scenarios.TC_Scenario_07" time="0.123"/>
  <testcase name="step136_NavigatedIntoMangetoAndVerifiedOrderStatusInOrdersPage" classname="src.in.valtech.cl.scenarios.TC_Scenario_08" time="1.037"/>
  <testcase name="step128_SelectOptionFromItemConditionDropdown" classname="src.in.valtech.cl.scenarios.TC_Scenario_04" time="1.031"/>
  <testcase name="step129_SelectOptionFromResolutionDropdown" classname="src.in.valtech.cl.scenarios.TC_Scenario_04" time="2.222"/>
  <testcase name="step138_SelectOptionFromResolutionDropdown" classname="src.in.valtech.cl.scenarios.TC_Scenario_07" time="0.107"/>
  <testcase name="step130_ClickOnSubmitReturnsButton" classname="src.in.valtech.cl.scenarios.TC_Scenario_04" time="10.892"/>
  <testcase name="step131_VerifySuccessMsgForRMARequest" classname="src.in.valtech.cl.scenarios.TC_Scenario_04" time="0.06"/>
  <testcase name="step139_ClickOnSubmitReturnsButton" classname="src.in.valtech.cl.scenarios.TC_Scenario_07" time="0.359"/>
  <testcase name="step140_VerifySuccessMsgForRMARequest" classname="src.in.valtech.cl.scenarios.TC_Scenario_07" time="0.059"/>
  <testcase name="step137_NaviagtedIntoFOAndVerifiedOrderStatusInMyOrdersPage" classname="src.in.valtech.cl.scenarios.TC_Scenario_08" time="3.509"/>
  <testcase name="step132_NavigatedIntoMangetoAndClickOnSalesIcon" classname="src.in.valtech.cl.scenarios.TC_Scenario_04" time="6.257"/>
  <testcase name="step116_EnterRMAID_SearchForOrderDetails_ClickOnReceptionButton" classname="src.in.valtech.cl.scenarios.TC_Scenario_09" time="4.572">
    <failure message="no such element: Unable to locate element: {&quot;method&quot;:&quot;xpath&quot;,&quot;selector&quot;:&quot;//td[contains(@class,&apos;vuetable-td-incrementId&apos;)]&quot;}&#10;  (Session info: chrome=121.0.6167.185)&#10;For documentation on this error, please visit: https://www.seleniumhq.org/exceptions/no_such_element.html&#10;Build info: version: &apos;3.141.59&apos;, revision: &apos;e82be7d358&apos;, time: &apos;2018-11-14T08:17:03&apos;&#10;System info: host: &apos;IN-PF42S2RF&apos;, ip: &apos;192.168.1.6&apos;, os.name: &apos;Windows 10&apos;, os.arch: &apos;amd64&apos;, os.version: &apos;10.0&apos;, java.version: &apos;11.0.2&apos;&#10;Driver info: org.openqa.selenium.chrome.ChromeDriver&#10;Capabilities {acceptInsecureCerts: false, browserName: chrome, browserVersion: 121.0.6167.185, chrome: {chromedriverVersion: 121.0.6167.85 (3f98d690ad7e..., userDataDir: C:\Users\CHAITR~1.BAB\AppDa...}, fedcm:accounts: true, goog:chromeOptions: {debuggerAddress: localhost:49878}, javascriptEnabled: true, networkConnectionEnabled: false, pageLoadStrategy: normal, platform: WINDOWS, platformName: WINDOWS, proxy: Proxy(), setWindowRect: true, strictFileInteractability: false, timeouts: {implicit: 0, pageLoad: 300000, script: 30000}, unhandledPromptBehavior: dismiss and notify, webauthn:extension:credBlob: true, webauthn:extension:largeBlob: true, webauthn:extension:minPinLength: true, webauthn:extension:prf: true, webauthn:virtualAuthenticators: true}&#10;Session ID: b21dab167d1f169a121712e968d1e14e&#10;*** Element info: {Using=xpath, value=//td[contains(@class,&apos;vuetable-td-incrementId&apos;)]}" type="org.openqa.selenium.NoSuchElementException">org.openqa.selenium.NoSuchElementException: 
no such element: Unable to locate element: {"method":"xpath","selector":"//td[contains(@class,'vuetable-td-incrementId')]"}
  (Session info: chrome=121.0.6167.185)
For documentation on this error, please visit: https://www.seleniumhq.org/exceptions/no_such_element.html
Build info: version: '3.141.59', revision: 'e82be7d358', time: '2018-11-14T08:17:03'
System info: host: 'IN-PF42S2RF', ip: '192.168.1.6', os.name: 'Windows 10', os.arch: 'amd64', os.version: '10.0', java.version: '11.0.2'
Driver info: org.openqa.selenium.chrome.ChromeDriver
Capabilities {acceptInsecureCerts: false, browserName: chrome, browserVersion: 121.0.6167.185, chrome: {chromedriverVersion: 121.0.6167.85 (3f98d690ad7e..., userDataDir: C:\Users\CHAITR~1.BAB\AppDa...}, fedcm:accounts: true, goog:chromeOptions: {debuggerAddress: localhost:49878}, javascriptEnabled: true, networkConnectionEnabled: false, pageLoadStrategy: normal, platform: WINDOWS, platformName: WINDOWS, proxy: Proxy(), setWindowRect: true, strictFileInteractability: false, timeouts: {implicit: 0, pageLoad: 300000, script: 30000}, unhandledPromptBehavior: dismiss and notify, webauthn:extension:credBlob: true, webauthn:extension:largeBlob: true, webauthn:extension:minPinLength: true, webauthn:extension:prf: true, webauthn:virtualAuthenticators: true}
Session ID: b21dab167d1f169a121712e968d1e14e
*** Element info: {Using=xpath, value=//td[contains(@class,'vuetable-td-incrementId')]}
	at src.in.valtech.cl.scenarios.TC_Scenario_09.step116_EnterRMAID_SearchForOrderDetails_ClickOnReceptionButton(TC_Scenario_09.java:1066)
</failure>
    <system-out><![CDATA[2024-02-27 19:26:59 INFO  GUIFunctions:428 - Successfully clicked on element: click on Filters button
2024-02-27 19:27:00 INFO  GUIFunctions:104 - Successfully clicked on element: click on Myorders RMA Product Return reason date dropdown 
2024-02-27 19:27:00 INFO  GUIFunctions:428 - Successfully clicked on element: click on Apply Filters button
2024-02-27 19:27:01 INFO  GUIFunctions:428 - Successfully clicked on element: click on Filters button
]]></system-out>
  </testcase>
  <testcase name="step133_ReturnstxtFromSalesIconClick" classname="src.in.valtech.cl.scenarios.TC_Scenario_04" time="9.691"/>
  <testcase name="step117_ExecuteRMAProcessinWMS" classname="src.in.valtech.cl.scenarios.TC_Scenario_09" time="0.357">
    <failure message="no such element: Unable to locate element: {&quot;method&quot;:&quot;xpath&quot;,&quot;selector&quot;:&quot;//select[@id=&apos;returncondition&apos;]&quot;}&#10;  (Session info: chrome=121.0.6167.185)&#10;For documentation on this error, please visit: https://www.seleniumhq.org/exceptions/no_such_element.html&#10;Build info: version: &apos;3.141.59&apos;, revision: &apos;e82be7d358&apos;, time: &apos;2018-11-14T08:17:03&apos;&#10;System info: host: &apos;IN-PF42S2RF&apos;, ip: &apos;192.168.1.6&apos;, os.name: &apos;Windows 10&apos;, os.arch: &apos;amd64&apos;, os.version: &apos;10.0&apos;, java.version: &apos;11.0.2&apos;&#10;Driver info: org.openqa.selenium.chrome.ChromeDriver&#10;Capabilities {acceptInsecureCerts: false, browserName: chrome, browserVersion: 121.0.6167.185, chrome: {chromedriverVersion: 121.0.6167.85 (3f98d690ad7e..., userDataDir: C:\Users\CHAITR~1.BAB\AppDa...}, fedcm:accounts: true, goog:chromeOptions: {debuggerAddress: localhost:49878}, javascriptEnabled: true, networkConnectionEnabled: false, pageLoadStrategy: normal, platform: WINDOWS, platformName: WINDOWS, proxy: Proxy(), setWindowRect: true, strictFileInteractability: false, timeouts: {implicit: 0, pageLoad: 300000, script: 30000}, unhandledPromptBehavior: dismiss and notify, webauthn:extension:credBlob: true, webauthn:extension:largeBlob: true, webauthn:extension:minPinLength: true, webauthn:extension:prf: true, webauthn:virtualAuthenticators: true}&#10;Session ID: b21dab167d1f169a121712e968d1e14e&#10;*** Element info: {Using=xpath, value=//select[@id=&apos;returncondition&apos;]}" type="org.openqa.selenium.NoSuchElementException">org.openqa.selenium.NoSuchElementException: 
no such element: Unable to locate element: {"method":"xpath","selector":"//select[@id='returncondition']"}
  (Session info: chrome=121.0.6167.185)
For documentation on this error, please visit: https://www.seleniumhq.org/exceptions/no_such_element.html
Build info: version: '3.141.59', revision: 'e82be7d358', time: '2018-11-14T08:17:03'
System info: host: 'IN-PF42S2RF', ip: '192.168.1.6', os.name: 'Windows 10', os.arch: 'amd64', os.version: '10.0', java.version: '11.0.2'
Driver info: org.openqa.selenium.chrome.ChromeDriver
Capabilities {acceptInsecureCerts: false, browserName: chrome, browserVersion: 121.0.6167.185, chrome: {chromedriverVersion: 121.0.6167.85 (3f98d690ad7e..., userDataDir: C:\Users\CHAITR~1.BAB\AppDa...}, fedcm:accounts: true, goog:chromeOptions: {debuggerAddress: localhost:49878}, javascriptEnabled: true, networkConnectionEnabled: false, pageLoadStrategy: normal, platform: WINDOWS, platformName: WINDOWS, proxy: Proxy(), setWindowRect: true, strictFileInteractability: false, timeouts: {implicit: 0, pageLoad: 300000, script: 30000}, unhandledPromptBehavior: dismiss and notify, webauthn:extension:credBlob: true, webauthn:extension:largeBlob: true, webauthn:extension:minPinLength: true, webauthn:extension:prf: true, webauthn:virtualAuthenticators: true}
Session ID: b21dab167d1f169a121712e968d1e14e
*** Element info: {Using=xpath, value=//select[@id='returncondition']}
	at src.in.valtech.cl.scenarios.TC_Scenario_09.step117_ExecuteRMAProcessinWMS(TC_Scenario_09.java:1078)
</failure>
  </testcase>
  <testcase name="step119_NavigatedIntoMangetoAndVerifiedOrderStatusInOrdersPage" classname="src.in.valtech.cl.scenarios.TC_Scenario_09" time="12.338"/>
  <testcase name="step134_SearchFORRMAIDAndVerifyErrorStatus" classname="src.in.valtech.cl.scenarios.TC_Scenario_10" time="2.856"/>
  <testcase name="step135_VerifiedRMAErrorMailAndSubjectLineInCustomerGmailAccount" classname="src.in.valtech.cl.scenarios.TC_Scenario_10" time="0"/>
  <testcase name="step123_CreatingRMAFromFO" classname="src.in.valtech.cl.scenarios.TC_Scenario_01" time="1.473"/>
  <testcase name="step124_SavedRMAFromFO" classname="src.in.valtech.cl.scenarios.TC_Scenario_01" time="2.184"/>
  <testcase name="step136_VerifyOrderConfirmationMailContents" classname="src.in.valtech.cl.scenarios.TC_Scenario_10" time="2.231"/>
  <testcase name="step120_ReturnstxtFromSalesIconClick" classname="src.in.valtech.cl.scenarios.TC_Scenario_09" time="8.349"/>
  <testcase name="step134_ClickONFiltersAndEnterOrderID" classname="src.in.valtech.cl.scenarios.TC_Scenario_04" time="11.835"/>
  <testcase name="step125_NavigatedIntoMangetoAndClickOnReturnsFromSales" classname="src.in.valtech.cl.scenarios.TC_Scenario_01" time="12.241"/>
  <testcase name="step138_NavigatedIntoAdyenAndClickOnPaymentTab" classname="src.in.valtech.cl.scenarios.TC_Scenario_08" time="6.754"/>
  <testcase name="step117_ClickONFiltersAndEnterRMAID" classname="src.in.valtech.cl.scenarios.TC_Scenario_02" time="19.323"/>
  <testcase name="step135_ClickonOrderGrid" classname="src.in.valtech.cl.scenarios.TC_Scenario_04" time="9.973"/>
  <testcase name="step119_ClickOnSalesIcon" classname="src.in.valtech.cl.scenarios.TC_Scenario_02" time="0.248"/>
  <testcase name="step136_Verify_OrderDetailsAfterCreatingRMAFromBO" classname="src.in.valtech.cl.scenarios.TC_Scenario_04" time="10.304"/>
  <testcase name="step139_EnterOrderIDinPaymentTab_adyen" classname="src.in.valtech.cl.scenarios.TC_Scenario_08" time="2.332"/>
  <testcase name="step120_ClickOrderstxtFromSalesIcon" classname="src.in.valtech.cl.scenarios.TC_Scenario_02" time="5.202"/>
  <testcase name="step140_VerifyOrderTotalAmtIN_adyen" classname="src.in.valtech.cl.scenarios.TC_Scenario_08" time="14.876">
    <failure message="no such element: Unable to locate element: {&quot;method&quot;:&quot;xpath&quot;,&quot;selector&quot;:&quot;//td[contains(text(),&apos;24000000033&apos;)]//following-sibling::td[3]&quot;}&#10;  (Session info: chrome=121.0.6167.185)&#10;For documentation on this error, please visit: https://www.seleniumhq.org/exceptions/no_such_element.html&#10;Build info: version: &apos;3.141.59&apos;, revision: &apos;e82be7d358&apos;, time: &apos;2018-11-14T08:17:03&apos;&#10;System info: host: &apos;IN-PF42S2RF&apos;, ip: &apos;192.168.1.6&apos;, os.name: &apos;Windows 10&apos;, os.arch: &apos;amd64&apos;, os.version: &apos;10.0&apos;, java.version: &apos;11.0.2&apos;&#10;Driver info: org.openqa.selenium.chrome.ChromeDriver&#10;Capabilities {acceptInsecureCerts: false, browserName: chrome, browserVersion: 121.0.6167.185, chrome: {chromedriverVersion: 121.0.6167.85 (3f98d690ad7e..., userDataDir: C:\Users\CHAITR~1.BAB\AppDa...}, fedcm:accounts: true, goog:chromeOptions: {debuggerAddress: localhost:50052}, javascriptEnabled: true, networkConnectionEnabled: false, pageLoadStrategy: normal, platform: WINDOWS, platformName: WINDOWS, proxy: Proxy(), setWindowRect: true, strictFileInteractability: false, timeouts: {implicit: 0, pageLoad: 300000, script: 30000}, unhandledPromptBehavior: dismiss and notify, webauthn:extension:credBlob: true, webauthn:extension:largeBlob: true, webauthn:extension:minPinLength: true, webauthn:extension:prf: true, webauthn:virtualAuthenticators: true}&#10;Session ID: ac4b4f8c9a3cd3dd66501ebe55c6f3ff&#10;*** Element info: {Using=xpath, value=//td[contains(text(),&apos;24000000033&apos;)]//following-sibling::td[3]}" type="org.openqa.selenium.NoSuchElementException">org.openqa.selenium.NoSuchElementException: 
no such element: Unable to locate element: {"method":"xpath","selector":"//td[contains(text(),'24000000033')]//following-sibling::td[3]"}
  (Session info: chrome=121.0.6167.185)
For documentation on this error, please visit: https://www.seleniumhq.org/exceptions/no_such_element.html
Build info: version: '3.141.59', revision: 'e82be7d358', time: '2018-11-14T08:17:03'
System info: host: 'IN-PF42S2RF', ip: '192.168.1.6', os.name: 'Windows 10', os.arch: 'amd64', os.version: '10.0', java.version: '11.0.2'
Driver info: org.openqa.selenium.chrome.ChromeDriver
Capabilities {acceptInsecureCerts: false, browserName: chrome, browserVersion: 121.0.6167.185, chrome: {chromedriverVersion: 121.0.6167.85 (3f98d690ad7e..., userDataDir: C:\Users\CHAITR~1.BAB\AppDa...}, fedcm:accounts: true, goog:chromeOptions: {debuggerAddress: localhost:50052}, javascriptEnabled: true, networkConnectionEnabled: false, pageLoadStrategy: normal, platform: WINDOWS, platformName: WINDOWS, proxy: Proxy(), setWindowRect: true, strictFileInteractability: false, timeouts: {implicit: 0, pageLoad: 300000, script: 30000}, unhandledPromptBehavior: dismiss and notify, webauthn:extension:credBlob: true, webauthn:extension:largeBlob: true, webauthn:extension:minPinLength: true, webauthn:extension:prf: true, webauthn:virtualAuthenticators: true}
Session ID: ac4b4f8c9a3cd3dd66501ebe55c6f3ff
*** Element info: {Using=xpath, value=//td[contains(text(),'24000000033')]//following-sibling::td[3]}
	at src.in.valtech.cl.scenarios.TC_Scenario_08.step140_VerifyOrderTotalAmtIN_adyen(TC_Scenario_08.java:1345)
</failure>
    <system-out><![CDATA[2024-02-27 19:28:59 INFO  GUIFunctions:428 - Successfully clicked on element: Click on Edit button
2024-02-27 19:28:59 INFO  GUIFunctions:428 - Successfully clicked on element: click on Filters button
2024-02-27 19:29:02 INFO  GUIFunctions:428 - Successfully clicked on element: Successfully cleared filter
2024-02-27 19:29:08 INFO  GUIFunctions:428 - Successfully clicked on element: click on Apply Filters button
2024-02-27 19:29:09 INFO  GUIFunctions:651 - Successfully scroll down till Street Field
2024-02-27 19:29:09 INFO  BackOfficePage:355 - Entered OrderID Successfully in search field: 24000000026
]]></system-out>
  </testcase>
  <testcase name="step137_EditExistShippingAddressWithNewShippingAddressForRMA" classname="src.in.valtech.cl.scenarios.TC_Scenario_04" time="26.924"/>
  <testcase name="step138_VerifySuccessMsgForRMAAddressUpdate" classname="src.in.valtech.cl.scenarios.TC_Scenario_04" time="8.797"/>
  <testcase name="step121_VerifiedOrderStatusInOrdersPage" classname="src.in.valtech.cl.scenarios.TC_Scenario_02" time="6.938"/>
  <testcase name="step122_SwitchToFOTabAndClickOnMyAccountIcon" classname="src.in.valtech.cl.scenarios.TC_Scenario_02" time="18.256"/>
  <testcase name="step123_ClickOnMyOrdersLink" classname="src.in.valtech.cl.scenarios.TC_Scenario_02" time="8.167"/>
  <testcase name="step124_VerifiedOrderStatusInMyOrdersPage" classname="src.in.valtech.cl.scenarios.TC_Scenario_02" time="0.091"/>
  <testcase name="step126_ClickOnRMALink" classname="src.in.valtech.cl.scenarios.TC_Scenario_02" time="14.468"/>
  <testcase name="step141_ComparedSeleableStockInWMSAndBOBothAreSameAfterShippingTheOrder" classname="src.in.valtech.cl.scenarios.TC_Scenario_08" time="40.829"/>
  <testcase name="step139_VerifiedOrderStatusInReturnsPage" classname="src.in.valtech.cl.scenarios.TC_Scenario_04" time="25.869"/>
  <testcase name="step142_VerifiedOrderStatusInReturnsPage" classname="src.in.valtech.cl.scenarios.TC_Scenario_07" time="9.863"/>
  <testcase name="step141_ClickOnSalesIcon" classname="src.in.valtech.cl.scenarios.TC_Scenario_04" time="0.355"/>
  <testcase name="step143_ClickOnSalesIcon" classname="src.in.valtech.cl.scenarios.TC_Scenario_07" time="9.812"/>
  <testcase name="step142_ClickOrderstxtFromSalesIcon" classname="src.in.valtech.cl.scenarios.TC_Scenario_04" time="2.666"/>
  <testcase name="step144_ClickOrderstxtFromSalesIcon" classname="src.in.valtech.cl.scenarios.TC_Scenario_07" time="9.528"/>
  <testcase name="step143_ClickOnOrderGridAndVerifiedOrderDetailsPage" classname="src.in.valtech.cl.scenarios.TC_Scenario_08" time="14.108"/>
  <testcase name="step144_ClickOnCreateReturnsButton" classname="src.in.valtech.cl.scenarios.TC_Scenario_08" time="9.132"/>
  <testcase name="step145_SelectPickupDate" classname="src.in.valtech.cl.scenarios.TC_Scenario_08" time="9.29"/>
  <testcase name="step146_ClickOnReturnItems" classname="src.in.valtech.cl.scenarios.TC_Scenario_08" time="9.286"/>
  <testcase name="step143_VerifiedOrderStatusInOrdersPage" classname="src.in.valtech.cl.scenarios.TC_Scenario_04" time="5.84"/>
  <testcase name="step147_ClickOnAddProductButton" classname="src.in.valtech.cl.scenarios.TC_Scenario_08" time="1.389"/>
  <testcase name="step145_VerifiedOrderStatusInOrdersPage" classname="src.in.valtech.cl.scenarios.TC_Scenario_07" time="9.577"/>
  <testcase name="step148_ClickOnCheckboxToSelectTheProduct" classname="src.in.valtech.cl.scenarios.TC_Scenario_08" time="4.842"/>
  <testcase name="step147_ClickOnRMALink" classname="src.in.valtech.cl.scenarios.TC_Scenario_07" time="10.153"/>
  <testcase name="step149_ClickOnAddSelProdToReturnsBtn" classname="src.in.valtech.cl.scenarios.TC_Scenario_08" time="11.113"/>
  <testcase name="step150_EnterValueInRequestedField" classname="src.in.valtech.cl.scenarios.TC_Scenario_08" time="4.293"/>
  <testcase name="step152_SelectAnyOptionFromReturnReasonDropdown" classname="src.in.valtech.cl.scenarios.TC_Scenario_08" time="4.571"/>
  <testcase name="step153_SelectOptionFromItemConditionDropdown" classname="src.in.valtech.cl.scenarios.TC_Scenario_08" time="4.38"/>
  <testcase name="step154_SelectOptionFromResolutionDropdown" classname="src.in.valtech.cl.scenarios.TC_Scenario_08" time="4.335"/>
  <testcase name="step155_ClickOnSubmitReturnsButton" classname="src.in.valtech.cl.scenarios.TC_Scenario_08" time="15.089"/>
  <testcase name="step156_VerifySuccessMsgForRMARequest" classname="src.in.valtech.cl.scenarios.TC_Scenario_08" time="0.071"/>
  <testcase name="step144_NaviagtedIntoFOAndVerifiedOrderStatusInMyOrdersPage" classname="src.in.valtech.cl.scenarios.TC_Scenario_04" time="6.385"/>
  <testcase name="step121_VerifiedOrderStatusInReturnsPage" classname="src.in.valtech.cl.scenarios.TC_Scenario_09" time="8.981"/>
  <testcase name="step146_ClickOnRMALink" classname="src.in.valtech.cl.scenarios.TC_Scenario_04" time="5.415"/>
  <testcase name="step122_ClickonViewOptioninOrderGrid" classname="src.in.valtech.cl.scenarios.TC_Scenario_09" time="10.48"/>
  <testcase name="step123_ClickOnReturnItems" classname="src.in.valtech.cl.scenarios.TC_Scenario_09" time="9.293"/>
  <testcase name="step124_EnterValueInApprovedField" classname="src.in.valtech.cl.scenarios.TC_Scenario_09" time="0.087">
    <failure message="element not interactable&#10;  (Session info: chrome=121.0.6167.185)&#10;Build info: version: &apos;3.141.59&apos;, revision: &apos;e82be7d358&apos;, time: &apos;2018-11-14T08:17:03&apos;&#10;System info: host: &apos;IN-PF42S2RF&apos;, ip: &apos;192.168.1.6&apos;, os.name: &apos;Windows 10&apos;, os.arch: &apos;amd64&apos;, os.version: &apos;10.0&apos;, java.version: &apos;11.0.2&apos;&#10;Driver info: org.openqa.selenium.chrome.ChromeDriver&#10;Capabilities {acceptInsecureCerts: false, browserName: chrome, browserVersion: 121.0.6167.185, chrome: {chromedriverVersion: 121.0.6167.85 (3f98d690ad7e..., userDataDir: C:\Users\CHAITR~1.BAB\AppDa...}, fedcm:accounts: true, goog:chromeOptions: {debuggerAddress: localhost:49878}, javascriptEnabled: true, networkConnectionEnabled: false, pageLoadStrategy: normal, platform: WINDOWS, platformName: WINDOWS, proxy: Proxy(), setWindowRect: true, strictFileInteractability: false, timeouts: {implicit: 0, pageLoad: 300000, script: 30000}, unhandledPromptBehavior: dismiss and notify, webauthn:extension:credBlob: true, webauthn:extension:largeBlob: true, webauthn:extension:minPinLength: true, webauthn:extension:prf: true, webauthn:virtualAuthenticators: true}&#10;Session ID: b21dab167d1f169a121712e968d1e14e" type="org.openqa.selenium.ElementNotInteractableException">org.openqa.selenium.ElementNotInteractableException: 
element not interactable
  (Session info: chrome=121.0.6167.185)
Build info: version: '3.141.59', revision: 'e82be7d358', time: '2018-11-14T08:17:03'
System info: host: 'IN-PF42S2RF', ip: '192.168.1.6', os.name: 'Windows 10', os.arch: 'amd64', os.version: '10.0', java.version: '11.0.2'
Driver info: org.openqa.selenium.chrome.ChromeDriver
Capabilities {acceptInsecureCerts: false, browserName: chrome, browserVersion: 121.0.6167.185, chrome: {chromedriverVersion: 121.0.6167.85 (3f98d690ad7e..., userDataDir: C:\Users\CHAITR~1.BAB\AppDa...}, fedcm:accounts: true, goog:chromeOptions: {debuggerAddress: localhost:49878}, javascriptEnabled: true, networkConnectionEnabled: false, pageLoadStrategy: normal, platform: WINDOWS, platformName: WINDOWS, proxy: Proxy(), setWindowRect: true, strictFileInteractability: false, timeouts: {implicit: 0, pageLoad: 300000, script: 30000}, unhandledPromptBehavior: dismiss and notify, webauthn:extension:credBlob: true, webauthn:extension:largeBlob: true, webauthn:extension:minPinLength: true, webauthn:extension:prf: true, webauthn:virtualAuthenticators: true}
Session ID: b21dab167d1f169a121712e968d1e14e
	at src.in.valtech.cl.scenarios.TC_Scenario_09.step124_EnterValueInApprovedField(TC_Scenario_09.java:1130)
</failure>
  </testcase>
  <testcase name="step125_SelectOptionFromResolutionDropdown" classname="src.in.valtech.cl.scenarios.TC_Scenario_09" time="4.246"/>
  <testcase name="step148_EnterRMAID_SearchForOrderDetails_ClickOnReceptionButton" classname="src.in.valtech.cl.scenarios.TC_Scenario_07" time="18.503"/>
  <testcase name="step126_SelectApprovedOptionFromStatusDropdown" classname="src.in.valtech.cl.scenarios.TC_Scenario_09" time="25.821"/>
  <testcase name="step127_ClickOnSaveButton" classname="src.in.valtech.cl.scenarios.TC_Scenario_09" time="10.861"/>
  <testcase name="step128_VerifySuccessMsgForSavedRMARequest" classname="src.in.valtech.cl.scenarios.TC_Scenario_09" time="0.062"/>
  <testcase name="step129_ClickOnSalesIcon" classname="src.in.valtech.cl.scenarios.TC_Scenario_09" time="10.179"/>
  <testcase name="step126_ClickONFiltersAndEnterRMAID" classname="src.in.valtech.cl.scenarios.TC_Scenario_01" time="1.755"/>
  <testcase name="step128_ClickOnSalesIcon" classname="src.in.valtech.cl.scenarios.TC_Scenario_01" time="10.201"/>
  <testcase name="step130_ClickOrderstxtFromSalesIcon" classname="src.in.valtech.cl.scenarios.TC_Scenario_09" time="0.355"/>
  <testcase name="step129_ClickOrderstxtFromSalesIcon" classname="src.in.valtech.cl.scenarios.TC_Scenario_01" time="12.215"/>
  <testcase name="step127_EnterRMAID_SearchForOrderDetails_ClickOnReceptionButton" classname="src.in.valtech.cl.scenarios.TC_Scenario_02" time="39.929"/>
  <testcase name="step131_VerifiedOrderStatusInOrdersPage" classname="src.in.valtech.cl.scenarios.TC_Scenario_09" time="5.249">
    <failure message="expected [Processing RMA] but found [Waiting for credit memo]" type="java.lang.AssertionError">java.lang.AssertionError: expected [Processing RMA] but found [Waiting for credit memo]
	at src.in.valtech.cl.scenarios.TC_Scenario_09.step131_VerifiedOrderStatusInOrdersPage(TC_Scenario_09.java:1175)
</failure>
    <system-out><![CDATA[2024-02-27 19:37:08 INFO  GUIFunctions:651 - Successfully scroll down till Return Condition Dropdown
2024-02-27 19:37:10 INFO  GUIFunctions:289 - Successfully selected value from Return Condition dropdown
2024-02-27 19:37:12 INFO  GUIFunctions:742 - Successfully Verified Order ID & Order Status In BO: 24000000030-Processing RMA
2024-02-27 19:37:13 INFO  GUIFunctions:104 - Successfully clicked on element: Click on Submit filters button 
]]></system-out>
  </testcase>
  <testcase name="step149_ExecuteRMAProcessinWMS" classname="src.in.valtech.cl.scenarios.TC_Scenario_07" time="9.378"/>
  <testcase name="step132_ClickOnSalesIcon" classname="src.in.valtech.cl.scenarios.TC_Scenario_09" time="0.78"/>
  <testcase name="step130_VerifiedOrderStatusInOrdersPage" classname="src.in.valtech.cl.scenarios.TC_Scenario_01" time="6.557"/>
  <testcase name="step147_EnterRMAID_SearchForOrderDetails_ClickOnReceptionButton" classname="src.in.valtech.cl.scenarios.TC_Scenario_04" time="3.139"/>
  <testcase name="step133_ReturnstxtFromSalesIconClick" classname="src.in.valtech.cl.scenarios.TC_Scenario_09" time="5.281"/>
  <testcase name="step151_NavigatedIntoMangetoAndVerifiedOrderStatusInOrdersPage" classname="src.in.valtech.cl.scenarios.TC_Scenario_07" time="6.571"/>
  <testcase name="step128_ExecuteRMAProcessinWMS" classname="src.in.valtech.cl.scenarios.TC_Scenario_02" time="4.38"/>
  <testcase name="step131_NaviagtedIntoFOAndVerifiedOrderStatusInMyOrdersPage" classname="src.in.valtech.cl.scenarios.TC_Scenario_01" time="3.792"/>
  <testcase name="step148_ExecuteRMAProcessinWMS" classname="src.in.valtech.cl.scenarios.TC_Scenario_04" time="6.734"/>
  <testcase name="step152_ReturnstxtFromSalesIconClick" classname="src.in.valtech.cl.scenarios.TC_Scenario_07" time="6.734"/>
  <testcase name="step130_NavigatedIntoMangetoAndVerifiedOrderStatusInOrdersPage" classname="src.in.valtech.cl.scenarios.TC_Scenario_02" time="7.585"/>
  <testcase name="step150_NavigatedIntoMangetoAndClickOnSalesIcon" classname="src.in.valtech.cl.scenarios.TC_Scenario_04" time="4.817"/>
  <testcase name="step133_ClickOnRMALink" classname="src.in.valtech.cl.scenarios.TC_Scenario_01" time="0.672"/>
  <testcase name="step134_VerifiedOrderStatusInReturnsPage" classname="src.in.valtech.cl.scenarios.TC_Scenario_09" time="4.245">
    <failure message="expected [Authorized] but found [Approved]" type="java.lang.AssertionError">java.lang.AssertionError: expected [Authorized] but found [Approved]
	at src.in.valtech.cl.scenarios.TC_Scenario_09.step134_VerifiedOrderStatusInReturnsPage(TC_Scenario_09.java:1198)
</failure>
    <system-out><![CDATA[2024-02-27 19:38:15 INFO  GUIFunctions:428 - Successfully clicked on element: Successfully cleared filter
2024-02-27 19:38:17 INFO  GUIFunctions:780 - Successfully Verified Returns ID & Returns Status In BO: 24000000030-Authorized
]]></system-out>
  </testcase>
  <testcase name="step131_ReturnstxtFromSalesIconClick" classname="src.in.valtech.cl.scenarios.TC_Scenario_02" time="5.31"/>
  <testcase name="step151_ClickOrderstxtFromSalesIcon" classname="src.in.valtech.cl.scenarios.TC_Scenario_04" time="1.382"/>
  <testcase name="step135_ClickonViewOptioninOrderGrid" classname="src.in.valtech.cl.scenarios.TC_Scenario_09" time="9.329"/>
  <testcase name="step136_ClickOnRefundOrExchangeButton" classname="src.in.valtech.cl.scenarios.TC_Scenario_09" time="20.077">
    <failure message="no such element: Unable to locate element: {&quot;method&quot;:&quot;xpath&quot;,&quot;selector&quot;:&quot;//span[contains(text(),&apos;Refund / Exchange&apos;)]&quot;}&#10;  (Session info: chrome=121.0.6167.185)&#10;For documentation on this error, please visit: https://www.seleniumhq.org/exceptions/no_such_element.html&#10;Build info: version: &apos;3.141.59&apos;, revision: &apos;e82be7d358&apos;, time: &apos;2018-11-14T08:17:03&apos;&#10;System info: host: &apos;IN-PF42S2RF&apos;, ip: &apos;192.168.1.6&apos;, os.name: &apos;Windows 10&apos;, os.arch: &apos;amd64&apos;, os.version: &apos;10.0&apos;, java.version: &apos;11.0.2&apos;&#10;Driver info: org.openqa.selenium.chrome.ChromeDriver&#10;Capabilities {acceptInsecureCerts: false, browserName: chrome, browserVersion: 121.0.6167.185, chrome: {chromedriverVersion: 121.0.6167.85 (3f98d690ad7e..., userDataDir: C:\Users\CHAITR~1.BAB\AppDa...}, fedcm:accounts: true, goog:chromeOptions: {debuggerAddress: localhost:49878}, javascriptEnabled: true, networkConnectionEnabled: false, pageLoadStrategy: normal, platform: WINDOWS, platformName: WINDOWS, proxy: Proxy(), setWindowRect: true, strictFileInteractability: false, timeouts: {implicit: 0, pageLoad: 300000, script: 30000}, unhandledPromptBehavior: dismiss and notify, webauthn:extension:credBlob: true, webauthn:extension:largeBlob: true, webauthn:extension:minPinLength: true, webauthn:extension:prf: true, webauthn:virtualAuthenticators: true}&#10;Session ID: b21dab167d1f169a121712e968d1e14e&#10;*** Element info: {Using=xpath, value=//span[contains(text(),&apos;Refund / Exchange&apos;)]}" type="org.openqa.selenium.NoSuchElementException">org.openqa.selenium.NoSuchElementException: 
no such element: Unable to locate element: {"method":"xpath","selector":"//span[contains(text(),'Refund / Exchange')]"}
  (Session info: chrome=121.0.6167.185)
For documentation on this error, please visit: https://www.seleniumhq.org/exceptions/no_such_element.html
Build info: version: '3.141.59', revision: 'e82be7d358', time: '2018-11-14T08:17:03'
System info: host: 'IN-PF42S2RF', ip: '192.168.1.6', os.name: 'Windows 10', os.arch: 'amd64', os.version: '10.0', java.version: '11.0.2'
Driver info: org.openqa.selenium.chrome.ChromeDriver
Capabilities {acceptInsecureCerts: false, browserName: chrome, browserVersion: 121.0.6167.185, chrome: {chromedriverVersion: 121.0.6167.85 (3f98d690ad7e..., userDataDir: C:\Users\CHAITR~1.BAB\AppDa...}, fedcm:accounts: true, goog:chromeOptions: {debuggerAddress: localhost:49878}, javascriptEnabled: true, networkConnectionEnabled: false, pageLoadStrategy: normal, platform: WINDOWS, platformName: WINDOWS, proxy: Proxy(), setWindowRect: true, strictFileInteractability: false, timeouts: {implicit: 0, pageLoad: 300000, script: 30000}, unhandledPromptBehavior: dismiss and notify, webauthn:extension:credBlob: true, webauthn:extension:largeBlob: true, webauthn:extension:minPinLength: true, webauthn:extension:prf: true, webauthn:virtualAuthenticators: true}
Session ID: b21dab167d1f169a121712e968d1e14e
*** Element info: {Using=xpath, value=//span[contains(text(),'Refund / Exchange')]}
	at src.in.valtech.cl.scenarios.TC_Scenario_09.step136_ClickOnRefundOrExchangeButton(TC_Scenario_09.java:1213)
</failure>
    <system-out><![CDATA[2024-02-27 19:38:35 INFO  GUIFunctions:428 - Successfully clicked on element: Successfully cleared filter
2024-02-27 19:38:36 INFO  GUIFunctions:428 - Successfully clicked on element: click on Apply Filters button
2024-02-27 19:38:36 INFO  BackOfficePage:355 - Entered OrderID Successfully in search field: 24000000029
2024-02-27 19:38:42 INFO  GUIFunctions:428 - Successfully clicked on element: click on Filters button
2024-02-27 19:38:48 INFO  GUIFunctions:780 - Successfully Verified Returns ID & Returns Status In BO: 24000000033-Pending
2024-02-27 19:38:48 INFO  GUIFunctions:104 - Successfully clicked on element: Click on Search Icon
2024-02-27 19:38:53 INFO  GUIFunctions:428 - Successfully clicked on element: Successfully cleared filter
]]></system-out>
  </testcase>
  <testcase name="step153_VerifiedOrderStatusInReturnsPage" classname="src.in.valtech.cl.scenarios.TC_Scenario_07" time="13.955"/>
  <testcase name="step137_ClickOnRefundButtonInNewMemoPage" classname="src.in.valtech.cl.scenarios.TC_Scenario_09" time="6.098">
    <failure message="no such element: Unable to locate element: {&quot;method&quot;:&quot;xpath&quot;,&quot;selector&quot;:&quot;//span[text()=&apos;Refund&apos;]&quot;}&#10;  (Session info: chrome=121.0.6167.185)&#10;For documentation on this error, please visit: https://www.seleniumhq.org/exceptions/no_such_element.html&#10;Build info: version: &apos;3.141.59&apos;, revision: &apos;e82be7d358&apos;, time: &apos;2018-11-14T08:17:03&apos;&#10;System info: host: &apos;IN-PF42S2RF&apos;, ip: &apos;192.168.1.6&apos;, os.name: &apos;Windows 10&apos;, os.arch: &apos;amd64&apos;, os.version: &apos;10.0&apos;, java.version: &apos;11.0.2&apos;&#10;Driver info: org.openqa.selenium.chrome.ChromeDriver&#10;Capabilities {acceptInsecureCerts: false, browserName: chrome, browserVersion: 121.0.6167.185, chrome: {chromedriverVersion: 121.0.6167.85 (3f98d690ad7e..., userDataDir: C:\Users\CHAITR~1.BAB\AppDa...}, fedcm:accounts: true, goog:chromeOptions: {debuggerAddress: localhost:49878}, javascriptEnabled: true, networkConnectionEnabled: false, pageLoadStrategy: normal, platform: WINDOWS, platformName: WINDOWS, proxy: Proxy(), setWindowRect: true, strictFileInteractability: false, timeouts: {implicit: 0, pageLoad: 300000, script: 30000}, unhandledPromptBehavior: dismiss and notify, webauthn:extension:credBlob: true, webauthn:extension:largeBlob: true, webauthn:extension:minPinLength: true, webauthn:extension:prf: true, webauthn:virtualAuthenticators: true}&#10;Session ID: b21dab167d1f169a121712e968d1e14e&#10;*** Element info: {Using=xpath, value=//span[text()=&apos;Refund&apos;]}" type="org.openqa.selenium.NoSuchElementException">org.openqa.selenium.NoSuchElementException: 
no such element: Unable to locate element: {"method":"xpath","selector":"//span[text()='Refund']"}
  (Session info: chrome=121.0.6167.185)
For documentation on this error, please visit: https://www.seleniumhq.org/exceptions/no_such_element.html
Build info: version: '3.141.59', revision: 'e82be7d358', time: '2018-11-14T08:17:03'
System info: host: 'IN-PF42S2RF', ip: '192.168.1.6', os.name: 'Windows 10', os.arch: 'amd64', os.version: '10.0', java.version: '11.0.2'
Driver info: org.openqa.selenium.chrome.ChromeDriver
Capabilities {acceptInsecureCerts: false, browserName: chrome, browserVersion: 121.0.6167.185, chrome: {chromedriverVersion: 121.0.6167.85 (3f98d690ad7e..., userDataDir: C:\Users\CHAITR~1.BAB\AppDa...}, fedcm:accounts: true, goog:chromeOptions: {debuggerAddress: localhost:49878}, javascriptEnabled: true, networkConnectionEnabled: false, pageLoadStrategy: normal, platform: WINDOWS, platformName: WINDOWS, proxy: Proxy(), setWindowRect: true, strictFileInteractability: false, timeouts: {implicit: 0, pageLoad: 300000, script: 30000}, unhandledPromptBehavior: dismiss and notify, webauthn:extension:credBlob: true, webauthn:extension:largeBlob: true, webauthn:extension:minPinLength: true, webauthn:extension:prf: true, webauthn:virtualAuthenticators: true}
Session ID: b21dab167d1f169a121712e968d1e14e
*** Element info: {Using=xpath, value=//span[text()='Refund']}
	at src.in.valtech.cl.scenarios.TC_Scenario_09.step137_ClickOnRefundButtonInNewMemoPage(TC_Scenario_09.java:1222)
</failure>
    <system-out><![CDATA[2024-02-27 19:39:14 INFO  GUIFunctions:428 - Successfully clicked on element: click on Apply Filters button
]]></system-out>
  </testcase>
  <testcase name="step154_ClickonViewOptioninOrderGrid" classname="src.in.valtech.cl.scenarios.TC_Scenario_07" time="4.219"/>
  <testcase name="step152_VerifiedOrderStatusInOrdersPage" classname="src.in.valtech.cl.scenarios.TC_Scenario_04" time="2.678"/>
  <testcase name="step155_ClickOnReturnItems" classname="src.in.valtech.cl.scenarios.TC_Scenario_07" time="6.62"/>
  <testcase name="step132_VerifiedOrderStatusInReturnsPage" classname="src.in.valtech.cl.scenarios.TC_Scenario_02" time="3.564"/>
  <testcase name="step153_ClickOnSalesIcon" classname="src.in.valtech.cl.scenarios.TC_Scenario_04" time="0.014"/>
  <testcase name="step156_EnterValueInApprovedField" classname="src.in.valtech.cl.scenarios.TC_Scenario_07" time="0.681"/>
  <testcase name="step138_VerifySuccessMsgForCreateCreditMemo" classname="src.in.valtech.cl.scenarios.TC_Scenario_09" time="2.283">
    <failure message="no such element: Unable to locate element: {&quot;method&quot;:&quot;xpath&quot;,&quot;selector&quot;:&quot;//div[contains(@class,&apos;message message-success success&apos;)]//div&quot;}&#10;  (Session info: chrome=121.0.6167.185)&#10;For documentation on this error, please visit: https://www.seleniumhq.org/exceptions/no_such_element.html&#10;Build info: version: &apos;3.141.59&apos;, revision: &apos;e82be7d358&apos;, time: &apos;2018-11-14T08:17:03&apos;&#10;System info: host: &apos;IN-PF42S2RF&apos;, ip: &apos;192.168.1.6&apos;, os.name: &apos;Windows 10&apos;, os.arch: &apos;amd64&apos;, os.version: &apos;10.0&apos;, java.version: &apos;11.0.2&apos;&#10;Driver info: org.openqa.selenium.chrome.ChromeDriver&#10;Capabilities {acceptInsecureCerts: false, browserName: chrome, browserVersion: 121.0.6167.185, chrome: {chromedriverVersion: 121.0.6167.85 (3f98d690ad7e..., userDataDir: C:\Users\CHAITR~1.BAB\AppDa...}, fedcm:accounts: true, goog:chromeOptions: {debuggerAddress: localhost:49878}, javascriptEnabled: true, networkConnectionEnabled: false, pageLoadStrategy: normal, platform: WINDOWS, platformName: WINDOWS, proxy: Proxy(), setWindowRect: true, strictFileInteractability: false, timeouts: {implicit: 0, pageLoad: 300000, script: 30000}, unhandledPromptBehavior: dismiss and notify, webauthn:extension:credBlob: true, webauthn:extension:largeBlob: true, webauthn:extension:minPinLength: true, webauthn:extension:prf: true, webauthn:virtualAuthenticators: true}&#10;Session ID: b21dab167d1f169a121712e968d1e14e&#10;*** Element info: {Using=xpath, value=//div[contains(@class,&apos;message message-success success&apos;)]//div}" type="org.openqa.selenium.NoSuchElementException">org.openqa.selenium.NoSuchElementException: 
no such element: Unable to locate element: {"method":"xpath","selector":"//div[contains(@class,'message message-success success')]//div"}
  (Session info: chrome=121.0.6167.185)
For documentation on this error, please visit: https://www.seleniumhq.org/exceptions/no_such_element.html
Build info: version: '3.141.59', revision: 'e82be7d358', time: '2018-11-14T08:17:03'
System info: host: 'IN-PF42S2RF', ip: '192.168.1.6', os.name: 'Windows 10', os.arch: 'amd64', os.version: '10.0', java.version: '11.0.2'
Driver info: org.openqa.selenium.chrome.ChromeDriver
Capabilities {acceptInsecureCerts: false, browserName: chrome, browserVersion: 121.0.6167.185, chrome: {chromedriverVersion: 121.0.6167.85 (3f98d690ad7e..., userDataDir: C:\Users\CHAITR~1.BAB\AppDa...}, fedcm:accounts: true, goog:chromeOptions: {debuggerAddress: localhost:49878}, javascriptEnabled: true, networkConnectionEnabled: false, pageLoadStrategy: normal, platform: WINDOWS, platformName: WINDOWS, proxy: Proxy(), setWindowRect: true, strictFileInteractability: false, timeouts: {implicit: 0, pageLoad: 300000, script: 30000}, unhandledPromptBehavior: dismiss and notify, webauthn:extension:credBlob: true, webauthn:extension:largeBlob: true, webauthn:extension:minPinLength: true, webauthn:extension:prf: true, webauthn:virtualAuthenticators: true}
Session ID: b21dab167d1f169a121712e968d1e14e
*** Element info: {Using=xpath, value=//div[contains(@class,'message message-success success')]//div}
	at src.in.valtech.cl.scenarios.TC_Scenario_09.step138_VerifySuccessMsgForCreateCreditMemo(TC_Scenario_09.java:1228)
</failure>
    <system-out><![CDATA[2024-02-27 19:39:33 INFO  GUIFunctions:289 - Successfully selected value from Status dropdown
]]></system-out>
  </testcase>
  <testcase name="step157_SelectApprovedOptionFromStatusDropdown" classname="src.in.valtech.cl.scenarios.TC_Scenario_07" time="2.279"/>
  <testcase name="step133_ClickonViewOptioninOrderGrid" classname="src.in.valtech.cl.scenarios.TC_Scenario_02" time="6.53"/>
  <testcase name="step139_ClickOnSalesIcon" classname="src.in.valtech.cl.scenarios.TC_Scenario_09" time="1.539"/>
  <testcase name="step154_ReturnstxtFromSalesIconClick" classname="src.in.valtech.cl.scenarios.TC_Scenario_04" time="1.377"/>
  <testcase name="step158_ClickOnSaveButton" classname="src.in.valtech.cl.scenarios.TC_Scenario_07" time="1.289"/>
  <testcase name="step159_VerifySuccessMsgForSavedRMARequest" classname="src.in.valtech.cl.scenarios.TC_Scenario_07" time="0.074"/>
  <testcase name="step134_ClickOnReturnItems" classname="src.in.valtech.cl.scenarios.TC_Scenario_02" time="5.086"/>
  <testcase name="step135_EnterValueInApprovedField" classname="src.in.valtech.cl.scenarios.TC_Scenario_02" time="4.302"/>
  <testcase name="step140_ClickOrderstxtFromSalesIcon" classname="src.in.valtech.cl.scenarios.TC_Scenario_09" time="0.202"/>
  <testcase name="step160_ClickOnSalesIcon" classname="src.in.valtech.cl.scenarios.TC_Scenario_07" time="0.672"/>
  <testcase name="step134_EnterRMAID_SearchForOrderDetails_ClickOnReceptionButton" classname="src.in.valtech.cl.scenarios.TC_Scenario_01" time="2.336"/>
  <testcase name="step136_SelectApprovedOptionFromStatusDropdown" classname="src.in.valtech.cl.scenarios.TC_Scenario_02" time="1.236"/>
  <testcase name="step157_VerifiedOrderStatusInReturnsPage" classname="src.in.valtech.cl.scenarios.TC_Scenario_08" time="2.996"/>
  <testcase name="step161_ClickOrderstxtFromSalesIcon" classname="src.in.valtech.cl.scenarios.TC_Scenario_07" time="5.964"/>
  <testcase name="step137_ClickOnSaveButton" classname="src.in.valtech.cl.scenarios.TC_Scenario_02" time="3.4"/>
  <testcase name="step138_VerifySuccessMsgForSavedRMARequest" classname="src.in.valtech.cl.scenarios.TC_Scenario_02" time="0.235"/>
  <testcase name="step159_ClickOnSalesIcon" classname="src.in.valtech.cl.scenarios.TC_Scenario_08" time="0.707"/>
  <testcase name="step139_ClickOnSalesIcon" classname="src.in.valtech.cl.scenarios.TC_Scenario_02" time="10.705"/>
  <testcase name="step160_ClickOrderstxtFromSalesIcon" classname="src.in.valtech.cl.scenarios.TC_Scenario_08" time="4.725"/>
  <testcase name="step135_ExecuteRMAProcessinWMS" classname="src.in.valtech.cl.scenarios.TC_Scenario_01" time="7.935"/>
  <testcase name="step140_ClickOrderstxtFromSalesIcon" classname="src.in.valtech.cl.scenarios.TC_Scenario_02" time="0.095"/>
  <testcase name="step137_NavigatedIntoMangetoAndVerifiedOrderStatusInOrdersPage" classname="src.in.valtech.cl.scenarios.TC_Scenario_01" time="12.21"/>
  <testcase name="step155_VerifiedOrderStatusInReturnsPage" classname="src.in.valtech.cl.scenarios.TC_Scenario_04" time="5.778"/>
  <testcase name="step138_ReturnstxtFromSalesIconClick" classname="src.in.valtech.cl.scenarios.TC_Scenario_01" time="9.841"/>
  <testcase name="step156_ClickonViewOptioninOrderGrid" classname="src.in.valtech.cl.scenarios.TC_Scenario_04" time="1.593"/>
  <testcase name="step157_ClickOnReturnItems" classname="src.in.valtech.cl.scenarios.TC_Scenario_04" time="9.386"/>
  <testcase name="step158_EnterValueInApprovedField" classname="src.in.valtech.cl.scenarios.TC_Scenario_04" time="2.335"/>
  <testcase name="step159_SelectApprovedOptionFromStatusDropdown" classname="src.in.valtech.cl.scenarios.TC_Scenario_04" time="2.238"/>
  <testcase name="step162_VerifiedOrderStatusInOrdersPage" classname="src.in.valtech.cl.scenarios.TC_Scenario_07" time="5.934"/>
  <testcase name="step161_VerifiedOrderStatusInOrdersPage" classname="src.in.valtech.cl.scenarios.TC_Scenario_08" time="0.701"/>
  <testcase name="step160_ClickOnSaveButton" classname="src.in.valtech.cl.scenarios.TC_Scenario_04" time="4.434"/>
  <testcase name="step161_VerifySuccessMsgForSavedRMARequest" classname="src.in.valtech.cl.scenarios.TC_Scenario_04" time="0.077"/>
  <testcase name="step163_ClickOnSalesIcon" classname="src.in.valtech.cl.scenarios.TC_Scenario_07" time="4.928"/>
  <testcase name="step162_ClickOnSalesIcon" classname="src.in.valtech.cl.scenarios.TC_Scenario_04" time="5.285"/>
  <testcase name="step164_ReturnstxtFromSalesIconClick" classname="src.in.valtech.cl.scenarios.TC_Scenario_07" time="9.498"/>
  <testcase name="step141_VerifiedOrderStatusInOrdersPage" classname="src.in.valtech.cl.scenarios.TC_Scenario_02" time="2.472"/>
  <testcase name="step163_ClickOrderstxtFromSalesIcon" classname="src.in.valtech.cl.scenarios.TC_Scenario_04" time="1.05"/>
  <testcase name="step162_NaviagtedIntoFOAndVerifiedOrderStatusInMyOrdersPage" classname="src.in.valtech.cl.scenarios.TC_Scenario_08" time="0.972"/>
  <testcase name="step142_ClickOnSalesIcon" classname="src.in.valtech.cl.scenarios.TC_Scenario_02" time="8.172"/>
  <testcase name="step163_ClickOnRMALink" classname="src.in.valtech.cl.scenarios.TC_Scenario_08" time="6.512"/>
  <testcase name="step139_VerifiedOrderStatusInReturnsPage" classname="src.in.valtech.cl.scenarios.TC_Scenario_01" time="3.422"/>
  <testcase name="step143_ReturnstxtFromSalesIconClick" classname="src.in.valtech.cl.scenarios.TC_Scenario_02" time="9.049"/>
  <testcase name="step140_ClickonViewOptioninOrderGrid" classname="src.in.valtech.cl.scenarios.TC_Scenario_01" time="0.766"/>
  <testcase name="step165_VerifiedOrderStatusInReturnsPage" classname="src.in.valtech.cl.scenarios.TC_Scenario_07" time="7.124"/>
  <testcase name="step141_ClickOnReturnItems" classname="src.in.valtech.cl.scenarios.TC_Scenario_01" time="2.262"/>
  <testcase name="step166_ClickonViewOptioninOrderGrid" classname="src.in.valtech.cl.scenarios.TC_Scenario_07" time="6.557"/>
  <testcase name="step142_EnterValueInApprovedField" classname="src.in.valtech.cl.scenarios.TC_Scenario_01" time="2.777"/>
  <testcase name="step143_SelectApprovedOptionFromStatusDropdown" classname="src.in.valtech.cl.scenarios.TC_Scenario_01" time="4.439"/>
  <testcase name="step167_ClickOnRefundOrExchangeButton" classname="src.in.valtech.cl.scenarios.TC_Scenario_07" time="1.523"/>
  <testcase name="step144_ClickOnSaveButton" classname="src.in.valtech.cl.scenarios.TC_Scenario_01" time="9.302"/>
  <testcase name="step145_VerifySuccessMsgForSavedRMARequest" classname="src.in.valtech.cl.scenarios.TC_Scenario_01" time="0.32"/>
  <testcase name="step144_VerifiedOrderStatusInReturnsPage" classname="src.in.valtech.cl.scenarios.TC_Scenario_02" time="3.727"/>
  <testcase name="step168_ClickOnRefundButtonInNewMemoPage" classname="src.in.valtech.cl.scenarios.TC_Scenario_07" time="1.525"/>
  <testcase name="step169_VerifySuccessMsgForCreateCreditMemo" classname="src.in.valtech.cl.scenarios.TC_Scenario_07" time="0.095"/>
  <testcase name="step146_ClickOnSalesIcon" classname="src.in.valtech.cl.scenarios.TC_Scenario_01" time="5.266"/>
  <testcase name="step164_VerifiedOrderStatusInOrdersPage" classname="src.in.valtech.cl.scenarios.TC_Scenario_04" time="4.684"/>
  <testcase name="step170_ClickOnSalesIcon" classname="src.in.valtech.cl.scenarios.TC_Scenario_07" time="0.28"/>
  <testcase name="step145_ClickonViewOptioninOrderGrid" classname="src.in.valtech.cl.scenarios.TC_Scenario_02" time="3.749"/>
  <testcase name="step147_ClickOrderstxtFromSalesIcon" classname="src.in.valtech.cl.scenarios.TC_Scenario_01" time="4.008"/>
  <testcase name="step165_ClickOnSalesIcon" classname="src.in.valtech.cl.scenarios.TC_Scenario_04" time="2.232"/>
  <testcase name="step171_ClickOrderstxtFromSalesIcon" classname="src.in.valtech.cl.scenarios.TC_Scenario_07" time="2.702"/>
  <testcase name="step146_ClickOnRefundOrExchangeButton" classname="src.in.valtech.cl.scenarios.TC_Scenario_02" time="11.114"/>
  <testcase name="step166_ReturnstxtFromSalesIconClick" classname="src.in.valtech.cl.scenarios.TC_Scenario_04" time="1.089"/>
  <testcase name="step147_ClickOnRefundButtonInNewMemoPage" classname="src.in.valtech.cl.scenarios.TC_Scenario_02" time="17.339"/>
  <testcase name="step148_VerifySuccessMsgForCreateCreditMemo" classname="src.in.valtech.cl.scenarios.TC_Scenario_02" time="0.09"/>
  <testcase name="step164_EnterRMAID_SearchForOrderDetails_ClickOnReceptionButton" classname="src.in.valtech.cl.scenarios.TC_Scenario_08" time="3.455"/>
  <testcase name="step149_ClickOnSalesIcon" classname="src.in.valtech.cl.scenarios.TC_Scenario_02" time="6.746"/>
  <testcase name="step167_VerifiedOrderStatusInReturnsPage" classname="src.in.valtech.cl.scenarios.TC_Scenario_04" time="10.805"/>
  <testcase name="step150_ClickOrderstxtFromSalesIcon" classname="src.in.valtech.cl.scenarios.TC_Scenario_02" time="6.69"/>
  <testcase name="step148_VerifiedOrderStatusInOrdersPage" classname="src.in.valtech.cl.scenarios.TC_Scenario_01" time="0.227"/>
  <testcase name="step168_ClickonViewOptioninOrderGrid" classname="src.in.valtech.cl.scenarios.TC_Scenario_04" time="2.395"/>
  <testcase name="step149_ClickOnSalesIcon" classname="src.in.valtech.cl.scenarios.TC_Scenario_01" time="7.786"/>
  <testcase name="step169_ClickOnRefundOrExchangeButton" classname="src.in.valtech.cl.scenarios.TC_Scenario_04" time="1.378"/>
  <testcase name="step165_ExecuteRMAProcessinWMS" classname="src.in.valtech.cl.scenarios.TC_Scenario_08" time="0.347"/>
  <testcase name="step170_VerifyOrderReturnDetailsInNewMemoPage" classname="src.in.valtech.cl.scenarios.TC_Scenario_04" time="4.253"/>
  <testcase name="step167_NavigatedIntoMangetoAndClickONSalesIcon" classname="src.in.valtech.cl.scenarios.TC_Scenario_08" time="8.128"/>
  <testcase name="step150_ReturnstxtFromSalesIconClick" classname="src.in.valtech.cl.scenarios.TC_Scenario_01" time="0.536"/>
  <testcase name="step171_ClickOnRefundOfflineButtonInNewMemoPage" classname="src.in.valtech.cl.scenarios.TC_Scenario_04" time="5.819"/>
  <testcase name="step172_VerifySuccessMsgForCreateCreditMemo" classname="src.in.valtech.cl.scenarios.TC_Scenario_04" time="0.073"/>
  <testcase name="step168_ReturnstxtFromSalesIconClick" classname="src.in.valtech.cl.scenarios.TC_Scenario_08" time="8.346"/>
  <testcase name="step174_NavigatedIntoAdyenAndClickOnPaymentTab" classname="src.in.valtech.cl.scenarios.TC_Scenario_04" time="29.177">
    <failure message="no such element: Unable to locate element: {&quot;method&quot;:&quot;xpath&quot;,&quot;selector&quot;:&quot;//input[@name=&apos;password&apos;]&quot;}&#10;  (Session info: chrome=121.0.6167.185)&#10;For documentation on this error, please visit: https://www.seleniumhq.org/exceptions/no_such_element.html&#10;Build info: version: &apos;3.141.59&apos;, revision: &apos;e82be7d358&apos;, time: &apos;2018-11-14T08:17:03&apos;&#10;System info: host: &apos;IN-PF42S2RF&apos;, ip: &apos;192.168.1.6&apos;, os.name: &apos;Windows 10&apos;, os.arch: &apos;amd64&apos;, os.version: &apos;10.0&apos;, java.version: &apos;11.0.2&apos;&#10;Driver info: org.openqa.selenium.chrome.ChromeDriver&#10;Capabilities {acceptInsecureCerts: false, browserName: chrome, browserVersion: 121.0.6167.185, chrome: {chromedriverVersion: 121.0.6167.85 (3f98d690ad7e..., userDataDir: C:\Users\CHAITR~1.BAB\AppDa...}, fedcm:accounts: true, goog:chromeOptions: {debuggerAddress: localhost:49701}, javascriptEnabled: true, networkConnectionEnabled: false, pageLoadStrategy: normal, platform: WINDOWS, platformName: WINDOWS, proxy: Proxy(), setWindowRect: true, strictFileInteractability: false, timeouts: {implicit: 0, pageLoad: 300000, script: 30000}, unhandledPromptBehavior: dismiss and notify, webauthn:extension:credBlob: true, webauthn:extension:largeBlob: true, webauthn:extension:minPinLength: true, webauthn:extension:prf: true, webauthn:virtualAuthenticators: true}&#10;Session ID: 15b88e443ff023bd2129287fbc276e60&#10;*** Element info: {Using=xpath, value=//input[@name=&apos;password&apos;]}" type="org.openqa.selenium.NoSuchElementException">org.openqa.selenium.NoSuchElementException: 
no such element: Unable to locate element: {"method":"xpath","selector":"//input[@name='password']"}
  (Session info: chrome=121.0.6167.185)
For documentation on this error, please visit: https://www.seleniumhq.org/exceptions/no_such_element.html
Build info: version: '3.141.59', revision: 'e82be7d358', time: '2018-11-14T08:17:03'
System info: host: 'IN-PF42S2RF', ip: '192.168.1.6', os.name: 'Windows 10', os.arch: 'amd64', os.version: '10.0', java.version: '11.0.2'
Driver info: org.openqa.selenium.chrome.ChromeDriver
Capabilities {acceptInsecureCerts: false, browserName: chrome, browserVersion: 121.0.6167.185, chrome: {chromedriverVersion: 121.0.6167.85 (3f98d690ad7e..., userDataDir: C:\Users\CHAITR~1.BAB\AppDa...}, fedcm:accounts: true, goog:chromeOptions: {debuggerAddress: localhost:49701}, javascriptEnabled: true, networkConnectionEnabled: false, pageLoadStrategy: normal, platform: WINDOWS, platformName: WINDOWS, proxy: Proxy(), setWindowRect: true, strictFileInteractability: false, timeouts: {implicit: 0, pageLoad: 300000, script: 30000}, unhandledPromptBehavior: dismiss and notify, webauthn:extension:credBlob: true, webauthn:extension:largeBlob: true, webauthn:extension:minPinLength: true, webauthn:extension:prf: true, webauthn:virtualAuthenticators: true}
Session ID: 15b88e443ff023bd2129287fbc276e60
*** Element info: {Using=xpath, value=//input[@name='password']}
	at src.in.valtech.cl.scenarios.TC_Scenario_04.step174_NavigatedIntoAdyenAndClickOnPaymentTab(TC_Scenario_04.java:1662)
</failure>
    <system-out><![CDATA[2024-02-27 19:45:08 INFO  GUIFunctions:428 - Successfully clicked on element: click on Filters button
2024-02-27 19:45:12 INFO  GUIFunctions:428 - Successfully clicked on element: Successfully cleared filter
2024-02-27 19:45:14 INFO  GUIFunctions:428 - Successfully clicked on element: Successfully cleared filter
2024-02-27 19:45:18 INFO  BackOfficePage:355 - Entered OrderID Successfully in search field: 24000000025
2024-02-27 19:45:20 INFO  BackOfficePage:355 - Entered OrderID Successfully in search field: 24000000026
2024-02-27 19:45:22 INFO  GUIFunctions:428 - Successfully clicked on element: click on Apply Filters button
2024-02-27 19:45:31 INFO  GUIFunctions:104 - Successfully clicked on element: Click on Search Icon
2024-02-27 19:45:34 INFO  GUIFunctions:104 - Successfully clicked on element: Click on Search Icon
]]></system-out>
  </testcase>
  <testcase name="step151_VerifiedOrderStatusInReturnsPage" classname="src.in.valtech.cl.scenarios.TC_Scenario_01" time="29.843"/>
  <testcase name="step152_ClickonViewOptioninOrderGrid" classname="src.in.valtech.cl.scenarios.TC_Scenario_01" time="16.294"/>
  <testcase name="step175_VerifyOrderTotalAmtIN_adyen" classname="src.in.valtech.cl.scenarios.TC_Scenario_04" time="3.734">
    <failure message="no such element: Unable to locate element: {&quot;method&quot;:&quot;xpath&quot;,&quot;selector&quot;:&quot;//td[contains(text(),&apos;24000000029&apos;)]//following-sibling::td[3]&quot;}&#10;  (Session info: chrome=121.0.6167.185)&#10;For documentation on this error, please visit: https://www.seleniumhq.org/exceptions/no_such_element.html&#10;Build info: version: &apos;3.141.59&apos;, revision: &apos;e82be7d358&apos;, time: &apos;2018-11-14T08:17:03&apos;&#10;System info: host: &apos;IN-PF42S2RF&apos;, ip: &apos;192.168.1.6&apos;, os.name: &apos;Windows 10&apos;, os.arch: &apos;amd64&apos;, os.version: &apos;10.0&apos;, java.version: &apos;11.0.2&apos;&#10;Driver info: org.openqa.selenium.chrome.ChromeDriver&#10;Capabilities {acceptInsecureCerts: false, browserName: chrome, browserVersion: 121.0.6167.185, chrome: {chromedriverVersion: 121.0.6167.85 (3f98d690ad7e..., userDataDir: C:\Users\CHAITR~1.BAB\AppDa...}, fedcm:accounts: true, goog:chromeOptions: {debuggerAddress: localhost:49701}, javascriptEnabled: true, networkConnectionEnabled: false, pageLoadStrategy: normal, platform: WINDOWS, platformName: WINDOWS, proxy: Proxy(), setWindowRect: true, strictFileInteractability: false, timeouts: {implicit: 0, pageLoad: 300000, script: 30000}, unhandledPromptBehavior: dismiss and notify, webauthn:extension:credBlob: true, webauthn:extension:largeBlob: true, webauthn:extension:minPinLength: true, webauthn:extension:prf: true, webauthn:virtualAuthenticators: true}&#10;Session ID: 15b88e443ff023bd2129287fbc276e60&#10;*** Element info: {Using=xpath, value=//td[contains(text(),&apos;24000000029&apos;)]//following-sibling::td[3]}" type="org.openqa.selenium.NoSuchElementException">org.openqa.selenium.NoSuchElementException: 
no such element: Unable to locate element: {"method":"xpath","selector":"//td[contains(text(),'24000000029')]//following-sibling::td[3]"}
  (Session info: chrome=121.0.6167.185)
For documentation on this error, please visit: https://www.seleniumhq.org/exceptions/no_such_element.html
Build info: version: '3.141.59', revision: 'e82be7d358', time: '2018-11-14T08:17:03'
System info: host: 'IN-PF42S2RF', ip: '192.168.1.6', os.name: 'Windows 10', os.arch: 'amd64', os.version: '10.0', java.version: '11.0.2'
Driver info: org.openqa.selenium.chrome.ChromeDriver
Capabilities {acceptInsecureCerts: false, browserName: chrome, browserVersion: 121.0.6167.185, chrome: {chromedriverVersion: 121.0.6167.85 (3f98d690ad7e..., userDataDir: C:\Users\CHAITR~1.BAB\AppDa...}, fedcm:accounts: true, goog:chromeOptions: {debuggerAddress: localhost:49701}, javascriptEnabled: true, networkConnectionEnabled: false, pageLoadStrategy: normal, platform: WINDOWS, platformName: WINDOWS, proxy: Proxy(), setWindowRect: true, strictFileInteractability: false, timeouts: {implicit: 0, pageLoad: 300000, script: 30000}, unhandledPromptBehavior: dismiss and notify, webauthn:extension:credBlob: true, webauthn:extension:largeBlob: true, webauthn:extension:minPinLength: true, webauthn:extension:prf: true, webauthn:virtualAuthenticators: true}
Session ID: 15b88e443ff023bd2129287fbc276e60
*** Element info: {Using=xpath, value=//td[contains(text(),'24000000029')]//following-sibling::td[3]}
	at src.in.valtech.cl.scenarios.TC_Scenario_04.step175_VerifyOrderTotalAmtIN_adyen(TC_Scenario_04.java:1693)
</failure>
  </testcase>
  <testcase name="step153_ClickOnRefundOrExchangeButton" classname="src.in.valtech.cl.scenarios.TC_Scenario_01" time="5.634"/>
  <testcase name="step172_VerifiedOrderStatusInOrdersPage" classname="src.in.valtech.cl.scenarios.TC_Scenario_07" time="3.218"/>
  <testcase name="step151_VerifiedOrderStatusInOrdersPage" classname="src.in.valtech.cl.scenarios.TC_Scenario_02" time="2.878"/>
  <testcase name="step169_VerifiedOrderStatusInReturnsPage" classname="src.in.valtech.cl.scenarios.TC_Scenario_08" time="6.486"/>
  <testcase name="step173_ClickOnSalesIcon" classname="src.in.valtech.cl.scenarios.TC_Scenario_07" time="0.823"/>
  <testcase name="step154_ClearQuntAndClickOnUpdateQTY_CreditMemo" classname="src.in.valtech.cl.scenarios.TC_Scenario_01" time="0.029"/>
  <testcase name="step152_ClickOnSalesIcon" classname="src.in.valtech.cl.scenarios.TC_Scenario_02" time="2.847"/>
  <testcase name="step176_NaviagtedIntoFOAndVerifiedOrderStatusInMyOrdersPage" classname="src.in.valtech.cl.scenarios.TC_Scenario_04" time="4.097"/>
  <testcase name="step170_ClickonViewOptioninOrderGrid" classname="src.in.valtech.cl.scenarios.TC_Scenario_08" time="2.323"/>
  <testcase name="step155_EnterShippingFeeAndClickOnUpdate_CreditMemo" classname="src.in.valtech.cl.scenarios.TC_Scenario_01" time="2.773"/>
  <testcase name="step174_ReturnstxtFromSalesIconClick" classname="src.in.valtech.cl.scenarios.TC_Scenario_07" time="2.446"/>
  <testcase name="step171_ClickOnReturnItems" classname="src.in.valtech.cl.scenarios.TC_Scenario_08" time="4.05"/>
  <testcase name="step177_NavigatedIntoMangetoAndClickAddPctsBySKU" classname="src.in.valtech.cl.scenarios.TC_Scenario_04" time="0.659"/>
  <testcase name="step153_ReturnstxtFromSalesIconClick" classname="src.in.valtech.cl.scenarios.TC_Scenario_02" time="3.29"/>
  <testcase name="step172_EnterValueInApprovedField" classname="src.in.valtech.cl.scenarios.TC_Scenario_08" time="0.387"/>
  <testcase name="step173_SelectApprovedOptionFromStatusDropdown" classname="src.in.valtech.cl.scenarios.TC_Scenario_08" time="0.533"/>
  <testcase name="step174_SelectRejectedOptionFromStatusDropdown" classname="src.in.valtech.cl.scenarios.TC_Scenario_08" time="0.294"/>
  <testcase name="step178_EnterSKUIDINAddPctsBySKUFld" classname="src.in.valtech.cl.scenarios.TC_Scenario_04" time="0.398"/>
  <testcase name="step179_EnterQutyINAddPctsByQTYFld" classname="src.in.valtech.cl.scenarios.TC_Scenario_04" time="4.335"/>
  <testcase name="step156_ClickOnRefundButtonInNewMemoPage" classname="src.in.valtech.cl.scenarios.TC_Scenario_01" time="0.606"/>
  <testcase name="step175_ClickOnSaveButton" classname="src.in.valtech.cl.scenarios.TC_Scenario_08" time="4.878"/>
  <testcase name="step176_VerifySuccessMsgForSavedRMARequest" classname="src.in.valtech.cl.scenarios.TC_Scenario_08" time="0.058"/>
  <testcase name="step157_VerifySuccessMsgForCreateCreditMemo" classname="src.in.valtech.cl.scenarios.TC_Scenario_01" time="0.426"/>
  <testcase name="step177_ClickOnSalesIcon" classname="src.in.valtech.cl.scenarios.TC_Scenario_08" time="10.057"/>
  <testcase name="step158_ClickOnSalesIcon" classname="src.in.valtech.cl.scenarios.TC_Scenario_01" time="0.452"/>
  <testcase name="step180_ClickOnAddToOrderBtn" classname="src.in.valtech.cl.scenarios.TC_Scenario_04" time="1.034"/>
  <testcase name="step181_Verify_AddressDetails_BOInRMA" classname="src.in.valtech.cl.scenarios.TC_Scenario_04" time="0.366"/>
  <testcase name="step175_VerifiedOrderStatusInReturnsPage" classname="src.in.valtech.cl.scenarios.TC_Scenario_07" time="6.951"/>
  <testcase name="step141_VerifiedOrderStatusInOrdersPage" classname="src.in.valtech.cl.scenarios.TC_Scenario_09" time="1.414"/>
  <testcase name="step182_ClickOnExchangePaymentRadioBtn" classname="src.in.valtech.cl.scenarios.TC_Scenario_04" time="0.963"/>
  <testcase name="step178_ClickOrderstxtFromSalesIcon" classname="src.in.valtech.cl.scenarios.TC_Scenario_08" time="1.983"/>
  <testcase name="step159_ClickOrderstxtFromSalesIcon" classname="src.in.valtech.cl.scenarios.TC_Scenario_01" time="0.014"/>
  <testcase name="step154_VerifiedOrderStatusInReturnsPage" classname="src.in.valtech.cl.scenarios.TC_Scenario_02" time="3.04"/>
  <testcase name="step183_Click_ShippingMethod_LinkForRefundoffline" classname="src.in.valtech.cl.scenarios.TC_Scenario_04" time="0.151"/>
  <testcase name="step176_SwitchToFOTabAndClickOnMyAccountIcon" classname="src.in.valtech.cl.scenarios.TC_Scenario_07" time="5.927"/>
  <testcase name="step155_SwitchToFOTabAndClickOnMyAccountIcon" classname="src.in.valtech.cl.scenarios.TC_Scenario_02" time="7.603"/>
  <testcase name="step142_GetSKUIDFromOrdersPage" classname="src.in.valtech.cl.scenarios.TC_Scenario_09" time="5.355"/>
  <testcase name="step184_Verify_ShippingMethods_RadioOptionForRefundofflineAndClickOnShippingMethod" classname="src.in.valtech.cl.scenarios.TC_Scenario_04" time="1.031"/>
  <testcase name="step156_ClickOnMyOrdersLink" classname="src.in.valtech.cl.scenarios.TC_Scenario_02" time="2.418"/>
  <testcase name="step157_VerifiedOrderStatusInMyOrdersPage" classname="src.in.valtech.cl.scenarios.TC_Scenario_02" time="0.076"/>
  <testcase name="step185_Verify_OrderTotals_ForRefundoffline" classname="src.in.valtech.cl.scenarios.TC_Scenario_04" time="3.8"/>
  <testcase name="step144_ClickOnSalesIcon" classname="src.in.valtech.cl.scenarios.TC_Scenario_09" time="2.945"/>
  <testcase name="step186_Click_SubmitOrderForExchange_BtnForRefundoffline" classname="src.in.valtech.cl.scenarios.TC_Scenario_04" time="7.264"/>
  <testcase name="step145_ReturnstxtFromSalesIconClick" classname="src.in.valtech.cl.scenarios.TC_Scenario_09" time="7.23"/>
  <testcase name="step187_Click_OKFromAlertPopupForRefundoffline" classname="src.in.valtech.cl.scenarios.TC_Scenario_04" time="2.942"/>
  <testcase name="step188_VerifySuccessMsgForCreatedOrderForRMAOfflineRequest" classname="src.in.valtech.cl.scenarios.TC_Scenario_04" time="0.089"/>
  <testcase name="step189_VerifyCreatedOrderInRMAOfflineWithNewVal" classname="src.in.valtech.cl.scenarios.TC_Scenario_04" time="2.168"/>
  <testcase name="step177_ClickOnMyOrdersLink" classname="src.in.valtech.cl.scenarios.TC_Scenario_07" time="0.262"/>
  <testcase name="step178_VerifiedOrderStatusInMyOrdersPage" classname="src.in.valtech.cl.scenarios.TC_Scenario_07" time="0.093"/>
  <testcase name="step179_VerifiedOrderStatusInOrdersPage" classname="src.in.valtech.cl.scenarios.TC_Scenario_08" time="6.94"/>
  <testcase name="step180_ClickOnSalesIcon" classname="src.in.valtech.cl.scenarios.TC_Scenario_08" time="10.319"/>
  <testcase name="step181_ReturnstxtFromSalesIconClick" classname="src.in.valtech.cl.scenarios.TC_Scenario_08" time="14.845"/>
  <testcase name="step146_VerifiedOrderStatusInReturnsPage" classname="src.in.valtech.cl.scenarios.TC_Scenario_09" time="0.97">
    <failure message="expected [Authorized] but found [Processed and Closed]" type="java.lang.AssertionError">java.lang.AssertionError: expected [Authorized] but found [Processed and Closed]
	at src.in.valtech.cl.scenarios.TC_Scenario_09.step146_VerifiedOrderStatusInReturnsPage(TC_Scenario_09.java:1296)
</failure>
    <system-out><![CDATA[org.openqa.selenium.NoSuchElementException: no such element: Unable to locate element: {"method":"xpath","selector":"//td[contains(text(),'SALEABLE')]/..//td[@class='vuetable-td-quantity']"}
  (Session info: chrome=121.0.6167.185)
For documentation on this error, please visit: https://www.seleniumhq.org/exceptions/no_such_element.html
Build info: version: '3.141.59', revision: 'e82be7d358', time: '2018-11-14T08:17:03'
System info: host: 'IN-PF42S2RF', ip: '192.168.1.6', os.name: 'Windows 10', os.arch: 'amd64', os.version: '10.0', java.version: '11.0.2'
Driver info: org.openqa.selenium.chrome.ChromeDriver
Capabilities {acceptInsecureCerts: false, browserName: chrome, browserVersion: 121.0.6167.185, chrome: {chromedriverVersion: 121.0.6167.85 (3f98d690ad7e..., userDataDir: C:\Users\CHAITR~1.BAB\AppDa...}, fedcm:accounts: true, goog:chromeOptions: {debuggerAddress: localhost:49739}, javascriptEnabled: true, networkConnectionEnabled: false, pageLoadStrategy: normal, platform: WINDOWS, platformName: WINDOWS, proxy: Proxy(), setWindowRect: true, strictFileInteractability: false, timeouts: {implicit: 0, pageLoad: 300000, script: 30000}, unhandledPromptBehavior: dismiss and notify, webauthn:extension:credBlob: true, webauthn:extension:largeBlob: true, webauthn:extension:minPinLength: true, webauthn:extension:prf: true, webauthn:virtualAuthenticators: true}
Session ID: 69aef492130cb9755207edc9b798f5cc
*** Element info: {Using=xpath, value=//td[contains(text(),'SALEABLE')]/..//td[@class='vuetable-td-quantity']}
2024-02-27 19:48:37 INFO  GUIFunctions:780 - Successfully Verified Returns ID & Returns Status In BO: 24000000030-Authorized
]]></system-out>
  </testcase>
  <testcase name="step160_VerifiedOrderStatusInOrdersPage" classname="src.in.valtech.cl.scenarios.TC_Scenario_01" time="2.014"/>
  <testcase name="step147_ClickonOrderGrid" classname="src.in.valtech.cl.scenarios.TC_Scenario_09" time="8.626"/>
  <testcase name="step161_ClickOnSalesIcon" classname="src.in.valtech.cl.scenarios.TC_Scenario_01" time="1.673"/>
  <testcase name="step148_ClickOnRetryCreateOrderExchangeBtn" classname="src.in.valtech.cl.scenarios.TC_Scenario_09" time="15.899"/>
  <testcase name="step162_ReturnstxtFromSalesIconClick" classname="src.in.valtech.cl.scenarios.TC_Scenario_01" time="0.823"/>
  <testcase name="step149_NavigatedIntoMangetoAndClickAddPctsBySKU" classname="src.in.valtech.cl.scenarios.TC_Scenario_09" time="9.389"/>
  <testcase name="step182_VerifiedOrderStatusInReturnsPage" classname="src.in.valtech.cl.scenarios.TC_Scenario_08" time="1.37"/>
  <testcase name="step150_EnterSKUIDINAddPctsBySKUFld" classname="src.in.valtech.cl.scenarios.TC_Scenario_09" time="2.933"/>
  <testcase name="step151_EnterQutyINAddPctsByQTYFld" classname="src.in.valtech.cl.scenarios.TC_Scenario_09" time="4.847"/>
  <testcase name="step183_ClickonViewOptioninOrderGrid" classname="src.in.valtech.cl.scenarios.TC_Scenario_08" time="3.165"/>
  <testcase name="step152_ClickOnAddToOrderBtn" classname="src.in.valtech.cl.scenarios.TC_Scenario_09" time="13.107"/>
  <testcase name="step153_VerifyBillingAndShippingAddressInBO" classname="src.in.valtech.cl.scenarios.TC_Scenario_09" time="0.292"/>
  <testcase name="step184_ClickOnRefundOrExchangeButton" classname="src.in.valtech.cl.scenarios.TC_Scenario_08" time="2.61"/>
  <testcase name="step163_VerifiedOrderStatusInReturnsPage" classname="src.in.valtech.cl.scenarios.TC_Scenario_01" time="7.612"/>
  <testcase name="step164_SwitchToFOTabAndClickOnMyAccountIcon" classname="src.in.valtech.cl.scenarios.TC_Scenario_01" time="2.165"/>
  <testcase name="step158_ComparedSeleableStockInWMSAndBOBothAreSameAfterRefundTheOrder" classname="src.in.valtech.cl.scenarios.TC_Scenario_02" time="2.423"/>
  <testcase name="step185_ClickOnRefundButtonInNewMemoPage" classname="src.in.valtech.cl.scenarios.TC_Scenario_08" time="3.498"/>
  <testcase name="step159_VerifyOrderConfirmationMailContents" classname="src.in.valtech.cl.scenarios.TC_Scenario_02" time="2.998"/>
  <testcase name="step154_ClickOnExchangePaymentRadioBtn" classname="src.in.valtech.cl.scenarios.TC_Scenario_09" time="0.737">
    <failure message="no such element: Unable to locate element: {&quot;method&quot;:&quot;xpath&quot;,&quot;selector&quot;:&quot;//label[contains(text(),&apos;Exchange Offline&apos;)]&quot;}&#10;  (Session info: chrome=121.0.6167.185)&#10;For documentation on this error, please visit: https://www.seleniumhq.org/exceptions/no_such_element.html&#10;Build info: version: &apos;3.141.59&apos;, revision: &apos;e82be7d358&apos;, time: &apos;2018-11-14T08:17:03&apos;&#10;System info: host: &apos;IN-PF42S2RF&apos;, ip: &apos;192.168.1.6&apos;, os.name: &apos;Windows 10&apos;, os.arch: &apos;amd64&apos;, os.version: &apos;10.0&apos;, java.version: &apos;11.0.2&apos;&#10;Driver info: org.openqa.selenium.chrome.ChromeDriver&#10;Capabilities {acceptInsecureCerts: false, browserName: chrome, browserVersion: 121.0.6167.185, chrome: {chromedriverVersion: 121.0.6167.85 (3f98d690ad7e..., userDataDir: C:\Users\CHAITR~1.BAB\AppDa...}, fedcm:accounts: true, goog:chromeOptions: {debuggerAddress: localhost:49878}, javascriptEnabled: true, networkConnectionEnabled: false, pageLoadStrategy: normal, platform: WINDOWS, platformName: WINDOWS, proxy: Proxy(), setWindowRect: true, strictFileInteractability: false, timeouts: {implicit: 0, pageLoad: 300000, script: 30000}, unhandledPromptBehavior: dismiss and notify, webauthn:extension:credBlob: true, webauthn:extension:largeBlob: true, webauthn:extension:minPinLength: true, webauthn:extension:prf: true, webauthn:virtualAuthenticators: true}&#10;Session ID: b21dab167d1f169a121712e968d1e14e&#10;*** Element info: {Using=xpath, value=//label[contains(text(),&apos;Exchange Offline&apos;)]}" type="org.openqa.selenium.NoSuchElementException">org.openqa.selenium.NoSuchElementException: 
no such element: Unable to locate element: {"method":"xpath","selector":"//label[contains(text(),'Exchange Offline')]"}
  (Session info: chrome=121.0.6167.185)
For documentation on this error, please visit: https://www.seleniumhq.org/exceptions/no_such_element.html
Build info: version: '3.141.59', revision: 'e82be7d358', time: '2018-11-14T08:17:03'
System info: host: 'IN-PF42S2RF', ip: '192.168.1.6', os.name: 'Windows 10', os.arch: 'amd64', os.version: '10.0', java.version: '11.0.2'
Driver info: org.openqa.selenium.chrome.ChromeDriver
Capabilities {acceptInsecureCerts: false, browserName: chrome, browserVersion: 121.0.6167.185, chrome: {chromedriverVersion: 121.0.6167.85 (3f98d690ad7e..., userDataDir: C:\Users\CHAITR~1.BAB\AppDa...}, fedcm:accounts: true, goog:chromeOptions: {debuggerAddress: localhost:49878}, javascriptEnabled: true, networkConnectionEnabled: false, pageLoadStrategy: normal, platform: WINDOWS, platformName: WINDOWS, proxy: Proxy(), setWindowRect: true, strictFileInteractability: false, timeouts: {implicit: 0, pageLoad: 300000, script: 30000}, unhandledPromptBehavior: dismiss and notify, webauthn:extension:credBlob: true, webauthn:extension:largeBlob: true, webauthn:extension:minPinLength: true, webauthn:extension:prf: true, webauthn:virtualAuthenticators: true}
Session ID: b21dab167d1f169a121712e968d1e14e
*** Element info: {Using=xpath, value=//label[contains(text(),'Exchange Offline')]}
	at src.in.valtech.cl.scenarios.TC_Scenario_09.step154_ClickOnExchangePaymentRadioBtn(TC_Scenario_09.java:1346)
</failure>
    <system-out><![CDATA[***READING MAILBOX...
]]></system-out>
  </testcase>
  <testcase name="step160_VerifyShippingConfirmationMailContents" classname="src.in.valtech.cl.scenarios.TC_Scenario_02" time="4.93"/>
  <testcase name="step155_Click_ShippingMethod_LinkForRefundoffline" classname="src.in.valtech.cl.scenarios.TC_Scenario_09" time="0.225"/>
  <testcase name="step165_ClickOnMyOrdersLink" classname="src.in.valtech.cl.scenarios.TC_Scenario_01" time="5.155"/>
  <testcase name="step161_VerifyReturnRequestConfirmationMailContents" classname="src.in.valtech.cl.scenarios.TC_Scenario_02" time="0.477"/>
  <testcase name="step186_VerifySuccessMsgForCreateCreditMemo" classname="src.in.valtech.cl.scenarios.TC_Scenario_08" time="5.33">
    <failure message="no such element: Unable to locate element: {&quot;method&quot;:&quot;xpath&quot;,&quot;selector&quot;:&quot;//div[contains(@class,&apos;message message-success success&apos;)]//div&quot;}&#10;  (Session info: chrome=121.0.6167.185)&#10;For documentation on this error, please visit: https://www.seleniumhq.org/exceptions/no_such_element.html&#10;Build info: version: &apos;3.141.59&apos;, revision: &apos;e82be7d358&apos;, time: &apos;2018-11-14T08:17:03&apos;&#10;System info: host: &apos;IN-PF42S2RF&apos;, ip: &apos;192.168.1.6&apos;, os.name: &apos;Windows 10&apos;, os.arch: &apos;amd64&apos;, os.version: &apos;10.0&apos;, java.version: &apos;11.0.2&apos;&#10;Driver info: org.openqa.selenium.chrome.ChromeDriver&#10;Capabilities {acceptInsecureCerts: false, browserName: chrome, browserVersion: 121.0.6167.185, chrome: {chromedriverVersion: 121.0.6167.85 (3f98d690ad7e..., userDataDir: C:\Users\CHAITR~1.BAB\AppDa...}, fedcm:accounts: true, goog:chromeOptions: {debuggerAddress: localhost:50052}, javascriptEnabled: true, networkConnectionEnabled: false, pageLoadStrategy: normal, platform: WINDOWS, platformName: WINDOWS, proxy: Proxy(), setWindowRect: true, strictFileInteractability: false, timeouts: {implicit: 0, pageLoad: 300000, script: 30000}, unhandledPromptBehavior: dismiss and notify, webauthn:extension:credBlob: true, webauthn:extension:largeBlob: true, webauthn:extension:minPinLength: true, webauthn:extension:prf: true, webauthn:virtualAuthenticators: true}&#10;Session ID: ac4b4f8c9a3cd3dd66501ebe55c6f3ff&#10;*** Element info: {Using=xpath, value=//div[contains(@class,&apos;message message-success success&apos;)]//div}" type="org.openqa.selenium.NoSuchElementException">org.openqa.selenium.NoSuchElementException: 
no such element: Unable to locate element: {"method":"xpath","selector":"//div[contains(@class,'message message-success success')]//div"}
  (Session info: chrome=121.0.6167.185)
For documentation on this error, please visit: https://www.seleniumhq.org/exceptions/no_such_element.html
Build info: version: '3.141.59', revision: 'e82be7d358', time: '2018-11-14T08:17:03'
System info: host: 'IN-PF42S2RF', ip: '192.168.1.6', os.name: 'Windows 10', os.arch: 'amd64', os.version: '10.0', java.version: '11.0.2'
Driver info: org.openqa.selenium.chrome.ChromeDriver
Capabilities {acceptInsecureCerts: false, browserName: chrome, browserVersion: 121.0.6167.185, chrome: {chromedriverVersion: 121.0.6167.85 (3f98d690ad7e..., userDataDir: C:\Users\CHAITR~1.BAB\AppDa...}, fedcm:accounts: true, goog:chromeOptions: {debuggerAddress: localhost:50052}, javascriptEnabled: true, networkConnectionEnabled: false, pageLoadStrategy: normal, platform: WINDOWS, platformName: WINDOWS, proxy: Proxy(), setWindowRect: true, strictFileInteractability: false, timeouts: {implicit: 0, pageLoad: 300000, script: 30000}, unhandledPromptBehavior: dismiss and notify, webauthn:extension:credBlob: true, webauthn:extension:largeBlob: true, webauthn:extension:minPinLength: true, webauthn:extension:prf: true, webauthn:virtualAuthenticators: true}
Session ID: ac4b4f8c9a3cd3dd66501ebe55c6f3ff
*** Element info: {Using=xpath, value=//div[contains(@class,'message message-success success')]//div}
	at src.in.valtech.cl.scenarios.TC_Scenario_08.step186_VerifySuccessMsgForCreateCreditMemo(TC_Scenario_08.java:1700)
</failure>
    <system-out><![CDATA[***READING MAILBOX...
2024-02-27 19:50:18 INFO  GUIFunctions:629 - Successfully Verified Verified_SecondShippingMethods_RadioOptionForRefundoffline : UPS Express : Livraison dans les 1 à 3 jours ouvrés. - CHF 20.00
]]></system-out>
  </testcase>
  <testcase name="step162_VerifyReturnReceptionConfirmationMailContents" classname="src.in.valtech.cl.scenarios.TC_Scenario_02" time="0.13"/>
  <testcase name="step187_ClickOnSalesIcon" classname="src.in.valtech.cl.scenarios.TC_Scenario_08" time="1.166">
    <failure message="element click intercepted: Element &lt;li data-ui-id=&quot;menu-magento-sales-sales&quot; class=&quot;item-sales _current _active parent  level-0&quot; id=&quot;menu-magento-sales-sales&quot; aria-haspopup=&quot;true&quot; role=&quot;menu-item&quot;&gt;...&lt;/li&gt; is not clickable at point (44, 168). Other element would receive the click: &lt;aside role=&quot;dialog&quot; class=&quot;modal-popup confirm _show&quot; aria-labelledby=&quot;modal-title-12&quot; aria-describedby=&quot;modal-content-12&quot; data-role=&quot;modal&quot; data-type=&quot;popup&quot; tabindex=&quot;0&quot; style=&quot;z-index: 902;&quot;&gt;...&lt;/aside&gt;&#10;  (Session info: chrome=121.0.6167.185)&#10;Build info: version: &apos;3.141.59&apos;, revision: &apos;e82be7d358&apos;, time: &apos;2018-11-14T08:17:03&apos;&#10;System info: host: &apos;IN-PF42S2RF&apos;, ip: &apos;192.168.1.6&apos;, os.name: &apos;Windows 10&apos;, os.arch: &apos;amd64&apos;, os.version: &apos;10.0&apos;, java.version: &apos;11.0.2&apos;&#10;Driver info: org.openqa.selenium.chrome.ChromeDriver&#10;Capabilities {acceptInsecureCerts: false, browserName: chrome, browserVersion: 121.0.6167.185, chrome: {chromedriverVersion: 121.0.6167.85 (3f98d690ad7e..., userDataDir: C:\Users\CHAITR~1.BAB\AppDa...}, fedcm:accounts: true, goog:chromeOptions: {debuggerAddress: localhost:50052}, javascriptEnabled: true, networkConnectionEnabled: false, pageLoadStrategy: normal, platform: WINDOWS, platformName: WINDOWS, proxy: Proxy(), setWindowRect: true, strictFileInteractability: false, timeouts: {implicit: 0, pageLoad: 300000, script: 30000}, unhandledPromptBehavior: dismiss and notify, webauthn:extension:credBlob: true, webauthn:extension:largeBlob: true, webauthn:extension:minPinLength: true, webauthn:extension:prf: true, webauthn:virtualAuthenticators: true}&#10;Session ID: ac4b4f8c9a3cd3dd66501ebe55c6f3ff" type="org.openqa.selenium.ElementClickInterceptedException"><![CDATA[org.openqa.selenium.ElementClickInterceptedException: 
element click intercepted: Element <li data-ui-id="menu-magento-sales-sales" class="item-sales _current _active parent  level-0" id="menu-magento-sales-sales" aria-haspopup="true" role="menu-item">...</li> is not clickable at point (44, 168). Other element would receive the click: <aside role="dialog" class="modal-popup confirm _show" aria-labelledby="modal-title-12" aria-describedby="modal-content-12" data-role="modal" data-type="popup" tabindex="0" style="z-index: 902;">...</aside>
  (Session info: chrome=121.0.6167.185)
Build info: version: '3.141.59', revision: 'e82be7d358', time: '2018-11-14T08:17:03'
System info: host: 'IN-PF42S2RF', ip: '192.168.1.6', os.name: 'Windows 10', os.arch: 'amd64', os.version: '10.0', java.version: '11.0.2'
Driver info: org.openqa.selenium.chrome.ChromeDriver
Capabilities {acceptInsecureCerts: false, browserName: chrome, browserVersion: 121.0.6167.185, chrome: {chromedriverVersion: 121.0.6167.85 (3f98d690ad7e..., userDataDir: C:\Users\CHAITR~1.BAB\AppDa...}, fedcm:accounts: true, goog:chromeOptions: {debuggerAddress: localhost:50052}, javascriptEnabled: true, networkConnectionEnabled: false, pageLoadStrategy: normal, platform: WINDOWS, platformName: WINDOWS, proxy: Proxy(), setWindowRect: true, strictFileInteractability: false, timeouts: {implicit: 0, pageLoad: 300000, script: 30000}, unhandledPromptBehavior: dismiss and notify, webauthn:extension:credBlob: true, webauthn:extension:largeBlob: true, webauthn:extension:minPinLength: true, webauthn:extension:prf: true, webauthn:virtualAuthenticators: true}
Session ID: ac4b4f8c9a3cd3dd66501ebe55c6f3ff
	at src.in.valtech.cl.scenarios.TC_Scenario_08.step187_ClickOnSalesIcon(TC_Scenario_08.java:1706)
]]></failure>
    <system-out><![CDATA[***READING MAILBOX...
]]></system-out>
  </testcase>
  <testcase name="step179_ComparedSeleableStockInWMSAndBOBothAreSameAfterRefundTheOrder" classname="src.in.valtech.cl.scenarios.TC_Scenario_07" time="2.471"/>
  <testcase name="step163_VerifyCreditMemoConfirmationMailContents" classname="src.in.valtech.cl.scenarios.TC_Scenario_02" time="1.848"/>
  <testcase name="step156_Verify_ShippingMethods_RadioOptionForRefundofflineAndClickOnShippingMethod" classname="src.in.valtech.cl.scenarios.TC_Scenario_09" time="2.909"/>
  <testcase name="step180_VerifyOrderConfirmationMailContents" classname="src.in.valtech.cl.scenarios.TC_Scenario_07" time="3.74"/>
  <testcase name="step188_ClickOrderstxtFromSalesIcon" classname="src.in.valtech.cl.scenarios.TC_Scenario_08" time="1.068">
    <failure message="Expected condition failed: waiting for visibility of [[ChromeDriver: chrome on WINDOWS (ac4b4f8c9a3cd3dd66501ebe55c6f3ff)] -&gt; xpath: //span[contains(text(),&apos;Orders&apos;)]] (tried for 10 second(s) with 500 milliseconds interval)&#10;Build info: version: &apos;3.141.59&apos;, revision: &apos;e82be7d358&apos;, time: &apos;2018-11-14T08:17:03&apos;&#10;System info: host: &apos;IN-PF42S2RF&apos;, ip: &apos;192.168.1.6&apos;, os.name: &apos;Windows 10&apos;, os.arch: &apos;amd64&apos;, os.version: &apos;10.0&apos;, java.version: &apos;11.0.2&apos;&#10;Driver info: org.openqa.selenium.chrome.ChromeDriver&#10;Capabilities {acceptInsecureCerts: false, browserName: chrome, browserVersion: 121.0.6167.185, chrome: {chromedriverVersion: 121.0.6167.85 (3f98d690ad7e..., userDataDir: C:\Users\CHAITR~1.BAB\AppDa...}, fedcm:accounts: true, goog:chromeOptions: {debuggerAddress: localhost:50052}, javascriptEnabled: true, networkConnectionEnabled: false, pageLoadStrategy: normal, platform: WINDOWS, platformName: WINDOWS, proxy: Proxy(), setWindowRect: true, strictFileInteractability: false, timeouts: {implicit: 0, pageLoad: 300000, script: 30000}, unhandledPromptBehavior: dismiss and notify, webauthn:extension:credBlob: true, webauthn:extension:largeBlob: true, webauthn:extension:minPinLength: true, webauthn:extension:prf: true, webauthn:virtualAuthenticators: true}&#10;Session ID: ac4b4f8c9a3cd3dd66501ebe55c6f3ff" type="org.openqa.selenium.TimeoutException">org.openqa.selenium.TimeoutException: 
Expected condition failed: waiting for visibility of [[ChromeDriver: chrome on WINDOWS (ac4b4f8c9a3cd3dd66501ebe55c6f3ff)] -> xpath: //span[contains(text(),'Orders')]] (tried for 10 second(s) with 500 milliseconds interval)
Build info: version: '3.141.59', revision: 'e82be7d358', time: '2018-11-14T08:17:03'
System info: host: 'IN-PF42S2RF', ip: '192.168.1.6', os.name: 'Windows 10', os.arch: 'amd64', os.version: '10.0', java.version: '11.0.2'
Driver info: org.openqa.selenium.chrome.ChromeDriver
Capabilities {acceptInsecureCerts: false, browserName: chrome, browserVersion: 121.0.6167.185, chrome: {chromedriverVersion: 121.0.6167.85 (3f98d690ad7e..., userDataDir: C:\Users\CHAITR~1.BAB\AppDa...}, fedcm:accounts: true, goog:chromeOptions: {debuggerAddress: localhost:50052}, javascriptEnabled: true, networkConnectionEnabled: false, pageLoadStrategy: normal, platform: WINDOWS, platformName: WINDOWS, proxy: Proxy(), setWindowRect: true, strictFileInteractability: false, timeouts: {implicit: 0, pageLoad: 300000, script: 30000}, unhandledPromptBehavior: dismiss and notify, webauthn:extension:credBlob: true, webauthn:extension:largeBlob: true, webauthn:extension:minPinLength: true, webauthn:extension:prf: true, webauthn:virtualAuthenticators: true}
Session ID: ac4b4f8c9a3cd3dd66501ebe55c6f3ff
	at src.in.valtech.cl.scenarios.TC_Scenario_08.step188_ClickOrderstxtFromSalesIcon(TC_Scenario_08.java:1712)
</failure>
    <system-out><![CDATA[***READING MAILBOX...
2024-02-27 19:50:32 INFO  GUIFunctions:629 - Successfully Verified Verified order totals sub total val : Subtotal:
]]></system-out>
  </testcase>
  <testcase name="step157_Verify_OrderTotals_ForRefundoffline" classname="src.in.valtech.cl.scenarios.TC_Scenario_09" time="1.646"/>
  <testcase name="step181_VerifyShippingConfirmationMailContents" classname="src.in.valtech.cl.scenarios.TC_Scenario_07" time="3.678"/>
  <testcase name="step182_VerifyReturnRequestConfirmationMailContents" classname="src.in.valtech.cl.scenarios.TC_Scenario_07" time="6.631"/>
  <testcase name="step183_VerifyReturnReceptionConfirmationMailContents" classname="src.in.valtech.cl.scenarios.TC_Scenario_07" time="6.57"/>
  <testcase name="step158_Click_SubmitOrderForExchange_BtnForRefundoffline" classname="src.in.valtech.cl.scenarios.TC_Scenario_09" time="3.216"/>
  <testcase name="step159_Click_OKFromAlertPopupForRefundoffline" classname="src.in.valtech.cl.scenarios.TC_Scenario_09" time="0.048">
    <failure message="no such alert&#10;  (Session info: chrome=121.0.6167.185)&#10;Build info: version: &apos;3.141.59&apos;, revision: &apos;e82be7d358&apos;, time: &apos;2018-11-14T08:17:03&apos;&#10;System info: host: &apos;IN-PF42S2RF&apos;, ip: &apos;192.168.1.6&apos;, os.name: &apos;Windows 10&apos;, os.arch: &apos;amd64&apos;, os.version: &apos;10.0&apos;, java.version: &apos;11.0.2&apos;&#10;Driver info: org.openqa.selenium.chrome.ChromeDriver&#10;Capabilities {acceptInsecureCerts: false, browserName: chrome, browserVersion: 121.0.6167.185, chrome: {chromedriverVersion: 121.0.6167.85 (3f98d690ad7e..., userDataDir: C:\Users\CHAITR~1.BAB\AppDa...}, fedcm:accounts: true, goog:chromeOptions: {debuggerAddress: localhost:49878}, javascriptEnabled: true, networkConnectionEnabled: false, pageLoadStrategy: normal, platform: WINDOWS, platformName: WINDOWS, proxy: Proxy(), setWindowRect: true, strictFileInteractability: false, timeouts: {implicit: 0, pageLoad: 300000, script: 30000}, unhandledPromptBehavior: dismiss and notify, webauthn:extension:credBlob: true, webauthn:extension:largeBlob: true, webauthn:extension:minPinLength: true, webauthn:extension:prf: true, webauthn:virtualAuthenticators: true}&#10;Session ID: b21dab167d1f169a121712e968d1e14e" type="org.openqa.selenium.NoAlertPresentException">org.openqa.selenium.NoAlertPresentException: 
no such alert
  (Session info: chrome=121.0.6167.185)
Build info: version: '3.141.59', revision: 'e82be7d358', time: '2018-11-14T08:17:03'
System info: host: 'IN-PF42S2RF', ip: '192.168.1.6', os.name: 'Windows 10', os.arch: 'amd64', os.version: '10.0', java.version: '11.0.2'
Driver info: org.openqa.selenium.chrome.ChromeDriver
Capabilities {acceptInsecureCerts: false, browserName: chrome, browserVersion: 121.0.6167.185, chrome: {chromedriverVersion: 121.0.6167.85 (3f98d690ad7e..., userDataDir: C:\Users\CHAITR~1.BAB\AppDa...}, fedcm:accounts: true, goog:chromeOptions: {debuggerAddress: localhost:49878}, javascriptEnabled: true, networkConnectionEnabled: false, pageLoadStrategy: normal, platform: WINDOWS, platformName: WINDOWS, proxy: Proxy(), setWindowRect: true, strictFileInteractability: false, timeouts: {implicit: 0, pageLoad: 300000, script: 30000}, unhandledPromptBehavior: dismiss and notify, webauthn:extension:credBlob: true, webauthn:extension:largeBlob: true, webauthn:extension:minPinLength: true, webauthn:extension:prf: true, webauthn:virtualAuthenticators: true}
Session ID: b21dab167d1f169a121712e968d1e14e
	at src.in.valtech.cl.scenarios.TC_Scenario_09.step159_Click_OKFromAlertPopupForRefundoffline(TC_Scenario_09.java:1377)
</failure>
    <system-err><![CDATA[Feb 27, 2024 7:50:54 PM org.openqa.selenium.remote.ErrorCodes toStatus
INFO: HTTP Status: '404' -> incorrect JSON status mapping for 'no such alert' (400 expected)
]]></system-err>
  </testcase>
  <testcase name="step184_VerifyCreditMemoConfirmationMailContents" classname="src.in.valtech.cl.scenarios.TC_Scenario_07" time="3.099"/>
  <testcase name="step166_VerifiedOrderStatusInMyOrdersPage" classname="src.in.valtech.cl.scenarios.TC_Scenario_01" time="9.783"/>
  <testcase name="step160_VerifySuccessMsgForCreatedOrderForRMAOfflineRequest" classname="src.in.valtech.cl.scenarios.TC_Scenario_09" time="10.299">
    <failure message="no such element: Unable to locate element: {&quot;method&quot;:&quot;xpath&quot;,&quot;selector&quot;:&quot;//div[@class=&apos;message message-success success&apos;]&quot;}&#10;  (Session info: chrome=121.0.6167.185)&#10;For documentation on this error, please visit: https://www.seleniumhq.org/exceptions/no_such_element.html&#10;Build info: version: &apos;3.141.59&apos;, revision: &apos;e82be7d358&apos;, time: &apos;2018-11-14T08:17:03&apos;&#10;System info: host: &apos;IN-PF42S2RF&apos;, ip: &apos;192.168.1.6&apos;, os.name: &apos;Windows 10&apos;, os.arch: &apos;amd64&apos;, os.version: &apos;10.0&apos;, java.version: &apos;11.0.2&apos;&#10;Driver info: org.openqa.selenium.chrome.ChromeDriver&#10;Capabilities {acceptInsecureCerts: false, browserName: chrome, browserVersion: 121.0.6167.185, chrome: {chromedriverVersion: 121.0.6167.85 (3f98d690ad7e..., userDataDir: C:\Users\CHAITR~1.BAB\AppDa...}, fedcm:accounts: true, goog:chromeOptions: {debuggerAddress: localhost:49878}, javascriptEnabled: true, networkConnectionEnabled: false, pageLoadStrategy: normal, platform: WINDOWS, platformName: WINDOWS, proxy: Proxy(), setWindowRect: true, strictFileInteractability: false, timeouts: {implicit: 0, pageLoad: 300000, script: 30000}, unhandledPromptBehavior: dismiss and notify, webauthn:extension:credBlob: true, webauthn:extension:largeBlob: true, webauthn:extension:minPinLength: true, webauthn:extension:prf: true, webauthn:virtualAuthenticators: true}&#10;Session ID: b21dab167d1f169a121712e968d1e14e&#10;*** Element info: {Using=xpath, value=//div[@class=&apos;message message-success success&apos;]}" type="org.openqa.selenium.NoSuchElementException">org.openqa.selenium.NoSuchElementException: 
no such element: Unable to locate element: {"method":"xpath","selector":"//div[@class='message message-success success']"}
  (Session info: chrome=121.0.6167.185)
For documentation on this error, please visit: https://www.seleniumhq.org/exceptions/no_such_element.html
Build info: version: '3.141.59', revision: 'e82be7d358', time: '2018-11-14T08:17:03'
System info: host: 'IN-PF42S2RF', ip: '192.168.1.6', os.name: 'Windows 10', os.arch: 'amd64', os.version: '10.0', java.version: '11.0.2'
Driver info: org.openqa.selenium.chrome.ChromeDriver
Capabilities {acceptInsecureCerts: false, browserName: chrome, browserVersion: 121.0.6167.185, chrome: {chromedriverVersion: 121.0.6167.85 (3f98d690ad7e..., userDataDir: C:\Users\CHAITR~1.BAB\AppDa...}, fedcm:accounts: true, goog:chromeOptions: {debuggerAddress: localhost:49878}, javascriptEnabled: true, networkConnectionEnabled: false, pageLoadStrategy: normal, platform: WINDOWS, platformName: WINDOWS, proxy: Proxy(), setWindowRect: true, strictFileInteractability: false, timeouts: {implicit: 0, pageLoad: 300000, script: 30000}, unhandledPromptBehavior: dismiss and notify, webauthn:extension:credBlob: true, webauthn:extension:largeBlob: true, webauthn:extension:minPinLength: true, webauthn:extension:prf: true, webauthn:virtualAuthenticators: true}
Session ID: b21dab167d1f169a121712e968d1e14e
*** Element info: {Using=xpath, value=//div[@class='message message-success success']}
	at src.in.valtech.cl.scenarios.TC_Scenario_09.step160_VerifySuccessMsgForCreatedOrderForRMAOfflineRequest(TC_Scenario_09.java:1383)
</failure>
  </testcase>
  <testcase name="step161_VerifyCreatedOrderInRMAOfflineWithNewVal" classname="src.in.valtech.cl.scenarios.TC_Scenario_09" time="2.152"/>
  <testcase name="step162_RefreshAndVerifyOrderStatusInOrdersPage" classname="src.in.valtech.cl.scenarios.TC_Scenario_09" time="20.078">
    <failure message="no such element: Unable to locate element: {&quot;method&quot;:&quot;xpath&quot;,&quot;selector&quot;:&quot;//button[@id=&apos;back&apos;]&quot;}&#10;  (Session info: chrome=121.0.6167.185)&#10;For documentation on this error, please visit: https://www.seleniumhq.org/exceptions/no_such_element.html&#10;Build info: version: &apos;3.141.59&apos;, revision: &apos;e82be7d358&apos;, time: &apos;2018-11-14T08:17:03&apos;&#10;System info: host: &apos;IN-PF42S2RF&apos;, ip: &apos;192.168.1.6&apos;, os.name: &apos;Windows 10&apos;, os.arch: &apos;amd64&apos;, os.version: &apos;10.0&apos;, java.version: &apos;11.0.2&apos;&#10;Driver info: org.openqa.selenium.chrome.ChromeDriver&#10;Capabilities {acceptInsecureCerts: false, browserName: chrome, browserVersion: 121.0.6167.185, chrome: {chromedriverVersion: 121.0.6167.85 (3f98d690ad7e..., userDataDir: C:\Users\CHAITR~1.BAB\AppDa...}, fedcm:accounts: true, goog:chromeOptions: {debuggerAddress: localhost:49878}, javascriptEnabled: true, networkConnectionEnabled: false, pageLoadStrategy: normal, platform: WINDOWS, platformName: WINDOWS, proxy: Proxy(), setWindowRect: true, strictFileInteractability: false, timeouts: {implicit: 0, pageLoad: 300000, script: 30000}, unhandledPromptBehavior: dismiss and notify, webauthn:extension:credBlob: true, webauthn:extension:largeBlob: true, webauthn:extension:minPinLength: true, webauthn:extension:prf: true, webauthn:virtualAuthenticators: true}&#10;Session ID: b21dab167d1f169a121712e968d1e14e&#10;*** Element info: {Using=xpath, value=//button[@id=&apos;back&apos;]}" type="org.openqa.selenium.NoSuchElementException">org.openqa.selenium.NoSuchElementException: 
no such element: Unable to locate element: {"method":"xpath","selector":"//button[@id='back']"}
  (Session info: chrome=121.0.6167.185)
For documentation on this error, please visit: https://www.seleniumhq.org/exceptions/no_such_element.html
Build info: version: '3.141.59', revision: 'e82be7d358', time: '2018-11-14T08:17:03'
System info: host: 'IN-PF42S2RF', ip: '192.168.1.6', os.name: 'Windows 10', os.arch: 'amd64', os.version: '10.0', java.version: '11.0.2'
Driver info: org.openqa.selenium.chrome.ChromeDriver
Capabilities {acceptInsecureCerts: false, browserName: chrome, browserVersion: 121.0.6167.185, chrome: {chromedriverVersion: 121.0.6167.85 (3f98d690ad7e..., userDataDir: C:\Users\CHAITR~1.BAB\AppDa...}, fedcm:accounts: true, goog:chromeOptions: {debuggerAddress: localhost:49878}, javascriptEnabled: true, networkConnectionEnabled: false, pageLoadStrategy: normal, platform: WINDOWS, platformName: WINDOWS, proxy: Proxy(), setWindowRect: true, strictFileInteractability: false, timeouts: {implicit: 0, pageLoad: 300000, script: 30000}, unhandledPromptBehavior: dismiss and notify, webauthn:extension:credBlob: true, webauthn:extension:largeBlob: true, webauthn:extension:minPinLength: true, webauthn:extension:prf: true, webauthn:virtualAuthenticators: true}
Session ID: b21dab167d1f169a121712e968d1e14e
*** Element info: {Using=xpath, value=//button[@id='back']}
	at src.in.valtech.cl.scenarios.TC_Scenario_09.step162_RefreshAndVerifyOrderStatusInOrdersPage(TC_Scenario_09.java:1395)
</failure>
  </testcase>
  <testcase name="step168_NavigatedIntoAdyenAndClickOnPaymentTab" classname="src.in.valtech.cl.scenarios.TC_Scenario_01" time="1.862">
    <failure message="no such element: Unable to locate element: {&quot;method&quot;:&quot;xpath&quot;,&quot;selector&quot;:&quot;//input[@name=&apos;password&apos;]&quot;}&#10;  (Session info: chrome=121.0.6167.185)&#10;For documentation on this error, please visit: https://www.seleniumhq.org/exceptions/no_such_element.html&#10;Build info: version: &apos;3.141.59&apos;, revision: &apos;e82be7d358&apos;, time: &apos;2018-11-14T08:17:03&apos;&#10;System info: host: &apos;IN-PF42S2RF&apos;, ip: &apos;192.168.1.6&apos;, os.name: &apos;Windows 10&apos;, os.arch: &apos;amd64&apos;, os.version: &apos;10.0&apos;, java.version: &apos;11.0.2&apos;&#10;Driver info: org.openqa.selenium.chrome.ChromeDriver&#10;Capabilities {acceptInsecureCerts: false, browserName: chrome, browserVersion: 121.0.6167.185, chrome: {chromedriverVersion: 121.0.6167.85 (3f98d690ad7e..., userDataDir: C:\Users\CHAITR~1.BAB\AppDa...}, fedcm:accounts: true, goog:chromeOptions: {debuggerAddress: localhost:49803}, javascriptEnabled: true, networkConnectionEnabled: false, pageLoadStrategy: normal, platform: WINDOWS, platformName: WINDOWS, proxy: Proxy(), setWindowRect: true, strictFileInteractability: false, timeouts: {implicit: 0, pageLoad: 300000, script: 30000}, unhandledPromptBehavior: dismiss and notify, webauthn:extension:credBlob: true, webauthn:extension:largeBlob: true, webauthn:extension:minPinLength: true, webauthn:extension:prf: true, webauthn:virtualAuthenticators: true}&#10;Session ID: 9a89f617d384e064b22dfc1b889e2d25&#10;*** Element info: {Using=xpath, value=//input[@name=&apos;password&apos;]}" type="org.openqa.selenium.NoSuchElementException">org.openqa.selenium.NoSuchElementException: 
no such element: Unable to locate element: {"method":"xpath","selector":"//input[@name='password']"}
  (Session info: chrome=121.0.6167.185)
For documentation on this error, please visit: https://www.seleniumhq.org/exceptions/no_such_element.html
Build info: version: '3.141.59', revision: 'e82be7d358', time: '2018-11-14T08:17:03'
System info: host: 'IN-PF42S2RF', ip: '192.168.1.6', os.name: 'Windows 10', os.arch: 'amd64', os.version: '10.0', java.version: '11.0.2'
Driver info: org.openqa.selenium.chrome.ChromeDriver
Capabilities {acceptInsecureCerts: false, browserName: chrome, browserVersion: 121.0.6167.185, chrome: {chromedriverVersion: 121.0.6167.85 (3f98d690ad7e..., userDataDir: C:\Users\CHAITR~1.BAB\AppDa...}, fedcm:accounts: true, goog:chromeOptions: {debuggerAddress: localhost:49803}, javascriptEnabled: true, networkConnectionEnabled: false, pageLoadStrategy: normal, platform: WINDOWS, platformName: WINDOWS, proxy: Proxy(), setWindowRect: true, strictFileInteractability: false, timeouts: {implicit: 0, pageLoad: 300000, script: 30000}, unhandledPromptBehavior: dismiss and notify, webauthn:extension:credBlob: true, webauthn:extension:largeBlob: true, webauthn:extension:minPinLength: true, webauthn:extension:prf: true, webauthn:virtualAuthenticators: true}
Session ID: 9a89f617d384e064b22dfc1b889e2d25
*** Element info: {Using=xpath, value=//input[@name='password']}
	at src.in.valtech.cl.scenarios.TC_Scenario_01.step168_NavigatedIntoAdyenAndClickOnPaymentTab(TC_Scenario_01.java:1590)
</failure>
  </testcase>
  <testcase name="step163_SwitchToFOTabAndClickOnMyAccountIcon" classname="src.in.valtech.cl.scenarios.TC_Scenario_09" time="14.228"/>
  <testcase name="step189_VerifiedOrderStatusInOrdersPage" classname="src.in.valtech.cl.scenarios.TC_Scenario_08" time="13.406">
    <failure message="no such element: Unable to locate element: {&quot;method&quot;:&quot;xpath&quot;,&quot;selector&quot;:&quot;//button[text()=&apos;Clear all&apos;]&quot;}&#10;  (Session info: chrome=121.0.6167.185)&#10;For documentation on this error, please visit: https://www.seleniumhq.org/exceptions/no_such_element.html&#10;Build info: version: &apos;3.141.59&apos;, revision: &apos;e82be7d358&apos;, time: &apos;2018-11-14T08:17:03&apos;&#10;System info: host: &apos;IN-PF42S2RF&apos;, ip: &apos;192.168.1.6&apos;, os.name: &apos;Windows 10&apos;, os.arch: &apos;amd64&apos;, os.version: &apos;10.0&apos;, java.version: &apos;11.0.2&apos;&#10;Driver info: org.openqa.selenium.chrome.ChromeDriver&#10;Capabilities {acceptInsecureCerts: false, browserName: chrome, browserVersion: 121.0.6167.185, chrome: {chromedriverVersion: 121.0.6167.85 (3f98d690ad7e..., userDataDir: C:\Users\CHAITR~1.BAB\AppDa...}, fedcm:accounts: true, goog:chromeOptions: {debuggerAddress: localhost:50052}, javascriptEnabled: true, networkConnectionEnabled: false, pageLoadStrategy: normal, platform: WINDOWS, platformName: WINDOWS, proxy: Proxy(), setWindowRect: true, strictFileInteractability: false, timeouts: {implicit: 0, pageLoad: 300000, script: 30000}, unhandledPromptBehavior: dismiss and notify, webauthn:extension:credBlob: true, webauthn:extension:largeBlob: true, webauthn:extension:minPinLength: true, webauthn:extension:prf: true, webauthn:virtualAuthenticators: true}&#10;Session ID: ac4b4f8c9a3cd3dd66501ebe55c6f3ff&#10;*** Element info: {Using=xpath, value=//button[text()=&apos;Clear all&apos;]}" type="org.openqa.selenium.NoSuchElementException">org.openqa.selenium.NoSuchElementException: 
no such element: Unable to locate element: {"method":"xpath","selector":"//button[text()='Clear all']"}
  (Session info: chrome=121.0.6167.185)
For documentation on this error, please visit: https://www.seleniumhq.org/exceptions/no_such_element.html
Build info: version: '3.141.59', revision: 'e82be7d358', time: '2018-11-14T08:17:03'
System info: host: 'IN-PF42S2RF', ip: '192.168.1.6', os.name: 'Windows 10', os.arch: 'amd64', os.version: '10.0', java.version: '11.0.2'
Driver info: org.openqa.selenium.chrome.ChromeDriver
Capabilities {acceptInsecureCerts: false, browserName: chrome, browserVersion: 121.0.6167.185, chrome: {chromedriverVersion: 121.0.6167.85 (3f98d690ad7e..., userDataDir: C:\Users\CHAITR~1.BAB\AppDa...}, fedcm:accounts: true, goog:chromeOptions: {debuggerAddress: localhost:50052}, javascriptEnabled: true, networkConnectionEnabled: false, pageLoadStrategy: normal, platform: WINDOWS, platformName: WINDOWS, proxy: Proxy(), setWindowRect: true, strictFileInteractability: false, timeouts: {implicit: 0, pageLoad: 300000, script: 30000}, unhandledPromptBehavior: dismiss and notify, webauthn:extension:credBlob: true, webauthn:extension:largeBlob: true, webauthn:extension:minPinLength: true, webauthn:extension:prf: true, webauthn:virtualAuthenticators: true}
Session ID: ac4b4f8c9a3cd3dd66501ebe55c6f3ff
*** Element info: {Using=xpath, value=//button[text()='Clear all']}
	at src.in.valtech.cl.scenarios.TC_Scenario_08.step189_VerifiedOrderStatusInOrdersPage(TC_Scenario_08.java:1724)
</failure>
    <system-out><![CDATA[2024-02-27 19:51:57 INFO  GUIFunctions:104 - Successfully clicked on element: Click on Search Icon
2024-02-27 19:51:59 ERROR GUIFunctions:241 - Element to type data is not present org.openqa.selenium.NoSuchElementException: no such element: Unable to locate element: {"method":"xpath","selector":"//input[@class='adl-field search__field']"}
  (Session info: chrome=121.0.6167.185)
For documentation on this error, please visit: https://www.seleniumhq.org/exceptions/no_such_element.html
Build info: version: '3.141.59', revision: 'e82be7d358', time: '2018-11-14T08:17:03'
System info: host: 'IN-PF42S2RF', ip: '192.168.1.6', os.name: 'Windows 10', os.arch: 'amd64', os.version: '10.0', java.version: '11.0.2'
Driver info: org.openqa.selenium.chrome.ChromeDriver
Capabilities {acceptInsecureCerts: false, browserName: chrome, browserVersion: 121.0.6167.185, chrome: {chromedriverVersion: 121.0.6167.85 (3f98d690ad7e..., userDataDir: C:\Users\CHAITR~1.BAB\AppDa...}, fedcm:accounts: true, goog:chromeOptions: {debuggerAddress: localhost:49803}, javascriptEnabled: true, networkConnectionEnabled: false, pageLoadStrategy: normal, platform: WINDOWS, platformName: WINDOWS, proxy: Proxy(), setWindowRect: true, strictFileInteractability: false, timeouts: {implicit: 0, pageLoad: 300000, script: 30000}, unhandledPromptBehavior: dismiss and notify, webauthn:extension:credBlob: true, webauthn:extension:largeBlob: true, webauthn:extension:minPinLength: true, webauthn:extension:prf: true, webauthn:virtualAuthenticators: true}
Session ID: 9a89f617d384e064b22dfc1b889e2d25
*** Element info: {Using=xpath, value=//input[@class='adl-field search__field']}
2024-02-27 19:52:02 INFO  GUIFunctions:428 - Successfully clicked on element: Click on My Orders link
]]></system-out>
  </testcase>
  <testcase name="step164_ClickOnMyOrdersLink" classname="src.in.valtech.cl.scenarios.TC_Scenario_09" time="13.476"/>
  <testcase name="step190_ClickOnSalesIcon" classname="src.in.valtech.cl.scenarios.TC_Scenario_08" time="11.113"/>
  <testcase name="step169_EnterOrderIDinPaymentTab_adyen" classname="src.in.valtech.cl.scenarios.TC_Scenario_01" time="2.96"/>
  <testcase name="step191_ReturnstxtFromSalesIconClick" classname="src.in.valtech.cl.scenarios.TC_Scenario_08" time="10.704"/>
  <testcase name="step190_RefreshAndVerifyOrderStatusInOrdersPage" classname="src.in.valtech.cl.scenarios.TC_Scenario_04" time="7.269">
    <failure message="no such element: Unable to locate element: {&quot;method&quot;:&quot;xpath&quot;,&quot;selector&quot;:&quot;//div[contains(text(),&apos;dit Order #24000000030&apos;)]/../following-sibling::td[contains(@class,&apos;status&apos;)]//div&quot;}&#10;  (Session info: chrome=121.0.6167.185)&#10;For documentation on this error, please visit: https://www.seleniumhq.org/exceptions/no_such_element.html&#10;Build info: version: &apos;3.141.59&apos;, revision: &apos;e82be7d358&apos;, time: &apos;2018-11-14T08:17:03&apos;&#10;System info: host: &apos;IN-PF42S2RF&apos;, ip: &apos;192.168.1.6&apos;, os.name: &apos;Windows 10&apos;, os.arch: &apos;amd64&apos;, os.version: &apos;10.0&apos;, java.version: &apos;11.0.2&apos;&#10;Driver info: org.openqa.selenium.chrome.ChromeDriver&#10;Capabilities {acceptInsecureCerts: false, browserName: chrome, browserVersion: 121.0.6167.185, chrome: {chromedriverVersion: 121.0.6167.85 (3f98d690ad7e..., userDataDir: C:\Users\CHAITR~1.BAB\AppDa...}, fedcm:accounts: true, goog:chromeOptions: {debuggerAddress: localhost:49701}, javascriptEnabled: true, networkConnectionEnabled: false, pageLoadStrategy: normal, platform: WINDOWS, platformName: WINDOWS, proxy: Proxy(), setWindowRect: true, strictFileInteractability: false, timeouts: {implicit: 0, pageLoad: 300000, script: 30000}, unhandledPromptBehavior: dismiss and notify, webauthn:extension:credBlob: true, webauthn:extension:largeBlob: true, webauthn:extension:minPinLength: true, webauthn:extension:prf: true, webauthn:virtualAuthenticators: true}&#10;Session ID: 15b88e443ff023bd2129287fbc276e60&#10;*** Element info: {Using=xpath, value=//div[contains(text(),&apos;dit Order #24000000030&apos;)]/../following-sibling::td[contains(@class,&apos;status&apos;)]//div}" type="org.openqa.selenium.NoSuchElementException">org.openqa.selenium.NoSuchElementException: 
no such element: Unable to locate element: {"method":"xpath","selector":"//div[contains(text(),'dit Order #24000000030')]/../following-sibling::td[contains(@class,'status')]//div"}
  (Session info: chrome=121.0.6167.185)
For documentation on this error, please visit: https://www.seleniumhq.org/exceptions/no_such_element.html
Build info: version: '3.141.59', revision: 'e82be7d358', time: '2018-11-14T08:17:03'
System info: host: 'IN-PF42S2RF', ip: '192.168.1.6', os.name: 'Windows 10', os.arch: 'amd64', os.version: '10.0', java.version: '11.0.2'
Driver info: org.openqa.selenium.chrome.ChromeDriver
Capabilities {acceptInsecureCerts: false, browserName: chrome, browserVersion: 121.0.6167.185, chrome: {chromedriverVersion: 121.0.6167.85 (3f98d690ad7e..., userDataDir: C:\Users\CHAITR~1.BAB\AppDa...}, fedcm:accounts: true, goog:chromeOptions: {debuggerAddress: localhost:49701}, javascriptEnabled: true, networkConnectionEnabled: false, pageLoadStrategy: normal, platform: WINDOWS, platformName: WINDOWS, proxy: Proxy(), setWindowRect: true, strictFileInteractability: false, timeouts: {implicit: 0, pageLoad: 300000, script: 30000}, unhandledPromptBehavior: dismiss and notify, webauthn:extension:credBlob: true, webauthn:extension:largeBlob: true, webauthn:extension:minPinLength: true, webauthn:extension:prf: true, webauthn:virtualAuthenticators: true}
Session ID: 15b88e443ff023bd2129287fbc276e60
*** Element info: {Using=xpath, value=//div[contains(text(),'dit Order #24000000030')]/../following-sibling::td[contains(@class,'status')]//div}
	at src.in.valtech.cl.scenarios.TC_Scenario_04.step190_RefreshAndVerifyOrderStatusInOrdersPage(TC_Scenario_04.java:1802)
</failure>
    <system-out><![CDATA[2024-02-27 19:52:37 INFO  GUIFunctions:428 - Successfully clicked on element: Successfully cleared filter
]]></system-out>
  </testcase>
  <testcase name="step170_VerifyOrderTotalAmtIN_adyen" classname="src.in.valtech.cl.scenarios.TC_Scenario_01" time="1.682">
    <failure message="no such element: Unable to locate element: {&quot;method&quot;:&quot;xpath&quot;,&quot;selector&quot;:&quot;//td[contains(text(),&apos;24000000031&apos;)]//following-sibling::td[3]&quot;}&#10;  (Session info: chrome=121.0.6167.185)&#10;For documentation on this error, please visit: https://www.seleniumhq.org/exceptions/no_such_element.html&#10;Build info: version: &apos;3.141.59&apos;, revision: &apos;e82be7d358&apos;, time: &apos;2018-11-14T08:17:03&apos;&#10;System info: host: &apos;IN-PF42S2RF&apos;, ip: &apos;192.168.1.6&apos;, os.name: &apos;Windows 10&apos;, os.arch: &apos;amd64&apos;, os.version: &apos;10.0&apos;, java.version: &apos;11.0.2&apos;&#10;Driver info: org.openqa.selenium.chrome.ChromeDriver&#10;Capabilities {acceptInsecureCerts: false, browserName: chrome, browserVersion: 121.0.6167.185, chrome: {chromedriverVersion: 121.0.6167.85 (3f98d690ad7e..., userDataDir: C:\Users\CHAITR~1.BAB\AppDa...}, fedcm:accounts: true, goog:chromeOptions: {debuggerAddress: localhost:49803}, javascriptEnabled: true, networkConnectionEnabled: false, pageLoadStrategy: normal, platform: WINDOWS, platformName: WINDOWS, proxy: Proxy(), setWindowRect: true, strictFileInteractability: false, timeouts: {implicit: 0, pageLoad: 300000, script: 30000}, unhandledPromptBehavior: dismiss and notify, webauthn:extension:credBlob: true, webauthn:extension:largeBlob: true, webauthn:extension:minPinLength: true, webauthn:extension:prf: true, webauthn:virtualAuthenticators: true}&#10;Session ID: 9a89f617d384e064b22dfc1b889e2d25&#10;*** Element info: {Using=xpath, value=//td[contains(text(),&apos;24000000031&apos;)]//following-sibling::td[3]}" type="org.openqa.selenium.NoSuchElementException">org.openqa.selenium.NoSuchElementException: 
no such element: Unable to locate element: {"method":"xpath","selector":"//td[contains(text(),'24000000031')]//following-sibling::td[3]"}
  (Session info: chrome=121.0.6167.185)
For documentation on this error, please visit: https://www.seleniumhq.org/exceptions/no_such_element.html
Build info: version: '3.141.59', revision: 'e82be7d358', time: '2018-11-14T08:17:03'
System info: host: 'IN-PF42S2RF', ip: '192.168.1.6', os.name: 'Windows 10', os.arch: 'amd64', os.version: '10.0', java.version: '11.0.2'
Driver info: org.openqa.selenium.chrome.ChromeDriver
Capabilities {acceptInsecureCerts: false, browserName: chrome, browserVersion: 121.0.6167.185, chrome: {chromedriverVersion: 121.0.6167.85 (3f98d690ad7e..., userDataDir: C:\Users\CHAITR~1.BAB\AppDa...}, fedcm:accounts: true, goog:chromeOptions: {debuggerAddress: localhost:49803}, javascriptEnabled: true, networkConnectionEnabled: false, pageLoadStrategy: normal, platform: WINDOWS, platformName: WINDOWS, proxy: Proxy(), setWindowRect: true, strictFileInteractability: false, timeouts: {implicit: 0, pageLoad: 300000, script: 30000}, unhandledPromptBehavior: dismiss and notify, webauthn:extension:credBlob: true, webauthn:extension:largeBlob: true, webauthn:extension:minPinLength: true, webauthn:extension:prf: true, webauthn:virtualAuthenticators: true}
Session ID: 9a89f617d384e064b22dfc1b889e2d25
*** Element info: {Using=xpath, value=//td[contains(text(),'24000000031')]//following-sibling::td[3]}
	at src.in.valtech.cl.scenarios.TC_Scenario_01.step170_VerifyOrderTotalAmtIN_adyen(TC_Scenario_01.java:1614)
</failure>
  </testcase>
  <testcase name="step191_SwitchToFOTabAndClickOnMyAccountIcon" classname="src.in.valtech.cl.scenarios.TC_Scenario_04" time="0.275"/>
  <testcase name="step165_VerifiedOrderStatusInMyOrdersPageAfterExchangeCompleted" classname="src.in.valtech.cl.scenarios.TC_Scenario_09" time="8.235"/>
  <testcase name="step192_ClickOnMyOrdersLink" classname="src.in.valtech.cl.scenarios.TC_Scenario_04" time="4.065"/>
  <testcase name="step192_VerifiedOrderStatusInReturnsPage" classname="src.in.valtech.cl.scenarios.TC_Scenario_08" time="16.407">
    <failure message="expected [Approved] but found [Processed and Closed]" type="java.lang.AssertionError">java.lang.AssertionError: expected [Approved] but found [Processed and Closed]
	at src.in.valtech.cl.scenarios.TC_Scenario_08.step192_VerifiedOrderStatusInReturnsPage(TC_Scenario_08.java:1757)
</failure>
    <system-out><![CDATA[2024-02-27 19:52:59 INFO  GUIFunctions:428 - Successfully clicked on element: click on Apply Filters button
2024-02-27 19:53:06 INFO  GUIFunctions:132 - Successfully Mouse Over On Mouseover on Datalist menu 
2024-02-27 19:53:11 INFO  GUIFunctions:780 - Successfully Verified Returns ID & Returns Status In BO: 24000000033-Approved
]]></system-out>
  </testcase>
  <testcase name="step193_VerifiedOrderStatusInMyOrdersPage" classname="src.in.valtech.cl.scenarios.TC_Scenario_04" time="3.388">
    <failure message="no such element: Unable to locate element: {&quot;method&quot;:&quot;xpath&quot;,&quot;selector&quot;:&quot;//*[contains(text(),&apos;dit Order #24000000030&apos;)]/..//p[contains(@class, &apos;status&apos;)]&quot;}&#10;  (Session info: chrome=121.0.6167.185)&#10;For documentation on this error, please visit: https://www.seleniumhq.org/exceptions/no_such_element.html&#10;Build info: version: &apos;3.141.59&apos;, revision: &apos;e82be7d358&apos;, time: &apos;2018-11-14T08:17:03&apos;&#10;System info: host: &apos;IN-PF42S2RF&apos;, ip: &apos;192.168.1.6&apos;, os.name: &apos;Windows 10&apos;, os.arch: &apos;amd64&apos;, os.version: &apos;10.0&apos;, java.version: &apos;11.0.2&apos;&#10;Driver info: org.openqa.selenium.chrome.ChromeDriver&#10;Capabilities {acceptInsecureCerts: false, browserName: chrome, browserVersion: 121.0.6167.185, chrome: {chromedriverVersion: 121.0.6167.85 (3f98d690ad7e..., userDataDir: C:\Users\CHAITR~1.BAB\AppDa...}, fedcm:accounts: true, goog:chromeOptions: {debuggerAddress: localhost:49701}, javascriptEnabled: true, networkConnectionEnabled: false, pageLoadStrategy: normal, platform: WINDOWS, platformName: WINDOWS, proxy: Proxy(), setWindowRect: true, strictFileInteractability: false, timeouts: {implicit: 0, pageLoad: 300000, script: 30000}, unhandledPromptBehavior: dismiss and notify, webauthn:extension:credBlob: true, webauthn:extension:largeBlob: true, webauthn:extension:minPinLength: true, webauthn:extension:prf: true, webauthn:virtualAuthenticators: true}&#10;Session ID: 15b88e443ff023bd2129287fbc276e60&#10;*** Element info: {Using=xpath, value=//*[contains(text(),&apos;dit Order #24000000030&apos;)]/..//p[contains(@class, &apos;status&apos;)]}" type="org.openqa.selenium.NoSuchElementException">org.openqa.selenium.NoSuchElementException: 
no such element: Unable to locate element: {"method":"xpath","selector":"//*[contains(text(),'dit Order #24000000030')]/..//p[contains(@class, 'status')]"}
  (Session info: chrome=121.0.6167.185)
For documentation on this error, please visit: https://www.seleniumhq.org/exceptions/no_such_element.html
Build info: version: '3.141.59', revision: 'e82be7d358', time: '2018-11-14T08:17:03'
System info: host: 'IN-PF42S2RF', ip: '192.168.1.6', os.name: 'Windows 10', os.arch: 'amd64', os.version: '10.0', java.version: '11.0.2'
Driver info: org.openqa.selenium.chrome.ChromeDriver
Capabilities {acceptInsecureCerts: false, browserName: chrome, browserVersion: 121.0.6167.185, chrome: {chromedriverVersion: 121.0.6167.85 (3f98d690ad7e..., userDataDir: C:\Users\CHAITR~1.BAB\AppDa...}, fedcm:accounts: true, goog:chromeOptions: {debuggerAddress: localhost:49701}, javascriptEnabled: true, networkConnectionEnabled: false, pageLoadStrategy: normal, platform: WINDOWS, platformName: WINDOWS, proxy: Proxy(), setWindowRect: true, strictFileInteractability: false, timeouts: {implicit: 0, pageLoad: 300000, script: 30000}, unhandledPromptBehavior: dismiss and notify, webauthn:extension:credBlob: true, webauthn:extension:largeBlob: true, webauthn:extension:minPinLength: true, webauthn:extension:prf: true, webauthn:virtualAuthenticators: true}
Session ID: 15b88e443ff023bd2129287fbc276e60
*** Element info: {Using=xpath, value=//*[contains(text(),'dit Order #24000000030')]/..//p[contains(@class, 'status')]}
	at src.in.valtech.cl.scenarios.TC_Scenario_04.step193_VerifiedOrderStatusInMyOrdersPage(TC_Scenario_04.java:1831)
</failure>
  </testcase>
  <testcase name="step171_VerifyOrderRMAStatusIN_adyen" classname="src.in.valtech.cl.scenarios.TC_Scenario_01" time="33.421">
    <failure message="Expected condition failed: waiting for presence of element located by: By.xpath: //td[contains(text(),&apos;24000000031&apos;)]//following-sibling::td[5] (tried for 50 second(s) with 500 milliseconds interval)" type="org.openqa.selenium.TimeoutException">org.openqa.selenium.TimeoutException: Expected condition failed: waiting for presence of element located by: By.xpath: //td[contains(text(),'24000000031')]//following-sibling::td[5] (tried for 50 second(s) with 500 milliseconds interval)
	at src.in.valtech.cl.scenarios.TC_Scenario_01.step171_VerifyOrderRMAStatusIN_adyen(TC_Scenario_01.java:1621)
Caused by: org.openqa.selenium.NoSuchElementException: 
no such element: Unable to locate element: {"method":"xpath","selector":"//td[contains(text(),'24000000031')]//following-sibling::td[5]"}
  (Session info: chrome=121.0.6167.185)
For documentation on this error, please visit: https://www.seleniumhq.org/exceptions/no_such_element.html
Build info: version: '3.141.59', revision: 'e82be7d358', time: '2018-11-14T08:17:03'
System info: host: 'IN-PF42S2RF', ip: '192.168.1.6', os.name: 'Windows 10', os.arch: 'amd64', os.version: '10.0', java.version: '11.0.2'
Driver info: org.openqa.selenium.chrome.ChromeDriver
Capabilities {acceptInsecureCerts: false, browserName: chrome, browserVersion: 121.0.6167.185, chrome: {chromedriverVersion: 121.0.6167.85 (3f98d690ad7e..., userDataDir: C:\Users\CHAITR~1.BAB\AppDa...}, fedcm:accounts: true, goog:chromeOptions: {debuggerAddress: localhost:49803}, javascriptEnabled: true, networkConnectionEnabled: false, pageLoadStrategy: normal, platform: WINDOWS, platformName: WINDOWS, proxy: Proxy(), setWindowRect: true, strictFileInteractability: false, timeouts: {implicit: 0, pageLoad: 300000, script: 30000}, unhandledPromptBehavior: dismiss and notify, webauthn:extension:credBlob: true, webauthn:extension:largeBlob: true, webauthn:extension:minPinLength: true, webauthn:extension:prf: true, webauthn:virtualAuthenticators: true}
Session ID: 9a89f617d384e064b22dfc1b889e2d25
*** Element info: {Using=xpath, value=//td[contains(text(),'24000000031')]//following-sibling::td[5]}
	at src.in.valtech.cl.scenarios.TC_Scenario_01.step171_VerifyOrderRMAStatusIN_adyen(TC_Scenario_01.java:1621)
</failure>
    <system-out><![CDATA[2024-02-27 19:53:16 INFO  GUIFunctions:104 - Successfully clicked on element: Click on Products submenu
2024-02-27 19:53:29 ERROR GUIFunctions:108 - Element to click is not present org.openqa.selenium.NoSuchElementException: no such element: Unable to locate element: {"method":"xpath","selector":"//td[contains(text(),'null')]/..//a"}
  (Session info: chrome=121.0.6167.185)
For documentation on this error, please visit: https://www.seleniumhq.org/exceptions/no_such_element.html
Build info: version: '3.141.59', revision: 'e82be7d358', time: '2018-11-14T08:17:03'
System info: host: 'IN-PF42S2RF', ip: '192.168.1.6', os.name: 'Windows 10', os.arch: 'amd64', os.version: '10.0', java.version: '11.0.2'
Driver info: org.openqa.selenium.chrome.ChromeDriver
Capabilities {acceptInsecureCerts: false, browserName: chrome, browserVersion: 121.0.6167.185, chrome: {chromedriverVersion: 121.0.6167.85 (3f98d690ad7e..., userDataDir: C:\Users\CHAITR~1.BAB\AppDa...}, fedcm:accounts: true, goog:chromeOptions: {debuggerAddress: localhost:49878}, javascriptEnabled: true, networkConnectionEnabled: false, pageLoadStrategy: normal, platform: WINDOWS, platformName: WINDOWS, proxy: Proxy(), setWindowRect: true, strictFileInteractability: false, timeouts: {implicit: 0, pageLoad: 300000, script: 30000}, unhandledPromptBehavior: dismiss and notify, webauthn:extension:credBlob: true, webauthn:extension:largeBlob: true, webauthn:extension:minPinLength: true, webauthn:extension:prf: true, webauthn:virtualAuthenticators: true}
Session ID: b21dab167d1f169a121712e968d1e14e
*** Element info: {Using=xpath, value=//td[contains(text(),'null')]/..//a}
2024-02-27 19:53:45 ERROR GUIFunctions:48 - No such element present--> 
org.openqa.selenium.NoSuchElementException: no such element: Unable to locate element: {"method":"xpath","selector":"//input[@name='password']"}
  (Session info: chrome=121.0.6167.185)
For documentation on this error, please visit: https://www.seleniumhq.org/exceptions/no_such_element.html
Build info: version: '3.141.59', revision: 'e82be7d358', time: '2018-11-14T08:17:03'
System info: host: 'IN-PF42S2RF', ip: '192.168.1.6', os.name: 'Windows 10', os.arch: 'amd64', os.version: '10.0', java.version: '11.0.2'
Driver info: org.openqa.selenium.chrome.ChromeDriver
Capabilities {acceptInsecureCerts: false, browserName: chrome, browserVersion: 121.0.6167.185, chrome: {chromedriverVersion: 121.0.6167.85 (3f98d690ad7e..., userDataDir: C:\Users\CHAITR~1.BAB\AppDa...}, fedcm:accounts: true, goog:chromeOptions: {debuggerAddress: localhost:50052}, javascriptEnabled: true, networkConnectionEnabled: false, pageLoadStrategy: normal, platform: WINDOWS, platformName: WINDOWS, proxy: Proxy(), setWindowRect: true, strictFileInteractability: false, timeouts: {implicit: 0, pageLoad: 300000, script: 30000}, unhandledPromptBehavior: dismiss and notify, webauthn:extension:credBlob: true, webauthn:extension:largeBlob: true, webauthn:extension:minPinLength: true, webauthn:extension:prf: true, webauthn:virtualAuthenticators: true}
Session ID: ac4b4f8c9a3cd3dd66501ebe55c6f3ff
*** Element info: {Using=xpath, value=//input[@name='password']}
]]></system-out>
  </testcase>
  <testcase name="step194_NavigatedIntoAdyenAndClickOnPaymentTab" classname="src.in.valtech.cl.scenarios.TC_Scenario_08" time="40.8"/>
  <testcase name="step195_NavigatedIntoAdyenAndClickOnPaymentTab" classname="src.in.valtech.cl.scenarios.TC_Scenario_04" time="4.497"/>
  <testcase name="step195_VerifyOrderTotalAmtIN_adyen" classname="src.in.valtech.cl.scenarios.TC_Scenario_08" time="15.553">
    <failure message="no such element: Unable to locate element: {&quot;method&quot;:&quot;xpath&quot;,&quot;selector&quot;:&quot;//td[contains(text(),&apos;24000000033&apos;)]//following-sibling::td[3]&quot;}&#10;  (Session info: chrome=121.0.6167.185)&#10;For documentation on this error, please visit: https://www.seleniumhq.org/exceptions/no_such_element.html&#10;Build info: version: &apos;3.141.59&apos;, revision: &apos;e82be7d358&apos;, time: &apos;2018-11-14T08:17:03&apos;&#10;System info: host: &apos;IN-PF42S2RF&apos;, ip: &apos;192.168.1.6&apos;, os.name: &apos;Windows 10&apos;, os.arch: &apos;amd64&apos;, os.version: &apos;10.0&apos;, java.version: &apos;11.0.2&apos;&#10;Driver info: org.openqa.selenium.chrome.ChromeDriver&#10;Capabilities {acceptInsecureCerts: false, browserName: chrome, browserVersion: 121.0.6167.185, chrome: {chromedriverVersion: 121.0.6167.85 (3f98d690ad7e..., userDataDir: C:\Users\CHAITR~1.BAB\AppDa...}, fedcm:accounts: true, goog:chromeOptions: {debuggerAddress: localhost:50052}, javascriptEnabled: true, networkConnectionEnabled: false, pageLoadStrategy: normal, platform: WINDOWS, platformName: WINDOWS, proxy: Proxy(), setWindowRect: true, strictFileInteractability: false, timeouts: {implicit: 0, pageLoad: 300000, script: 30000}, unhandledPromptBehavior: dismiss and notify, webauthn:extension:credBlob: true, webauthn:extension:largeBlob: true, webauthn:extension:minPinLength: true, webauthn:extension:prf: true, webauthn:virtualAuthenticators: true}&#10;Session ID: ac4b4f8c9a3cd3dd66501ebe55c6f3ff&#10;*** Element info: {Using=xpath, value=//td[contains(text(),&apos;24000000033&apos;)]//following-sibling::td[3]}" type="org.openqa.selenium.NoSuchElementException">org.openqa.selenium.NoSuchElementException: 
no such element: Unable to locate element: {"method":"xpath","selector":"//td[contains(text(),'24000000033')]//following-sibling::td[3]"}
  (Session info: chrome=121.0.6167.185)
For documentation on this error, please visit: https://www.seleniumhq.org/exceptions/no_such_element.html
Build info: version: '3.141.59', revision: 'e82be7d358', time: '2018-11-14T08:17:03'
System info: host: 'IN-PF42S2RF', ip: '192.168.1.6', os.name: 'Windows 10', os.arch: 'amd64', os.version: '10.0', java.version: '11.0.2'
Driver info: org.openqa.selenium.chrome.ChromeDriver
Capabilities {acceptInsecureCerts: false, browserName: chrome, browserVersion: 121.0.6167.185, chrome: {chromedriverVersion: 121.0.6167.85 (3f98d690ad7e..., userDataDir: C:\Users\CHAITR~1.BAB\AppDa...}, fedcm:accounts: true, goog:chromeOptions: {debuggerAddress: localhost:50052}, javascriptEnabled: true, networkConnectionEnabled: false, pageLoadStrategy: normal, platform: WINDOWS, platformName: WINDOWS, proxy: Proxy(), setWindowRect: true, strictFileInteractability: false, timeouts: {implicit: 0, pageLoad: 300000, script: 30000}, unhandledPromptBehavior: dismiss and notify, webauthn:extension:credBlob: true, webauthn:extension:largeBlob: true, webauthn:extension:minPinLength: true, webauthn:extension:prf: true, webauthn:virtualAuthenticators: true}
Session ID: ac4b4f8c9a3cd3dd66501ebe55c6f3ff
*** Element info: {Using=xpath, value=//td[contains(text(),'24000000033')]//following-sibling::td[3]}
	at src.in.valtech.cl.scenarios.TC_Scenario_08.step195_VerifyOrderTotalAmtIN_adyen(TC_Scenario_08.java:1799)
</failure>
    <system-out><![CDATA[org.openqa.selenium.NoSuchElementException: no such element: Unable to locate element: {"method":"xpath","selector":"//td[contains(text(),'RESERVED')]/..//td[@class='vuetable-td-quantity']"}
  (Session info: chrome=121.0.6167.185)
For documentation on this error, please visit: https://www.seleniumhq.org/exceptions/no_such_element.html
Build info: version: '3.141.59', revision: 'e82be7d358', time: '2018-11-14T08:17:03'
System info: host: 'IN-PF42S2RF', ip: '192.168.1.6', os.name: 'Windows 10', os.arch: 'amd64', os.version: '10.0', java.version: '11.0.2'
Driver info: org.openqa.selenium.chrome.ChromeDriver
Capabilities {acceptInsecureCerts: false, browserName: chrome, browserVersion: 121.0.6167.185, chrome: {chromedriverVersion: 121.0.6167.85 (3f98d690ad7e..., userDataDir: C:\Users\CHAITR~1.BAB\AppDa...}, fedcm:accounts: true, goog:chromeOptions: {debuggerAddress: localhost:49878}, javascriptEnabled: true, networkConnectionEnabled: false, pageLoadStrategy: normal, platform: WINDOWS, platformName: WINDOWS, proxy: Proxy(), setWindowRect: true, strictFileInteractability: false, timeouts: {implicit: 0, pageLoad: 300000, script: 30000}, unhandledPromptBehavior: dismiss and notify, webauthn:extension:credBlob: true, webauthn:extension:largeBlob: true, webauthn:extension:minPinLength: true, webauthn:extension:prf: true, webauthn:virtualAuthenticators: true}
Session ID: b21dab167d1f169a121712e968d1e14e
*** Element info: {Using=xpath, value=//td[contains(text(),'RESERVED')]/..//td[@class='vuetable-td-quantity']}
org.openqa.selenium.NoSuchElementException: no such element: Unable to locate element: {"method":"xpath","selector":"//td[contains(text(),'SALEABLE')]/..//td[@class='vuetable-td-quantity']"}
  (Session info: chrome=121.0.6167.185)
For documentation on this error, please visit: https://www.seleniumhq.org/exceptions/no_such_element.html
Build info: version: '3.141.59', revision: 'e82be7d358', time: '2018-11-14T08:17:03'
System info: host: 'IN-PF42S2RF', ip: '192.168.1.6', os.name: 'Windows 10', os.arch: 'amd64', os.version: '10.0', java.version: '11.0.2'
Driver info: org.openqa.selenium.chrome.ChromeDriver
Capabilities {acceptInsecureCerts: false, browserName: chrome, browserVersion: 121.0.6167.185, chrome: {chromedriverVersion: 121.0.6167.85 (3f98d690ad7e..., userDataDir: C:\Users\CHAITR~1.BAB\AppDa...}, fedcm:accounts: true, goog:chromeOptions: {debuggerAddress: localhost:49803}, javascriptEnabled: true, networkConnectionEnabled: false, pageLoadStrategy: normal, platform: WINDOWS, platformName: WINDOWS, proxy: Proxy(), setWindowRect: true, strictFileInteractability: false, timeouts: {implicit: 0, pageLoad: 300000, script: 30000}, unhandledPromptBehavior: dismiss and notify, webauthn:extension:credBlob: true, webauthn:extension:largeBlob: true, webauthn:extension:minPinLength: true, webauthn:extension:prf: true, webauthn:virtualAuthenticators: true}
Session ID: 9a89f617d384e064b22dfc1b889e2d25
*** Element info: {Using=xpath, value=//td[contains(text(),'SALEABLE')]/..//td[@class='vuetable-td-quantity']}
org.openqa.selenium.NoSuchElementException: no such element: Unable to locate element: {"method":"xpath","selector":"//td[contains(text(),'RESERVED')]/..//td[@class='vuetable-td-quantity']"}
  (Session info: chrome=121.0.6167.185)
For documentation on this error, please visit: https://www.seleniumhq.org/exceptions/no_such_element.html
Build info: version: '3.141.59', revision: 'e82be7d358', time: '2018-11-14T08:17:03'
System info: host: 'IN-PF42S2RF', ip: '192.168.1.6', os.name: 'Windows 10', os.arch: 'amd64', os.version: '10.0', java.version: '11.0.2'
Driver info: org.openqa.selenium.chrome.ChromeDriver
Capabilities {acceptInsecureCerts: false, browserName: chrome, browserVersion: 121.0.6167.185, chrome: {chromedriverVersion: 121.0.6167.85 (3f98d690ad7e..., userDataDir: C:\Users\CHAITR~1.BAB\AppDa...}, fedcm:accounts: true, goog:chromeOptions: {debuggerAddress: localhost:49803}, javascriptEnabled: true, networkConnectionEnabled: false, pageLoadStrategy: normal, platform: WINDOWS, platformName: WINDOWS, proxy: Proxy(), setWindowRect: true, strictFileInteractability: false, timeouts: {implicit: 0, pageLoad: 300000, script: 30000}, unhandledPromptBehavior: dismiss and notify, webauthn:extension:credBlob: true, webauthn:extension:largeBlob: true, webauthn:extension:minPinLength: true, webauthn:extension:prf: true, webauthn:virtualAuthenticators: true}
Session ID: 9a89f617d384e064b22dfc1b889e2d25
*** Element info: {Using=xpath, value=//td[contains(text(),'RESERVED')]/..//td[@class='vuetable-td-quantity']}
2024-02-27 19:54:49 INFO  GUIFunctions:104 - Successfully clicked on element: Click on Catalog Icon
]]></system-out>
  </testcase>
  <testcase name="step196_SwitchToFOTabAndClickOnMyAccountIcon" classname="src.in.valtech.cl.scenarios.TC_Scenario_08" time="2.359"/>
  <testcase name="step196_VerifyOrderTotalAmtIN_adyen" classname="src.in.valtech.cl.scenarios.TC_Scenario_04" time="1.993">
    <failure message="no such element: Unable to locate element: {&quot;method&quot;:&quot;xpath&quot;,&quot;selector&quot;:&quot;//td[contains(text(),&apos;24000000029&apos;)]//following-sibling::td[3]&quot;}&#10;  (Session info: chrome=121.0.6167.185)&#10;For documentation on this error, please visit: https://www.seleniumhq.org/exceptions/no_such_element.html&#10;Build info: version: &apos;3.141.59&apos;, revision: &apos;e82be7d358&apos;, time: &apos;2018-11-14T08:17:03&apos;&#10;System info: host: &apos;IN-PF42S2RF&apos;, ip: &apos;192.168.1.6&apos;, os.name: &apos;Windows 10&apos;, os.arch: &apos;amd64&apos;, os.version: &apos;10.0&apos;, java.version: &apos;11.0.2&apos;&#10;Driver info: org.openqa.selenium.chrome.ChromeDriver&#10;Capabilities {acceptInsecureCerts: false, browserName: chrome, browserVersion: 121.0.6167.185, chrome: {chromedriverVersion: 121.0.6167.85 (3f98d690ad7e..., userDataDir: C:\Users\CHAITR~1.BAB\AppDa...}, fedcm:accounts: true, goog:chromeOptions: {debuggerAddress: localhost:49701}, javascriptEnabled: true, networkConnectionEnabled: false, pageLoadStrategy: normal, platform: WINDOWS, platformName: WINDOWS, proxy: Proxy(), setWindowRect: true, strictFileInteractability: false, timeouts: {implicit: 0, pageLoad: 300000, script: 30000}, unhandledPromptBehavior: dismiss and notify, webauthn:extension:credBlob: true, webauthn:extension:largeBlob: true, webauthn:extension:minPinLength: true, webauthn:extension:prf: true, webauthn:virtualAuthenticators: true}&#10;Session ID: 15b88e443ff023bd2129287fbc276e60&#10;*** Element info: {Using=xpath, value=//td[contains(text(),&apos;24000000029&apos;)]//following-sibling::td[3]}" type="org.openqa.selenium.NoSuchElementException">org.openqa.selenium.NoSuchElementException: 
no such element: Unable to locate element: {"method":"xpath","selector":"//td[contains(text(),'24000000029')]//following-sibling::td[3]"}
  (Session info: chrome=121.0.6167.185)
For documentation on this error, please visit: https://www.seleniumhq.org/exceptions/no_such_element.html
Build info: version: '3.141.59', revision: 'e82be7d358', time: '2018-11-14T08:17:03'
System info: host: 'IN-PF42S2RF', ip: '192.168.1.6', os.name: 'Windows 10', os.arch: 'amd64', os.version: '10.0', java.version: '11.0.2'
Driver info: org.openqa.selenium.chrome.ChromeDriver
Capabilities {acceptInsecureCerts: false, browserName: chrome, browserVersion: 121.0.6167.185, chrome: {chromedriverVersion: 121.0.6167.85 (3f98d690ad7e..., userDataDir: C:\Users\CHAITR~1.BAB\AppDa...}, fedcm:accounts: true, goog:chromeOptions: {debuggerAddress: localhost:49701}, javascriptEnabled: true, networkConnectionEnabled: false, pageLoadStrategy: normal, platform: WINDOWS, platformName: WINDOWS, proxy: Proxy(), setWindowRect: true, strictFileInteractability: false, timeouts: {implicit: 0, pageLoad: 300000, script: 30000}, unhandledPromptBehavior: dismiss and notify, webauthn:extension:credBlob: true, webauthn:extension:largeBlob: true, webauthn:extension:minPinLength: true, webauthn:extension:prf: true, webauthn:virtualAuthenticators: true}
Session ID: 15b88e443ff023bd2129287fbc276e60
*** Element info: {Using=xpath, value=//td[contains(text(),'24000000029')]//following-sibling::td[3]}
	at src.in.valtech.cl.scenarios.TC_Scenario_04.step196_VerifyOrderTotalAmtIN_adyen(TC_Scenario_04.java:1858)
</failure>
  </testcase>
  <testcase name="step197_ClickOnMyOrdersLink" classname="src.in.valtech.cl.scenarios.TC_Scenario_08" time="10.398"/>
  <testcase name="step166_ComparedSeleableStockInWMSAndBOBothAreSameAfterRefundTheOrder" classname="src.in.valtech.cl.scenarios.TC_Scenario_09" time="22.247">
    <failure type="java.lang.NullPointerException">java.lang.NullPointerException
	at src.in.valtech.cl.scenarios.TC_Scenario_09.step166_ComparedSeleableStockInWMSAndBOBothAreSameAfterRefundTheOrder(TC_Scenario_09.java:1495)
</failure>
    <system-out><![CDATA[2024-02-27 19:55:13 INFO  GUIFunctions:104 - Successfully clicked on element: Click on Products text from Catalog Icon
2024-02-27 19:55:22 INFO  GUIFunctions:428 - Successfully clicked on element: click on Filters button
]]></system-out>
  </testcase>
  <testcase name="step169_VerifyOrderConfirmationMailContents" classname="src.in.valtech.cl.scenarios.TC_Scenario_09" time="6.784"/>
  <testcase name="step170_VerifyShippingConfirmationMailContents" classname="src.in.valtech.cl.scenarios.TC_Scenario_09" time="6.528"/>
  <testcase name="step171_VerifyReturnRequestConfirmationMailContents" classname="src.in.valtech.cl.scenarios.TC_Scenario_09" time="5.793"/>
  <testcase name="step172_VerifyReturnReceptionConfirmationMailContents" classname="src.in.valtech.cl.scenarios.TC_Scenario_09" time="5.843"/>
  <testcase name="step172_ComparedSeleableStockInWMSAndBOBothAreSameAfterRefundTheOrder" classname="src.in.valtech.cl.scenarios.TC_Scenario_01" time="4.766"/>
  <testcase name="step173_VerifyCreditMemoConfirmationMailContents" classname="src.in.valtech.cl.scenarios.TC_Scenario_09" time="1.79"/>
  <testcase name="step197_VerifyOrderRMAStatusIN_adyen" classname="src.in.valtech.cl.scenarios.TC_Scenario_04" time="1.839">
    <failure message="Expected condition failed: waiting for presence of element located by: By.xpath: //td[contains(text(),&apos;24000000029&apos;)]//following-sibling::td[5] (tried for 50 second(s) with 500 milliseconds interval)" type="org.openqa.selenium.TimeoutException">org.openqa.selenium.TimeoutException: Expected condition failed: waiting for presence of element located by: By.xpath: //td[contains(text(),'24000000029')]//following-sibling::td[5] (tried for 50 second(s) with 500 milliseconds interval)
	at src.in.valtech.cl.scenarios.TC_Scenario_04.step197_VerifyOrderRMAStatusIN_adyen(TC_Scenario_04.java:1865)
Caused by: org.openqa.selenium.NoSuchElementException: 
no such element: Unable to locate element: {"method":"xpath","selector":"//td[contains(text(),'24000000029')]//following-sibling::td[5]"}
  (Session info: chrome=121.0.6167.185)
For documentation on this error, please visit: https://www.seleniumhq.org/exceptions/no_such_element.html
Build info: version: '3.141.59', revision: 'e82be7d358', time: '2018-11-14T08:17:03'
System info: host: 'IN-PF42S2RF', ip: '192.168.1.6', os.name: 'Windows 10', os.arch: 'amd64', os.version: '10.0', java.version: '11.0.2'
Driver info: org.openqa.selenium.chrome.ChromeDriver
Capabilities {acceptInsecureCerts: false, browserName: chrome, browserVersion: 121.0.6167.185, chrome: {chromedriverVersion: 121.0.6167.85 (3f98d690ad7e..., userDataDir: C:\Users\CHAITR~1.BAB\AppDa...}, fedcm:accounts: true, goog:chromeOptions: {debuggerAddress: localhost:49701}, javascriptEnabled: true, networkConnectionEnabled: false, pageLoadStrategy: normal, platform: WINDOWS, platformName: WINDOWS, proxy: Proxy(), setWindowRect: true, strictFileInteractability: false, timeouts: {implicit: 0, pageLoad: 300000, script: 30000}, unhandledPromptBehavior: dismiss and notify, webauthn:extension:credBlob: true, webauthn:extension:largeBlob: true, webauthn:extension:minPinLength: true, webauthn:extension:prf: true, webauthn:virtualAuthenticators: true}
Session ID: 15b88e443ff023bd2129287fbc276e60
*** Element info: {Using=xpath, value=//td[contains(text(),'24000000029')]//following-sibling::td[5]}
	at src.in.valtech.cl.scenarios.TC_Scenario_04.step197_VerifyOrderRMAStatusIN_adyen(TC_Scenario_04.java:1865)
</failure>
    <system-out><![CDATA[***READING MAILBOX...
]]></system-out>
  </testcase>
  <testcase name="step173_VerifiedOrderConfirmationMailAndSubjectLineInCustomerGmailAccount" classname="src.in.valtech.cl.scenarios.TC_Scenario_01" time="3.349"/>
  <testcase name="step174_VerifyOrderConfirmationMailContentsForExchangeOrder" classname="src.in.valtech.cl.scenarios.TC_Scenario_09" time="0.612"/>
  <testcase name="step174_VerifyShippingConfirmationMailContents" classname="src.in.valtech.cl.scenarios.TC_Scenario_01" time="5.839"/>
  <testcase name="step175_VerifyReturnRequestConfirmationMailContents" classname="src.in.valtech.cl.scenarios.TC_Scenario_01" time="6.221"/>
  <testcase name="step176_VerifyReturnReceptionConfirmationMailContents" classname="src.in.valtech.cl.scenarios.TC_Scenario_01" time="5.913"/>
  <testcase name="step177_VerifyCreditMemoConfirmationMailContents" classname="src.in.valtech.cl.scenarios.TC_Scenario_01" time="5.712"/>
  <testcase name="step198_VerifiedOrderStatusInMyOrdersPage" classname="src.in.valtech.cl.scenarios.TC_Scenario_08" time="96.202"/>
  <testcase name="step198_ComparedSeleableStockInWMSAndBOBothAreSameAfterRefundTheOrder" classname="src.in.valtech.cl.scenarios.TC_Scenario_04" time="6.105"/>
  <testcase name="step199_ClickOnSignOutBtn" classname="src.in.valtech.cl.scenarios.TC_Scenario_08" time="3.685"/>
  <testcase name="step199_VerifyOrderConfirmationMailContents" classname="src.in.valtech.cl.scenarios.TC_Scenario_04" time="2.138"/>
  <testcase name="step200_VerifySignOutMsg" classname="src.in.valtech.cl.scenarios.TC_Scenario_08" time="5.068"/>
  <testcase name="step201_VerifyUserIsInHomepage" classname="src.in.valtech.cl.scenarios.TC_Scenario_08" time="0.044"/>
  <testcase name="step200_VerifyShippingConfirmationMailContents" classname="src.in.valtech.cl.scenarios.TC_Scenario_04" time="0.645"/>
  <testcase name="step201_VerifyReturnRequestConfirmationMailContents" classname="src.in.valtech.cl.scenarios.TC_Scenario_04" time="5.754"/>
  <testcase name="step202_VerifyReturnReceptionConfirmationMailContents" classname="src.in.valtech.cl.scenarios.TC_Scenario_04" time="5.843"/>
  <testcase name="step203_VerifyCreditMemoConfirmationMailContents" classname="src.in.valtech.cl.scenarios.TC_Scenario_04" time="5.838"/>
  <testcase name="step204_VerifyOrderConfirmationMailContentsForExchangeOrder" classname="src.in.valtech.cl.scenarios.TC_Scenario_04" time="5.769"/>
  <testcase name="step202_ComparedSeleableStockInWMSAndBOBothAreSameAfterRefundTheOrder" classname="src.in.valtech.cl.scenarios.TC_Scenario_08" time="102.845"/>
  <testcase name="step203_VerifyAccountCreationConfirmationMailContents" classname="src.in.valtech.cl.scenarios.TC_Scenario_08" time="5.692"/>
  <testcase name="step204_VerifyOrderConfirmationMailContents" classname="src.in.valtech.cl.scenarios.TC_Scenario_08" time="5.653"/>
  <testcase name="step205_VerifyShippingConfirmationMailContents" classname="src.in.valtech.cl.scenarios.TC_Scenario_08" time="5.641"/>
  <testcase name="step206_VerifyReturnRequestConfirmationMailContents" classname="src.in.valtech.cl.scenarios.TC_Scenario_08" time="5.603"/>
  <testcase name="step207_VerifyReturnReceptionConfirmationMailContents" classname="src.in.valtech.cl.scenarios.TC_Scenario_08" time="5.687"/>
  <testcase name="step208_VerifyCreditMemoConfirmationMailContents" classname="src.in.valtech.cl.scenarios.TC_Scenario_08" time="5.823"/>
  <testcase name="step209_VerifyOrderConfirmationMailContentsForExchangeOrder" classname="src.in.valtech.cl.scenarios.TC_Scenario_08" time="5.93"/>
</testsuite>